[ Data:26/07/2023] - [ Hora:16:16:31] - [ Linha:310820221737] - [ Modulo_ID:0]- [ TagComando:] - [ Programa:mcom_lib] - [ Unit:mcom] - [ VersaoMensagem:1] - [ Versao:1.0.0] -  [ CodigoErro:98]  - [ Ocorrencia:] - [ TMensagem:]
[ Data:04/12/2023] - [ Hora:15:17:59] - [ Linha:250520221716] - [ Modulo_ID:0]- [ TagComando:] - [ Programa:mcom_lib] - [ Unit:comunicador] - [ VersaoMensagem:1] - [ Versao:1.0.0] -  [ CodigoErro:30]  - [ Ocorrencia:TThServidorProcessaRecebe.Execute; ] - [ TMensagem:]
[ Data:04/12/2023] - [ Hora:15:17:59] - [ Linha:250520221717] - [ Modulo_ID:0]- [ TagComando:] - [ Programa:mcom_lib] - [ Unit:comunicador] - [ VersaoMensagem:1] - [ Versao:1.0.0] -  [ CodigoErro:68]  - [ Ocorrencia:TThServidorProcessaRecebe.Execute; ] - [ TMensagem:]
[ Data:04/12/2023] - [ Hora:15:18:14] - [ Linha:250520221717] - [ Modulo_ID:0]- [ TagComando:] - [ Programa:mcom_lib] - [ Unit:comunicador] - [ VersaoMensagem:1] - [ Versao:1.0.0] -  [ CodigoErro:68]  - [ Ocorrencia:TThServidorProcessaRecebe.Execute; ] - [ TMensagem:]
[ Data:04/12/2023] - [ Hora:15:18:14] - [ Linha:250520221717] - [ Modulo_ID:0]- [ TagComando:] - [ Programa:mcom_lib] - [ Unit:comunicador] - [ VersaoMensagem:1] - [ Versao:1.0.0] -  [ CodigoErro:68]  - [ Ocorrencia:TThServidorProcessaRecebe.Execute; ] - [ TMensagem:]
[ Data:04/12/2023] - [ Hora:15:18:50] - [ Linha:250520221717] - [ Modulo_ID:0]- [ TagComando:] - [ Programa:mcom_lib] - [ Unit:comunicador] - [ VersaoMensagem:1] - [ Versao:1.0.0] -  [ CodigoErro:68]  - [ Ocorrencia:TThServidorProcessaRecebe.Execute; ] - [ TMensagem:]
[ Data:04/12/2023] - [ Hora:15:18:51] - [ Linha:250520221717] - [ Modulo_ID:0]- [ TagComando:] - [ Programa:mcom_lib] - [ Unit:comunicador] - [ VersaoMensagem:1] - [ Versao:1.0.0] -  [ CodigoErro:68]  - [ Ocorrencia:TThServidorProcessaRecebe.Execute; ] - [ TMensagem:]
[ Nivel: 1 ] [ Data:19/01/2024] - [ Hora:08:53:19] - [ Linha:310820221737] - [ Modulo_ID:0]- [ TagComando:] - [ Programa:mcom_lib] - [ Unit:mcom] - [ VersaoMensagem:1] - [ Versao:1.0.0] -  [ CodigoErro:67]  - [ Ocorrencia:] - [ TMensagem:]
[ Nivel: 1 ] [ Data:19/01/2024] - [ Hora:08:54:48] - [ Linha:310820221737] - [ Modulo_ID:0]- [ TagComando:] - [ Programa:mcom_lib] - [ Unit:mcom] - [ VersaoMensagem:1] - [ Versao:1.0.0] -  [ CodigoErro:67]  - [ Ocorrencia:] - [ TMensagem:]
[ Nivel: 1 ] [ Data:19/01/2024] - [ Hora:12:41:59] - [ Linha:140920221153] - [ Modulo_ID:0]- [ TagComando:] - [ Programa:mcom_lib] - [ Unit:comunicador] - [ VersaoMensagem:1] - [ Versao:1.0.0] -  [ CodigoErro:0]  - [ Ocorrencia:TThServidorProcessaRecebe.Execute; ] - [ TMensagem:]
[ Nivel: 1 ] [ Data:19/01/2024] - [ Hora:12:42:00] - [ Linha:140920221153] - [ Modulo_ID:0]- [ TagComando:] - [ Programa:mcom_lib] - [ Unit:comunicador] - [ VersaoMensagem:1] - [ Versao:1.0.0] -  [ CodigoErro:0]  - [ Ocorrencia:TThServidorProcessaRecebe.Execute; ] - [ TMensagem:]
[ Nivel: 1 ] [ Data:19/01/2024] - [ Hora:12:50:59] - [ Linha:250520221716] - [ Modulo_ID:0]- [ TagComando:] - [ Programa:mcom_lib] - [ Unit:comunicador] - [ VersaoMensagem:1] - [ Versao:1.0.0] -  [ CodigoErro:30]  - [ Ocorrencia:TThServidorProcessaRecebe.Execute; ] - [ TMensagem:]
[ Nivel: 1 ] [ Data:19/01/2024] - [ Hora:12:51:02] - [ Linha:250520221716] - [ Modulo_ID:0]- [ TagComando:] - [ Programa:mcom_lib] - [ Unit:comunicador] - [ VersaoMensagem:1] - [ Versao:1.0.0] -  [ CodigoErro:30]  - [ Ocorrencia:TThServidorProcessaRecebe.Execute; ] - [ TMensagem:]
[ Nivel: 1 ] [ Data:19/01/2024] - [ Hora:12:51:02] - [ Linha:120920222118] - [ Modulo_ID:0]- [ TagComando:] - [ Programa:mcom_lib] - [ Unit:comunicador] - [ VersaoMensagem:1] - [ Versao:1.0.0] -  [ CodigoErro:1]  - [ Ocorrencia:TThServidorProcessaRecebe.Execute EIdConnClosedGracefully/Connection Closed Gracefully.] - [ TMensagem:]
[ Nivel: 1 ] [ Data:19/01/2024] - [ Hora:12:51:08] - [ Linha:250520221716] - [ Modulo_ID:0]- [ TagComando:] - [ Programa:mcom_lib] - [ Unit:comunicador] - [ VersaoMensagem:1] - [ Versao:1.0.0] -  [ CodigoErro:30]  - [ Ocorrencia:TThServidorProcessaRecebe.Execute; ] - [ TMensagem:]
[ Nivel: 1 ] [ Data:19/01/2024] - [ Hora:12:51:10] - [ Linha:250520221716] - [ Modulo_ID:0]- [ TagComando:] - [ Programa:mcom_lib] - [ Unit:comunicador] - [ VersaoMensagem:1] - [ Versao:1.0.0] -  [ CodigoErro:30]  - [ Ocorrencia:TThServidorProcessaRecebe.Execute; ] - [ TMensagem:]
[ Nivel: 1 ] [ Data:19/01/2024] - [ Hora:12:51:17] - [ Linha:120920222118] - [ Modulo_ID:0]- [ TagComando:] - [ Programa:mcom_lib] - [ Unit:comunicador] - [ VersaoMensagem:1] - [ Versao:1.0.0] -  [ CodigoErro:1]  - [ Ocorrencia:TThServidorProcessaRecebe.Execute EIdConnClosedGracefully/Connection Closed Gracefully.] - [ TMensagem:]
[ Nivel: 1 ] [ Data:19/01/2024] - [ Hora:12:52:32] - [ Linha:250520221716] - [ Modulo_ID:0]- [ TagComando:] - [ Programa:mcom_lib] - [ Unit:comunicador] - [ VersaoMensagem:1] - [ Versao:1.0.0] -  [ CodigoErro:30]  - [ Ocorrencia:TThServidorProcessaRecebe.Execute; ] - [ TMensagem:]
[ Nivel: 1 ] [ Data:19/01/2024] - [ Hora:12:52:34] - [ Linha:250520221716] - [ Modulo_ID:0]- [ TagComando:] - [ Programa:mcom_lib] - [ Unit:comunicador] - [ VersaoMensagem:1] - [ Versao:1.0.0] -  [ CodigoErro:30]  - [ Ocorrencia:TThServidorProcessaRecebe.Execute; ] - [ TMensagem:]
[ Nivel: 1 ] [ Data:19/01/2024] - [ Hora:12:52:36] - [ Linha:250520221716] - [ Modulo_ID:0]- [ TagComando:] - [ Programa:mcom_lib] - [ Unit:comunicador] - [ VersaoMensagem:1] - [ Versao:1.0.0] -  [ CodigoErro:30]  - [ Ocorrencia:TThServidorProcessaRecebe.Execute; ] - [ TMensagem:]
[ Nivel: 1 ] [ Data:19/01/2024] - [ Hora:12:52:39] - [ Linha:250520221716] - [ Modulo_ID:0]- [ TagComando:] - [ Programa:mcom_lib] - [ Unit:comunicador] - [ VersaoMensagem:1] - [ Versao:1.0.0] -  [ CodigoErro:30]  - [ Ocorrencia:TThServidorProcessaRecebe.Execute; ] - [ TMensagem:]
[ Nivel: 1 ] [ Data:19/01/2024] - [ Hora:12:52:40] - [ Linha:250520221716] - [ Modulo_ID:0]- [ TagComando:] - [ Programa:mcom_lib] - [ Unit:comunicador] - [ VersaoMensagem:1] - [ Versao:1.0.0] -  [ CodigoErro:30]  - [ Ocorrencia:TThServidorProcessaRecebe.Execute; ] - [ TMensagem:]
[ Nivel: 1 ] [ Data:19/01/2024] - [ Hora:12:52:40] - [ Linha:250520221716] - [ Modulo_ID:0]- [ TagComando:] - [ Programa:mcom_lib] - [ Unit:comunicador] - [ VersaoMensagem:1] - [ Versao:1.0.0] -  [ CodigoErro:30]  - [ Ocorrencia:TThServidorProcessaRecebe.Execute; ] - [ TMensagem:]
[ Nivel: 1 ] [ Data:19/01/2024] - [ Hora:12:52:42] - [ Linha:250520221716] - [ Modulo_ID:0]- [ TagComando:] - [ Programa:mcom_lib] - [ Unit:comunicador] - [ VersaoMensagem:1] - [ Versao:1.0.0] -  [ CodigoErro:30]  - [ Ocorrencia:TThServidorProcessaRecebe.Execute; ] - [ TMensagem:]
[ Nivel: 1 ] [ Data:19/01/2024] - [ Hora:12:52:43] - [ Linha:250520221716] - [ Modulo_ID:0]- [ TagComando:] - [ Programa:mcom_lib] - [ Unit:comunicador] - [ VersaoMensagem:1] - [ Versao:1.0.0] -  [ CodigoErro:30]  - [ Ocorrencia:TThServidorProcessaRecebe.Execute; ] - [ TMensagem:]
[ Nivel: 1 ] [ Data:19/01/2024] - [ Hora:12:52:44] - [ Linha:250520221716] - [ Modulo_ID:0]- [ TagComando:] - [ Programa:mcom_lib] - [ Unit:comunicador] - [ VersaoMensagem:1] - [ Versao:1.0.0] -  [ CodigoErro:30]  - [ Ocorrencia:TThServidorProcessaRecebe.Execute; ] - [ TMensagem:]
[ Nivel: 1 ] [ Data:19/01/2024] - [ Hora:12:52:44] - [ Linha:250520221716] - [ Modulo_ID:0]- [ TagComando:] - [ Programa:mcom_lib] - [ Unit:comunicador] - [ VersaoMensagem:1] - [ Versao:1.0.0] -  [ CodigoErro:30]  - [ Ocorrencia:TThServidorProcessaRecebe.Execute; ] - [ TMensagem:]
[ Nivel: 1 ] [ Data:19/01/2024] - [ Hora:12:53:35] - [ Linha:120920222118] - [ Modulo_ID:0]- [ TagComando:] - [ Programa:mcom_lib] - [ Unit:comunicador] - [ VersaoMensagem:1] - [ Versao:1.0.0] -  [ CodigoErro:1]  - [ Ocorrencia:TThServidorProcessaRecebe.Execute EIdConnClosedGracefully/Connection Closed Gracefully.] - [ TMensagem:]
[ Nivel: 1 ] [ Data:19/01/2024] - [ Hora:12:53:35] - [ Linha:120920222118] - [ Modulo_ID:0]- [ TagComando:] - [ Programa:mcom_lib] - [ Unit:comunicador] - [ VersaoMensagem:1] - [ Versao:1.0.0] -  [ CodigoErro:1]  - [ Ocorrencia:TThServidorProcessaRecebe.Execute EIdConnClosedGracefully/Connection Closed Gracefully.] - [ TMensagem:]
[ Nivel: 1 ] [ Data:19/01/2024] - [ Hora:12:53:47] - [ Linha:250520221716] - [ Modulo_ID:0]- [ TagComando:] - [ Programa:mcom_lib] - [ Unit:comunicador] - [ VersaoMensagem:1] - [ Versao:1.0.0] -  [ CodigoErro:30]  - [ Ocorrencia:TThServidorProcessaRecebe.Execute; ] - [ TMensagem:]
[ Nivel: 1 ] [ Data:19/01/2024] - [ Hora:12:53:49] - [ Linha:250520221716] - [ Modulo_ID:0]- [ TagComando:] - [ Programa:mcom_lib] - [ Unit:comunicador] - [ VersaoMensagem:1] - [ Versao:1.0.0] -  [ CodigoErro:30]  - [ Ocorrencia:TThServidorProcessaRecebe.Execute; ] - [ TMensagem:]
[ Nivel: 1 ] [ Data:19/01/2024] - [ Hora:12:53:50] - [ Linha:120920222118] - [ Modulo_ID:0]- [ TagComando:] - [ Programa:mcom_lib] - [ Unit:comunicador] - [ VersaoMensagem:1] - [ Versao:1.0.0] -  [ CodigoErro:1]  - [ Ocorrencia:TThServidorProcessaRecebe.Execute EIdConnClosedGracefully/Connection Closed Gracefully.] - [ TMensagem:]
[ Nivel: 1 ] [ Data:19/01/2024] - [ Hora:13:00:17] - [ Linha:120920222118] - [ Modulo_ID:0]- [ TagComando:] - [ Programa:mcom_lib] - [ Unit:comunicador] - [ VersaoMensagem:1] - [ Versao:1.0.0] -  [ CodigoErro:1]  - [ Ocorrencia:TThServidorProcessaRecebe.Execute EIdConnClosedGracefully/Connection Closed Gracefully.] - [ TMensagem:]
[ Nivel: 1 ] [ Data:19/01/2024] - [ Hora:13:00:18] - [ Linha:120920222118] - [ Modulo_ID:0]- [ TagComando:] - [ Programa:mcom_lib] - [ Unit:comunicador] - [ VersaoMensagem:1] - [ Versao:1.0.0] -  [ CodigoErro:1]  - [ Ocorrencia:TThServidorProcessaRecebe.Execute EIdConnClosedGracefully/Connection Closed Gracefully.] - [ TMensagem:]
[ Nivel: 1 ] [ Data:19/01/2024] - [ Hora:13:03:33] - [ Linha:120920222118] - [ Modulo_ID:0]- [ TagComando:] - [ Programa:mcom_lib] - [ Unit:comunicador] - [ VersaoMensagem:1] - [ Versao:1.0.0] -  [ CodigoErro:1]  - [ Ocorrencia:TThServidorProcessaRecebe.Execute EIdConnClosedGracefully/Connection Closed Gracefully.] - [ TMensagem:]
[ Nivel: 1 ] [ Data:19/01/2024] - [ Hora:13:03:33] - [ Linha:120920222118] - [ Modulo_ID:0]- [ TagComando:] - [ Programa:mcom_lib] - [ Unit:comunicador] - [ VersaoMensagem:1] - [ Versao:1.0.0] -  [ CodigoErro:1]  - [ Ocorrencia:TThServidorProcessaRecebe.Execute EIdConnClosedGracefully/Connection Closed Gracefully.] - [ TMensagem:]
[ Nivel: 1 ] [ Data:19/01/2024] - [ Hora:13:14:41] - [ Linha:120920222118] - [ Modulo_ID:0]- [ TagComando:] - [ Programa:mcom_lib] - [ Unit:comunicador] - [ VersaoMensagem:1] - [ Versao:1.0.0] -  [ CodigoErro:1]  - [ Ocorrencia:TThServidorProcessaRecebe.Execute EIdSocketError/Socket Error # 10054
Connection reset by peer.] - [ TMensagem:]
[ Nivel: 1 ] [ Data:19/01/2024] - [ Hora:13:14:41] - [ Linha:120920222118] - [ Modulo_ID:0]- [ TagComando:] - [ Programa:mcom_lib] - [ Unit:comunicador] - [ VersaoMensagem:1] - [ Versao:1.0.0] -  [ CodigoErro:1]  - [ Ocorrencia:TThServidorProcessaRecebe.Execute EIdSocketError/Socket Error # 10054
Connection reset by peer.] - [ TMensagem:]
[ Nivel: 1 ] [ Data:19/01/2024] - [ Hora:13:28:40] - [ Linha:120920222118] - [ Modulo_ID:0]- [ TagComando:] - [ Programa:mcom_lib] - [ Unit:comunicador] - [ VersaoMensagem:1] - [ Versao:1.0.0] -  [ CodigoErro:1]  - [ Ocorrencia:TThServidorProcessaRecebe.Execute EIdConnClosedGracefully/Connection Closed Gracefully.] - [ TMensagem:]
[ Nivel: 1 ] [ Data:19/01/2024] - [ Hora:13:28:57] - [ Linha:120920222118] - [ Modulo_ID:0]- [ TagComando:] - [ Programa:mcom_lib] - [ Unit:comunicador] - [ VersaoMensagem:1] - [ Versao:1.0.0] -  [ CodigoErro:1]  - [ Ocorrencia:TThServidorProcessaRecebe.Execute EIdConnClosedGracefully/Connection Closed Gracefully.] - [ TMensagem:]
[ Nivel: 1 ] [ Data:19/01/2024] - [ Hora:13:29:36] - [ Linha:120920222118] - [ Modulo_ID:0]- [ TagComando:] - [ Programa:mcom_lib] - [ Unit:comunicador] - [ VersaoMensagem:1] - [ Versao:1.0.0] -  [ CodigoErro:1]  - [ Ocorrencia:TThServidorProcessaRecebe.Execute EIdConnClosedGracefully/Connection Closed Gracefully.] - [ TMensagem:]
[ Nivel: 1 ] [ Data:19/01/2024] - [ Hora:13:30:11] - [ Linha:120920222118] - [ Modulo_ID:0]- [ TagComando:] - [ Programa:mcom_lib] - [ Unit:comunicador] - [ VersaoMensagem:1] - [ Versao:1.0.0] -  [ CodigoErro:1]  - [ Ocorrencia:TThServidorProcessaRecebe.Execute EIdConnClosedGracefully/Connection Closed Gracefully.] - [ TMensagem:]
[ Nivel: 1 ] [ Data:19/01/2024] - [ Hora:13:32:45] - [ Linha:120920222118] - [ Modulo_ID:0]- [ TagComando:] - [ Programa:mcom_lib] - [ Unit:comunicador] - [ VersaoMensagem:1] - [ Versao:1.0.0] -  [ CodigoErro:1]  - [ Ocorrencia:TThServidorProcessaRecebe.Execute EIdConnClosedGracefully/Connection Closed Gracefully.] - [ TMensagem:]
[ Nivel: 1 ] [ Data:19/01/2024] - [ Hora:13:33:32] - [ Linha:120920222118] - [ Modulo_ID:0]- [ TagComando:] - [ Programa:mcom_lib] - [ Unit:comunicador] - [ VersaoMensagem:1] - [ Versao:1.0.0] -  [ CodigoErro:1]  - [ Ocorrencia:TThServidorProcessaRecebe.Execute EIdConnClosedGracefully/Connection Closed Gracefully.] - [ TMensagem:]
[ Nivel: 1 ] [ Data:19/01/2024] - [ Hora:13:34:37] - [ Linha:120920222118] - [ Modulo_ID:0]- [ TagComando:] - [ Programa:mcom_lib] - [ Unit:comunicador] - [ VersaoMensagem:1] - [ Versao:1.0.0] -  [ CodigoErro:1]  - [ Ocorrencia:TThServidorProcessaRecebe.Execute EIdConnClosedGracefully/Connection Closed Gracefully.] - [ TMensagem:]
[ Nivel: 1 ] [ Data:19/01/2024] - [ Hora:13:35:46] - [ Linha:120920222118] - [ Modulo_ID:0]- [ TagComando:] - [ Programa:mcom_lib] - [ Unit:comunicador] - [ VersaoMensagem:1] - [ Versao:1.0.0] -  [ CodigoErro:1]  - [ Ocorrencia:TThServidorProcessaRecebe.Execute EIdConnClosedGracefully/Connection Closed Gracefully.] - [ TMensagem:]
[ Nivel: 1 ] [ Data:19/01/2024] - [ Hora:13:40:57] - [ Linha:090620221846] - [ Modulo_ID:0]- [ TagComando:] - [ Programa:mcom_lib] - [ Unit:comunicador] - [ VersaoMensagem:1] - [ Versao:1.0.0] -  [ CodigoErro:1]  - [ Ocorrencia:ServidorTransmiteSolicitacaoIDEIdSocketError/Socket Error # 10053
Software caused connection abort.] - [ TMensagem:]
[ Nivel: 1 ] [ Data:19/01/2024] - [ Hora:13:40:57] - [ Linha:090620221846] - [ Modulo_ID:0]- [ TagComando:] - [ Programa:mcom_lib] - [ Unit:comunicador] - [ VersaoMensagem:1] - [ Versao:1.0.0] -  [ CodigoErro:1]  - [ Ocorrencia:ServidorTransmiteSolicitacaoIDEIdSocketError/Socket Error # 10053
Software caused connection abort.] - [ TMensagem:]
[ Nivel: 1 ] [ Data:19/01/2024] - [ Hora:13:40:57] - [ Linha:090620221846] - [ Modulo_ID:0]- [ TagComando:] - [ Programa:mcom_lib] - [ Unit:comunicador] - [ VersaoMensagem:1] - [ Versao:1.0.0] -  [ CodigoErro:1]  - [ Ocorrencia:ServidorTransmiteSolicitacaoIDEInvalidCast/Invalid type cast] - [ TMensagem:]
[ Nivel: 1 ] [ Data:19/01/2024] - [ Hora:13:41:36] - [ Linha:120920222118] - [ Modulo_ID:0]- [ TagComando:] - [ Programa:mcom_lib] - [ Unit:comunicador] - [ VersaoMensagem:1] - [ Versao:1.0.0] -  [ CodigoErro:1]  - [ Ocorrencia:TThServidorProcessaRecebe.Execute EIdConnClosedGracefully/Connection Closed Gracefully.] - [ TMensagem:]
[ Nivel: 1 ] [ Data:19/01/2024] - [ Hora:13:42:38] - [ Linha:120920222118] - [ Modulo_ID:0]- [ TagComando:] - [ Programa:mcom_lib] - [ Unit:comunicador] - [ VersaoMensagem:1] - [ Versao:1.0.0] -  [ CodigoErro:1]  - [ Ocorrencia:TThServidorProcessaRecebe.Execute EIdConnClosedGracefully/Connection Closed Gracefully.] - [ TMensagem:]
[ Nivel: 1 ] [ Data:19/01/2024] - [ Hora:13:42:54] - [ Linha:120920222118] - [ Modulo_ID:0]- [ TagComando:] - [ Programa:mcom_lib] - [ Unit:comunicador] - [ VersaoMensagem:1] - [ Versao:1.0.0] -  [ CodigoErro:1]  - [ Ocorrencia:TThServidorProcessaRecebe.Execute EIdConnClosedGracefully/Connection Closed Gracefully.] - [ TMensagem:]
[ Nivel: 1 ] [ Data:19/01/2024] - [ Hora:13:43:09] - [ Linha:120920222118] - [ Modulo_ID:0]- [ TagComando:] - [ Programa:mcom_lib] - [ Unit:comunicador] - [ VersaoMensagem:1] - [ Versao:1.0.0] -  [ CodigoErro:1]  - [ Ocorrencia:TThServidorProcessaRecebe.Execute EIdConnClosedGracefully/Connection Closed Gracefully.] - [ TMensagem:]
[ Nivel: 1 ] [ Data:19/01/2024] - [ Hora:13:43:24] - [ Linha:120920222118] - [ Modulo_ID:0]- [ TagComando:] - [ Programa:mcom_lib] - [ Unit:comunicador] - [ VersaoMensagem:1] - [ Versao:1.0.0] -  [ CodigoErro:1]  - [ Ocorrencia:TThServidorProcessaRecebe.Execute EIdConnClosedGracefully/Connection Closed Gracefully.] - [ TMensagem:]
[ Nivel: 1 ] [ Data:19/01/2024] - [ Hora:13:43:39] - [ Linha:120920222118] - [ Modulo_ID:0]- [ TagComando:] - [ Programa:mcom_lib] - [ Unit:comunicador] - [ VersaoMensagem:1] - [ Versao:1.0.0] -  [ CodigoErro:1]  - [ Ocorrencia:TThServidorProcessaRecebe.Execute EIdConnClosedGracefully/Connection Closed Gracefully.] - [ TMensagem:]
[ Nivel: 1 ] [ Data:19/01/2024] - [ Hora:13:43:54] - [ Linha:120920222118] - [ Modulo_ID:0]- [ TagComando:] - [ Programa:mcom_lib] - [ Unit:comunicador] - [ VersaoMensagem:1] - [ Versao:1.0.0] -  [ CodigoErro:1]  - [ Ocorrencia:TThServidorProcessaRecebe.Execute EIdConnClosedGracefully/Connection Closed Gracefully.] - [ TMensagem:]
[ Nivel: 1 ] [ Data:19/01/2024] - [ Hora:13:44:09] - [ Linha:120920222118] - [ Modulo_ID:0]- [ TagComando:] - [ Programa:mcom_lib] - [ Unit:comunicador] - [ VersaoMensagem:1] - [ Versao:1.0.0] -  [ CodigoErro:1]  - [ Ocorrencia:TThServidorProcessaRecebe.Execute EIdConnClosedGracefully/Connection Closed Gracefully.] - [ TMensagem:]
[ Nivel: 1 ] [ Data:19/01/2024] - [ Hora:13:44:58] - [ Linha:120920222118] - [ Modulo_ID:0]- [ TagComando:] - [ Programa:mcom_lib] - [ Unit:comunicador] - [ VersaoMensagem:1] - [ Versao:1.0.0] -  [ CodigoErro:1]  - [ Ocorrencia:TThServidorProcessaRecebe.Execute EIdClosedSocket/Disconnected.] - [ TMensagem:]
[ Nivel: 1 ] [ Data:19/01/2024] - [ Hora:13:45:02] - [ Linha:120920222118] - [ Modulo_ID:0]- [ TagComando:] - [ Programa:mcom_lib] - [ Unit:comunicador] - [ VersaoMensagem:1] - [ Versao:1.0.0] -  [ CodigoErro:1]  - [ Ocorrencia:TThServidorProcessaRecebe.Execute EIdClosedSocket/Disconnected.] - [ TMensagem:]
[ Nivel: 1 ] [ Data:19/01/2024] - [ Hora:13:47:17] - [ Linha:310820221737] - [ Modulo_ID:0]- [ TagComando:] - [ Programa:mcom_lib] - [ Unit:mcom] - [ VersaoMensagem:1] - [ Versao:1.0.0] -  [ CodigoErro:67]  - [ Ocorrencia:] - [ TMensagem:]
[ Nivel: 1 ] [ Data:19/01/2024] - [ Hora:14:23:34] - [ Linha:090620221846] - [ Modulo_ID:0]- [ TagComando:] - [ Programa:mcom_lib] - [ Unit:comunicador] - [ VersaoMensagem:1] - [ Versao:1.0.0] -  [ CodigoErro:1]  - [ Ocorrencia:ServidorTransmiteSolicitacaoIDEIdSocketError/Socket Error # 10053
Software caused connection abort.] - [ TMensagem:]
[ Nivel: 1 ] [ Data:19/01/2024] - [ Hora:14:23:34] - [ Linha:120920222118] - [ Modulo_ID:0]- [ TagComando:] - [ Programa:mcom_lib] - [ Unit:comunicador] - [ VersaoMensagem:1] - [ Versao:1.0.0] -  [ CodigoErro:1]  - [ Ocorrencia:TThServidorProcessaRecebe.Execute EIdSocketError/Socket Error # 10053
Software caused connection abort.] - [ TMensagem:]
[ Nivel: 1 ] [ Data:19/01/2024] - [ Hora:14:23:34] - [ Linha:090620221846] - [ Modulo_ID:0]- [ TagComando:] - [ Programa:mcom_lib] - [ Unit:comunicador] - [ VersaoMensagem:1] - [ Versao:1.0.0] -  [ CodigoErro:1]  - [ Ocorrencia:ServidorTransmiteSolicitacaoIDEIdSocketError/Socket Error # 10053
Software caused connection abort.] - [ TMensagem:]
[ Nivel: 1 ] [ Data:19/01/2024] - [ Hora:14:23:34] - [ Linha:090620221846] - [ Modulo_ID:0]- [ TagComando:] - [ Programa:mcom_lib] - [ Unit:comunicador] - [ VersaoMensagem:1] - [ Versao:1.0.0] -  [ CodigoErro:1]  - [ Ocorrencia:ServidorTransmiteSolicitacaoIDEIdSocketError/Socket Error # 10053
Software caused connection abort.] - [ TMensagem:]
[ Nivel: 1 ] [ Data:19/01/2024] - [ Hora:14:23:34] - [ Linha:090620221846] - [ Modulo_ID:0]- [ TagComando:] - [ Programa:mcom_lib] - [ Unit:comunicador] - [ VersaoMensagem:1] - [ Versao:1.0.0] -  [ CodigoErro:1]  - [ Ocorrencia:ServidorTransmiteSolicitacaoIDEIdSocketError/Socket Error # 10053
Software caused connection abort.] - [ TMensagem:]
[ Nivel: 1 ] [ Data:19/01/2024] - [ Hora:14:23:35] - [ Linha:090620221846] - [ Modulo_ID:0]- [ TagComando:] - [ Programa:mcom_lib] - [ Unit:comunicador] - [ VersaoMensagem:1] - [ Versao:1.0.0] -  [ CodigoErro:1]  - [ Ocorrencia:ServidorTransmiteSolicitacaoIDEIdSocketError/Socket Error # 10053
Software caused connection abort.] - [ TMensagem:]
[ Nivel: 1 ] [ Data:19/01/2024] - [ Hora:14:23:35] - [ Linha:090620221846] - [ Modulo_ID:0]- [ TagComando:] - [ Programa:mcom_lib] - [ Unit:comunicador] - [ VersaoMensagem:1] - [ Versao:1.0.0] -  [ CodigoErro:1]  - [ Ocorrencia:ServidorTransmiteSolicitacaoIDEIdSocketError/Socket Error # 10053
Software caused connection abort.] - [ TMensagem:]
[ Nivel: 1 ] [ Data:19/01/2024] - [ Hora:14:23:35] - [ Linha:090620221846] - [ Modulo_ID:0]- [ TagComando:] - [ Programa:mcom_lib] - [ Unit:comunicador] - [ VersaoMensagem:1] - [ Versao:1.0.0] -  [ CodigoErro:1]  - [ Ocorrencia:ServidorTransmiteSolicitacaoIDEIdSocketError/Socket Error # 10053
Software caused connection abort.] - [ TMensagem:]
[ Nivel: 1 ] [ Data:19/01/2024] - [ Hora:14:23:35] - [ Linha:090620221846] - [ Modulo_ID:0]- [ TagComando:] - [ Programa:mcom_lib] - [ Unit:comunicador] - [ VersaoMensagem:1] - [ Versao:1.0.0] -  [ CodigoErro:1]  - [ Ocorrencia:ServidorTransmiteSolicitacaoIDEIdSocketError/Socket Error # 10053
Software caused connection abort.] - [ TMensagem:]
[ Nivel: 1 ] [ Data:19/01/2024] - [ Hora:14:23:49] - [ Linha:090620221846] - [ Modulo_ID:0]- [ TagComando:] - [ Programa:mcom_lib] - [ Unit:comunicador] - [ VersaoMensagem:1] - [ Versao:1.0.0] -  [ CodigoErro:1]  - [ Ocorrencia:ServidorTransmiteSolicitacaoIDEIdSocketError/Socket Error # 10053
Software caused connection abort.] - [ TMensagem:]
[ Nivel: 1 ] [ Data:19/01/2024] - [ Hora:14:23:50] - [ Linha:090620221846] - [ Modulo_ID:0]- [ TagComando:] - [ Programa:mcom_lib] - [ Unit:comunicador] - [ VersaoMensagem:1] - [ Versao:1.0.0] -  [ CodigoErro:1]  - [ Ocorrencia:ServidorTransmiteSolicitacaoIDEIdSocketError/Socket Error # 10053
Software caused connection abort.] - [ TMensagem:]
[ Nivel: 1 ] [ Data:19/01/2024] - [ Hora:14:23:50] - [ Linha:090620221846] - [ Modulo_ID:0]- [ TagComando:] - [ Programa:mcom_lib] - [ Unit:comunicador] - [ VersaoMensagem:1] - [ Versao:1.0.0] -  [ CodigoErro:1]  - [ Ocorrencia:ServidorTransmiteSolicitacaoIDEIdSocketError/Socket Error # 10053
Software caused connection abort.] - [ TMensagem:]
[ Nivel: 1 ] [ Data:19/01/2024] - [ Hora:14:23:51] - [ Linha:090620221846] - [ Modulo_ID:0]- [ TagComando:] - [ Programa:mcom_lib] - [ Unit:comunicador] - [ VersaoMensagem:1] - [ Versao:1.0.0] -  [ CodigoErro:1]  - [ Ocorrencia:ServidorTransmiteSolicitacaoIDEIdSocketError/Socket Error # 10053
Software caused connection abort.] - [ TMensagem:]
[ Nivel: 1 ] [ Data:19/01/2024] - [ Hora:14:23:51] - [ Linha:090620221846] - [ Modulo_ID:0]- [ TagComando:] - [ Programa:mcom_lib] - [ Unit:comunicador] - [ VersaoMensagem:1] - [ Versao:1.0.0] -  [ CodigoErro:1]  - [ Ocorrencia:ServidorTransmiteSolicitacaoIDEAccessViolation/Access violation] - [ TMensagem:]
[ Nivel: 1 ] [ Data:19/01/2024] - [ Hora:14:23:51] - [ Linha:090620221846] - [ Modulo_ID:0]- [ TagComando:] - [ Programa:mcom_lib] - [ Unit:comunicador] - [ VersaoMensagem:1] - [ Versao:1.0.0] -  [ CodigoErro:1]  - [ Ocorrencia:ServidorTransmiteSolicitacaoIDEIdSocketError/Socket Error # 10053
Software caused connection abort.] - [ TMensagem:]
[ Nivel: 1 ] [ Data:19/01/2024] - [ Hora:14:23:51] - [ Linha:090620221846] - [ Modulo_ID:0]- [ TagComando:] - [ Programa:mcom_lib] - [ Unit:comunicador] - [ VersaoMensagem:1] - [ Versao:1.0.0] -  [ CodigoErro:1]  - [ Ocorrencia:ServidorTransmiteSolicitacaoIDEIdSocketError/Socket Error # 10053
Software caused connection abort.] - [ TMensagem:]
[ Nivel: 1 ] [ Data:19/01/2024] - [ Hora:14:23:51] - [ Linha:090620221846] - [ Modulo_ID:0]- [ TagComando:] - [ Programa:mcom_lib] - [ Unit:comunicador] - [ VersaoMensagem:1] - [ Versao:1.0.0] -  [ CodigoErro:1]  - [ Ocorrencia:ServidorTransmiteSolicitacaoIDEIdSocketError/Socket Error # 10053
Software caused connection abort.] - [ TMensagem:]
[ Nivel: 1 ] [ Data:19/01/2024] - [ Hora:14:23:51] - [ Linha:090620221846] - [ Modulo_ID:0]- [ TagComando:] - [ Programa:mcom_lib] - [ Unit:comunicador] - [ VersaoMensagem:1] - [ Versao:1.0.0] -  [ CodigoErro:1]  - [ Ocorrencia:ServidorTransmiteSolicitacaoIDEIdSocketError/Socket Error # 10053
Software caused connection abort.] - [ TMensagem:]
[ Nivel: 1 ] [ Data:19/01/2024] - [ Hora:14:23:51] - [ Linha:090620221846] - [ Modulo_ID:0]- [ TagComando:] - [ Programa:mcom_lib] - [ Unit:comunicador] - [ VersaoMensagem:1] - [ Versao:1.0.0] -  [ CodigoErro:1]  - [ Ocorrencia:ServidorTransmiteSolicitacaoIDEIdSocketError/Socket Error # 10053
Software caused connection abort.] - [ TMensagem:]
[ Nivel: 1 ] [ Data:19/01/2024] - [ Hora:14:24:19] - [ Linha:090620221846] - [ Modulo_ID:0]- [ TagComando:] - [ Programa:mcom_lib] - [ Unit:comunicador] - [ VersaoMensagem:1] - [ Versao:1.0.0] -  [ CodigoErro:1]  - [ Ocorrencia:ServidorTransmiteSolicitacaoIDEIdSocketError/Socket Error # 10053
Software caused connection abort.] - [ TMensagem:]
[ Nivel: 1 ] [ Data:19/01/2024] - [ Hora:14:24:19] - [ Linha:090620221846] - [ Modulo_ID:0]- [ TagComando:] - [ Programa:mcom_lib] - [ Unit:comunicador] - [ VersaoMensagem:1] - [ Versao:1.0.0] -  [ CodigoErro:1]  - [ Ocorrencia:ServidorTransmiteSolicitacaoIDEIdSocketError/Socket Error # 10053
Software caused connection abort.] - [ TMensagem:]
[ Nivel: 1 ] [ Data:19/01/2024] - [ Hora:14:24:19] - [ Linha:090620221846] - [ Modulo_ID:0]- [ TagComando:] - [ Programa:mcom_lib] - [ Unit:comunicador] - [ VersaoMensagem:1] - [ Versao:1.0.0] -  [ CodigoErro:1]  - [ Ocorrencia:ServidorTransmiteSolicitacaoIDEIdSocketError/Socket Error # 10053
Software caused connection abort.] - [ TMensagem:]
[ Nivel: 1 ] [ Data:19/01/2024] - [ Hora:14:24:19] - [ Linha:090620221846] - [ Modulo_ID:0]- [ TagComando:] - [ Programa:mcom_lib] - [ Unit:comunicador] - [ VersaoMensagem:1] - [ Versao:1.0.0] -  [ CodigoErro:1]  - [ Ocorrencia:ServidorTransmiteSolicitacaoIDEIdSocketError/Socket Error # 10053
Software caused connection abort.] - [ TMensagem:]
[ Nivel: 1 ] [ Data:19/01/2024] - [ Hora:14:24:19] - [ Linha:090620221846] - [ Modulo_ID:0]- [ TagComando:] - [ Programa:mcom_lib] - [ Unit:comunicador] - [ VersaoMensagem:1] - [ Versao:1.0.0] -  [ CodigoErro:1]  - [ Ocorrencia:ServidorTransmiteSolicitacaoIDEInvalidCast/Invalid type cast] - [ TMensagem:]
[ Nivel: 1 ] [ Data:19/01/2024] - [ Hora:14:24:19] - [ Linha:090620221846] - [ Modulo_ID:0]- [ TagComando:] - [ Programa:mcom_lib] - [ Unit:comunicador] - [ VersaoMensagem:1] - [ Versao:1.0.0] -  [ CodigoErro:1]  - [ Ocorrencia:ServidorTransmiteSolicitacaoIDEAccessViolation/Access violation] - [ TMensagem:]
[ Nivel: 1 ] [ Data:19/01/2024] - [ Hora:14:24:19] - [ Linha:090620221846] - [ Modulo_ID:0]- [ TagComando:] - [ Programa:mcom_lib] - [ Unit:comunicador] - [ VersaoMensagem:1] - [ Versao:1.0.0] -  [ CodigoErro:1]  - [ Ocorrencia:ServidorTransmiteSolicitacaoIDEIdSocketError/Socket Error # 10053
Software caused connection abort.] - [ TMensagem:]
[ Nivel: 1 ] [ Data:19/01/2024] - [ Hora:14:24:19] - [ Linha:090620221846] - [ Modulo_ID:0]- [ TagComando:] - [ Programa:mcom_lib] - [ Unit:comunicador] - [ VersaoMensagem:1] - [ Versao:1.0.0] -  [ CodigoErro:1]  - [ Ocorrencia:ServidorTransmiteSolicitacaoIDEIdSocketError/Socket Error # 10053
Software caused connection abort.] - [ TMensagem:]
[ Nivel: 1 ] [ Data:19/01/2024] - [ Hora:14:24:19] - [ Linha:090620221846] - [ Modulo_ID:0]- [ TagComando:] - [ Programa:mcom_lib] - [ Unit:comunicador] - [ VersaoMensagem:1] - [ Versao:1.0.0] -  [ CodigoErro:1]  - [ Ocorrencia:ServidorTransmiteSolicitacaoIDEIdSocketError/Socket Error # 10053
Software caused connection abort.] - [ TMensagem:]
[ Nivel: 1 ] [ Data:19/01/2024] - [ Hora:14:24:19] - [ Linha:090620221846] - [ Modulo_ID:0]- [ TagComando:] - [ Programa:mcom_lib] - [ Unit:comunicador] - [ VersaoMensagem:1] - [ Versao:1.0.0] -  [ CodigoErro:1]  - [ Ocorrencia:ServidorTransmiteSolicitacaoIDEIdSocketError/Socket Error # 10053
Software caused connection abort.] - [ TMensagem:]
[ Nivel: 1 ] [ Data:19/01/2024] - [ Hora:14:24:19] - [ Linha:090620221846] - [ Modulo_ID:0]- [ TagComando:] - [ Programa:mcom_lib] - [ Unit:comunicador] - [ VersaoMensagem:1] - [ Versao:1.0.0] -  [ CodigoErro:1]  - [ Ocorrencia:ServidorTransmiteSolicitacaoIDEIdSocketError/Socket Error # 10053
Software caused connection abort.] - [ TMensagem:]
[ Nivel: 1 ] [ Data:19/01/2024] - [ Hora:14:24:19] - [ Linha:090620221846] - [ Modulo_ID:0]- [ TagComando:] - [ Programa:mcom_lib] - [ Unit:comunicador] - [ VersaoMensagem:1] - [ Versao:1.0.0] -  [ CodigoErro:1]  - [ Ocorrencia:ServidorTransmiteSolicitacaoIDEIdSocketError/Socket Error # 10053
Software caused connection abort.] - [ TMensagem:]
[ Nivel: 1 ] [ Data:19/01/2024] - [ Hora:14:24:23] - [ Linha:120920222118] - [ Modulo_ID:0]- [ TagComando:] - [ Programa:mcom_lib] - [ Unit:comunicador] - [ VersaoMensagem:1] - [ Versao:1.0.0] -  [ CodigoErro:1]  - [ Ocorrencia:TThServidorProcessaRecebe.Execute EIdConnClosedGracefully/Connection Closed Gracefully.] - [ TMensagem:]
[ Nivel: 1 ] [ Data:19/01/2024] - [ Hora:15:00:41] - [ Linha:120920222118] - [ Modulo_ID:0]- [ TagComando:] - [ Programa:mcom_lib] - [ Unit:comunicador] - [ VersaoMensagem:1] - [ Versao:1.0.0] -  [ CodigoErro:1]  - [ Ocorrencia:TThServidorProcessaRecebe.Execute EIdSocketError/Socket Error # 10054
Connection reset by peer.] - [ TMensagem:]
[ Nivel: 1 ] [ Data:19/01/2024] - [ Hora:15:00:41] - [ Linha:120920222118] - [ Modulo_ID:0]- [ TagComando:] - [ Programa:mcom_lib] - [ Unit:comunicador] - [ VersaoMensagem:1] - [ Versao:1.0.0] -  [ CodigoErro:1]  - [ Ocorrencia:TThServidorProcessaRecebe.Execute EIdSocketError/Socket Error # 10054
Connection reset by peer.] - [ TMensagem:]
[ Nivel: 1 ] [ Data:19/01/2024] - [ Hora:16:10:10] - [ Linha:310820221737] - [ Modulo_ID:0]- [ TagComando:] - [ Programa:mcom_lib] - [ Unit:mcom] - [ VersaoMensagem:1] - [ Versao:1.0.0] -  [ CodigoErro:67]  - [ Ocorrencia:] - [ TMensagem:]
[ Nivel: 1 ] [ Data:19/01/2024] - [ Hora:16:10:20] - [ Linha:120920222118] - [ Modulo_ID:0]- [ TagComando:] - [ Programa:mcom_lib] - [ Unit:comunicador] - [ VersaoMensagem:1] - [ Versao:1.0.0] -  [ CodigoErro:1]  - [ Ocorrencia:TThServidorProcessaRecebe.Execute EIdSocketError/Socket Error # 10054
Connection reset by peer.] - [ TMensagem:]
[ Nivel: 1 ] [ Data:19/01/2024] - [ Hora:16:10:20] - [ Linha:120920222118] - [ Modulo_ID:0]- [ TagComando:] - [ Programa:mcom_lib] - [ Unit:comunicador] - [ VersaoMensagem:1] - [ Versao:1.0.0] -  [ CodigoErro:1]  - [ Ocorrencia:TThServidorProcessaRecebe.Execute EIdSocketError/Socket Error # 10054
Connection reset by peer.] - [ TMensagem:]
[ Nivel: 1 ] [ Data:19/01/2024] - [ Hora:16:11:10] - [ Linha:310820221737] - [ Modulo_ID:0]- [ TagComando:] - [ Programa:mcom_lib] - [ Unit:mcom] - [ VersaoMensagem:1] - [ Versao:1.0.0] -  [ CodigoErro:98]  - [ Ocorrencia:] - [ TMensagem:]
[ Nivel: 1 ] [ Data:19/01/2024] - [ Hora:16:12:38] - [ Linha:310820221737] - [ Modulo_ID:0]- [ TagComando:] - [ Programa:mcom_lib] - [ Unit:mcom] - [ VersaoMensagem:1] - [ Versao:1.0.0] -  [ CodigoErro:67]  - [ Ocorrencia:] - [ TMensagem:]
[ Nivel: 1 ] [ Data:19/01/2024] - [ Hora:16:13:42] - [ Linha:120920222118] - [ Modulo_ID:0]- [ TagComando:] - [ Programa:mcom_lib] - [ Unit:comunicador] - [ VersaoMensagem:1] - [ Versao:1.0.0] -  [ CodigoErro:1]  - [ Ocorrencia:TThServidorProcessaRecebe.Execute EIdConnClosedGracefully/Connection Closed Gracefully.] - [ TMensagem:]
[ Nivel: 1 ] [ Data:19/01/2024] - [ Hora:16:13:42] - [ Linha:120920222118] - [ Modulo_ID:0]- [ TagComando:] - [ Programa:mcom_lib] - [ Unit:comunicador] - [ VersaoMensagem:1] - [ Versao:1.0.0] -  [ CodigoErro:1]  - [ Ocorrencia:TThServidorProcessaRecebe.Execute EIdConnClosedGracefully/Connection Closed Gracefully.] - [ TMensagem:]
[ Nivel: 1 ] [ Data:19/01/2024] - [ Hora:16:15:37] - [ Linha:310820221737] - [ Modulo_ID:0]- [ TagComando:] - [ Programa:mcom_lib] - [ Unit:mcom] - [ VersaoMensagem:1] - [ Versao:1.0.0] -  [ CodigoErro:98]  - [ Ocorrencia:] - [ TMensagem:]
[ Nivel: 1 ] [ Data:19/01/2024] - [ Hora:16:16:01] - [ Linha:120920222118] - [ Modulo_ID:0]- [ TagComando:] - [ Programa:mcom_lib] - [ Unit:comunicador] - [ VersaoMensagem:1] - [ Versao:1.0.0] -  [ CodigoErro:1]  - [ Ocorrencia:TThServidorProcessaRecebe.Execute EIdConnClosedGracefully/Connection Closed Gracefully.] - [ TMensagem:]
[ Nivel: 1 ] [ Data:19/01/2024] - [ Hora:16:16:01] - [ Linha:120920222118] - [ Modulo_ID:0]- [ TagComando:] - [ Programa:mcom_lib] - [ Unit:comunicador] - [ VersaoMensagem:1] - [ Versao:1.0.0] -  [ CodigoErro:1]  - [ Ocorrencia:TThServidorProcessaRecebe.Execute EIdConnClosedGracefully/Connection Closed Gracefully.] - [ TMensagem:]
[ Nivel: 1 ] [ Data:19/01/2024] - [ Hora:16:20:38] - [ Linha:120920222118] - [ Modulo_ID:0]- [ TagComando:] - [ Programa:mcom_lib] - [ Unit:comunicador] - [ VersaoMensagem:1] - [ Versao:1.0.0] -  [ CodigoErro:1]  - [ Ocorrencia:TThServidorProcessaRecebe.Execute EIdConnClosedGracefully/Connection Closed Gracefully.] - [ TMensagem:]
[ Nivel: 1 ] [ Data:19/01/2024] - [ Hora:16:20:38] - [ Linha:120920222118] - [ Modulo_ID:0]- [ TagComando:] - [ Programa:mcom_lib] - [ Unit:comunicador] - [ VersaoMensagem:1] - [ Versao:1.0.0] -  [ CodigoErro:1]  - [ Ocorrencia:TThServidorProcessaRecebe.Execute EIdConnClosedGracefully/Connection Closed Gracefully.] - [ TMensagem:]
[ Nivel: 1 ] [ Data:19/01/2024] - [ Hora:16:20:45] - [ Linha:310820221737] - [ Modulo_ID:0]- [ TagComando:] - [ Programa:mcom_lib] - [ Unit:mcom] - [ VersaoMensagem:1] - [ Versao:1.0.0] -  [ CodigoErro:67]  - [ Ocorrencia:] - [ TMensagem:]
[ Nivel: 1 ] [ Data:19/01/2024] - [ Hora:16:30:33] - [ Linha:120920222118] - [ Modulo_ID:0]- [ TagComando:] - [ Programa:mcom_lib] - [ Unit:comunicador] - [ VersaoMensagem:1] - [ Versao:1.0.0] -  [ CodigoErro:1]  - [ Ocorrencia:TThServidorProcessaRecebe.Execute EIdSocketError/Socket Error # 10054
Connection reset by peer.] - [ TMensagem:]
[ Nivel: 1 ] [ Data:19/01/2024] - [ Hora:16:30:33] - [ Linha:120920222118] - [ Modulo_ID:0]- [ TagComando:] - [ Programa:mcom_lib] - [ Unit:comunicador] - [ VersaoMensagem:1] - [ Versao:1.0.0] -  [ CodigoErro:1]  - [ Ocorrencia:TThServidorProcessaRecebe.Execute EIdSocketError/Socket Error # 10054
Connection reset by peer.] - [ TMensagem:]
[ Nivel: 1 ] [ Data:19/01/2024] - [ Hora:17:11:20] - [ Linha:120920222118] - [ Modulo_ID:0]- [ TagComando:] - [ Programa:mcom_lib] - [ Unit:comunicador] - [ VersaoMensagem:1] - [ Versao:1.0.0] -  [ CodigoErro:1]  - [ Ocorrencia:TThServidorProcessaRecebe.Execute EIdConnClosedGracefully/Connection Closed Gracefully.] - [ TMensagem:]
[ Nivel: 1 ] [ Data:19/01/2024] - [ Hora:17:11:20] - [ Linha:120920222118] - [ Modulo_ID:0]- [ TagComando:] - [ Programa:mcom_lib] - [ Unit:comunicador] - [ VersaoMensagem:1] - [ Versao:1.0.0] -  [ CodigoErro:1]  - [ Ocorrencia:TThServidorProcessaRecebe.Execute EIdConnClosedGracefully/Connection Closed Gracefully.] - [ TMensagem:]
[ Nivel: 1 ] [ Data:19/01/2024] - [ Hora:17:31:41] - [ Linha:120920222118] - [ Modulo_ID:0]- [ TagComando:] - [ Programa:mcom_lib] - [ Unit:comunicador] - [ VersaoMensagem:1] - [ Versao:1.0.0] -  [ CodigoErro:1]  - [ Ocorrencia:TThServidorProcessaRecebe.Execute EIdSocketError/Socket Error # 10054
Connection reset by peer.] - [ TMensagem:]
[ Nivel: 1 ] [ Data:19/01/2024] - [ Hora:17:31:41] - [ Linha:120920222118] - [ Modulo_ID:0]- [ TagComando:] - [ Programa:mcom_lib] - [ Unit:comunicador] - [ VersaoMensagem:1] - [ Versao:1.0.0] -  [ CodigoErro:1]  - [ Ocorrencia:TThServidorProcessaRecebe.Execute EIdSocketError/Socket Error # 10054
Connection reset by peer.] - [ TMensagem:]
[ Nivel: 1 ] [ Data:22/01/2024] - [ Hora:08:39:06] - [ Linha:120920222118] - [ Modulo_ID:0]- [ TagComando:] - [ Programa:mcom_lib] - [ Unit:comunicador] - [ VersaoMensagem:1] - [ Versao:1.0.0] -  [ CodigoErro:1]  - [ Ocorrencia:TThServidorProcessaRecebe.Execute EIdSocketError/Socket Error # 10054
Connection reset by peer.] - [ TMensagem:]
[ Nivel: 1 ] [ Data:22/01/2024] - [ Hora:08:39:06] - [ Linha:120920222118] - [ Modulo_ID:0]- [ TagComando:] - [ Programa:mcom_lib] - [ Unit:comunicador] - [ VersaoMensagem:1] - [ Versao:1.0.0] -  [ CodigoErro:1]  - [ Ocorrencia:TThServidorProcessaRecebe.Execute EIdSocketError/Socket Error # 10054
Connection reset by peer.] - [ TMensagem:]
[ Nivel: 1 ] [ Data:22/01/2024] - [ Hora:08:41:16] - [ Linha:120920222118] - [ Modulo_ID:0]- [ TagComando:] - [ Programa:mcom_lib] - [ Unit:comunicador] - [ VersaoMensagem:1] - [ Versao:1.0.0] -  [ CodigoErro:1]  - [ Ocorrencia:TThServidorProcessaRecebe.Execute EIdSocketError/Socket Error # 10054
Connection reset by peer.] - [ TMensagem:]
[ Nivel: 1 ] [ Data:22/01/2024] - [ Hora:08:41:16] - [ Linha:120920222118] - [ Modulo_ID:0]- [ TagComando:] - [ Programa:mcom_lib] - [ Unit:comunicador] - [ VersaoMensagem:1] - [ Versao:1.0.0] -  [ CodigoErro:1]  - [ Ocorrencia:TThServidorProcessaRecebe.Execute EIdSocketError/Socket Error # 10054
Connection reset by peer.] - [ TMensagem:]
[ Nivel: 1 ] [ Data:22/01/2024] - [ Hora:08:59:04] - [ Linha:120920222118] - [ Modulo_ID:0]- [ TagComando:] - [ Programa:mcom_lib] - [ Unit:comunicador] - [ VersaoMensagem:1] - [ Versao:1.0.0] -  [ CodigoErro:1]  - [ Ocorrencia:TThServidorProcessaRecebe.Execute EIdSocketError/Socket Error # 10054
Connection reset by peer.] - [ TMensagem:]
[ Nivel: 1 ] [ Data:22/01/2024] - [ Hora:08:59:04] - [ Linha:120920222118] - [ Modulo_ID:0]- [ TagComando:] - [ Programa:mcom_lib] - [ Unit:comunicador] - [ VersaoMensagem:1] - [ Versao:1.0.0] -  [ CodigoErro:1]  - [ Ocorrencia:TThServidorProcessaRecebe.Execute EIdSocketError/Socket Error # 10054
Connection reset by peer.] - [ TMensagem:]
