[ Data:27/05/2022] - [ Hora:12:23:12] - [ Linha:210520222110Servico] - [ Modulo_ID:0]- [ TagComando:] - [ Programa:opentef] - [ Unit:opentef] - [ VersaoMensage:1] - [ Versao:1.0.0] -  [ CodigoErro:0]  - [ Ocorrencia:000023400CF11R004D110007D10007B116] - [ TMensagem:]
[ Data:27/05/2022] - [ Hora:12:23:12] - [ Linha:210520222110Servico] - [ Modulo_ID:0]- [ TagComando:] - [ Programa:opentef] - [ Unit:opentef] - [ VersaoMensage:1] - [ Versao:1.0.0] -  [ CodigoErro:0]  - [ Ocorrencia:000024000CD11R004D11000CE16629867007B116] - [ TMensagem:]
[ Data:27/05/2022] - [ Hora:12:23:12] - [ Linha:210520222110Servico] - [ Modulo_ID:0]- [ TagComando:] - [ Programa:opentef] - [ Unit:opentef] - [ VersaoMensage:1] - [ Versao:1.0.0] -  [ CodigoErro:0]  - [ Ocorrencia:000028900D411R004D110007D2540000254001811R00D3213Cancela VendaFFD3213Cancela Plano007B116] - [ TMensagem:]
[ Data:27/05/2022] - [ Hora:14:40:48] - [ Linha:210520222110Servico] - [ Modulo_ID:0]- [ TagComando:] - [ Programa:opentef] - [ Unit:opentef] - [ VersaoMensage:1] - [ Versao:1.0.0] -  [ CodigoErro:0]  - [ Ocorrencia:000023400CF11R004D110007D10007B116] - [ TMensagem:]
[ Data:27/05/2022] - [ Hora:14:40:48] - [ Linha:210520222110Servico] - [ Modulo_ID:0]- [ TagComando:] - [ Programa:opentef] - [ Unit:opentef] - [ VersaoMensage:1] - [ Versao:1.0.0] -  [ CodigoErro:0]  - [ Ocorrencia:000028900D411R004D110007D2540000254001811R00D3213Cancela VendaFFD3213Cancela Plano007B116] - [ TMensagem:]
[ Data:27/05/2022] - [ Hora:14:40:48] - [ Linha:210520222110Servico] - [ Modulo_ID:0]- [ TagComando:] - [ Programa:opentef] - [ Unit:opentef] - [ VersaoMensage:1] - [ Versao:1.0.0] -  [ CodigoErro:0]  - [ Ocorrencia:000024000CD11R004D11000CE16629867007B116] - [ TMensagem:]
[ Data:27/05/2022] - [ Hora:17:08:27] - [ Linha:210520222110Servico] - [ Modulo_ID:0]- [ TagComando:] - [ Programa:opentef] - [ Unit:opentef] - [ VersaoMensage:1] - [ Versao:1.0.0] -  [ CodigoErro:0]  - [ Ocorrencia:000023400CF11R004D110007D10007B116] - [ TMensagem:]
[ Data:27/05/2022] - [ Hora:17:08:27] - [ Linha:210520222110Servico] - [ Modulo_ID:0]- [ TagComando:] - [ Programa:opentef] - [ Unit:opentef] - [ VersaoMensage:1] - [ Versao:1.0.0] -  [ CodigoErro:0]  - [ Ocorrencia:000028900D411R004D110007D2540000254001811R00D3213Cancela VendaFFD3213Cancela Plano007B116] - [ TMensagem:]
[ Data:27/05/2022] - [ Hora:17:08:27] - [ Linha:210520222110Servico] - [ Modulo_ID:0]- [ TagComando:] - [ Programa:opentef] - [ Unit:opentef] - [ VersaoMensage:1] - [ Versao:1.0.0] -  [ CodigoErro:0]  - [ Ocorrencia:000024000CD11R004D11000CE16629867007B116] - [ TMensagem:]
[ Data:27/05/2022] - [ Hora:17:26:23] - [ Linha:210520222110Servico] - [ Modulo_ID:0]- [ TagComando:] - [ Programa:opentef] - [ Unit:opentef] - [ VersaoMensage:1] - [ Versao:1.0.0] -  [ CodigoErro:0]  - [ Ocorrencia:000023400CF11R004D110007D10007B116] - [ TMensagem:]
[ Data:27/05/2022] - [ Hora:17:26:23] - [ Linha:210520222110Servico] - [ Modulo_ID:0]- [ TagComando:] - [ Programa:opentef] - [ Unit:opentef] - [ VersaoMensage:1] - [ Versao:1.0.0] -  [ CodigoErro:0]  - [ Ocorrencia:000028900D411R004D110007D2540000254001811R00D3213Cancela VendaFFD3213Cancela Plano007B116] - [ TMensagem:]
[ Data:27/05/2022] - [ Hora:17:26:23] - [ Linha:210520222110Servico] - [ Modulo_ID:0]- [ TagComando:] - [ Programa:opentef] - [ Unit:opentef] - [ VersaoMensage:1] - [ Versao:1.0.0] -  [ CodigoErro:0]  - [ Ocorrencia:000024000CD11R004D11000CE16629867007B116] - [ TMensagem:]
[ Data:28/05/2022] - [ Hora:10:23:53] - [ Linha:210520222110Servico] - [ Modulo_ID:0]- [ TagComando:] - [ Programa:opentef] - [ Unit:opentef] - [ VersaoMensage:1] - [ Versao:1.0.0] -  [ CodigoErro:0]  - [ Ocorrencia:000024000CD11R004D11000CE16629867007B116] - [ TMensagem:]
[ Data:28/05/2022] - [ Hora:10:23:53] - [ Linha:210520222110Servico] - [ Modulo_ID:0]- [ TagComando:] - [ Programa:opentef] - [ Unit:opentef] - [ VersaoMensage:1] - [ Versao:1.0.0] -  [ CodigoErro:0]  - [ Ocorrencia:000023400CF11R004D110007D10007B116] - [ TMensagem:]
[ Data:28/05/2022] - [ Hora:10:23:53] - [ Linha:210520222110Servico] - [ Modulo_ID:0]- [ TagComando:] - [ Programa:opentef] - [ Unit:opentef] - [ VersaoMensage:1] - [ Versao:1.0.0] -  [ CodigoErro:0]  - [ Ocorrencia:000028900D411R004D110007D2540000254001811R00D3213Cancela VendaFFD3213Cancela Plano007B116] - [ TMensagem:]
[ Data:28/05/2022] - [ Hora:10:55:25] - [ Linha:210520222110Servico] - [ Modulo_ID:0]- [ TagComando:] - [ Programa:opentef] - [ Unit:opentef] - [ VersaoMensage:1] - [ Versao:1.0.0] -  [ CodigoErro:0]  - [ Ocorrencia:000023400CF11R004D110007D10007B116] - [ TMensagem:]
[ Data:28/05/2022] - [ Hora:10:55:25] - [ Linha:210520222110Servico] - [ Modulo_ID:0]- [ TagComando:] - [ Programa:opentef] - [ Unit:opentef] - [ VersaoMensage:1] - [ Versao:1.0.0] -  [ CodigoErro:0]  - [ Ocorrencia:000028900D411R004D110007D2540000254001811R00D3213Cancela VendaFFD3213Cancela Plano007B116] - [ TMensagem:]
[ Data:28/05/2022] - [ Hora:10:55:25] - [ Linha:210520222110Servico] - [ Modulo_ID:0]- [ TagComando:] - [ Programa:opentef] - [ Unit:opentef] - [ VersaoMensage:1] - [ Versao:1.0.0] -  [ CodigoErro:0]  - [ Ocorrencia:000024000CD11R004D11000CE16629867007B116] - [ TMensagem:]
[ Data:28/05/2022] - [ Hora:11:03:04] - [ Linha:210520222110Servico] - [ Modulo_ID:0]- [ TagComando:] - [ Programa:opentef] - [ Unit:opentef] - [ VersaoMensage:1] - [ Versao:1.0.0] -  [ CodigoErro:0]  - [ Ocorrencia:000023400CF11R004D110007D10007B116] - [ TMensagem:]
[ Data:28/05/2022] - [ Hora:11:03:04] - [ Linha:210520222110Servico] - [ Modulo_ID:0]- [ TagComando:] - [ Programa:opentef] - [ Unit:opentef] - [ VersaoMensage:1] - [ Versao:1.0.0] -  [ CodigoErro:0]  - [ Ocorrencia:000024000CD11R004D11000CE16629867007B116] - [ TMensagem:]
[ Data:28/05/2022] - [ Hora:11:03:04] - [ Linha:210520222110Servico] - [ Modulo_ID:0]- [ TagComando:] - [ Programa:opentef] - [ Unit:opentef] - [ VersaoMensage:1] - [ Versao:1.0.0] -  [ CodigoErro:0]  - [ Ocorrencia:000028900D411R004D110007D2540000254001811R00D3213Cancela VendaFFD3213Cancela Plano007B116] - [ TMensagem:]
[ Data:28/05/2022] - [ Hora:11:04:54] - [ Linha:210520222110caixa] - [ Modulo_ID:0]- [ TagComando:] - [ Programa:opentef] - [ Unit:opentef] - [ VersaoMensage:1] - [ Versao:1.0.0] -  [ CodigoErro:67]  - [ Ocorrencia:] - [ TMensagem:]
[ Data:28/05/2022] - [ Hora:16:42:19] - [ Linha:210520222110Servico] - [ Modulo_ID:0]- [ TagComando:] - [ Programa:opentef] - [ Unit:opentef] - [ VersaoMensage:1] - [ Versao:1.0.0] -  [ CodigoErro:0]  - [ Ocorrencia:000028900D411R004D110007D2540000254001811R00D3213Cancela VendaFFD3213Cancela Plano007B116] - [ TMensagem:]
[ Data:28/05/2022] - [ Hora:16:42:28] - [ Linha:210520222110Servico] - [ Modulo_ID:0]- [ TagComando:] - [ Programa:opentef] - [ Unit:opentef] - [ VersaoMensage:1] - [ Versao:1.0.0] -  [ CodigoErro:0]  - [ Ocorrencia:000023400CF11R004D110007D10007B116] - [ TMensagem:]
[ Data:28/05/2022] - [ Hora:16:42:29] - [ Linha:210520222110Servico] - [ Modulo_ID:0]- [ TagComando:] - [ Programa:opentef] - [ Unit:opentef] - [ VersaoMensage:1] - [ Versao:1.0.0] -  [ CodigoErro:0]  - [ Ocorrencia:000024000CD11R004D11000CE16629867007B116] - [ TMensagem:]
[ Data:28/05/2022] - [ Hora:16:45:06] - [ Linha:210520222110caixa] - [ Modulo_ID:0]- [ TagComando:] - [ Programa:opentef] - [ Unit:opentef] - [ VersaoMensage:1] - [ Versao:1.0.0] -  [ CodigoErro:67]  - [ Ocorrencia:] - [ TMensagem:]
[ Data:28/05/2022] - [ Hora:16:45:08] - [ Linha:210520222110caixa] - [ Modulo_ID:0]- [ TagComando:] - [ Programa:opentef] - [ Unit:opentef] - [ VersaoMensage:1] - [ Versao:1.0.0] -  [ CodigoErro:0]  - [ Ocorrencia:000028200D411R004D110007D2540000254001811R00D3213Cancela VendaFFD3213Cancela Plano] - [ TMensagem:]
[ Data:28/05/2022] - [ Hora:16:47:43] - [ Linha:210520222110caixa] - [ Modulo_ID:0]- [ TagComando:] - [ Programa:opentef] - [ Unit:opentef] - [ VersaoMensage:1] - [ Versao:1.0.0] -  [ CodigoErro:0]  - [ Ocorrencia:000028900D411R004D110007D2540000254001811R00D3213Cancela VendaFFD3213Cancela Plano007B116] - [ TMensagem:]
[ Data:28/05/2022] - [ Hora:16:48:49] - [ Linha:210520222110caixa] - [ Modulo_ID:0]- [ TagComando:] - [ Programa:opentef] - [ Unit:opentef] - [ VersaoMensage:1] - [ Versao:1.0.0] -  [ CodigoErro:0]  - [ Ocorrencia:000028900D411R004D110007D2540000254001811R00D3213Cancela VendaFFD3213Cancela Plano007B116] - [ TMensagem:]
[ Data:28/05/2022] - [ Hora:16:50:46] - [ Linha:210520222110Servico] - [ Modulo_ID:0]- [ TagComando:] - [ Programa:opentef] - [ Unit:opentef] - [ VersaoMensage:1] - [ Versao:1.0.0] -  [ CodigoErro:0]  - [ Ocorrencia:000028900D411R004D110007D2540000254001811R00D3213Cancela VendaFFD3213Cancela Plano007B116] - [ TMensagem:]
[ Data:28/05/2022] - [ Hora:16:50:50] - [ Linha:210520222110Servico] - [ Modulo_ID:0]- [ TagComando:] - [ Programa:opentef] - [ Unit:opentef] - [ VersaoMensage:1] - [ Versao:1.0.0] -  [ CodigoErro:0]  - [ Ocorrencia:000023400CF11R004D110007D10007B116] - [ TMensagem:]
[ Data:28/05/2022] - [ Hora:16:50:52] - [ Linha:210520222110Servico] - [ Modulo_ID:0]- [ TagComando:] - [ Programa:opentef] - [ Unit:opentef] - [ VersaoMensage:1] - [ Versao:1.0.0] -  [ CodigoErro:0]  - [ Ocorrencia:000024000CD11R004D11000CE16629867007B116] - [ TMensagem:]
[ Data:28/05/2022] - [ Hora:16:51:55] - [ Linha:210520222110Servico] - [ Modulo_ID:0]- [ TagComando:] - [ Programa:opentef] - [ Unit:opentef] - [ VersaoMensage:1] - [ Versao:1.0.0] -  [ CodigoErro:0]  - [ Ocorrencia:000023400CF11R004D110007D10007B116] - [ TMensagem:]
[ Data:28/05/2022] - [ Hora:16:51:56] - [ Linha:210520222110Servico] - [ Modulo_ID:0]- [ TagComando:] - [ Programa:opentef] - [ Unit:opentef] - [ VersaoMensage:1] - [ Versao:1.0.0] -  [ CodigoErro:0]  - [ Ocorrencia:000024000CD11R004D11000CE16629867007B116] - [ TMensagem:]
[ Data:28/05/2022] - [ Hora:16:51:59] - [ Linha:210520222110Servico] - [ Modulo_ID:0]- [ TagComando:] - [ Programa:opentef] - [ Unit:opentef] - [ VersaoMensage:1] - [ Versao:1.0.0] -  [ CodigoErro:0]  - [ Ocorrencia:000028900D411R004D110007D2540000254001811R00D3213Cancela VendaFFD3213Cancela Plano007B116] - [ TMensagem:]
[ Data:28/05/2022] - [ Hora:16:52:55] - [ Linha:210520222110caixa] - [ Modulo_ID:0]- [ TagComando:] - [ Programa:opentef] - [ Unit:opentef] - [ VersaoMensage:1] - [ Versao:1.0.0] -  [ CodigoErro:0]  - [ Ocorrencia:000028900D411R004D110007D2540000254001811R00D3213Cancela VendaFFD3213Cancela Plano007B116] - [ TMensagem:]
[ Data:28/05/2022] - [ Hora:17:23:27] - [ Linha:210520222110Servico] - [ Modulo_ID:0]- [ TagComando:] - [ Programa:opentef] - [ Unit:opentef] - [ VersaoMensage:1] - [ Versao:1.0.0] -  [ CodigoErro:0]  - [ Ocorrencia:000028900D411R004D110007D2540000254001811R00D3213Cancela VendaFFD3213Cancela Plano007B116] - [ TMensagem:]
[ Data:28/05/2022] - [ Hora:17:23:27] - [ Linha:210520222110Servico] - [ Modulo_ID:0]- [ TagComando:] - [ Programa:opentef] - [ Unit:opentef] - [ VersaoMensage:1] - [ Versao:1.0.0] -  [ CodigoErro:0]  - [ Ocorrencia:000023400CF11R004D110007D10007B116] - [ TMensagem:]
[ Data:28/05/2022] - [ Hora:17:23:27] - [ Linha:210520222110Servico] - [ Modulo_ID:0]- [ TagComando:] - [ Programa:opentef] - [ Unit:opentef] - [ VersaoMensage:1] - [ Versao:1.0.0] -  [ CodigoErro:0]  - [ Ocorrencia:000024000CD11R004D11000CE16629867007B116] - [ TMensagem:]
[ Data:28/05/2022] - [ Hora:17:28:45] - [ Linha:210520222110caixa] - [ Modulo_ID:0]- [ TagComando:] - [ Programa:opentef] - [ Unit:opentef] - [ VersaoMensage:1] - [ Versao:1.0.0] -  [ CodigoErro:67]  - [ Ocorrencia:] - [ TMensagem:]
[ Data:28/05/2022] - [ Hora:17:28:50] - [ Linha:210520222110caixa] - [ Modulo_ID:0]- [ TagComando:] - [ Programa:opentef] - [ Unit:opentef] - [ VersaoMensage:1] - [ Versao:1.0.0] -  [ CodigoErro:0]  - [ Ocorrencia:000028200D411R004D110007D2540000254001811R00D3213Cancela VendaFFD3213Cancela Plano] - [ TMensagem:]
[ Data:28/05/2022] - [ Hora:17:30:44] - [ Linha:210520222110Servico] - [ Modulo_ID:0]- [ TagComando:] - [ Programa:opentef] - [ Unit:opentef] - [ VersaoMensage:1] - [ Versao:1.0.0] -  [ CodigoErro:0]  - [ Ocorrencia:000023400CF11R004D110007D10007B116] - [ TMensagem:]
[ Data:28/05/2022] - [ Hora:17:30:45] - [ Linha:210520222110Servico] - [ Modulo_ID:0]- [ TagComando:] - [ Programa:opentef] - [ Unit:opentef] - [ VersaoMensage:1] - [ Versao:1.0.0] -  [ CodigoErro:0]  - [ Ocorrencia:000028900D411R004D110007D2540000254001811R00D3213Cancela VendaFFD3213Cancela Plano007B116] - [ TMensagem:]
[ Data:28/05/2022] - [ Hora:17:30:45] - [ Linha:210520222110Servico] - [ Modulo_ID:0]- [ TagComando:] - [ Programa:opentef] - [ Unit:opentef] - [ VersaoMensage:1] - [ Versao:1.0.0] -  [ CodigoErro:0]  - [ Ocorrencia:000024000CD11R004D11000CE16629867007B116] - [ TMensagem:]
[ Data:28/05/2022] - [ Hora:17:31:27] - [ Linha:210520222110caixa] - [ Modulo_ID:0]- [ TagComando:] - [ Programa:opentef] - [ Unit:opentef] - [ VersaoMensage:1] - [ Versao:1.0.0] -  [ CodigoErro:0]  - [ Ocorrencia:0000261001811S00D3213Cancela VendaFFD3213Cancela Plano007B116] - [ TMensagem:]
[ Data:28/05/2022] - [ Hora:18:11:55] - [ Linha:210520222110Servico] - [ Modulo_ID:0]- [ TagComando:] - [ Programa:opentef] - [ Unit:opentef] - [ VersaoMensage:1] - [ Versao:1.0.0] -  [ CodigoErro:0]  - [ Ocorrencia:000023400CF11R004D110007D10007B116] - [ TMensagem:]
[ Data:28/05/2022] - [ Hora:18:11:58] - [ Linha:210520222110Servico] - [ Modulo_ID:0]- [ TagComando:] - [ Programa:opentef] - [ Unit:opentef] - [ VersaoMensage:1] - [ Versao:1.0.0] -  [ CodigoErro:0]  - [ Ocorrencia:000024000CD11R004D11000CE16629867007B116] - [ TMensagem:]
[ Data:28/05/2022] - [ Hora:18:11:58] - [ Linha:210520222110Servico] - [ Modulo_ID:0]- [ TagComando:] - [ Programa:opentef] - [ Unit:opentef] - [ VersaoMensage:1] - [ Versao:1.0.0] -  [ CodigoErro:0]  - [ Ocorrencia:000028900D411R004D110007D2540000254001811R00D3213Cancela VendaFFD3213Cancela Plano007B116] - [ TMensagem:]
[ Data:28/05/2022] - [ Hora:18:12:56] - [ Linha:210520222110Servico] - [ Modulo_ID:0]- [ TagComando:] - [ Programa:opentef] - [ Unit:opentef] - [ VersaoMensage:1] - [ Versao:1.0.0] -  [ CodigoErro:67]  - [ Ocorrencia:] - [ TMensagem:]
[ Data:28/05/2022] - [ Hora:18:12:59] - [ Linha:210520222110Servico] - [ Modulo_ID:0]- [ TagComando:] - [ Programa:opentef] - [ Unit:opentef] - [ VersaoMensage:1] - [ Versao:1.0.0] -  [ CodigoErro:67]  - [ Ocorrencia:] - [ TMensagem:]
[ Data:28/05/2022] - [ Hora:18:12:59] - [ Linha:210520222110Servico] - [ Modulo_ID:0]- [ TagComando:] - [ Programa:opentef] - [ Unit:opentef] - [ VersaoMensage:1] - [ Versao:1.0.0] -  [ CodigoErro:67]  - [ Ocorrencia:] - [ TMensagem:]
[ Data:28/05/2022] - [ Hora:18:13:51] - [ Linha:210520222110Servico] - [ Modulo_ID:0]- [ TagComando:] - [ Programa:opentef] - [ Unit:opentef] - [ VersaoMensage:1] - [ Versao:1.0.0] -  [ CodigoErro:0]  - [ Ocorrencia:000023400CF11R004D110007D10007B116] - [ TMensagem:]
[ Data:28/05/2022] - [ Hora:18:13:51] - [ Linha:210520222110Servico] - [ Modulo_ID:0]- [ TagComando:] - [ Programa:opentef] - [ Unit:opentef] - [ VersaoMensage:1] - [ Versao:1.0.0] -  [ CodigoErro:0]  - [ Ocorrencia:000028900D411R004D110007D2540000254001811R00D3213Cancela VendaFFD3213Cancela Plano007B116] - [ TMensagem:]
[ Data:28/05/2022] - [ Hora:18:13:52] - [ Linha:210520222110Servico] - [ Modulo_ID:0]- [ TagComando:] - [ Programa:opentef] - [ Unit:opentef] - [ VersaoMensage:1] - [ Versao:1.0.0] -  [ CodigoErro:0]  - [ Ocorrencia:000024000CD11R004D11000CE16629867007B116] - [ TMensagem:]
[ Data:28/05/2022] - [ Hora:18:14:52] - [ Linha:210520222110Servico] - [ Modulo_ID:0]- [ TagComando:] - [ Programa:opentef] - [ Unit:opentef] - [ VersaoMensage:1] - [ Versao:1.0.0] -  [ CodigoErro:67]  - [ Ocorrencia:] - [ TMensagem:]
[ Data:28/05/2022] - [ Hora:18:14:52] - [ Linha:210520222110Servico] - [ Modulo_ID:0]- [ TagComando:] - [ Programa:opentef] - [ Unit:opentef] - [ VersaoMensage:1] - [ Versao:1.0.0] -  [ CodigoErro:67]  - [ Ocorrencia:] - [ TMensagem:]
[ Data:28/05/2022] - [ Hora:18:14:52] - [ Linha:210520222110Servico] - [ Modulo_ID:0]- [ TagComando:] - [ Programa:opentef] - [ Unit:opentef] - [ VersaoMensage:1] - [ Versao:1.0.0] -  [ CodigoErro:67]  - [ Ocorrencia:] - [ TMensagem:]
[ Data:28/05/2022] - [ Hora:18:16:43] - [ Linha:210520222110Servico] - [ Modulo_ID:0]- [ TagComando:] - [ Programa:opentef] - [ Unit:opentef] - [ VersaoMensage:1] - [ Versao:1.0.0] -  [ CodigoErro:0]  - [ Ocorrencia:000023400CF11R004D110007D10007B116] - [ TMensagem:]
[ Data:28/05/2022] - [ Hora:18:16:43] - [ Linha:210520222110Servico] - [ Modulo_ID:0]- [ TagComando:] - [ Programa:opentef] - [ Unit:opentef] - [ VersaoMensage:1] - [ Versao:1.0.0] -  [ CodigoErro:0]  - [ Ocorrencia:000024000CD11R004D11000CE16629867007B116] - [ TMensagem:]
[ Data:28/05/2022] - [ Hora:18:16:43] - [ Linha:210520222110Servico] - [ Modulo_ID:0]- [ TagComando:] - [ Programa:opentef] - [ Unit:opentef] - [ VersaoMensage:1] - [ Versao:1.0.0] -  [ CodigoErro:0]  - [ Ocorrencia:000028900D411R004D110007D2540000254001811R00D3213Cancela VendaFFD3213Cancela Plano007B116] - [ TMensagem:]
[ Data:28/05/2022] - [ Hora:18:28:37] - [ Linha:210520222110Servico] - [ Modulo_ID:0]- [ TagComando:] - [ Programa:opentef] - [ Unit:opentef] - [ VersaoMensage:1] - [ Versao:1.0.0] -  [ CodigoErro:0]  - [ Ocorrencia:000022700CF11R004D110007D10] - [ TMensagem:]
[ Data:28/05/2022] - [ Hora:18:28:37] - [ Linha:210520222110Servico] - [ Modulo_ID:0]- [ TagComando:] - [ Programa:opentef] - [ Unit:opentef] - [ VersaoMensage:1] - [ Versao:1.0.0] -  [ CodigoErro:0]  - [ Ocorrencia:000028200D411R004D110007D2540000254001811R00D3213Cancela VendaFFD3213Cancela Plano] - [ TMensagem:]
[ Data:28/05/2022] - [ Hora:18:28:37] - [ Linha:210520222110Servico] - [ Modulo_ID:0]- [ TagComando:] - [ Programa:opentef] - [ Unit:opentef] - [ VersaoMensage:1] - [ Versao:1.0.0] -  [ CodigoErro:0]  - [ Ocorrencia:000023300CD11R004D11000CE16629867] - [ TMensagem:]
[ Data:28/05/2022] - [ Hora:18:39:23] - [ Linha:210520222110Servico] - [ Modulo_ID:0]- [ TagComando:] - [ Programa:opentef] - [ Unit:opentef] - [ VersaoMensage:1] - [ Versao:1.0.0] -  [ CodigoErro:0]  - [ Ocorrencia:000022700CF11R004D110007D10] - [ TMensagem:]
[ Data:28/05/2022] - [ Hora:18:39:23] - [ Linha:210520222110Servico] - [ Modulo_ID:0]- [ TagComando:] - [ Programa:opentef] - [ Unit:opentef] - [ VersaoMensage:1] - [ Versao:1.0.0] -  [ CodigoErro:0]  - [ Ocorrencia:000028200D411R004D110007D2540000254001811R00D3213Cancela VendaFFD3213Cancela Plano] - [ TMensagem:]
[ Data:28/05/2022] - [ Hora:18:39:23] - [ Linha:210520222110Servico] - [ Modulo_ID:0]- [ TagComando:] - [ Programa:opentef] - [ Unit:opentef] - [ VersaoMensage:1] - [ Versao:1.0.0] -  [ CodigoErro:0]  - [ Ocorrencia:000023300CD11R004D11000CE16629867] - [ TMensagem:]
[ Data:28/05/2022] - [ Hora:19:09:26] - [ Linha:210520222110Servico] - [ Modulo_ID:0]- [ TagComando:] - [ Programa:opentef] - [ Unit:opentef] - [ VersaoMensage:1] - [ Versao:1.0.0] -  [ CodigoErro:69]  - [ Ocorrencia:] - [ TMensagem:]
[ Data:28/05/2022] - [ Hora:19:09:26] - [ Linha:210520222110Servico] - [ Modulo_ID:0]- [ TagComando:] - [ Programa:opentef] - [ Unit:opentef] - [ VersaoMensage:1] - [ Versao:1.0.0] -  [ CodigoErro:69]  - [ Ocorrencia:] - [ TMensagem:]
[ Data:28/05/2022] - [ Hora:19:09:26] - [ Linha:210520222110Servico] - [ Modulo_ID:0]- [ TagComando:] - [ Programa:opentef] - [ Unit:opentef] - [ VersaoMensage:1] - [ Versao:1.0.0] -  [ CodigoErro:69]  - [ Ocorrencia:] - [ TMensagem:]
[ Data:28/05/2022] - [ Hora:19:10:30] - [ Linha:210520222110Servico] - [ Modulo_ID:0]- [ TagComando:] - [ Programa:opentef] - [ Unit:opentef] - [ VersaoMensage:1] - [ Versao:1.0.0] -  [ CodigoErro:67]  - [ Ocorrencia:] - [ TMensagem:]
[ Data:28/05/2022] - [ Hora:19:10:30] - [ Linha:210520222110Servico] - [ Modulo_ID:0]- [ TagComando:] - [ Programa:opentef] - [ Unit:opentef] - [ VersaoMensage:1] - [ Versao:1.0.0] -  [ CodigoErro:67]  - [ Ocorrencia:] - [ TMensagem:]
[ Data:28/05/2022] - [ Hora:19:10:30] - [ Linha:210520222110Servico] - [ Modulo_ID:0]- [ TagComando:] - [ Programa:opentef] - [ Unit:opentef] - [ VersaoMensage:1] - [ Versao:1.0.0] -  [ CodigoErro:67]  - [ Ocorrencia:] - [ TMensagem:]
[ Data:28/05/2022] - [ Hora:19:11:13] - [ Linha:210520222110Servico] - [ Modulo_ID:0]- [ TagComando:] - [ Programa:opentef] - [ Unit:opentef] - [ VersaoMensage:1] - [ Versao:1.0.0] -  [ CodigoErro:0]  - [ Ocorrencia:000022700CF11R004D110007D10] - [ TMensagem:]
[ Data:28/05/2022] - [ Hora:19:11:13] - [ Linha:210520222110Servico] - [ Modulo_ID:0]- [ TagComando:] - [ Programa:opentef] - [ Unit:opentef] - [ VersaoMensage:1] - [ Versao:1.0.0] -  [ CodigoErro:0]  - [ Ocorrencia:000028200D411R004D110007D2540000254001811R00D3213Cancela VendaFFD3213Cancela Plano] - [ TMensagem:]
[ Data:28/05/2022] - [ Hora:19:11:13] - [ Linha:210520222110Servico] - [ Modulo_ID:0]- [ TagComando:] - [ Programa:opentef] - [ Unit:opentef] - [ VersaoMensage:1] - [ Versao:1.0.0] -  [ CodigoErro:0]  - [ Ocorrencia:000023300CD11R004D11000CE16629867] - [ TMensagem:]
[ Data:28/05/2022] - [ Hora:19:11:29] - [ Linha:210520222110Servico] - [ Modulo_ID:0]- [ TagComando:] - [ Programa:opentef] - [ Unit:opentef] - [ VersaoMensage:1] - [ Versao:1.0.0] -  [ CodigoErro:0]  - [ Ocorrencia:0000254001811S00D3213Cancela VendaFFD3213Cancela Plano] - [ TMensagem:]
[ Data:28/05/2022] - [ Hora:19:11:29] - [ Linha:210520222110Servico] - [ Modulo_ID:0]- [ TagComando:] - [ Programa:opentef] - [ Unit:opentef] - [ VersaoMensage:1] - [ Versao:1.0.0] -  [ CodigoErro:0]  - [ Ocorrencia:0000254001811S00D3213Cancela VendaFFD3213Cancela Plano] - [ TMensagem:]
[ Data:28/05/2022] - [ Hora:19:11:29] - [ Linha:210520222110Servico] - [ Modulo_ID:0]- [ TagComando:] - [ Programa:opentef] - [ Unit:opentef] - [ VersaoMensage:1] - [ Versao:1.0.0] -  [ CodigoErro:0]  - [ Ocorrencia:0000254001811S00D3213Cancela VendaFFD3213Cancela Plano] - [ TMensagem:]
[ Data:28/05/2022] - [ Hora:19:11:29] - [ Linha:210520222110Servico] - [ Modulo_ID:0]- [ TagComando:] - [ Programa:opentef] - [ Unit:opentef] - [ VersaoMensage:1] - [ Versao:1.0.0] -  [ CodigoErro:0]  - [ Ocorrencia:0000254001811S00D3213Cancela VendaFFD3213Cancela Plano] - [ TMensagem:]
[ Data:28/05/2022] - [ Hora:19:11:29] - [ Linha:210520222110Servico] - [ Modulo_ID:0]- [ TagComando:] - [ Programa:opentef] - [ Unit:opentef] - [ VersaoMensage:1] - [ Versao:1.0.0] -  [ CodigoErro:0]  - [ Ocorrencia:0000254001811S00D3213Cancela VendaFFD3213Cancela Plano] - [ TMensagem:]
[ Data:28/05/2022] - [ Hora:19:11:30] - [ Linha:210520222110Servico] - [ Modulo_ID:0]- [ TagComando:] - [ Programa:opentef] - [ Unit:opentef] - [ VersaoMensage:1] - [ Versao:1.0.0] -  [ CodigoErro:0]  - [ Ocorrencia:0000254001811S00D3213Cancela VendaFFD3213Cancela Plano] - [ TMensagem:]
[ Data:28/05/2022] - [ Hora:19:11:30] - [ Linha:210520222110Servico] - [ Modulo_ID:0]- [ TagComando:] - [ Programa:opentef] - [ Unit:opentef] - [ VersaoMensage:1] - [ Versao:1.0.0] -  [ CodigoErro:0]  - [ Ocorrencia:0000254001811S00D3213Cancela VendaFFD3213Cancela Plano] - [ TMensagem:]
[ Data:28/05/2022] - [ Hora:19:11:30] - [ Linha:210520222110Servico] - [ Modulo_ID:0]- [ TagComando:] - [ Programa:opentef] - [ Unit:opentef] - [ VersaoMensage:1] - [ Versao:1.0.0] -  [ CodigoErro:0]  - [ Ocorrencia:0000254001811S00D3213Cancela VendaFFD3213Cancela Plano] - [ TMensagem:]
[ Data:28/05/2022] - [ Hora:19:11:30] - [ Linha:210520222110Servico] - [ Modulo_ID:0]- [ TagComando:] - [ Programa:opentef] - [ Unit:opentef] - [ VersaoMensage:1] - [ Versao:1.0.0] -  [ CodigoErro:0]  - [ Ocorrencia:0000254001811S00D3213Cancela VendaFFD3213Cancela Plano] - [ TMensagem:]
[ Data:28/05/2022] - [ Hora:19:11:30] - [ Linha:210520222110Servico] - [ Modulo_ID:0]- [ TagComando:] - [ Programa:opentef] - [ Unit:opentef] - [ VersaoMensage:1] - [ Versao:1.0.0] -  [ CodigoErro:0]  - [ Ocorrencia:0000254001811S00D3213Cancela VendaFFD3213Cancela Plano] - [ TMensagem:]
[ Data:28/05/2022] - [ Hora:19:11:30] - [ Linha:210520222110Servico] - [ Modulo_ID:0]- [ TagComando:] - [ Programa:opentef] - [ Unit:opentef] - [ VersaoMensage:1] - [ Versao:1.0.0] -  [ CodigoErro:0]  - [ Ocorrencia:0000254001811S00D3213Cancela VendaFFD3213Cancela Plano] - [ TMensagem:]
[ Data:28/05/2022] - [ Hora:19:11:31] - [ Linha:210520222110Servico] - [ Modulo_ID:0]- [ TagComando:] - [ Programa:opentef] - [ Unit:opentef] - [ VersaoMensage:1] - [ Versao:1.0.0] -  [ CodigoErro:0]  - [ Ocorrencia:0000254001811S00D3213Cancela VendaFFD3213Cancela Plano] - [ TMensagem:]
[ Data:28/05/2022] - [ Hora:19:11:31] - [ Linha:210520222110Servico] - [ Modulo_ID:0]- [ TagComando:] - [ Programa:opentef] - [ Unit:opentef] - [ VersaoMensage:1] - [ Versao:1.0.0] -  [ CodigoErro:0]  - [ Ocorrencia:0000254001811S00D3213Cancela VendaFFD3213Cancela Plano] - [ TMensagem:]
[ Data:28/05/2022] - [ Hora:19:11:31] - [ Linha:210520222110Servico] - [ Modulo_ID:0]- [ TagComando:] - [ Programa:opentef] - [ Unit:opentef] - [ VersaoMensage:1] - [ Versao:1.0.0] -  [ CodigoErro:0]  - [ Ocorrencia:0000254001811S00D3213Cancela VendaFFD3213Cancela Plano] - [ TMensagem:]
[ Data:28/05/2022] - [ Hora:19:11:31] - [ Linha:210520222110Servico] - [ Modulo_ID:0]- [ TagComando:] - [ Programa:opentef] - [ Unit:opentef] - [ VersaoMensage:1] - [ Versao:1.0.0] -  [ CodigoErro:0]  - [ Ocorrencia:0000254001811S00D3213Cancela VendaFFD3213Cancela Plano] - [ TMensagem:]
[ Data:28/05/2022] - [ Hora:19:11:31] - [ Linha:210520222110Servico] - [ Modulo_ID:0]- [ TagComando:] - [ Programa:opentef] - [ Unit:opentef] - [ VersaoMensage:1] - [ Versao:1.0.0] -  [ CodigoErro:0]  - [ Ocorrencia:0000254001811S00D3213Cancela VendaFFD3213Cancela Plano] - [ TMensagem:]
[ Data:28/05/2022] - [ Hora:19:11:31] - [ Linha:210520222110Servico] - [ Modulo_ID:0]- [ TagComando:] - [ Programa:opentef] - [ Unit:opentef] - [ VersaoMensage:1] - [ Versao:1.0.0] -  [ CodigoErro:0]  - [ Ocorrencia:0000254001811S00D3213Cancela VendaFFD3213Cancela Plano] - [ TMensagem:]
[ Data:28/05/2022] - [ Hora:19:11:31] - [ Linha:210520222110Servico] - [ Modulo_ID:0]- [ TagComando:] - [ Programa:opentef] - [ Unit:opentef] - [ VersaoMensage:1] - [ Versao:1.0.0] -  [ CodigoErro:0]  - [ Ocorrencia:0000254001811S00D3213Cancela VendaFFD3213Cancela Plano] - [ TMensagem:]
[ Data:28/05/2022] - [ Hora:19:11:32] - [ Linha:210520222110Servico] - [ Modulo_ID:0]- [ TagComando:] - [ Programa:opentef] - [ Unit:opentef] - [ VersaoMensage:1] - [ Versao:1.0.0] -  [ CodigoErro:0]  - [ Ocorrencia:0000254001811S00D3213Cancela VendaFFD3213Cancela Plano] - [ TMensagem:]
[ Data:28/05/2022] - [ Hora:19:11:32] - [ Linha:210520222110Servico] - [ Modulo_ID:0]- [ TagComando:] - [ Programa:opentef] - [ Unit:opentef] - [ VersaoMensage:1] - [ Versao:1.0.0] -  [ CodigoErro:0]  - [ Ocorrencia:0000254001811S00D3213Cancela VendaFFD3213Cancela Plano] - [ TMensagem:]
[ Data:28/05/2022] - [ Hora:19:11:32] - [ Linha:210520222110Servico] - [ Modulo_ID:0]- [ TagComando:] - [ Programa:opentef] - [ Unit:opentef] - [ VersaoMensage:1] - [ Versao:1.0.0] -  [ CodigoErro:0]  - [ Ocorrencia:0000254001811S00D3213Cancela VendaFFD3213Cancela Plano] - [ TMensagem:]
[ Data:28/05/2022] - [ Hora:19:11:32] - [ Linha:210520222110Servico] - [ Modulo_ID:0]- [ TagComando:] - [ Programa:opentef] - [ Unit:opentef] - [ VersaoMensage:1] - [ Versao:1.0.0] -  [ CodigoErro:0]  - [ Ocorrencia:0000254001811S00D3213Cancela VendaFFD3213Cancela Plano] - [ TMensagem:]
[ Data:28/05/2022] - [ Hora:19:11:32] - [ Linha:210520222110Servico] - [ Modulo_ID:0]- [ TagComando:] - [ Programa:opentef] - [ Unit:opentef] - [ VersaoMensage:1] - [ Versao:1.0.0] -  [ CodigoErro:0]  - [ Ocorrencia:0000254001811S00D3213Cancela VendaFFD3213Cancela Plano] - [ TMensagem:]
[ Data:28/05/2022] - [ Hora:19:11:32] - [ Linha:210520222110Servico] - [ Modulo_ID:0]- [ TagComando:] - [ Programa:opentef] - [ Unit:opentef] - [ VersaoMensage:1] - [ Versao:1.0.0] -  [ CodigoErro:0]  - [ Ocorrencia:0000254001811S00D3213Cancela VendaFFD3213Cancela Plano] - [ TMensagem:]
[ Data:28/05/2022] - [ Hora:19:11:32] - [ Linha:210520222110Servico] - [ Modulo_ID:0]- [ TagComando:] - [ Programa:opentef] - [ Unit:opentef] - [ VersaoMensage:1] - [ Versao:1.0.0] -  [ CodigoErro:0]  - [ Ocorrencia:0000254001811S00D3213Cancela VendaFFD3213Cancela Plano] - [ TMensagem:]
[ Data:28/05/2022] - [ Hora:19:11:33] - [ Linha:210520222110Servico] - [ Modulo_ID:0]- [ TagComando:] - [ Programa:opentef] - [ Unit:opentef] - [ VersaoMensage:1] - [ Versao:1.0.0] -  [ CodigoErro:0]  - [ Ocorrencia:0000254001811S00D3213Cancela VendaFFD3213Cancela Plano] - [ TMensagem:]
[ Data:28/05/2022] - [ Hora:19:11:33] - [ Linha:210520222110Servico] - [ Modulo_ID:0]- [ TagComando:] - [ Programa:opentef] - [ Unit:opentef] - [ VersaoMensage:1] - [ Versao:1.0.0] -  [ CodigoErro:0]  - [ Ocorrencia:0000254001811S00D3213Cancela VendaFFD3213Cancela Plano] - [ TMensagem:]
[ Data:28/05/2022] - [ Hora:19:11:33] - [ Linha:210520222110Servico] - [ Modulo_ID:0]- [ TagComando:] - [ Programa:opentef] - [ Unit:opentef] - [ VersaoMensage:1] - [ Versao:1.0.0] -  [ CodigoErro:0]  - [ Ocorrencia:0000254001811S00D3213Cancela VendaFFD3213Cancela Plano] - [ TMensagem:]
[ Data:28/05/2022] - [ Hora:19:11:33] - [ Linha:210520222110Servico] - [ Modulo_ID:0]- [ TagComando:] - [ Programa:opentef] - [ Unit:opentef] - [ VersaoMensage:1] - [ Versao:1.0.0] -  [ CodigoErro:0]  - [ Ocorrencia:0000254001811S00D3213Cancela VendaFFD3213Cancela Plano] - [ TMensagem:]
[ Data:28/05/2022] - [ Hora:19:11:33] - [ Linha:210520222110Servico] - [ Modulo_ID:0]- [ TagComando:] - [ Programa:opentef] - [ Unit:opentef] - [ VersaoMensage:1] - [ Versao:1.0.0] -  [ CodigoErro:0]  - [ Ocorrencia:0000254001811S00D3213Cancela VendaFFD3213Cancela Plano] - [ TMensagem:]
[ Data:28/05/2022] - [ Hora:19:11:33] - [ Linha:210520222110Servico] - [ Modulo_ID:0]- [ TagComando:] - [ Programa:opentef] - [ Unit:opentef] - [ VersaoMensage:1] - [ Versao:1.0.0] -  [ CodigoErro:0]  - [ Ocorrencia:0000254001811S00D3213Cancela VendaFFD3213Cancela Plano] - [ TMensagem:]
[ Data:28/05/2022] - [ Hora:19:11:34] - [ Linha:210520222110Servico] - [ Modulo_ID:0]- [ TagComando:] - [ Programa:opentef] - [ Unit:opentef] - [ VersaoMensage:1] - [ Versao:1.0.0] -  [ CodigoErro:0]  - [ Ocorrencia:0000254001811S00D3213Cancela VendaFFD3213Cancela Plano] - [ TMensagem:]
[ Data:28/05/2022] - [ Hora:19:11:34] - [ Linha:210520222110Servico] - [ Modulo_ID:0]- [ TagComando:] - [ Programa:opentef] - [ Unit:opentef] - [ VersaoMensage:1] - [ Versao:1.0.0] -  [ CodigoErro:0]  - [ Ocorrencia:0000254001811S00D3213Cancela VendaFFD3213Cancela Plano] - [ TMensagem:]
[ Data:28/05/2022] - [ Hora:19:11:34] - [ Linha:210520222110Servico] - [ Modulo_ID:0]- [ TagComando:] - [ Programa:opentef] - [ Unit:opentef] - [ VersaoMensage:1] - [ Versao:1.0.0] -  [ CodigoErro:0]  - [ Ocorrencia:0000254001811S00D3213Cancela VendaFFD3213Cancela Plano] - [ TMensagem:]
[ Data:28/05/2022] - [ Hora:19:11:34] - [ Linha:210520222110Servico] - [ Modulo_ID:0]- [ TagComando:] - [ Programa:opentef] - [ Unit:opentef] - [ VersaoMensage:1] - [ Versao:1.0.0] -  [ CodigoErro:0]  - [ Ocorrencia:0000254001811S00D3213Cancela VendaFFD3213Cancela Plano] - [ TMensagem:]
[ Data:28/05/2022] - [ Hora:19:11:34] - [ Linha:210520222110Servico] - [ Modulo_ID:0]- [ TagComando:] - [ Programa:opentef] - [ Unit:opentef] - [ VersaoMensage:1] - [ Versao:1.0.0] -  [ CodigoErro:0]  - [ Ocorrencia:0000254001811S00D3213Cancela VendaFFD3213Cancela Plano] - [ TMensagem:]
[ Data:28/05/2022] - [ Hora:19:11:34] - [ Linha:210520222110Servico] - [ Modulo_ID:0]- [ TagComando:] - [ Programa:opentef] - [ Unit:opentef] - [ VersaoMensage:1] - [ Versao:1.0.0] -  [ CodigoErro:0]  - [ Ocorrencia:0000254001811S00D3213Cancela VendaFFD3213Cancela Plano] - [ TMensagem:]
[ Data:28/05/2022] - [ Hora:19:11:34] - [ Linha:210520222110Servico] - [ Modulo_ID:0]- [ TagComando:] - [ Programa:opentef] - [ Unit:opentef] - [ VersaoMensage:1] - [ Versao:1.0.0] -  [ CodigoErro:0]  - [ Ocorrencia:0000254001811S00D3213Cancela VendaFFD3213Cancela Plano] - [ TMensagem:]
[ Data:28/05/2022] - [ Hora:19:11:35] - [ Linha:210520222110Servico] - [ Modulo_ID:0]- [ TagComando:] - [ Programa:opentef] - [ Unit:opentef] - [ VersaoMensage:1] - [ Versao:1.0.0] -  [ CodigoErro:0]  - [ Ocorrencia:0000254001811S00D3213Cancela VendaFFD3213Cancela Plano] - [ TMensagem:]
[ Data:28/05/2022] - [ Hora:19:11:35] - [ Linha:210520222110Servico] - [ Modulo_ID:0]- [ TagComando:] - [ Programa:opentef] - [ Unit:opentef] - [ VersaoMensage:1] - [ Versao:1.0.0] -  [ CodigoErro:0]  - [ Ocorrencia:0000254001811S00D3213Cancela VendaFFD3213Cancela Plano] - [ TMensagem:]
[ Data:28/05/2022] - [ Hora:19:11:35] - [ Linha:210520222110Servico] - [ Modulo_ID:0]- [ TagComando:] - [ Programa:opentef] - [ Unit:opentef] - [ VersaoMensage:1] - [ Versao:1.0.0] -  [ CodigoErro:0]  - [ Ocorrencia:0000254001811S00D3213Cancela VendaFFD3213Cancela Plano] - [ TMensagem:]
[ Data:28/05/2022] - [ Hora:19:11:35] - [ Linha:210520222110Servico] - [ Modulo_ID:0]- [ TagComando:] - [ Programa:opentef] - [ Unit:opentef] - [ VersaoMensage:1] - [ Versao:1.0.0] -  [ CodigoErro:0]  - [ Ocorrencia:0000254001811S00D3213Cancela VendaFFD3213Cancela Plano] - [ TMensagem:]
[ Data:28/05/2022] - [ Hora:19:11:35] - [ Linha:210520222110Servico] - [ Modulo_ID:0]- [ TagComando:] - [ Programa:opentef] - [ Unit:opentef] - [ VersaoMensage:1] - [ Versao:1.0.0] -  [ CodigoErro:0]  - [ Ocorrencia:0000254001811S00D3213Cancela VendaFFD3213Cancela Plano] - [ TMensagem:]
[ Data:28/05/2022] - [ Hora:19:11:35] - [ Linha:210520222110Servico] - [ Modulo_ID:0]- [ TagComando:] - [ Programa:opentef] - [ Unit:opentef] - [ VersaoMensage:1] - [ Versao:1.0.0] -  [ CodigoErro:0]  - [ Ocorrencia:0000254001811S00D3213Cancela VendaFFD3213Cancela Plano] - [ TMensagem:]
[ Data:28/05/2022] - [ Hora:19:11:36] - [ Linha:210520222110Servico] - [ Modulo_ID:0]- [ TagComando:] - [ Programa:opentef] - [ Unit:opentef] - [ VersaoMensage:1] - [ Versao:1.0.0] -  [ CodigoErro:0]  - [ Ocorrencia:0000254001811S00D3213Cancela VendaFFD3213Cancela Plano] - [ TMensagem:]
[ Data:28/05/2022] - [ Hora:19:11:36] - [ Linha:210520222110Servico] - [ Modulo_ID:0]- [ TagComando:] - [ Programa:opentef] - [ Unit:opentef] - [ VersaoMensage:1] - [ Versao:1.0.0] -  [ CodigoErro:0]  - [ Ocorrencia:0000254001811S00D3213Cancela VendaFFD3213Cancela Plano] - [ TMensagem:]
[ Data:28/05/2022] - [ Hora:19:11:36] - [ Linha:210520222110Servico] - [ Modulo_ID:0]- [ TagComando:] - [ Programa:opentef] - [ Unit:opentef] - [ VersaoMensage:1] - [ Versao:1.0.0] -  [ CodigoErro:0]  - [ Ocorrencia:0000254001811S00D3213Cancela VendaFFD3213Cancela Plano] - [ TMensagem:]
[ Data:28/05/2022] - [ Hora:19:11:36] - [ Linha:210520222110Servico] - [ Modulo_ID:0]- [ TagComando:] - [ Programa:opentef] - [ Unit:opentef] - [ VersaoMensage:1] - [ Versao:1.0.0] -  [ CodigoErro:0]  - [ Ocorrencia:0000254001811S00D3213Cancela VendaFFD3213Cancela Plano] - [ TMensagem:]
[ Data:28/05/2022] - [ Hora:19:11:36] - [ Linha:210520222110Servico] - [ Modulo_ID:0]- [ TagComando:] - [ Programa:opentef] - [ Unit:opentef] - [ VersaoMensage:1] - [ Versao:1.0.0] -  [ CodigoErro:0]  - [ Ocorrencia:0000254001811S00D3213Cancela VendaFFD3213Cancela Plano] - [ TMensagem:]
[ Data:28/05/2022] - [ Hora:19:11:36] - [ Linha:210520222110Servico] - [ Modulo_ID:0]- [ TagComando:] - [ Programa:opentef] - [ Unit:opentef] - [ VersaoMensage:1] - [ Versao:1.0.0] -  [ CodigoErro:0]  - [ Ocorrencia:0000254001811S00D3213Cancela VendaFFD3213Cancela Plano] - [ TMensagem:]
[ Data:28/05/2022] - [ Hora:19:11:36] - [ Linha:210520222110Servico] - [ Modulo_ID:0]- [ TagComando:] - [ Programa:opentef] - [ Unit:opentef] - [ VersaoMensage:1] - [ Versao:1.0.0] -  [ CodigoErro:0]  - [ Ocorrencia:0000254001811S00D3213Cancela VendaFFD3213Cancela Plano] - [ TMensagem:]
[ Data:28/05/2022] - [ Hora:19:11:37] - [ Linha:210520222110Servico] - [ Modulo_ID:0]- [ TagComando:] - [ Programa:opentef] - [ Unit:opentef] - [ VersaoMensage:1] - [ Versao:1.0.0] -  [ CodigoErro:0]  - [ Ocorrencia:0000254001811S00D3213Cancela VendaFFD3213Cancela Plano] - [ TMensagem:]
[ Data:28/05/2022] - [ Hora:19:11:37] - [ Linha:210520222110Servico] - [ Modulo_ID:0]- [ TagComando:] - [ Programa:opentef] - [ Unit:opentef] - [ VersaoMensage:1] - [ Versao:1.0.0] -  [ CodigoErro:0]  - [ Ocorrencia:0000254001811S00D3213Cancela VendaFFD3213Cancela Plano] - [ TMensagem:]
[ Data:28/05/2022] - [ Hora:19:11:37] - [ Linha:210520222110Servico] - [ Modulo_ID:0]- [ TagComando:] - [ Programa:opentef] - [ Unit:opentef] - [ VersaoMensage:1] - [ Versao:1.0.0] -  [ CodigoErro:0]  - [ Ocorrencia:0000254001811S00D3213Cancela VendaFFD3213Cancela Plano] - [ TMensagem:]
[ Data:28/05/2022] - [ Hora:19:11:37] - [ Linha:210520222110Servico] - [ Modulo_ID:0]- [ TagComando:] - [ Programa:opentef] - [ Unit:opentef] - [ VersaoMensage:1] - [ Versao:1.0.0] -  [ CodigoErro:0]  - [ Ocorrencia:0000254001811S00D3213Cancela VendaFFD3213Cancela Plano] - [ TMensagem:]
[ Data:28/05/2022] - [ Hora:19:11:37] - [ Linha:210520222110Servico] - [ Modulo_ID:0]- [ TagComando:] - [ Programa:opentef] - [ Unit:opentef] - [ VersaoMensage:1] - [ Versao:1.0.0] -  [ CodigoErro:0]  - [ Ocorrencia:0000254001811S00D3213Cancela VendaFFD3213Cancela Plano] - [ TMensagem:]
[ Data:28/05/2022] - [ Hora:19:11:37] - [ Linha:210520222110Servico] - [ Modulo_ID:0]- [ TagComando:] - [ Programa:opentef] - [ Unit:opentef] - [ VersaoMensage:1] - [ Versao:1.0.0] -  [ CodigoErro:0]  - [ Ocorrencia:0000254001811S00D3213Cancela VendaFFD3213Cancela Plano] - [ TMensagem:]
[ Data:28/05/2022] - [ Hora:19:11:38] - [ Linha:210520222110Servico] - [ Modulo_ID:0]- [ TagComando:] - [ Programa:opentef] - [ Unit:opentef] - [ VersaoMensage:1] - [ Versao:1.0.0] -  [ CodigoErro:0]  - [ Ocorrencia:0000254001811S00D3213Cancela VendaFFD3213Cancela Plano] - [ TMensagem:]
[ Data:28/05/2022] - [ Hora:19:11:38] - [ Linha:210520222110Servico] - [ Modulo_ID:0]- [ TagComando:] - [ Programa:opentef] - [ Unit:opentef] - [ VersaoMensage:1] - [ Versao:1.0.0] -  [ CodigoErro:0]  - [ Ocorrencia:0000254001811S00D3213Cancela VendaFFD3213Cancela Plano] - [ TMensagem:]
[ Data:28/05/2022] - [ Hora:19:11:38] - [ Linha:210520222110Servico] - [ Modulo_ID:0]- [ TagComando:] - [ Programa:opentef] - [ Unit:opentef] - [ VersaoMensage:1] - [ Versao:1.0.0] -  [ CodigoErro:0]  - [ Ocorrencia:0000254001811S00D3213Cancela VendaFFD3213Cancela Plano] - [ TMensagem:]
[ Data:28/05/2022] - [ Hora:19:11:38] - [ Linha:210520222110Servico] - [ Modulo_ID:0]- [ TagComando:] - [ Programa:opentef] - [ Unit:opentef] - [ VersaoMensage:1] - [ Versao:1.0.0] -  [ CodigoErro:0]  - [ Ocorrencia:0000254001811S00D3213Cancela VendaFFD3213Cancela Plano] - [ TMensagem:]
[ Data:28/05/2022] - [ Hora:19:11:38] - [ Linha:210520222110Servico] - [ Modulo_ID:0]- [ TagComando:] - [ Programa:opentef] - [ Unit:opentef] - [ VersaoMensage:1] - [ Versao:1.0.0] -  [ CodigoErro:0]  - [ Ocorrencia:0000254001811S00D3213Cancela VendaFFD3213Cancela Plano] - [ TMensagem:]
[ Data:28/05/2022] - [ Hora:19:11:38] - [ Linha:210520222110Servico] - [ Modulo_ID:0]- [ TagComando:] - [ Programa:opentef] - [ Unit:opentef] - [ VersaoMensage:1] - [ Versao:1.0.0] -  [ CodigoErro:0]  - [ Ocorrencia:0000254001811S00D3213Cancela VendaFFD3213Cancela Plano] - [ TMensagem:]
[ Data:28/05/2022] - [ Hora:19:11:38] - [ Linha:210520222110Servico] - [ Modulo_ID:0]- [ TagComando:] - [ Programa:opentef] - [ Unit:opentef] - [ VersaoMensage:1] - [ Versao:1.0.0] -  [ CodigoErro:0]  - [ Ocorrencia:0000254001811S00D3213Cancela VendaFFD3213Cancela Plano] - [ TMensagem:]
[ Data:28/05/2022] - [ Hora:19:11:39] - [ Linha:210520222110Servico] - [ Modulo_ID:0]- [ TagComando:] - [ Programa:opentef] - [ Unit:opentef] - [ VersaoMensage:1] - [ Versao:1.0.0] -  [ CodigoErro:0]  - [ Ocorrencia:0000254001811S00D3213Cancela VendaFFD3213Cancela Plano] - [ TMensagem:]
[ Data:28/05/2022] - [ Hora:19:11:39] - [ Linha:210520222110Servico] - [ Modulo_ID:0]- [ TagComando:] - [ Programa:opentef] - [ Unit:opentef] - [ VersaoMensage:1] - [ Versao:1.0.0] -  [ CodigoErro:0]  - [ Ocorrencia:0000254001811S00D3213Cancela VendaFFD3213Cancela Plano] - [ TMensagem:]
[ Data:28/05/2022] - [ Hora:19:11:39] - [ Linha:210520222110Servico] - [ Modulo_ID:0]- [ TagComando:] - [ Programa:opentef] - [ Unit:opentef] - [ VersaoMensage:1] - [ Versao:1.0.0] -  [ CodigoErro:0]  - [ Ocorrencia:0000254001811S00D3213Cancela VendaFFD3213Cancela Plano] - [ TMensagem:]
[ Data:28/05/2022] - [ Hora:19:11:39] - [ Linha:210520222110Servico] - [ Modulo_ID:0]- [ TagComando:] - [ Programa:opentef] - [ Unit:opentef] - [ VersaoMensage:1] - [ Versao:1.0.0] -  [ CodigoErro:0]  - [ Ocorrencia:0000254001811S00D3213Cancela VendaFFD3213Cancela Plano] - [ TMensagem:]
[ Data:28/05/2022] - [ Hora:19:11:39] - [ Linha:210520222110Servico] - [ Modulo_ID:0]- [ TagComando:] - [ Programa:opentef] - [ Unit:opentef] - [ VersaoMensage:1] - [ Versao:1.0.0] -  [ CodigoErro:0]  - [ Ocorrencia:0000254001811S00D3213Cancela VendaFFD3213Cancela Plano] - [ TMensagem:]
[ Data:28/05/2022] - [ Hora:19:11:39] - [ Linha:210520222110Servico] - [ Modulo_ID:0]- [ TagComando:] - [ Programa:opentef] - [ Unit:opentef] - [ VersaoMensage:1] - [ Versao:1.0.0] -  [ CodigoErro:0]  - [ Ocorrencia:0000254001811S00D3213Cancela VendaFFD3213Cancela Plano] - [ TMensagem:]
[ Data:28/05/2022] - [ Hora:19:11:40] - [ Linha:210520222110Servico] - [ Modulo_ID:0]- [ TagComando:] - [ Programa:opentef] - [ Unit:opentef] - [ VersaoMensage:1] - [ Versao:1.0.0] -  [ CodigoErro:0]  - [ Ocorrencia:0000254001811S00D3213Cancela VendaFFD3213Cancela Plano] - [ TMensagem:]
[ Data:28/05/2022] - [ Hora:19:11:40] - [ Linha:210520222110Servico] - [ Modulo_ID:0]- [ TagComando:] - [ Programa:opentef] - [ Unit:opentef] - [ VersaoMensage:1] - [ Versao:1.0.0] -  [ CodigoErro:0]  - [ Ocorrencia:0000254001811S00D3213Cancela VendaFFD3213Cancela Plano] - [ TMensagem:]
[ Data:28/05/2022] - [ Hora:19:11:40] - [ Linha:210520222110Servico] - [ Modulo_ID:0]- [ TagComando:] - [ Programa:opentef] - [ Unit:opentef] - [ VersaoMensage:1] - [ Versao:1.0.0] -  [ CodigoErro:0]  - [ Ocorrencia:0000254001811S00D3213Cancela VendaFFD3213Cancela Plano] - [ TMensagem:]
[ Data:28/05/2022] - [ Hora:19:11:40] - [ Linha:210520222110Servico] - [ Modulo_ID:0]- [ TagComando:] - [ Programa:opentef] - [ Unit:opentef] - [ VersaoMensage:1] - [ Versao:1.0.0] -  [ CodigoErro:0]  - [ Ocorrencia:0000254001811S00D3213Cancela VendaFFD3213Cancela Plano] - [ TMensagem:]
[ Data:28/05/2022] - [ Hora:19:11:40] - [ Linha:210520222110Servico] - [ Modulo_ID:0]- [ TagComando:] - [ Programa:opentef] - [ Unit:opentef] - [ VersaoMensage:1] - [ Versao:1.0.0] -  [ CodigoErro:0]  - [ Ocorrencia:0000254001811S00D3213Cancela VendaFFD3213Cancela Plano] - [ TMensagem:]
[ Data:28/05/2022] - [ Hora:19:11:40] - [ Linha:210520222110Servico] - [ Modulo_ID:0]- [ TagComando:] - [ Programa:opentef] - [ Unit:opentef] - [ VersaoMensage:1] - [ Versao:1.0.0] -  [ CodigoErro:0]  - [ Ocorrencia:0000254001811S00D3213Cancela VendaFFD3213Cancela Plano] - [ TMensagem:]
[ Data:28/05/2022] - [ Hora:19:11:40] - [ Linha:210520222110Servico] - [ Modulo_ID:0]- [ TagComando:] - [ Programa:opentef] - [ Unit:opentef] - [ VersaoMensage:1] - [ Versao:1.0.0] -  [ CodigoErro:0]  - [ Ocorrencia:0000254001811S00D3213Cancela VendaFFD3213Cancela Plano] - [ TMensagem:]
[ Data:28/05/2022] - [ Hora:19:11:41] - [ Linha:210520222110Servico] - [ Modulo_ID:0]- [ TagComando:] - [ Programa:opentef] - [ Unit:opentef] - [ VersaoMensage:1] - [ Versao:1.0.0] -  [ CodigoErro:0]  - [ Ocorrencia:0000254001811S00D3213Cancela VendaFFD3213Cancela Plano] - [ TMensagem:]
[ Data:28/05/2022] - [ Hora:19:11:41] - [ Linha:210520222110Servico] - [ Modulo_ID:0]- [ TagComando:] - [ Programa:opentef] - [ Unit:opentef] - [ VersaoMensage:1] - [ Versao:1.0.0] -  [ CodigoErro:0]  - [ Ocorrencia:0000254001811S00D3213Cancela VendaFFD3213Cancela Plano] - [ TMensagem:]
[ Data:28/05/2022] - [ Hora:19:11:41] - [ Linha:210520222110Servico] - [ Modulo_ID:0]- [ TagComando:] - [ Programa:opentef] - [ Unit:opentef] - [ VersaoMensage:1] - [ Versao:1.0.0] -  [ CodigoErro:0]  - [ Ocorrencia:0000254001811S00D3213Cancela VendaFFD3213Cancela Plano] - [ TMensagem:]
[ Data:28/05/2022] - [ Hora:19:11:41] - [ Linha:210520222110Servico] - [ Modulo_ID:0]- [ TagComando:] - [ Programa:opentef] - [ Unit:opentef] - [ VersaoMensage:1] - [ Versao:1.0.0] -  [ CodigoErro:0]  - [ Ocorrencia:0000254001811S00D3213Cancela VendaFFD3213Cancela Plano] - [ TMensagem:]
[ Data:28/05/2022] - [ Hora:19:11:41] - [ Linha:210520222110Servico] - [ Modulo_ID:0]- [ TagComando:] - [ Programa:opentef] - [ Unit:opentef] - [ VersaoMensage:1] - [ Versao:1.0.0] -  [ CodigoErro:0]  - [ Ocorrencia:0000254001811S00D3213Cancela VendaFFD3213Cancela Plano] - [ TMensagem:]
[ Data:28/05/2022] - [ Hora:19:11:41] - [ Linha:210520222110Servico] - [ Modulo_ID:0]- [ TagComando:] - [ Programa:opentef] - [ Unit:opentef] - [ VersaoMensage:1] - [ Versao:1.0.0] -  [ CodigoErro:0]  - [ Ocorrencia:0000254001811S00D3213Cancela VendaFFD3213Cancela Plano] - [ TMensagem:]
[ Data:28/05/2022] - [ Hora:19:11:41] - [ Linha:210520222110Servico] - [ Modulo_ID:0]- [ TagComando:] - [ Programa:opentef] - [ Unit:opentef] - [ VersaoMensage:1] - [ Versao:1.0.0] -  [ CodigoErro:0]  - [ Ocorrencia:0000254001811S00D3213Cancela VendaFFD3213Cancela Plano] - [ TMensagem:]
[ Data:28/05/2022] - [ Hora:19:11:42] - [ Linha:210520222110Servico] - [ Modulo_ID:0]- [ TagComando:] - [ Programa:opentef] - [ Unit:opentef] - [ VersaoMensage:1] - [ Versao:1.0.0] -  [ CodigoErro:0]  - [ Ocorrencia:0000254001811S00D3213Cancela VendaFFD3213Cancela Plano] - [ TMensagem:]
[ Data:28/05/2022] - [ Hora:19:11:42] - [ Linha:210520222110Servico] - [ Modulo_ID:0]- [ TagComando:] - [ Programa:opentef] - [ Unit:opentef] - [ VersaoMensage:1] - [ Versao:1.0.0] -  [ CodigoErro:0]  - [ Ocorrencia:0000254001811S00D3213Cancela VendaFFD3213Cancela Plano] - [ TMensagem:]
[ Data:28/05/2022] - [ Hora:19:11:42] - [ Linha:210520222110Servico] - [ Modulo_ID:0]- [ TagComando:] - [ Programa:opentef] - [ Unit:opentef] - [ VersaoMensage:1] - [ Versao:1.0.0] -  [ CodigoErro:0]  - [ Ocorrencia:0000254001811S00D3213Cancela VendaFFD3213Cancela Plano] - [ TMensagem:]
[ Data:28/05/2022] - [ Hora:19:11:42] - [ Linha:210520222110Servico] - [ Modulo_ID:0]- [ TagComando:] - [ Programa:opentef] - [ Unit:opentef] - [ VersaoMensage:1] - [ Versao:1.0.0] -  [ CodigoErro:0]  - [ Ocorrencia:0000254001811S00D3213Cancela VendaFFD3213Cancela Plano] - [ TMensagem:]
[ Data:28/05/2022] - [ Hora:19:11:42] - [ Linha:210520222110Servico] - [ Modulo_ID:0]- [ TagComando:] - [ Programa:opentef] - [ Unit:opentef] - [ VersaoMensage:1] - [ Versao:1.0.0] -  [ CodigoErro:0]  - [ Ocorrencia:0000254001811S00D3213Cancela VendaFFD3213Cancela Plano] - [ TMensagem:]
[ Data:28/05/2022] - [ Hora:19:11:42] - [ Linha:210520222110Servico] - [ Modulo_ID:0]- [ TagComando:] - [ Programa:opentef] - [ Unit:opentef] - [ VersaoMensage:1] - [ Versao:1.0.0] -  [ CodigoErro:0]  - [ Ocorrencia:0000254001811S00D3213Cancela VendaFFD3213Cancela Plano] - [ TMensagem:]
[ Data:28/05/2022] - [ Hora:19:11:43] - [ Linha:210520222110Servico] - [ Modulo_ID:0]- [ TagComando:] - [ Programa:opentef] - [ Unit:opentef] - [ VersaoMensage:1] - [ Versao:1.0.0] -  [ CodigoErro:0]  - [ Ocorrencia:0000254001811S00D3213Cancela VendaFFD3213Cancela Plano] - [ TMensagem:]
[ Data:28/05/2022] - [ Hora:19:11:43] - [ Linha:210520222110Servico] - [ Modulo_ID:0]- [ TagComando:] - [ Programa:opentef] - [ Unit:opentef] - [ VersaoMensage:1] - [ Versao:1.0.0] -  [ CodigoErro:0]  - [ Ocorrencia:0000254001811S00D3213Cancela VendaFFD3213Cancela Plano] - [ TMensagem:]
[ Data:28/05/2022] - [ Hora:19:11:43] - [ Linha:210520222110Servico] - [ Modulo_ID:0]- [ TagComando:] - [ Programa:opentef] - [ Unit:opentef] - [ VersaoMensage:1] - [ Versao:1.0.0] -  [ CodigoErro:0]  - [ Ocorrencia:0000254001811S00D3213Cancela VendaFFD3213Cancela Plano] - [ TMensagem:]
[ Data:28/05/2022] - [ Hora:19:11:43] - [ Linha:210520222110Servico] - [ Modulo_ID:0]- [ TagComando:] - [ Programa:opentef] - [ Unit:opentef] - [ VersaoMensage:1] - [ Versao:1.0.0] -  [ CodigoErro:0]  - [ Ocorrencia:0000254001811S00D3213Cancela VendaFFD3213Cancela Plano] - [ TMensagem:]
[ Data:28/05/2022] - [ Hora:19:11:43] - [ Linha:210520222110Servico] - [ Modulo_ID:0]- [ TagComando:] - [ Programa:opentef] - [ Unit:opentef] - [ VersaoMensage:1] - [ Versao:1.0.0] -  [ CodigoErro:0]  - [ Ocorrencia:0000254001811S00D3213Cancela VendaFFD3213Cancela Plano] - [ TMensagem:]
[ Data:28/05/2022] - [ Hora:19:11:43] - [ Linha:210520222110Servico] - [ Modulo_ID:0]- [ TagComando:] - [ Programa:opentef] - [ Unit:opentef] - [ VersaoMensage:1] - [ Versao:1.0.0] -  [ CodigoErro:0]  - [ Ocorrencia:0000254001811S00D3213Cancela VendaFFD3213Cancela Plano] - [ TMensagem:]
[ Data:28/05/2022] - [ Hora:19:11:43] - [ Linha:210520222110Servico] - [ Modulo_ID:0]- [ TagComando:] - [ Programa:opentef] - [ Unit:opentef] - [ VersaoMensage:1] - [ Versao:1.0.0] -  [ CodigoErro:0]  - [ Ocorrencia:0000254001811S00D3213Cancela VendaFFD3213Cancela Plano] - [ TMensagem:]
[ Data:28/05/2022] - [ Hora:19:11:44] - [ Linha:210520222110Servico] - [ Modulo_ID:0]- [ TagComando:] - [ Programa:opentef] - [ Unit:opentef] - [ VersaoMensage:1] - [ Versao:1.0.0] -  [ CodigoErro:0]  - [ Ocorrencia:0000254001811S00D3213Cancela VendaFFD3213Cancela Plano] - [ TMensagem:]
[ Data:28/05/2022] - [ Hora:19:11:44] - [ Linha:210520222110Servico] - [ Modulo_ID:0]- [ TagComando:] - [ Programa:opentef] - [ Unit:opentef] - [ VersaoMensage:1] - [ Versao:1.0.0] -  [ CodigoErro:0]  - [ Ocorrencia:0000254001811S00D3213Cancela VendaFFD3213Cancela Plano] - [ TMensagem:]
[ Data:28/05/2022] - [ Hora:19:11:44] - [ Linha:210520222110Servico] - [ Modulo_ID:0]- [ TagComando:] - [ Programa:opentef] - [ Unit:opentef] - [ VersaoMensage:1] - [ Versao:1.0.0] -  [ CodigoErro:0]  - [ Ocorrencia:0000254001811S00D3213Cancela VendaFFD3213Cancela Plano] - [ TMensagem:]
[ Data:28/05/2022] - [ Hora:19:11:44] - [ Linha:210520222110Servico] - [ Modulo_ID:0]- [ TagComando:] - [ Programa:opentef] - [ Unit:opentef] - [ VersaoMensage:1] - [ Versao:1.0.0] -  [ CodigoErro:0]  - [ Ocorrencia:0000254001811S00D3213Cancela VendaFFD3213Cancela Plano] - [ TMensagem:]
[ Data:28/05/2022] - [ Hora:19:11:44] - [ Linha:210520222110Servico] - [ Modulo_ID:0]- [ TagComando:] - [ Programa:opentef] - [ Unit:opentef] - [ VersaoMensage:1] - [ Versao:1.0.0] -  [ CodigoErro:0]  - [ Ocorrencia:0000254001811S00D3213Cancela VendaFFD3213Cancela Plano] - [ TMensagem:]
[ Data:28/05/2022] - [ Hora:19:11:44] - [ Linha:210520222110Servico] - [ Modulo_ID:0]- [ TagComando:] - [ Programa:opentef] - [ Unit:opentef] - [ VersaoMensage:1] - [ Versao:1.0.0] -  [ CodigoErro:0]  - [ Ocorrencia:0000254001811S00D3213Cancela VendaFFD3213Cancela Plano] - [ TMensagem:]
[ Data:28/05/2022] - [ Hora:19:11:45] - [ Linha:210520222110Servico] - [ Modulo_ID:0]- [ TagComando:] - [ Programa:opentef] - [ Unit:opentef] - [ VersaoMensage:1] - [ Versao:1.0.0] -  [ CodigoErro:0]  - [ Ocorrencia:0000254001811S00D3213Cancela VendaFFD3213Cancela Plano] - [ TMensagem:]
[ Data:28/05/2022] - [ Hora:19:11:45] - [ Linha:210520222110Servico] - [ Modulo_ID:0]- [ TagComando:] - [ Programa:opentef] - [ Unit:opentef] - [ VersaoMensage:1] - [ Versao:1.0.0] -  [ CodigoErro:0]  - [ Ocorrencia:0000254001811S00D3213Cancela VendaFFD3213Cancela Plano] - [ TMensagem:]
[ Data:28/05/2022] - [ Hora:19:11:45] - [ Linha:210520222110Servico] - [ Modulo_ID:0]- [ TagComando:] - [ Programa:opentef] - [ Unit:opentef] - [ VersaoMensage:1] - [ Versao:1.0.0] -  [ CodigoErro:0]  - [ Ocorrencia:0000254001811S00D3213Cancela VendaFFD3213Cancela Plano] - [ TMensagem:]
[ Data:28/05/2022] - [ Hora:19:11:45] - [ Linha:210520222110Servico] - [ Modulo_ID:0]- [ TagComando:] - [ Programa:opentef] - [ Unit:opentef] - [ VersaoMensage:1] - [ Versao:1.0.0] -  [ CodigoErro:0]  - [ Ocorrencia:0000254001811S00D3213Cancela VendaFFD3213Cancela Plano] - [ TMensagem:]
[ Data:28/05/2022] - [ Hora:19:11:45] - [ Linha:210520222110Servico] - [ Modulo_ID:0]- [ TagComando:] - [ Programa:opentef] - [ Unit:opentef] - [ VersaoMensage:1] - [ Versao:1.0.0] -  [ CodigoErro:0]  - [ Ocorrencia:0000254001811S00D3213Cancela VendaFFD3213Cancela Plano] - [ TMensagem:]
[ Data:28/05/2022] - [ Hora:19:11:45] - [ Linha:210520222110Servico] - [ Modulo_ID:0]- [ TagComando:] - [ Programa:opentef] - [ Unit:opentef] - [ VersaoMensage:1] - [ Versao:1.0.0] -  [ CodigoErro:0]  - [ Ocorrencia:0000254001811S00D3213Cancela VendaFFD3213Cancela Plano] - [ TMensagem:]
[ Data:28/05/2022] - [ Hora:19:11:45] - [ Linha:210520222110Servico] - [ Modulo_ID:0]- [ TagComando:] - [ Programa:opentef] - [ Unit:opentef] - [ VersaoMensage:1] - [ Versao:1.0.0] -  [ CodigoErro:0]  - [ Ocorrencia:0000254001811S00D3213Cancela VendaFFD3213Cancela Plano] - [ TMensagem:]
[ Data:28/05/2022] - [ Hora:19:11:46] - [ Linha:210520222110Servico] - [ Modulo_ID:0]- [ TagComando:] - [ Programa:opentef] - [ Unit:opentef] - [ VersaoMensage:1] - [ Versao:1.0.0] -  [ CodigoErro:0]  - [ Ocorrencia:0000254001811S00D3213Cancela VendaFFD3213Cancela Plano] - [ TMensagem:]
[ Data:28/05/2022] - [ Hora:19:11:46] - [ Linha:210520222110Servico] - [ Modulo_ID:0]- [ TagComando:] - [ Programa:opentef] - [ Unit:opentef] - [ VersaoMensage:1] - [ Versao:1.0.0] -  [ CodigoErro:0]  - [ Ocorrencia:0000254001811S00D3213Cancela VendaFFD3213Cancela Plano] - [ TMensagem:]
[ Data:28/05/2022] - [ Hora:19:11:46] - [ Linha:210520222110Servico] - [ Modulo_ID:0]- [ TagComando:] - [ Programa:opentef] - [ Unit:opentef] - [ VersaoMensage:1] - [ Versao:1.0.0] -  [ CodigoErro:0]  - [ Ocorrencia:0000254001811S00D3213Cancela VendaFFD3213Cancela Plano] - [ TMensagem:]
[ Data:28/05/2022] - [ Hora:19:11:46] - [ Linha:210520222110Servico] - [ Modulo_ID:0]- [ TagComando:] - [ Programa:opentef] - [ Unit:opentef] - [ VersaoMensage:1] - [ Versao:1.0.0] -  [ CodigoErro:0]  - [ Ocorrencia:0000254001811S00D3213Cancela VendaFFD3213Cancela Plano] - [ TMensagem:]
[ Data:28/05/2022] - [ Hora:19:11:46] - [ Linha:210520222110Servico] - [ Modulo_ID:0]- [ TagComando:] - [ Programa:opentef] - [ Unit:opentef] - [ VersaoMensage:1] - [ Versao:1.0.0] -  [ CodigoErro:0]  - [ Ocorrencia:0000254001811S00D3213Cancela VendaFFD3213Cancela Plano] - [ TMensagem:]
[ Data:28/05/2022] - [ Hora:19:11:46] - [ Linha:210520222110Servico] - [ Modulo_ID:0]- [ TagComando:] - [ Programa:opentef] - [ Unit:opentef] - [ VersaoMensage:1] - [ Versao:1.0.0] -  [ CodigoErro:0]  - [ Ocorrencia:0000254001811S00D3213Cancela VendaFFD3213Cancela Plano] - [ TMensagem:]
[ Data:28/05/2022] - [ Hora:19:11:47] - [ Linha:210520222110Servico] - [ Modulo_ID:0]- [ TagComando:] - [ Programa:opentef] - [ Unit:opentef] - [ VersaoMensage:1] - [ Versao:1.0.0] -  [ CodigoErro:0]  - [ Ocorrencia:0000254001811S00D3213Cancela VendaFFD3213Cancela Plano] - [ TMensagem:]
[ Data:28/05/2022] - [ Hora:19:11:47] - [ Linha:210520222110Servico] - [ Modulo_ID:0]- [ TagComando:] - [ Programa:opentef] - [ Unit:opentef] - [ VersaoMensage:1] - [ Versao:1.0.0] -  [ CodigoErro:0]  - [ Ocorrencia:0000254001811S00D3213Cancela VendaFFD3213Cancela Plano] - [ TMensagem:]
[ Data:28/05/2022] - [ Hora:19:11:47] - [ Linha:210520222110Servico] - [ Modulo_ID:0]- [ TagComando:] - [ Programa:opentef] - [ Unit:opentef] - [ VersaoMensage:1] - [ Versao:1.0.0] -  [ CodigoErro:0]  - [ Ocorrencia:0000254001811S00D3213Cancela VendaFFD3213Cancela Plano] - [ TMensagem:]
[ Data:28/05/2022] - [ Hora:19:11:47] - [ Linha:210520222110Servico] - [ Modulo_ID:0]- [ TagComando:] - [ Programa:opentef] - [ Unit:opentef] - [ VersaoMensage:1] - [ Versao:1.0.0] -  [ CodigoErro:0]  - [ Ocorrencia:0000254001811S00D3213Cancela VendaFFD3213Cancela Plano] - [ TMensagem:]
[ Data:28/05/2022] - [ Hora:19:11:47] - [ Linha:210520222110Servico] - [ Modulo_ID:0]- [ TagComando:] - [ Programa:opentef] - [ Unit:opentef] - [ VersaoMensage:1] - [ Versao:1.0.0] -  [ CodigoErro:0]  - [ Ocorrencia:0000254001811S00D3213Cancela VendaFFD3213Cancela Plano] - [ TMensagem:]
[ Data:28/05/2022] - [ Hora:19:11:47] - [ Linha:210520222110Servico] - [ Modulo_ID:0]- [ TagComando:] - [ Programa:opentef] - [ Unit:opentef] - [ VersaoMensage:1] - [ Versao:1.0.0] -  [ CodigoErro:0]  - [ Ocorrencia:0000254001811S00D3213Cancela VendaFFD3213Cancela Plano] - [ TMensagem:]
[ Data:28/05/2022] - [ Hora:19:11:47] - [ Linha:210520222110Servico] - [ Modulo_ID:0]- [ TagComando:] - [ Programa:opentef] - [ Unit:opentef] - [ VersaoMensage:1] - [ Versao:1.0.0] -  [ CodigoErro:0]  - [ Ocorrencia:0000254001811S00D3213Cancela VendaFFD3213Cancela Plano] - [ TMensagem:]
[ Data:28/05/2022] - [ Hora:19:11:48] - [ Linha:210520222110Servico] - [ Modulo_ID:0]- [ TagComando:] - [ Programa:opentef] - [ Unit:opentef] - [ VersaoMensage:1] - [ Versao:1.0.0] -  [ CodigoErro:0]  - [ Ocorrencia:0000254001811S00D3213Cancela VendaFFD3213Cancela Plano] - [ TMensagem:]
[ Data:28/05/2022] - [ Hora:19:11:48] - [ Linha:210520222110Servico] - [ Modulo_ID:0]- [ TagComando:] - [ Programa:opentef] - [ Unit:opentef] - [ VersaoMensage:1] - [ Versao:1.0.0] -  [ CodigoErro:0]  - [ Ocorrencia:0000254001811S00D3213Cancela VendaFFD3213Cancela Plano] - [ TMensagem:]
[ Data:28/05/2022] - [ Hora:19:11:48] - [ Linha:210520222110Servico] - [ Modulo_ID:0]- [ TagComando:] - [ Programa:opentef] - [ Unit:opentef] - [ VersaoMensage:1] - [ Versao:1.0.0] -  [ CodigoErro:0]  - [ Ocorrencia:0000254001811S00D3213Cancela VendaFFD3213Cancela Plano] - [ TMensagem:]
[ Data:28/05/2022] - [ Hora:19:11:48] - [ Linha:210520222110Servico] - [ Modulo_ID:0]- [ TagComando:] - [ Programa:opentef] - [ Unit:opentef] - [ VersaoMensage:1] - [ Versao:1.0.0] -  [ CodigoErro:0]  - [ Ocorrencia:0000254001811S00D3213Cancela VendaFFD3213Cancela Plano] - [ TMensagem:]
[ Data:28/05/2022] - [ Hora:19:11:48] - [ Linha:210520222110Servico] - [ Modulo_ID:0]- [ TagComando:] - [ Programa:opentef] - [ Unit:opentef] - [ VersaoMensage:1] - [ Versao:1.0.0] -  [ CodigoErro:0]  - [ Ocorrencia:0000254001811S00D3213Cancela VendaFFD3213Cancela Plano] - [ TMensagem:]
[ Data:28/05/2022] - [ Hora:19:11:48] - [ Linha:210520222110Servico] - [ Modulo_ID:0]- [ TagComando:] - [ Programa:opentef] - [ Unit:opentef] - [ VersaoMensage:1] - [ Versao:1.0.0] -  [ CodigoErro:0]  - [ Ocorrencia:0000254001811S00D3213Cancela VendaFFD3213Cancela Plano] - [ TMensagem:]
[ Data:28/05/2022] - [ Hora:19:11:48] - [ Linha:210520222110Servico] - [ Modulo_ID:0]- [ TagComando:] - [ Programa:opentef] - [ Unit:opentef] - [ VersaoMensage:1] - [ Versao:1.0.0] -  [ CodigoErro:0]  - [ Ocorrencia:0000254001811S00D3213Cancela VendaFFD3213Cancela Plano] - [ TMensagem:]
[ Data:28/05/2022] - [ Hora:19:11:49] - [ Linha:210520222110Servico] - [ Modulo_ID:0]- [ TagComando:] - [ Programa:opentef] - [ Unit:opentef] - [ VersaoMensage:1] - [ Versao:1.0.0] -  [ CodigoErro:0]  - [ Ocorrencia:0000254001811S00D3213Cancela VendaFFD3213Cancela Plano] - [ TMensagem:]
[ Data:28/05/2022] - [ Hora:19:11:49] - [ Linha:210520222110Servico] - [ Modulo_ID:0]- [ TagComando:] - [ Programa:opentef] - [ Unit:opentef] - [ VersaoMensage:1] - [ Versao:1.0.0] -  [ CodigoErro:0]  - [ Ocorrencia:0000254001811S00D3213Cancela VendaFFD3213Cancela Plano] - [ TMensagem:]
[ Data:28/05/2022] - [ Hora:19:11:49] - [ Linha:210520222110Servico] - [ Modulo_ID:0]- [ TagComando:] - [ Programa:opentef] - [ Unit:opentef] - [ VersaoMensage:1] - [ Versao:1.0.0] -  [ CodigoErro:0]  - [ Ocorrencia:0000254001811S00D3213Cancela VendaFFD3213Cancela Plano] - [ TMensagem:]
[ Data:28/05/2022] - [ Hora:19:11:49] - [ Linha:210520222110Servico] - [ Modulo_ID:0]- [ TagComando:] - [ Programa:opentef] - [ Unit:opentef] - [ VersaoMensage:1] - [ Versao:1.0.0] -  [ CodigoErro:0]  - [ Ocorrencia:0000254001811S00D3213Cancela VendaFFD3213Cancela Plano] - [ TMensagem:]
[ Data:28/05/2022] - [ Hora:19:11:49] - [ Linha:210520222110Servico] - [ Modulo_ID:0]- [ TagComando:] - [ Programa:opentef] - [ Unit:opentef] - [ VersaoMensage:1] - [ Versao:1.0.0] -  [ CodigoErro:0]  - [ Ocorrencia:0000254001811S00D3213Cancela VendaFFD3213Cancela Plano] - [ TMensagem:]
[ Data:28/05/2022] - [ Hora:19:11:49] - [ Linha:210520222110Servico] - [ Modulo_ID:0]- [ TagComando:] - [ Programa:opentef] - [ Unit:opentef] - [ VersaoMensage:1] - [ Versao:1.0.0] -  [ CodigoErro:0]  - [ Ocorrencia:0000254001811S00D3213Cancela VendaFFD3213Cancela Plano] - [ TMensagem:]
[ Data:28/05/2022] - [ Hora:19:11:50] - [ Linha:210520222110Servico] - [ Modulo_ID:0]- [ TagComando:] - [ Programa:opentef] - [ Unit:opentef] - [ VersaoMensage:1] - [ Versao:1.0.0] -  [ CodigoErro:0]  - [ Ocorrencia:0000254001811S00D3213Cancela VendaFFD3213Cancela Plano] - [ TMensagem:]
[ Data:28/05/2022] - [ Hora:19:11:50] - [ Linha:210520222110Servico] - [ Modulo_ID:0]- [ TagComando:] - [ Programa:opentef] - [ Unit:opentef] - [ VersaoMensage:1] - [ Versao:1.0.0] -  [ CodigoErro:0]  - [ Ocorrencia:0000254001811S00D3213Cancela VendaFFD3213Cancela Plano] - [ TMensagem:]
[ Data:28/05/2022] - [ Hora:19:11:50] - [ Linha:210520222110Servico] - [ Modulo_ID:0]- [ TagComando:] - [ Programa:opentef] - [ Unit:opentef] - [ VersaoMensage:1] - [ Versao:1.0.0] -  [ CodigoErro:0]  - [ Ocorrencia:0000254001811S00D3213Cancela VendaFFD3213Cancela Plano] - [ TMensagem:]
[ Data:28/05/2022] - [ Hora:19:11:50] - [ Linha:210520222110Servico] - [ Modulo_ID:0]- [ TagComando:] - [ Programa:opentef] - [ Unit:opentef] - [ VersaoMensage:1] - [ Versao:1.0.0] -  [ CodigoErro:0]  - [ Ocorrencia:0000254001811S00D3213Cancela VendaFFD3213Cancela Plano] - [ TMensagem:]
[ Data:28/05/2022] - [ Hora:19:11:50] - [ Linha:210520222110Servico] - [ Modulo_ID:0]- [ TagComando:] - [ Programa:opentef] - [ Unit:opentef] - [ VersaoMensage:1] - [ Versao:1.0.0] -  [ CodigoErro:0]  - [ Ocorrencia:0000254001811S00D3213Cancela VendaFFD3213Cancela Plano] - [ TMensagem:]
[ Data:28/05/2022] - [ Hora:19:11:50] - [ Linha:210520222110Servico] - [ Modulo_ID:0]- [ TagComando:] - [ Programa:opentef] - [ Unit:opentef] - [ VersaoMensage:1] - [ Versao:1.0.0] -  [ CodigoErro:0]  - [ Ocorrencia:0000254001811S00D3213Cancela VendaFFD3213Cancela Plano] - [ TMensagem:]
[ Data:28/05/2022] - [ Hora:19:11:50] - [ Linha:210520222110Servico] - [ Modulo_ID:0]- [ TagComando:] - [ Programa:opentef] - [ Unit:opentef] - [ VersaoMensage:1] - [ Versao:1.0.0] -  [ CodigoErro:0]  - [ Ocorrencia:0000254001811S00D3213Cancela VendaFFD3213Cancela Plano] - [ TMensagem:]
[ Data:28/05/2022] - [ Hora:19:11:51] - [ Linha:210520222110Servico] - [ Modulo_ID:0]- [ TagComando:] - [ Programa:opentef] - [ Unit:opentef] - [ VersaoMensage:1] - [ Versao:1.0.0] -  [ CodigoErro:0]  - [ Ocorrencia:0000254001811S00D3213Cancela VendaFFD3213Cancela Plano] - [ TMensagem:]
[ Data:28/05/2022] - [ Hora:19:11:51] - [ Linha:210520222110Servico] - [ Modulo_ID:0]- [ TagComando:] - [ Programa:opentef] - [ Unit:opentef] - [ VersaoMensage:1] - [ Versao:1.0.0] -  [ CodigoErro:0]  - [ Ocorrencia:0000254001811S00D3213Cancela VendaFFD3213Cancela Plano] - [ TMensagem:]
[ Data:28/05/2022] - [ Hora:19:11:51] - [ Linha:210520222110Servico] - [ Modulo_ID:0]- [ TagComando:] - [ Programa:opentef] - [ Unit:opentef] - [ VersaoMensage:1] - [ Versao:1.0.0] -  [ CodigoErro:0]  - [ Ocorrencia:0000254001811S00D3213Cancela VendaFFD3213Cancela Plano] - [ TMensagem:]
[ Data:28/05/2022] - [ Hora:19:11:51] - [ Linha:210520222110Servico] - [ Modulo_ID:0]- [ TagComando:] - [ Programa:opentef] - [ Unit:opentef] - [ VersaoMensage:1] - [ Versao:1.0.0] -  [ CodigoErro:0]  - [ Ocorrencia:0000254001811S00D3213Cancela VendaFFD3213Cancela Plano] - [ TMensagem:]
[ Data:28/05/2022] - [ Hora:19:11:51] - [ Linha:210520222110Servico] - [ Modulo_ID:0]- [ TagComando:] - [ Programa:opentef] - [ Unit:opentef] - [ VersaoMensage:1] - [ Versao:1.0.0] -  [ CodigoErro:0]  - [ Ocorrencia:0000254001811S00D3213Cancela VendaFFD3213Cancela Plano] - [ TMensagem:]
[ Data:28/05/2022] - [ Hora:19:11:51] - [ Linha:210520222110Servico] - [ Modulo_ID:0]- [ TagComando:] - [ Programa:opentef] - [ Unit:opentef] - [ VersaoMensage:1] - [ Versao:1.0.0] -  [ CodigoErro:0]  - [ Ocorrencia:0000254001811S00D3213Cancela VendaFFD3213Cancela Plano] - [ TMensagem:]
[ Data:28/05/2022] - [ Hora:19:11:52] - [ Linha:210520222110Servico] - [ Modulo_ID:0]- [ TagComando:] - [ Programa:opentef] - [ Unit:opentef] - [ VersaoMensage:1] - [ Versao:1.0.0] -  [ CodigoErro:0]  - [ Ocorrencia:0000254001811S00D3213Cancela VendaFFD3213Cancela Plano] - [ TMensagem:]
[ Data:28/05/2022] - [ Hora:19:11:52] - [ Linha:210520222110Servico] - [ Modulo_ID:0]- [ TagComando:] - [ Programa:opentef] - [ Unit:opentef] - [ VersaoMensage:1] - [ Versao:1.0.0] -  [ CodigoErro:0]  - [ Ocorrencia:0000254001811S00D3213Cancela VendaFFD3213Cancela Plano] - [ TMensagem:]
[ Data:28/05/2022] - [ Hora:19:11:52] - [ Linha:210520222110Servico] - [ Modulo_ID:0]- [ TagComando:] - [ Programa:opentef] - [ Unit:opentef] - [ VersaoMensage:1] - [ Versao:1.0.0] -  [ CodigoErro:0]  - [ Ocorrencia:0000254001811S00D3213Cancela VendaFFD3213Cancela Plano] - [ TMensagem:]
[ Data:28/05/2022] - [ Hora:19:11:52] - [ Linha:210520222110Servico] - [ Modulo_ID:0]- [ TagComando:] - [ Programa:opentef] - [ Unit:opentef] - [ VersaoMensage:1] - [ Versao:1.0.0] -  [ CodigoErro:0]  - [ Ocorrencia:0000254001811S00D3213Cancela VendaFFD3213Cancela Plano] - [ TMensagem:]
[ Data:28/05/2022] - [ Hora:19:11:52] - [ Linha:210520222110Servico] - [ Modulo_ID:0]- [ TagComando:] - [ Programa:opentef] - [ Unit:opentef] - [ VersaoMensage:1] - [ Versao:1.0.0] -  [ CodigoErro:0]  - [ Ocorrencia:0000254001811S00D3213Cancela VendaFFD3213Cancela Plano] - [ TMensagem:]
[ Data:28/05/2022] - [ Hora:19:11:52] - [ Linha:210520222110Servico] - [ Modulo_ID:0]- [ TagComando:] - [ Programa:opentef] - [ Unit:opentef] - [ VersaoMensage:1] - [ Versao:1.0.0] -  [ CodigoErro:0]  - [ Ocorrencia:0000254001811S00D3213Cancela VendaFFD3213Cancela Plano] - [ TMensagem:]
[ Data:28/05/2022] - [ Hora:19:13:31] - [ Linha:210520222110Servico] - [ Modulo_ID:0]- [ TagComando:] - [ Programa:opentef] - [ Unit:opentef] - [ VersaoMensage:1] - [ Versao:1.0.0] -  [ CodigoErro:0]  - [ Ocorrencia:000022700CF11R004D110007D10] - [ TMensagem:]
[ Data:28/05/2022] - [ Hora:19:13:38] - [ Linha:210520222110Servico] - [ Modulo_ID:0]- [ TagComando:] - [ Programa:opentef] - [ Unit:opentef] - [ VersaoMensage:1] - [ Versao:1.0.0] -  [ CodigoErro:0]  - [ Ocorrencia:000028200D411R004D110007D2540000254001811R00D3213Cancela VendaFFD3213Cancela Plano] - [ TMensagem:]
[ Data:28/05/2022] - [ Hora:19:13:39] - [ Linha:210520222110Servico] - [ Modulo_ID:0]- [ TagComando:] - [ Programa:opentef] - [ Unit:opentef] - [ VersaoMensage:1] - [ Versao:1.0.0] -  [ CodigoErro:0]  - [ Ocorrencia:000023300CD11R004D11000CE16629867] - [ TMensagem:]
[ Data:28/05/2022] - [ Hora:19:36:29] - [ Linha:210520222110Servico] - [ Modulo_ID:0]- [ TagComando:] - [ Programa:opentef] - [ Unit:opentef] - [ VersaoMensage:1] - [ Versao:1.0.0] -  [ CodigoErro:0]  - [ Ocorrencia:000022700CF11R004D110007D10] - [ TMensagem:]
[ Data:28/05/2022] - [ Hora:19:36:36] - [ Linha:210520222110Servico] - [ Modulo_ID:0]- [ TagComando:] - [ Programa:opentef] - [ Unit:opentef] - [ VersaoMensage:1] - [ Versao:1.0.0] -  [ CodigoErro:0]  - [ Ocorrencia:000028200D411R004D110007D2540000254001811R00D3213Cancela VendaFFD3213Cancela Plano] - [ TMensagem:]
[ Data:28/05/2022] - [ Hora:19:36:37] - [ Linha:210520222110Servico] - [ Modulo_ID:0]- [ TagComando:] - [ Programa:opentef] - [ Unit:opentef] - [ VersaoMensage:1] - [ Versao:1.0.0] -  [ CodigoErro:0]  - [ Ocorrencia:000023300CD11R004D11000CE16629867] - [ TMensagem:]
[ Data:28/05/2022] - [ Hora:19:52:37] - [ Linha:210520222110Servico] - [ Modulo_ID:0]- [ TagComando:] - [ Programa:opentef] - [ Unit:opentef] - [ VersaoMensage:1] - [ Versao:1.0.0] -  [ CodigoErro:0]  - [ Ocorrencia:000022700CF11R004D110007D10] - [ TMensagem:]
[ Data:28/05/2022] - [ Hora:19:52:41] - [ Linha:210520222110Servico] - [ Modulo_ID:0]- [ TagComando:] - [ Programa:opentef] - [ Unit:opentef] - [ VersaoMensage:1] - [ Versao:1.0.0] -  [ CodigoErro:0]  - [ Ocorrencia:000028200D411R004D110007D2540000254001811R00D3213Cancela VendaFFD3213Cancela Plano] - [ TMensagem:]
[ Data:28/05/2022] - [ Hora:19:52:41] - [ Linha:210520222110Servico] - [ Modulo_ID:0]- [ TagComando:] - [ Programa:opentef] - [ Unit:opentef] - [ VersaoMensage:1] - [ Versao:1.0.0] -  [ CodigoErro:0]  - [ Ocorrencia:000023300CD11R004D11000CE16629867] - [ TMensagem:]
[ Data:28/05/2022] - [ Hora:20:05:59] - [ Linha:210520222110Servico] - [ Modulo_ID:0]- [ TagComando:] - [ Programa:opentef] - [ Unit:opentef] - [ VersaoMensage:1] - [ Versao:1.0.0] -  [ CodigoErro:0]  - [ Ocorrencia:000022700CF11R004D110007D10] - [ TMensagem:]
[ Data:28/05/2022] - [ Hora:20:06:04] - [ Linha:210520222110Servico] - [ Modulo_ID:0]- [ TagComando:] - [ Programa:opentef] - [ Unit:opentef] - [ VersaoMensage:1] - [ Versao:1.0.0] -  [ CodigoErro:0]  - [ Ocorrencia:000028200D411R004D110007D2540000254001811R00D3213Cancela VendaFFD3213Cancela Plano] - [ TMensagem:]
[ Data:28/05/2022] - [ Hora:20:06:05] - [ Linha:210520222110Servico] - [ Modulo_ID:0]- [ TagComando:] - [ Programa:opentef] - [ Unit:opentef] - [ VersaoMensage:1] - [ Versao:1.0.0] -  [ CodigoErro:0]  - [ Ocorrencia:000023300CD11R004D11000CE16629867] - [ TMensagem:]
[ Data:28/05/2022] - [ Hora:20:06:54] - [ Linha:210520222110Servico] - [ Modulo_ID:0]- [ TagComando:] - [ Programa:opentef] - [ Unit:opentef] - [ VersaoMensage:1] - [ Versao:1.0.0] -  [ CodigoErro:0]  - [ Ocorrencia:000028200D411R004D110007D2540000254001811R00D3213Cancela VendaFFD3213Cancela Plano] - [ TMensagem:]
[ Data:28/05/2022] - [ Hora:20:06:59] - [ Linha:210520222110Servico] - [ Modulo_ID:0]- [ TagComando:] - [ Programa:opentef] - [ Unit:opentef] - [ VersaoMensage:1] - [ Versao:1.0.0] -  [ CodigoErro:0]  - [ Ocorrencia:000022700CF11R004D110007D10] - [ TMensagem:]
[ Data:28/05/2022] - [ Hora:20:06:59] - [ Linha:210520222110Servico] - [ Modulo_ID:0]- [ TagComando:] - [ Programa:opentef] - [ Unit:opentef] - [ VersaoMensage:1] - [ Versao:1.0.0] -  [ CodigoErro:0]  - [ Ocorrencia:000023300CD11R004D11000CE16629867] - [ TMensagem:]
[ Data:28/05/2022] - [ Hora:20:12:09] - [ Linha:210520222110Servico] - [ Modulo_ID:0]- [ TagComando:] - [ Programa:opentef] - [ Unit:opentef] - [ VersaoMensage:1] - [ Versao:1.0.0] -  [ CodigoErro:0]  - [ Ocorrencia:000022700CF11R004D110007D10] - [ TMensagem:]
[ Data:28/05/2022] - [ Hora:20:12:09] - [ Linha:210520222110Servico] - [ Modulo_ID:0]- [ TagComando:] - [ Programa:opentef] - [ Unit:opentef] - [ VersaoMensage:1] - [ Versao:1.0.0] -  [ CodigoErro:0]  - [ Ocorrencia:000023300CD11R004D11000CE16629867] - [ TMensagem:]
[ Data:28/05/2022] - [ Hora:20:12:09] - [ Linha:210520222110Servico] - [ Modulo_ID:0]- [ TagComando:] - [ Programa:opentef] - [ Unit:opentef] - [ VersaoMensage:1] - [ Versao:1.0.0] -  [ CodigoErro:0]  - [ Ocorrencia:000028200D411R004D110007D2540000254001811R00D3213Cancela VendaFFD3213Cancela Plano] - [ TMensagem:]
[ Data:28/05/2022] - [ Hora:20:24:05] - [ Linha:210520222110Servico] - [ Modulo_ID:0]- [ TagComando:] - [ Programa:opentef] - [ Unit:opentef] - [ VersaoMensage:1] - [ Versao:1.0.0] -  [ CodigoErro:67]  - [ Ocorrencia:] - [ TMensagem:]
[ Data:28/05/2022] - [ Hora:20:24:05] - [ Linha:210520222110Servico] - [ Modulo_ID:0]- [ TagComando:] - [ Programa:opentef] - [ Unit:opentef] - [ VersaoMensage:1] - [ Versao:1.0.0] -  [ CodigoErro:67]  - [ Ocorrencia:] - [ TMensagem:]
[ Data:28/05/2022] - [ Hora:20:24:05] - [ Linha:210520222110Servico] - [ Modulo_ID:0]- [ TagComando:] - [ Programa:opentef] - [ Unit:opentef] - [ VersaoMensage:1] - [ Versao:1.0.0] -  [ CodigoErro:67]  - [ Ocorrencia:] - [ TMensagem:]
[ Data:28/05/2022] - [ Hora:20:26:24] - [ Linha:210520222110Servico] - [ Modulo_ID:0]- [ TagComando:] - [ Programa:opentef] - [ Unit:opentef] - [ VersaoMensage:1] - [ Versao:1.0.0] -  [ CodigoErro:67]  - [ Ocorrencia:] - [ TMensagem:]
[ Data:28/05/2022] - [ Hora:20:26:24] - [ Linha:210520222110Servico] - [ Modulo_ID:0]- [ TagComando:] - [ Programa:opentef] - [ Unit:opentef] - [ VersaoMensage:1] - [ Versao:1.0.0] -  [ CodigoErro:67]  - [ Ocorrencia:] - [ TMensagem:]
[ Data:28/05/2022] - [ Hora:20:26:24] - [ Linha:210520222110Servico] - [ Modulo_ID:0]- [ TagComando:] - [ Programa:opentef] - [ Unit:opentef] - [ VersaoMensage:1] - [ Versao:1.0.0] -  [ CodigoErro:67]  - [ Ocorrencia:] - [ TMensagem:]
[ Data:28/05/2022] - [ Hora:20:29:00] - [ Linha:210520222110Servico] - [ Modulo_ID:0]- [ TagComando:] - [ Programa:opentef] - [ Unit:opentef] - [ VersaoMensage:1] - [ Versao:1.0.0] -  [ CodigoErro:69]  - [ Ocorrencia:] - [ TMensagem:]
[ Data:28/05/2022] - [ Hora:20:29:00] - [ Linha:210520222110Servico] - [ Modulo_ID:0]- [ TagComando:] - [ Programa:opentef] - [ Unit:opentef] - [ VersaoMensage:1] - [ Versao:1.0.0] -  [ CodigoErro:69]  - [ Ocorrencia:] - [ TMensagem:]
[ Data:28/05/2022] - [ Hora:20:29:00] - [ Linha:210520222110Servico] - [ Modulo_ID:0]- [ TagComando:] - [ Programa:opentef] - [ Unit:opentef] - [ VersaoMensage:1] - [ Versao:1.0.0] -  [ CodigoErro:69]  - [ Ocorrencia:] - [ TMensagem:]
[ Data:28/05/2022] - [ Hora:20:31:29] - [ Linha:210520222110Servico] - [ Modulo_ID:0]- [ TagComando:] - [ Programa:opentef] - [ Unit:opentef] - [ VersaoMensage:1] - [ Versao:1.0.0] -  [ CodigoErro:67]  - [ Ocorrencia:] - [ TMensagem:]
[ Data:28/05/2022] - [ Hora:20:31:29] - [ Linha:210520222110Servico] - [ Modulo_ID:0]- [ TagComando:] - [ Programa:opentef] - [ Unit:opentef] - [ VersaoMensage:1] - [ Versao:1.0.0] -  [ CodigoErro:67]  - [ Ocorrencia:] - [ TMensagem:]
[ Data:28/05/2022] - [ Hora:20:31:29] - [ Linha:210520222110Servico] - [ Modulo_ID:0]- [ TagComando:] - [ Programa:opentef] - [ Unit:opentef] - [ VersaoMensage:1] - [ Versao:1.0.0] -  [ CodigoErro:67]  - [ Ocorrencia:] - [ TMensagem:]
[ Data:28/05/2022] - [ Hora:20:34:36] - [ Linha:210520222110Servico] - [ Modulo_ID:0]- [ TagComando:] - [ Programa:opentef] - [ Unit:opentef] - [ VersaoMensage:1] - [ Versao:1.0.0] -  [ CodigoErro:0]  - [ Ocorrencia:000023300CD11R004D11000CE16629867] - [ TMensagem:]
[ Data:28/05/2022] - [ Hora:20:35:14] - [ Linha:210520222110Servico] - [ Modulo_ID:0]- [ TagComando:] - [ Programa:opentef] - [ Unit:opentef] - [ VersaoMensage:1] - [ Versao:1.0.0] -  [ CodigoErro:69]  - [ Ocorrencia:] - [ TMensagem:]
[ Data:28/05/2022] - [ Hora:20:35:14] - [ Linha:210520222110Servico] - [ Modulo_ID:0]- [ TagComando:] - [ Programa:opentef] - [ Unit:opentef] - [ VersaoMensage:1] - [ Versao:1.0.0] -  [ CodigoErro:69]  - [ Ocorrencia:] - [ TMensagem:]
[ Data:28/05/2022] - [ Hora:20:35:23] - [ Linha:210520222110Servico] - [ Modulo_ID:0]- [ TagComando:] - [ Programa:opentef] - [ Unit:opentef] - [ VersaoMensage:1] - [ Versao:1.0.0] -  [ CodigoErro:0]  - [ Ocorrencia:000023300CD11R004D11000CE16629867] - [ TMensagem:]
[ Data:28/05/2022] - [ Hora:20:35:32] - [ Linha:210520222110Servico] - [ Modulo_ID:0]- [ TagComando:] - [ Programa:opentef] - [ Unit:opentef] - [ VersaoMensage:1] - [ Versao:1.0.0] -  [ CodigoErro:69]  - [ Ocorrencia:] - [ TMensagem:]
[ Data:28/05/2022] - [ Hora:20:35:32] - [ Linha:210520222110Servico] - [ Modulo_ID:0]- [ TagComando:] - [ Programa:opentef] - [ Unit:opentef] - [ VersaoMensage:1] - [ Versao:1.0.0] -  [ CodigoErro:69]  - [ Ocorrencia:] - [ TMensagem:]
[ Data:28/05/2022] - [ Hora:20:36:40] - [ Linha:210520222110Servico] - [ Modulo_ID:0]- [ TagComando:] - [ Programa:opentef] - [ Unit:opentef] - [ VersaoMensage:1] - [ Versao:1.0.0] -  [ CodigoErro:0]  - [ Ocorrencia:000023300CD11R004D11000CE16629867] - [ TMensagem:]
[ Data:28/05/2022] - [ Hora:20:37:37] - [ Linha:210520222110Servico] - [ Modulo_ID:0]- [ TagComando:] - [ Programa:opentef] - [ Unit:opentef] - [ VersaoMensage:1] - [ Versao:1.0.0] -  [ CodigoErro:67]  - [ Ocorrencia:] - [ TMensagem:]
[ Data:28/05/2022] - [ Hora:20:37:37] - [ Linha:210520222110Servico] - [ Modulo_ID:0]- [ TagComando:] - [ Programa:opentef] - [ Unit:opentef] - [ VersaoMensage:1] - [ Versao:1.0.0] -  [ CodigoErro:67]  - [ Ocorrencia:] - [ TMensagem:]
[ Data:28/05/2022] - [ Hora:20:38:06] - [ Linha:210520222110Servico] - [ Modulo_ID:0]- [ TagComando:] - [ Programa:opentef] - [ Unit:opentef] - [ VersaoMensage:1] - [ Versao:1.0.0] -  [ CodigoErro:0]  - [ Ocorrencia:000023300CD11R004D11000CE16629867] - [ TMensagem:]
[ Data:28/05/2022] - [ Hora:20:38:35] - [ Linha:210520222110Servico] - [ Modulo_ID:0]- [ TagComando:] - [ Programa:opentef] - [ Unit:opentef] - [ VersaoMensage:1] - [ Versao:1.0.0] -  [ CodigoErro:69]  - [ Ocorrencia:] - [ TMensagem:]
[ Data:28/05/2022] - [ Hora:20:38:35] - [ Linha:210520222110Servico] - [ Modulo_ID:0]- [ TagComando:] - [ Programa:opentef] - [ Unit:opentef] - [ VersaoMensage:1] - [ Versao:1.0.0] -  [ CodigoErro:69]  - [ Ocorrencia:] - [ TMensagem:]
[ Data:28/05/2022] - [ Hora:20:38:40] - [ Linha:210520222110Servico] - [ Modulo_ID:0]- [ TagComando:] - [ Programa:opentef] - [ Unit:opentef] - [ VersaoMensage:1] - [ Versao:1.0.0] -  [ CodigoErro:0]  - [ Ocorrencia:000022700CF11R004D110007D10] - [ TMensagem:]
[ Data:28/05/2022] - [ Hora:20:38:41] - [ Linha:210520222110Servico] - [ Modulo_ID:0]- [ TagComando:] - [ Programa:opentef] - [ Unit:opentef] - [ VersaoMensage:1] - [ Versao:1.0.0] -  [ CodigoErro:0]  - [ Ocorrencia:000023300CD11R004D11000CE16629867] - [ TMensagem:]
[ Data:28/05/2022] - [ Hora:20:38:54] - [ Linha:210520222110Servico] - [ Modulo_ID:0]- [ TagComando:] - [ Programa:opentef] - [ Unit:opentef] - [ VersaoMensage:1] - [ Versao:1.0.0] -  [ CodigoErro:69]  - [ Ocorrencia:] - [ TMensagem:]
[ Data:28/05/2022] - [ Hora:20:39:59] - [ Linha:210520222110Servico] - [ Modulo_ID:0]- [ TagComando:] - [ Programa:opentef] - [ Unit:opentef] - [ VersaoMensage:1] - [ Versao:1.0.0] -  [ CodigoErro:0]  - [ Ocorrencia:000028200D411R004D110007D2540000254001811R00D3213Cancela VendaFFD3213Cancela Plano] - [ TMensagem:]
[ Data:28/05/2022] - [ Hora:20:39:59] - [ Linha:210520222110Servico] - [ Modulo_ID:0]- [ TagComando:] - [ Programa:opentef] - [ Unit:opentef] - [ VersaoMensage:1] - [ Versao:1.0.0] -  [ CodigoErro:0]  - [ Ocorrencia:000022700CF11R004D110007D10] - [ TMensagem:]
[ Data:28/05/2022] - [ Hora:20:39:59] - [ Linha:210520222110Servico] - [ Modulo_ID:0]- [ TagComando:] - [ Programa:opentef] - [ Unit:opentef] - [ VersaoMensage:1] - [ Versao:1.0.0] -  [ CodigoErro:0]  - [ Ocorrencia:000023300CD11R004D11000CE16629867] - [ TMensagem:]
[ Data:28/05/2022] - [ Hora:20:42:06] - [ Linha:210520222110Servico] - [ Modulo_ID:0]- [ TagComando:] - [ Programa:opentef] - [ Unit:opentef] - [ VersaoMensage:1] - [ Versao:1.0.0] -  [ CodigoErro:0]  - [ Ocorrencia:000022700CF11R004D110007D10] - [ TMensagem:]
[ Data:28/05/2022] - [ Hora:20:42:06] - [ Linha:210520222110Servico] - [ Modulo_ID:0]- [ TagComando:] - [ Programa:opentef] - [ Unit:opentef] - [ VersaoMensage:1] - [ Versao:1.0.0] -  [ CodigoErro:0]  - [ Ocorrencia:000028200D411R004D110007D2540000254001811R00D3213Cancela VendaFFD3213Cancela Plano] - [ TMensagem:]
[ Data:28/05/2022] - [ Hora:20:42:06] - [ Linha:210520222110Servico] - [ Modulo_ID:0]- [ TagComando:] - [ Programa:opentef] - [ Unit:opentef] - [ VersaoMensage:1] - [ Versao:1.0.0] -  [ CodigoErro:0]  - [ Ocorrencia:000023300CD11R004D11000CE16629867] - [ TMensagem:]
[ Data:28/05/2022] - [ Hora:20:42:35] - [ Linha:210520222110Servico] - [ Modulo_ID:0]- [ TagComando:] - [ Programa:opentef] - [ Unit:opentef] - [ VersaoMensage:1] - [ Versao:1.0.0] -  [ CodigoErro:0]  - [ Ocorrencia:000022700CF11R004D110007D10] - [ TMensagem:]
[ Data:28/05/2022] - [ Hora:20:42:35] - [ Linha:210520222110Servico] - [ Modulo_ID:0]- [ TagComando:] - [ Programa:opentef] - [ Unit:opentef] - [ VersaoMensage:1] - [ Versao:1.0.0] -  [ CodigoErro:0]  - [ Ocorrencia:000028200D411R004D110007D2540000254001811R00D3213Cancela VendaFFD3213Cancela Plano] - [ TMensagem:]
[ Data:28/05/2022] - [ Hora:20:42:35] - [ Linha:210520222110Servico] - [ Modulo_ID:0]- [ TagComando:] - [ Programa:opentef] - [ Unit:opentef] - [ VersaoMensage:1] - [ Versao:1.0.0] -  [ CodigoErro:0]  - [ Ocorrencia:000023300CD11R004D11000CE16629867] - [ TMensagem:]
[ Data:28/05/2022] - [ Hora:20:48:38] - [ Linha:210520222110Servico] - [ Modulo_ID:0]- [ TagComando:] - [ Programa:opentef] - [ Unit:opentef] - [ VersaoMensage:1] - [ Versao:1.0.0] -  [ CodigoErro:0]  - [ Ocorrencia:000022700CF11R004D110007D10] - [ TMensagem:]
[ Data:28/05/2022] - [ Hora:20:48:38] - [ Linha:210520222110Servico] - [ Modulo_ID:0]- [ TagComando:] - [ Programa:opentef] - [ Unit:opentef] - [ VersaoMensage:1] - [ Versao:1.0.0] -  [ CodigoErro:0]  - [ Ocorrencia:000023300CD11R004D11000CE16629867] - [ TMensagem:]
[ Data:28/05/2022] - [ Hora:20:48:38] - [ Linha:210520222110Servico] - [ Modulo_ID:0]- [ TagComando:] - [ Programa:opentef] - [ Unit:opentef] - [ VersaoMensage:1] - [ Versao:1.0.0] -  [ CodigoErro:0]  - [ Ocorrencia:000028200D411R004D110007D2540000254001811R00D3213Cancela VendaFFD3213Cancela Plano] - [ TMensagem:]
[ Data:28/05/2022] - [ Hora:20:51:35] - [ Linha:210520222110Servico] - [ Modulo_ID:0]- [ TagComando:] - [ Programa:opentef] - [ Unit:opentef] - [ VersaoMensage:1] - [ Versao:1.0.0] -  [ CodigoErro:0]  - [ Ocorrencia:000022700CF11R004D110007D10] - [ TMensagem:]
[ Data:28/05/2022] - [ Hora:20:51:35] - [ Linha:210520222110Servico] - [ Modulo_ID:0]- [ TagComando:] - [ Programa:opentef] - [ Unit:opentef] - [ VersaoMensage:1] - [ Versao:1.0.0] -  [ CodigoErro:0]  - [ Ocorrencia:000028200D411R004D110007D2540000254001811R00D3213Cancela VendaFFD3213Cancela Plano] - [ TMensagem:]
[ Data:28/05/2022] - [ Hora:20:51:35] - [ Linha:210520222110Servico] - [ Modulo_ID:0]- [ TagComando:] - [ Programa:opentef] - [ Unit:opentef] - [ VersaoMensage:1] - [ Versao:1.0.0] -  [ CodigoErro:0]  - [ Ocorrencia:000023300CD11R004D11000CE16629867] - [ TMensagem:]
[ Data:28/05/2022] - [ Hora:20:52:43] - [ Linha:210520222110Servico] - [ Modulo_ID:0]- [ TagComando:] - [ Programa:opentef] - [ Unit:opentef] - [ VersaoMensage:1] - [ Versao:1.0.0] -  [ CodigoErro:0]  - [ Ocorrencia:00003120005A11S005B119005C215 DIGITE A SENHA005D114005E118005F232300C754CCBA191FA3EDC454D7D0F46DD00622160000867325848337] - [ TMensagem:]
[ Data:28/05/2022] - [ Hora:20:52:43] - [ Linha:210520222110Servico] - [ Modulo_ID:0]- [ TagComando:] - [ Programa:opentef] - [ Unit:opentef] - [ VersaoMensage:1] - [ Versao:1.0.0] -  [ CodigoErro:0]  - [ Ocorrencia:00003160001811S005B119005C215 DIGITE A SENHA005D114005E118005F232300C754CCBA191FA3EDC454D7D0F46DD0062216000086732584833700D3213Cancela VendaFFD3213Cancela Plano] - [ TMensagem:]
[ Data:28/05/2022] - [ Hora:20:56:37] - [ Linha:210520222110Servico] - [ Modulo_ID:0]- [ TagComando:] - [ Programa:opentef] - [ Unit:opentef] - [ VersaoMensage:1] - [ Versao:1.0.0] -  [ CodigoErro:69]  - [ Ocorrencia:] - [ TMensagem:]
[ Data:28/05/2022] - [ Hora:20:56:37] - [ Linha:210520222110Servico] - [ Modulo_ID:0]- [ TagComando:] - [ Programa:opentef] - [ Unit:opentef] - [ VersaoMensage:1] - [ Versao:1.0.0] -  [ CodigoErro:69]  - [ Ocorrencia:] - [ TMensagem:]
[ Data:28/05/2022] - [ Hora:20:56:37] - [ Linha:210520222110Servico] - [ Modulo_ID:0]- [ TagComando:] - [ Programa:opentef] - [ Unit:opentef] - [ VersaoMensage:1] - [ Versao:1.0.0] -  [ CodigoErro:69]  - [ Ocorrencia:] - [ TMensagem:]
[ Data:28/05/2022] - [ Hora:20:56:55] - [ Linha:210520222110Servico] - [ Modulo_ID:0]- [ TagComando:] - [ Programa:opentef] - [ Unit:opentef] - [ VersaoMensage:1] - [ Versao:1.0.0] -  [ CodigoErro:0]  - [ Ocorrencia:000022700CF11R004D110007D10] - [ TMensagem:]
[ Data:28/05/2022] - [ Hora:20:56:55] - [ Linha:210520222110Servico] - [ Modulo_ID:0]- [ TagComando:] - [ Programa:opentef] - [ Unit:opentef] - [ VersaoMensage:1] - [ Versao:1.0.0] -  [ CodigoErro:0]  - [ Ocorrencia:000028200D411R004D110007D2540000254001811R00D3213Cancela VendaFFD3213Cancela Plano] - [ TMensagem:]
[ Data:28/05/2022] - [ Hora:20:56:55] - [ Linha:210520222110Servico] - [ Modulo_ID:0]- [ TagComando:] - [ Programa:opentef] - [ Unit:opentef] - [ VersaoMensage:1] - [ Versao:1.0.0] -  [ CodigoErro:0]  - [ Ocorrencia:000023300CD11R004D11000CE16629867] - [ TMensagem:]
[ Data:28/05/2022] - [ Hora:20:58:33] - [ Linha:210520222110Servico] - [ Modulo_ID:0]- [ TagComando:] - [ Programa:opentef] - [ Unit:opentef] - [ VersaoMensage:1] - [ Versao:1.0.0] -  [ CodigoErro:0]  - [ Ocorrencia:00003160001811S005B119005C215 DIGITE A SENHA005D114005E118005F232300C754CCBA191FA3EDC454D7D0F46DD0062216000086732584833700D3213Cancela VendaFFD3213Cancela Plano] - [ TMensagem:]
[ Data:28/05/2022] - [ Hora:21:05:05] - [ Linha:210520222110Servico] - [ Modulo_ID:0]- [ TagComando:] - [ Programa:opentef] - [ Unit:opentef] - [ VersaoMensage:1] - [ Versao:1.0.0] -  [ CodigoErro:0]  - [ Ocorrencia:000022700CF11R004D110007D10] - [ TMensagem:]
[ Data:28/05/2022] - [ Hora:21:05:05] - [ Linha:210520222110Servico] - [ Modulo_ID:0]- [ TagComando:] - [ Programa:opentef] - [ Unit:opentef] - [ VersaoMensage:1] - [ Versao:1.0.0] -  [ CodigoErro:0]  - [ Ocorrencia:000028200D411R004D110007D2540000254001811R00D3213Cancela VendaFFD3213Cancela Plano] - [ TMensagem:]
[ Data:28/05/2022] - [ Hora:21:05:05] - [ Linha:210520222110Servico] - [ Modulo_ID:0]- [ TagComando:] - [ Programa:opentef] - [ Unit:opentef] - [ VersaoMensage:1] - [ Versao:1.0.0] -  [ CodigoErro:0]  - [ Ocorrencia:000023300CD11R004D11000CE16629867] - [ TMensagem:]
[ Data:28/05/2022] - [ Hora:21:08:17] - [ Linha:210520222110Servico] - [ Modulo_ID:0]- [ TagComando:] - [ Programa:opentef] - [ Unit:opentef] - [ VersaoMensage:1] - [ Versao:1.0.0] -  [ CodigoErro:0]  - [ Ocorrencia:000022700CF11R004D110007D10] - [ TMensagem:]
[ Data:28/05/2022] - [ Hora:21:08:17] - [ Linha:210520222110Servico] - [ Modulo_ID:0]- [ TagComando:] - [ Programa:opentef] - [ Unit:opentef] - [ VersaoMensage:1] - [ Versao:1.0.0] -  [ CodigoErro:0]  - [ Ocorrencia:000028200D411R004D110007D2540000254001811R00D3213Cancela VendaFFD3213Cancela Plano] - [ TMensagem:]
[ Data:28/05/2022] - [ Hora:21:08:17] - [ Linha:210520222110Servico] - [ Modulo_ID:0]- [ TagComando:] - [ Programa:opentef] - [ Unit:opentef] - [ VersaoMensage:1] - [ Versao:1.0.0] -  [ CodigoErro:0]  - [ Ocorrencia:000023300CD11R004D11000CE16629867] - [ TMensagem:]
[ Data:28/05/2022] - [ Hora:21:19:46] - [ Linha:210520222110Servico] - [ Modulo_ID:0]- [ TagComando:] - [ Programa:opentef] - [ Unit:opentef] - [ VersaoMensage:1] - [ Versao:1.0.0] -  [ CodigoErro:0]  - [ Ocorrencia:000022700CF11R004D110007D10] - [ TMensagem:]
[ Data:28/05/2022] - [ Hora:21:19:46] - [ Linha:210520222110Servico] - [ Modulo_ID:0]- [ TagComando:] - [ Programa:opentef] - [ Unit:opentef] - [ VersaoMensage:1] - [ Versao:1.0.0] -  [ CodigoErro:0]  - [ Ocorrencia:000028200D411R004D110007D2540000254001811R00D3213Cancela VendaFFD3213Cancela Plano] - [ TMensagem:]
[ Data:28/05/2022] - [ Hora:21:19:46] - [ Linha:210520222110Servico] - [ Modulo_ID:0]- [ TagComando:] - [ Programa:opentef] - [ Unit:opentef] - [ VersaoMensage:1] - [ Versao:1.0.0] -  [ CodigoErro:0]  - [ Ocorrencia:000023300CD11R004D11000CE16629867] - [ TMensagem:]
[ Data:28/05/2022] - [ Hora:21:35:57] - [ Linha:210520222110Servico] - [ Modulo_ID:0]- [ TagComando:] - [ Programa:opentef] - [ Unit:opentef] - [ VersaoMensage:1] - [ Versao:1.0.0] -  [ CodigoErro:0]  - [ Ocorrencia:000022700CF11R004D110007D10] - [ TMensagem:]
[ Data:28/05/2022] - [ Hora:21:35:57] - [ Linha:210520222110Servico] - [ Modulo_ID:0]- [ TagComando:] - [ Programa:opentef] - [ Unit:opentef] - [ VersaoMensage:1] - [ Versao:1.0.0] -  [ CodigoErro:0]  - [ Ocorrencia:0000254001811S00D3213Cancela VendaFFD3213Cancela Plano] - [ TMensagem:]
[ Data:28/05/2022] - [ Hora:21:35:57] - [ Linha:210520222110Servico] - [ Modulo_ID:0]- [ TagComando:] - [ Programa:opentef] - [ Unit:opentef] - [ VersaoMensage:1] - [ Versao:1.0.0] -  [ CodigoErro:0]  - [ Ocorrencia:000023300CD11R004D11000CE16629867] - [ TMensagem:]
[ Data:28/05/2022] - [ Hora:21:35:57] - [ Linha:210520222110Servico] - [ Modulo_ID:0]- [ TagComando:] - [ Programa:opentef] - [ Unit:opentef] - [ VersaoMensage:1] - [ Versao:1.0.0] -  [ CodigoErro:0]  - [ Ocorrencia:000028200D411R004D110007D2540000254001811R00D3213Cancela VendaFFD3213Cancela Plano] - [ TMensagem:]
[ Data:28/05/2022] - [ Hora:21:35:57] - [ Linha:210520222110Servico] - [ Modulo_ID:0]- [ TagComando:] - [ Programa:opentef] - [ Unit:opentef] - [ VersaoMensage:1] - [ Versao:1.0.0] -  [ CodigoErro:0]  - [ Ocorrencia:0000254001811S00D3213Cancela VendaFFD3213Cancela Plano] - [ TMensagem:]
[ Data:28/05/2022] - [ Hora:21:35:57] - [ Linha:210520222110Servico] - [ Modulo_ID:0]- [ TagComando:] - [ Programa:opentef] - [ Unit:opentef] - [ VersaoMensage:1] - [ Versao:1.0.0] -  [ CodigoErro:0]  - [ Ocorrencia:0000254001811S00D3213Cancela VendaFFD3213Cancela Plano] - [ TMensagem:]
[ Data:28/05/2022] - [ Hora:21:42:06] - [ Linha:210520222110Servico] - [ Modulo_ID:0]- [ TagComando:] - [ Programa:opentef] - [ Unit:opentef] - [ VersaoMensage:1] - [ Versao:1.0.0] -  [ CodigoErro:0]  - [ Ocorrencia:0000224002C11S00DA14124F] - [ TMensagem:]
[ Data:28/05/2022] - [ Hora:21:59:12] - [ Linha:210520222110Servico] - [ Modulo_ID:0]- [ TagComando:] - [ Programa:opentef] - [ Unit:opentef] - [ VersaoMensage:1] - [ Versao:1.0.0] -  [ CodigoErro:0]  - [ Ocorrencia:000022700CF11R004D110007D10] - [ TMensagem:]
[ Data:28/05/2022] - [ Hora:21:59:20] - [ Linha:210520222110Servico] - [ Modulo_ID:0]- [ TagComando:] - [ Programa:opentef] - [ Unit:opentef] - [ VersaoMensage:1] - [ Versao:1.0.0] -  [ CodigoErro:0]  - [ Ocorrencia:0000254001811S00D3213Cancela VendaFFD3213Cancela Plano] - [ TMensagem:]
[ Data:28/05/2022] - [ Hora:21:59:20] - [ Linha:210520222110Servico] - [ Modulo_ID:0]- [ TagComando:] - [ Programa:opentef] - [ Unit:opentef] - [ VersaoMensage:1] - [ Versao:1.0.0] -  [ CodigoErro:0]  - [ Ocorrencia:000023300CD11R004D11000CE16629867] - [ TMensagem:]
[ Data:28/05/2022] - [ Hora:21:59:20] - [ Linha:210520222110Servico] - [ Modulo_ID:0]- [ TagComando:] - [ Programa:opentef] - [ Unit:opentef] - [ VersaoMensage:1] - [ Versao:1.0.0] -  [ CodigoErro:0]  - [ Ocorrencia:0000254001811S00D3213Cancela VendaFFD3213Cancela Plano] - [ TMensagem:]
[ Data:28/05/2022] - [ Hora:21:59:20] - [ Linha:210520222110Servico] - [ Modulo_ID:0]- [ TagComando:] - [ Programa:opentef] - [ Unit:opentef] - [ VersaoMensage:1] - [ Versao:1.0.0] -  [ CodigoErro:0]  - [ Ocorrencia:000028200D411R004D110007D2540000254001811R00D3213Cancela VendaFFD3213Cancela Plano] - [ TMensagem:]
[ Data:28/05/2022] - [ Hora:21:59:20] - [ Linha:210520222110Servico] - [ Modulo_ID:0]- [ TagComando:] - [ Programa:opentef] - [ Unit:opentef] - [ VersaoMensage:1] - [ Versao:1.0.0] -  [ CodigoErro:0]  - [ Ocorrencia:0000254001811S00D3213Cancela VendaFFD3213Cancela Plano] - [ TMensagem:]
[ Data:28/05/2022] - [ Hora:22:01:07] - [ Linha:210520222110Servico] - [ Modulo_ID:0]- [ TagComando:] - [ Programa:opentef] - [ Unit:opentef] - [ VersaoMensage:1] - [ Versao:1.0.0] -  [ CodigoErro:0]  - [ Ocorrencia:000022700CF11R004D110007D10] - [ TMensagem:]
[ Data:28/05/2022] - [ Hora:22:01:07] - [ Linha:210520222110Servico] - [ Modulo_ID:0]- [ TagComando:] - [ Programa:opentef] - [ Unit:opentef] - [ VersaoMensage:1] - [ Versao:1.0.0] -  [ CodigoErro:0]  - [ Ocorrencia:000028200D411R004D110007D2540000254001811R00D3213Cancela VendaFFD3213Cancela Plano] - [ TMensagem:]
[ Data:28/05/2022] - [ Hora:22:01:07] - [ Linha:210520222110Servico] - [ Modulo_ID:0]- [ TagComando:] - [ Programa:opentef] - [ Unit:opentef] - [ VersaoMensage:1] - [ Versao:1.0.0] -  [ CodigoErro:0]  - [ Ocorrencia:000023300CD11R004D11000CE16629867] - [ TMensagem:]
[ Data:28/05/2022] - [ Hora:22:11:20] - [ Linha:210520222110Servico] - [ Modulo_ID:0]- [ TagComando:] - [ Programa:opentef] - [ Unit:opentef] - [ VersaoMensage:1] - [ Versao:1.0.0] -  [ CodigoErro:0]  - [ Ocorrencia:000022700CF11R004D110007D10] - [ TMensagem:]
[ Data:28/05/2022] - [ Hora:22:11:20] - [ Linha:210520222110Servico] - [ Modulo_ID:0]- [ TagComando:] - [ Programa:opentef] - [ Unit:opentef] - [ VersaoMensage:1] - [ Versao:1.0.0] -  [ CodigoErro:0]  - [ Ocorrencia:000023300CD11R004D11000CE16629867] - [ TMensagem:]
[ Data:28/05/2022] - [ Hora:22:11:20] - [ Linha:210520222110Servico] - [ Modulo_ID:0]- [ TagComando:] - [ Programa:opentef] - [ Unit:opentef] - [ VersaoMensage:1] - [ Versao:1.0.0] -  [ CodigoErro:0]  - [ Ocorrencia:000028200D411R004D110007D2540000254001811R00D3213Cancela VendaFFD3213Cancela Plano] - [ TMensagem:]
[ Data:28/05/2022] - [ Hora:22:27:10] - [ Linha:210520222110Servico] - [ Modulo_ID:0]- [ TagComando:] - [ Programa:opentef] - [ Unit:opentef] - [ VersaoMensage:1] - [ Versao:1.0.0] -  [ CodigoErro:0]  - [ Ocorrencia:000022700CF11R004D110007D10] - [ TMensagem:]
[ Data:28/05/2022] - [ Hora:22:27:10] - [ Linha:210520222110Servico] - [ Modulo_ID:0]- [ TagComando:] - [ Programa:opentef] - [ Unit:opentef] - [ VersaoMensage:1] - [ Versao:1.0.0] -  [ CodigoErro:0]  - [ Ocorrencia:0000254001811S00D3213Cancela VendaFFD3213Cancela Plano] - [ TMensagem:]
[ Data:28/05/2022] - [ Hora:22:27:10] - [ Linha:210520222110Servico] - [ Modulo_ID:0]- [ TagComando:] - [ Programa:opentef] - [ Unit:opentef] - [ VersaoMensage:1] - [ Versao:1.0.0] -  [ CodigoErro:0]  - [ Ocorrencia:000028200D411R004D110007D2540000254001811R00D3213Cancela VendaFFD3213Cancela Plano] - [ TMensagem:]
[ Data:28/05/2022] - [ Hora:22:27:10] - [ Linha:210520222110Servico] - [ Modulo_ID:0]- [ TagComando:] - [ Programa:opentef] - [ Unit:opentef] - [ VersaoMensage:1] - [ Versao:1.0.0] -  [ CodigoErro:0]  - [ Ocorrencia:0000254001811S00D3213Cancela VendaFFD3213Cancela Plano] - [ TMensagem:]
[ Data:28/05/2022] - [ Hora:22:27:10] - [ Linha:210520222110Servico] - [ Modulo_ID:0]- [ TagComando:] - [ Programa:opentef] - [ Unit:opentef] - [ VersaoMensage:1] - [ Versao:1.0.0] -  [ CodigoErro:0]  - [ Ocorrencia:000023300CD11R004D11000CE16629867] - [ TMensagem:]
[ Data:28/05/2022] - [ Hora:22:27:10] - [ Linha:210520222110Servico] - [ Modulo_ID:0]- [ TagComando:] - [ Programa:opentef] - [ Unit:opentef] - [ VersaoMensage:1] - [ Versao:1.0.0] -  [ CodigoErro:0]  - [ Ocorrencia:0000254001811S00D3213Cancela VendaFFD3213Cancela Plano] - [ TMensagem:]
