[ Data:13/06/2022] - [ Hora:15:38:40] - [ Linha:210520222110Servico] - [ Modulo_ID:0]- [ TagComando:] - [ Programa:opentef] - [ Unit:opentef] - [ VersaoMensage:1] - [ Versao:1.0.0] -  [ CodigoErro:0]  - [ Ocorrencia:000022700CF11R004D110007D10] - [ TMensagem:]
[ Data:13/06/2022] - [ Hora:15:38:40] - [ Linha:210520222110Servico] - [ Modulo_ID:0]- [ TagComando:] - [ Programa:opentef] - [ Unit:opentef] - [ VersaoMensage:1] - [ Versao:1.0.0] -  [ CodigoErro:0]  - [ Ocorrencia:000023300CD11R004D11000CE16629867] - [ TMensagem:]
[ Data:13/06/2022] - [ Hora:15:38:52] - [ Linha:210520222110Servico] - [ Modulo_ID:0]- [ TagComando:] - [ Programa:opentef] - [ Unit:opentef] - [ VersaoMensage:1] - [ Versao:1.0.0] -  [ CodigoErro:0]  - [ Ocorrencia:000022700CF11R004D110007D10] - [ TMensagem:]
[ Data:13/06/2022] - [ Hora:15:38:52] - [ Linha:210520222110Servico] - [ Modulo_ID:0]- [ TagComando:] - [ Programa:opentef] - [ Unit:opentef] - [ VersaoMensage:1] - [ Versao:1.0.0] -  [ CodigoErro:0]  - [ Ocorrencia:000023300CD11R004D11000CE16629867] - [ TMensagem:]
[ Data:13/06/2022] - [ Hora:15:39:03] - [ Linha:210520222110Servico] - [ Modulo_ID:0]- [ TagComando:] - [ Programa:opentef] - [ Unit:opentef] - [ VersaoMensage:1] - [ Versao:1.0.0] -  [ CodigoErro:0]  - [ Ocorrencia:000022700CF11R004D110007D10] - [ TMensagem:]
[ Data:13/06/2022] - [ Hora:15:39:03] - [ Linha:210520222110Servico] - [ Modulo_ID:0]- [ TagComando:] - [ Programa:opentef] - [ Unit:opentef] - [ VersaoMensage:1] - [ Versao:1.0.0] -  [ CodigoErro:0]  - [ Ocorrencia:000023300CD11R004D11000CE16629867] - [ TMensagem:]
[ Data:13/06/2022] - [ Hora:15:39:15] - [ Linha:210520222110Servico] - [ Modulo_ID:0]- [ TagComando:] - [ Programa:opentef] - [ Unit:opentef] - [ VersaoMensage:1] - [ Versao:1.0.0] -  [ CodigoErro:0]  - [ Ocorrencia:000022700CF11R004D110007D10] - [ TMensagem:]
[ Data:13/06/2022] - [ Hora:15:39:15] - [ Linha:210520222110Servico] - [ Modulo_ID:0]- [ TagComando:] - [ Programa:opentef] - [ Unit:opentef] - [ VersaoMensage:1] - [ Versao:1.0.0] -  [ CodigoErro:0]  - [ Ocorrencia:000023300CD11R004D11000CE16629867] - [ TMensagem:]
[ Data:13/06/2022] - [ Hora:15:39:30] - [ Linha:210520222110Servico] - [ Modulo_ID:0]- [ TagComando:] - [ Programa:opentef] - [ Unit:opentef] - [ VersaoMensage:1] - [ Versao:1.0.0] -  [ CodigoErro:0]  - [ Ocorrencia:000022700CF11R004D110007D10] - [ TMensagem:]
[ Data:13/06/2022] - [ Hora:15:39:30] - [ Linha:210520222110Servico] - [ Modulo_ID:0]- [ TagComando:] - [ Programa:opentef] - [ Unit:opentef] - [ VersaoMensage:1] - [ Versao:1.0.0] -  [ CodigoErro:0]  - [ Ocorrencia:000023300CD11R004D11000CE16629867] - [ TMensagem:]
[ Data:13/06/2022] - [ Hora:15:39:48] - [ Linha:210520222110Servico] - [ Modulo_ID:0]- [ TagComando:] - [ Programa:opentef] - [ Unit:opentef] - [ VersaoMensage:1] - [ Versao:1.0.0] -  [ CodigoErro:0]  - [ Ocorrencia:000022700CF11R004D110007D10] - [ TMensagem:]
[ Data:13/06/2022] - [ Hora:15:39:48] - [ Linha:210520222110Servico] - [ Modulo_ID:0]- [ TagComando:] - [ Programa:opentef] - [ Unit:opentef] - [ VersaoMensage:1] - [ Versao:1.0.0] -  [ CodigoErro:0]  - [ Ocorrencia:000023300CD11R004D11000CE16629867] - [ TMensagem:]
[ Data:13/06/2022] - [ Hora:15:41:05] - [ Linha:210520222110Servico] - [ Modulo_ID:0]- [ TagComando:] - [ Programa:opentef] - [ Unit:opentef] - [ VersaoMensage:1] - [ Versao:1.0.0] -  [ CodigoErro:0]  - [ Ocorrencia:000022700CF11R004D110007D10] - [ TMensagem:]
[ Data:13/06/2022] - [ Hora:15:41:05] - [ Linha:210520222110Servico] - [ Modulo_ID:0]- [ TagComando:] - [ Programa:opentef] - [ Unit:opentef] - [ VersaoMensage:1] - [ Versao:1.0.0] -  [ CodigoErro:0]  - [ Ocorrencia:000023300CD11R004D11000CE16629867] - [ TMensagem:]
[ Data:13/06/2022] - [ Hora:15:41:21] - [ Linha:210520222110Servico] - [ Modulo_ID:0]- [ TagComando:] - [ Programa:opentef] - [ Unit:opentef] - [ VersaoMensage:1] - [ Versao:1.0.0] -  [ CodigoErro:0]  - [ Ocorrencia:000022700CF11R004D110007D10] - [ TMensagem:]
[ Data:13/06/2022] - [ Hora:15:41:21] - [ Linha:210520222110Servico] - [ Modulo_ID:0]- [ TagComando:] - [ Programa:opentef] - [ Unit:opentef] - [ VersaoMensage:1] - [ Versao:1.0.0] -  [ CodigoErro:0]  - [ Ocorrencia:000023300CD11R004D11000CE16629867] - [ TMensagem:]
[ Data:13/06/2022] - [ Hora:15:41:40] - [ Linha:210520222110Servico] - [ Modulo_ID:0]- [ TagComando:] - [ Programa:opentef] - [ Unit:opentef] - [ VersaoMensage:1] - [ Versao:1.0.0] -  [ CodigoErro:0]  - [ Ocorrencia:000022700CF11R004D110007D10] - [ TMensagem:]
[ Data:13/06/2022] - [ Hora:15:41:40] - [ Linha:210520222110Servico] - [ Modulo_ID:0]- [ TagComando:] - [ Programa:opentef] - [ Unit:opentef] - [ VersaoMensage:1] - [ Versao:1.0.0] -  [ CodigoErro:0]  - [ Ocorrencia:000023300CD11R004D11000CE16629867] - [ TMensagem:]
[ Data:13/06/2022] - [ Hora:15:41:54] - [ Linha:210520222110Servico] - [ Modulo_ID:0]- [ TagComando:] - [ Programa:opentef] - [ Unit:opentef] - [ VersaoMensage:1] - [ Versao:1.0.0] -  [ CodigoErro:0]  - [ Ocorrencia:000022700CF11R004D110007D10] - [ TMensagem:]
[ Data:13/06/2022] - [ Hora:15:41:54] - [ Linha:210520222110Servico] - [ Modulo_ID:0]- [ TagComando:] - [ Programa:opentef] - [ Unit:opentef] - [ VersaoMensage:1] - [ Versao:1.0.0] -  [ CodigoErro:0]  - [ Ocorrencia:000023300CD11R004D11000CE16629867] - [ TMensagem:]
[ Data:13/06/2022] - [ Hora:15:42:11] - [ Linha:210520222110Servico] - [ Modulo_ID:0]- [ TagComando:] - [ Programa:opentef] - [ Unit:opentef] - [ VersaoMensage:1] - [ Versao:1.0.0] -  [ CodigoErro:0]  - [ Ocorrencia:000022700CF11R004D110007D10] - [ TMensagem:]
[ Data:13/06/2022] - [ Hora:15:42:11] - [ Linha:210520222110Servico] - [ Modulo_ID:0]- [ TagComando:] - [ Programa:opentef] - [ Unit:opentef] - [ VersaoMensage:1] - [ Versao:1.0.0] -  [ CodigoErro:0]  - [ Ocorrencia:000023300CD11R004D11000CE16629867] - [ TMensagem:]
[ Data:13/06/2022] - [ Hora:15:42:23] - [ Linha:210520222110Servico] - [ Modulo_ID:0]- [ TagComando:] - [ Programa:opentef] - [ Unit:opentef] - [ VersaoMensage:1] - [ Versao:1.0.0] -  [ CodigoErro:0]  - [ Ocorrencia:000022700CF11R004D110007D10] - [ TMensagem:]
[ Data:13/06/2022] - [ Hora:15:42:23] - [ Linha:210520222110Servico] - [ Modulo_ID:0]- [ TagComando:] - [ Programa:opentef] - [ Unit:opentef] - [ VersaoMensage:1] - [ Versao:1.0.0] -  [ CodigoErro:0]  - [ Ocorrencia:000023300CD11R004D11000CE16629867] - [ TMensagem:]
[ Data:13/06/2022] - [ Hora:15:42:38] - [ Linha:210520222110Servico] - [ Modulo_ID:0]- [ TagComando:] - [ Programa:opentef] - [ Unit:opentef] - [ VersaoMensage:1] - [ Versao:1.0.0] -  [ CodigoErro:0]  - [ Ocorrencia:000022700CF11R004D110007D10] - [ TMensagem:]
[ Data:13/06/2022] - [ Hora:15:42:38] - [ Linha:210520222110Servico] - [ Modulo_ID:0]- [ TagComando:] - [ Programa:opentef] - [ Unit:opentef] - [ VersaoMensage:1] - [ Versao:1.0.0] -  [ CodigoErro:0]  - [ Ocorrencia:000023300CD11R004D11000CE16629867] - [ TMensagem:]
[ Data:13/06/2022] - [ Hora:15:42:50] - [ Linha:210520222110Servico] - [ Modulo_ID:0]- [ TagComando:] - [ Programa:opentef] - [ Unit:opentef] - [ VersaoMensage:1] - [ Versao:1.0.0] -  [ CodigoErro:0]  - [ Ocorrencia:000022700CF11R004D110007D10] - [ TMensagem:]
[ Data:13/06/2022] - [ Hora:15:42:51] - [ Linha:210520222110Servico] - [ Modulo_ID:0]- [ TagComando:] - [ Programa:opentef] - [ Unit:opentef] - [ VersaoMensage:1] - [ Versao:1.0.0] -  [ CodigoErro:0]  - [ Ocorrencia:000023300CD11R004D11000CE16629867] - [ TMensagem:]
[ Data:13/06/2022] - [ Hora:15:43:04] - [ Linha:210520222110Servico] - [ Modulo_ID:0]- [ TagComando:] - [ Programa:opentef] - [ Unit:opentef] - [ VersaoMensage:1] - [ Versao:1.0.0] -  [ CodigoErro:0]  - [ Ocorrencia:000022700CF11R004D110007D10] - [ TMensagem:]
[ Data:13/06/2022] - [ Hora:15:43:04] - [ Linha:210520222110Servico] - [ Modulo_ID:0]- [ TagComando:] - [ Programa:opentef] - [ Unit:opentef] - [ VersaoMensage:1] - [ Versao:1.0.0] -  [ CodigoErro:0]  - [ Ocorrencia:000023300CD11R004D11000CE16629867] - [ TMensagem:]
[ Data:13/06/2022] - [ Hora:15:43:19] - [ Linha:210520222110Servico] - [ Modulo_ID:0]- [ TagComando:] - [ Programa:opentef] - [ Unit:opentef] - [ VersaoMensage:1] - [ Versao:1.0.0] -  [ CodigoErro:0]  - [ Ocorrencia:000022700CF11R004D110007D10] - [ TMensagem:]
[ Data:13/06/2022] - [ Hora:15:43:19] - [ Linha:210520222110Servico] - [ Modulo_ID:0]- [ TagComando:] - [ Programa:opentef] - [ Unit:opentef] - [ VersaoMensage:1] - [ Versao:1.0.0] -  [ CodigoErro:0]  - [ Ocorrencia:000023300CD11R004D11000CE16629867] - [ TMensagem:]
[ Data:13/06/2022] - [ Hora:15:43:33] - [ Linha:210520222110Servico] - [ Modulo_ID:0]- [ TagComando:] - [ Programa:opentef] - [ Unit:opentef] - [ VersaoMensage:1] - [ Versao:1.0.0] -  [ CodigoErro:0]  - [ Ocorrencia:000022700CF11R004D110007D10] - [ TMensagem:]
[ Data:13/06/2022] - [ Hora:15:43:33] - [ Linha:210520222110Servico] - [ Modulo_ID:0]- [ TagComando:] - [ Programa:opentef] - [ Unit:opentef] - [ VersaoMensage:1] - [ Versao:1.0.0] -  [ CodigoErro:0]  - [ Ocorrencia:000023300CD11R004D11000CE16629867] - [ TMensagem:]
[ Data:13/06/2022] - [ Hora:15:43:50] - [ Linha:210520222110Servico] - [ Modulo_ID:0]- [ TagComando:] - [ Programa:opentef] - [ Unit:opentef] - [ VersaoMensage:1] - [ Versao:1.0.0] -  [ CodigoErro:0]  - [ Ocorrencia:000022700CF11R004D110007D10] - [ TMensagem:]
[ Data:13/06/2022] - [ Hora:15:43:50] - [ Linha:210520222110Servico] - [ Modulo_ID:0]- [ TagComando:] - [ Programa:opentef] - [ Unit:opentef] - [ VersaoMensage:1] - [ Versao:1.0.0] -  [ CodigoErro:0]  - [ Ocorrencia:000023300CD11R004D11000CE16629867] - [ TMensagem:]
[ Data:13/06/2022] - [ Hora:15:44:03] - [ Linha:210520222110Servico] - [ Modulo_ID:0]- [ TagComando:] - [ Programa:opentef] - [ Unit:opentef] - [ VersaoMensage:1] - [ Versao:1.0.0] -  [ CodigoErro:0]  - [ Ocorrencia:000022700CF11R004D110007D10] - [ TMensagem:]
[ Data:13/06/2022] - [ Hora:15:44:03] - [ Linha:210520222110Servico] - [ Modulo_ID:0]- [ TagComando:] - [ Programa:opentef] - [ Unit:opentef] - [ VersaoMensage:1] - [ Versao:1.0.0] -  [ CodigoErro:0]  - [ Ocorrencia:000023300CD11R004D11000CE16629867] - [ TMensagem:]
[ Data:13/06/2022] - [ Hora:15:44:15] - [ Linha:210520222110Servico] - [ Modulo_ID:0]- [ TagComando:] - [ Programa:opentef] - [ Unit:opentef] - [ VersaoMensage:1] - [ Versao:1.0.0] -  [ CodigoErro:0]  - [ Ocorrencia:000022700CF11R004D110007D10] - [ TMensagem:]
[ Data:13/06/2022] - [ Hora:15:44:15] - [ Linha:210520222110Servico] - [ Modulo_ID:0]- [ TagComando:] - [ Programa:opentef] - [ Unit:opentef] - [ VersaoMensage:1] - [ Versao:1.0.0] -  [ CodigoErro:0]  - [ Ocorrencia:000023300CD11R004D11000CE16629867] - [ TMensagem:]
[ Data:13/06/2022] - [ Hora:16:23:12] - [ Linha:210520222110Servico] - [ Modulo_ID:0]- [ TagComando:] - [ Programa:opentef] - [ Unit:opentef] - [ VersaoMensage:1] - [ Versao:1.0.0] -  [ CodigoErro:0]  - [ Ocorrencia:000022700CF11R004D110007D10] - [ TMensagem:]
[ Data:13/06/2022] - [ Hora:16:23:12] - [ Linha:210520222110Servico] - [ Modulo_ID:0]- [ TagComando:] - [ Programa:opentef] - [ Unit:opentef] - [ VersaoMensage:1] - [ Versao:1.0.0] -  [ CodigoErro:0]  - [ Ocorrencia:000023300CD11R004D11000CE16629867] - [ TMensagem:]
[ Data:13/06/2022] - [ Hora:16:23:25] - [ Linha:210520222110Servico] - [ Modulo_ID:0]- [ TagComando:] - [ Programa:opentef] - [ Unit:opentef] - [ VersaoMensage:1] - [ Versao:1.0.0] -  [ CodigoErro:0]  - [ Ocorrencia:000022700CF11R004D110007D10] - [ TMensagem:]
[ Data:13/06/2022] - [ Hora:16:23:25] - [ Linha:210520222110Servico] - [ Modulo_ID:0]- [ TagComando:] - [ Programa:opentef] - [ Unit:opentef] - [ VersaoMensage:1] - [ Versao:1.0.0] -  [ CodigoErro:0]  - [ Ocorrencia:000023300CD11R004D11000CE16629867] - [ TMensagem:]
[ Data:13/06/2022] - [ Hora:16:23:38] - [ Linha:210520222110Servico] - [ Modulo_ID:0]- [ TagComando:] - [ Programa:opentef] - [ Unit:opentef] - [ VersaoMensage:1] - [ Versao:1.0.0] -  [ CodigoErro:0]  - [ Ocorrencia:000022700CF11R004D110007D10] - [ TMensagem:]
[ Data:13/06/2022] - [ Hora:16:23:38] - [ Linha:210520222110Servico] - [ Modulo_ID:0]- [ TagComando:] - [ Programa:opentef] - [ Unit:opentef] - [ VersaoMensage:1] - [ Versao:1.0.0] -  [ CodigoErro:0]  - [ Ocorrencia:000023300CD11R004D11000CE16629867] - [ TMensagem:]
[ Data:13/06/2022] - [ Hora:16:23:51] - [ Linha:210520222110Servico] - [ Modulo_ID:0]- [ TagComando:] - [ Programa:opentef] - [ Unit:opentef] - [ VersaoMensage:1] - [ Versao:1.0.0] -  [ CodigoErro:0]  - [ Ocorrencia:000022700CF11R004D110007D10] - [ TMensagem:]
[ Data:13/06/2022] - [ Hora:16:23:51] - [ Linha:210520222110Servico] - [ Modulo_ID:0]- [ TagComando:] - [ Programa:opentef] - [ Unit:opentef] - [ VersaoMensage:1] - [ Versao:1.0.0] -  [ CodigoErro:0]  - [ Ocorrencia:000023300CD11R004D11000CE16629867] - [ TMensagem:]
[ Data:13/06/2022] - [ Hora:16:24:01] - [ Linha:210520222110Servico] - [ Modulo_ID:0]- [ TagComando:] - [ Programa:opentef] - [ Unit:opentef] - [ VersaoMensage:1] - [ Versao:1.0.0] -  [ CodigoErro:0]  - [ Ocorrencia:000022700CF11R004D110007D10] - [ TMensagem:]
[ Data:13/06/2022] - [ Hora:16:24:01] - [ Linha:210520222110Servico] - [ Modulo_ID:0]- [ TagComando:] - [ Programa:opentef] - [ Unit:opentef] - [ VersaoMensage:1] - [ Versao:1.0.0] -  [ CodigoErro:0]  - [ Ocorrencia:000023300CD11R004D11000CE16629867] - [ TMensagem:]
[ Data:13/06/2022] - [ Hora:16:24:15] - [ Linha:210520222110Servico] - [ Modulo_ID:0]- [ TagComando:] - [ Programa:opentef] - [ Unit:opentef] - [ VersaoMensage:1] - [ Versao:1.0.0] -  [ CodigoErro:0]  - [ Ocorrencia:000022700CF11R004D110007D10] - [ TMensagem:]
[ Data:13/06/2022] - [ Hora:16:24:15] - [ Linha:210520222110Servico] - [ Modulo_ID:0]- [ TagComando:] - [ Programa:opentef] - [ Unit:opentef] - [ VersaoMensage:1] - [ Versao:1.0.0] -  [ CodigoErro:0]  - [ Ocorrencia:000023300CD11R004D11000CE16629867] - [ TMensagem:]
[ Data:13/06/2022] - [ Hora:18:55:48] - [ Linha:210520222110Servico] - [ Modulo_ID:0]- [ TagComando:] - [ Programa:opentef] - [ Unit:opentef] - [ VersaoMensage:1] - [ Versao:1.0.0] -  [ CodigoErro:0]  - [ Ocorrencia:000022700CF11R004D110007D10] - [ TMensagem:]
[ Data:13/06/2022] - [ Hora:18:55:48] - [ Linha:210520222110Servico] - [ Modulo_ID:0]- [ TagComando:] - [ Programa:opentef] - [ Unit:opentef] - [ VersaoMensage:1] - [ Versao:1.0.0] -  [ CodigoErro:0]  - [ Ocorrencia:000023300CD11R004D11000CE16629867] - [ TMensagem:]
[ Data:13/06/2022] - [ Hora:19:31:02] - [ Linha:210520222110Servico] - [ Modulo_ID:0]- [ TagComando:] - [ Programa:opentef] - [ Unit:opentef] - [ VersaoMensage:1] - [ Versao:1.0.0] -  [ CodigoErro:0]  - [ Ocorrencia:000022700CF11R004D110007D10] - [ TMensagem:]
[ Data:13/06/2022] - [ Hora:19:31:02] - [ Linha:210520222110Servico] - [ Modulo_ID:0]- [ TagComando:] - [ Programa:opentef] - [ Unit:opentef] - [ VersaoMensage:1] - [ Versao:1.0.0] -  [ CodigoErro:0]  - [ Ocorrencia:000023300CD11R004D11000CE16629867] - [ TMensagem:]
[ Data:13/06/2022] - [ Hora:19:35:47] - [ Linha:210520222110Servico] - [ Modulo_ID:0]- [ TagComando:] - [ Programa:opentef] - [ Unit:opentef] - [ VersaoMensage:1] - [ Versao:1.0.0] -  [ CodigoErro:0]  - [ Ocorrencia:000022700CF11R004D110007D10] - [ TMensagem:]
[ Data:13/06/2022] - [ Hora:19:35:47] - [ Linha:210520222110Servico] - [ Modulo_ID:0]- [ TagComando:] - [ Programa:opentef] - [ Unit:opentef] - [ VersaoMensage:1] - [ Versao:1.0.0] -  [ CodigoErro:0]  - [ Ocorrencia:000023300CD11R004D11000CE16629867] - [ TMensagem:]
[ Data:13/06/2022] - [ Hora:19:37:07] - [ Linha:210520222110Servico] - [ Modulo_ID:0]- [ TagComando:] - [ Programa:opentef] - [ Unit:opentef] - [ VersaoMensage:1] - [ Versao:1.0.0] -  [ CodigoErro:0]  - [ Ocorrencia:000022700CF11R004D110007D10] - [ TMensagem:]
[ Data:13/06/2022] - [ Hora:19:37:07] - [ Linha:210520222110Servico] - [ Modulo_ID:0]- [ TagComando:] - [ Programa:opentef] - [ Unit:opentef] - [ VersaoMensage:1] - [ Versao:1.0.0] -  [ CodigoErro:0]  - [ Ocorrencia:000023300CD11R004D11000CE16629867] - [ TMensagem:]
[ Data:13/06/2022] - [ Hora:19:37:34] - [ Linha:210520222110Servico] - [ Modulo_ID:0]- [ TagComando:] - [ Programa:opentef] - [ Unit:opentef] - [ VersaoMensage:1] - [ Versao:1.0.0] -  [ CodigoErro:0]  - [ Ocorrencia:000022700CF11R004D110007D10] - [ TMensagem:]
[ Data:13/06/2022] - [ Hora:19:37:34] - [ Linha:210520222110Servico] - [ Modulo_ID:0]- [ TagComando:] - [ Programa:opentef] - [ Unit:opentef] - [ VersaoMensage:1] - [ Versao:1.0.0] -  [ CodigoErro:0]  - [ Ocorrencia:000023300CD11R004D11000CE16629867] - [ TMensagem:]
[ Data:13/06/2022] - [ Hora:19:39:14] - [ Linha:210520222110Servico] - [ Modulo_ID:0]- [ TagComando:] - [ Programa:opentef] - [ Unit:opentef] - [ VersaoMensage:1] - [ Versao:1.0.0] -  [ CodigoErro:0]  - [ Ocorrencia:000022700CF11R004D110007D10] - [ TMensagem:]
[ Data:13/06/2022] - [ Hora:19:39:14] - [ Linha:210520222110Servico] - [ Modulo_ID:0]- [ TagComando:] - [ Programa:opentef] - [ Unit:opentef] - [ VersaoMensage:1] - [ Versao:1.0.0] -  [ CodigoErro:0]  - [ Ocorrencia:000023300CD11R004D11000CE16629867] - [ TMensagem:]
[ Data:13/06/2022] - [ Hora:19:40:48] - [ Linha:210520222110Servico] - [ Modulo_ID:0]- [ TagComando:] - [ Programa:opentef] - [ Unit:opentef] - [ VersaoMensage:1] - [ Versao:1.0.0] -  [ CodigoErro:0]  - [ Ocorrencia:000022700CF11R004D110007D10] - [ TMensagem:]
[ Data:13/06/2022] - [ Hora:19:40:48] - [ Linha:210520222110Servico] - [ Modulo_ID:0]- [ TagComando:] - [ Programa:opentef] - [ Unit:opentef] - [ VersaoMensage:1] - [ Versao:1.0.0] -  [ CodigoErro:0]  - [ Ocorrencia:000023300CD11R004D11000CE16629867] - [ TMensagem:]
[ Data:14/06/2022] - [ Hora:09:42:24] - [ Linha:210520222110Servico] - [ Modulo_ID:0]- [ TagComando:] - [ Programa:opentef] - [ Unit:opentef] - [ VersaoMensage:1] - [ Versao:1.0.0] -  [ CodigoErro:0]  - [ Ocorrencia:000022700CF11R004D110007D10] - [ TMensagem:]
[ Data:14/06/2022] - [ Hora:09:42:24] - [ Linha:210520222110Servico] - [ Modulo_ID:0]- [ TagComando:] - [ Programa:opentef] - [ Unit:opentef] - [ VersaoMensage:1] - [ Versao:1.0.0] -  [ CodigoErro:0]  - [ Ocorrencia:000023300CD11R004D11000CE16629867] - [ TMensagem:]
[ Data:14/06/2022] - [ Hora:09:48:22] - [ Linha:210520222110Servico] - [ Modulo_ID:0]- [ TagComando:] - [ Programa:opentef] - [ Unit:opentef] - [ VersaoMensage:1] - [ Versao:1.0.0] -  [ CodigoErro:0]  - [ Ocorrencia:000022700CF11R004D110007D10] - [ TMensagem:]
[ Data:14/06/2022] - [ Hora:09:48:22] - [ Linha:210520222110Servico] - [ Modulo_ID:0]- [ TagComando:] - [ Programa:opentef] - [ Unit:opentef] - [ VersaoMensage:1] - [ Versao:1.0.0] -  [ CodigoErro:0]  - [ Ocorrencia:000023300CD11R004D11000CE16629867] - [ TMensagem:]
[ Data:14/06/2022] - [ Hora:09:50:54] - [ Linha:210520222110Servico] - [ Modulo_ID:0]- [ TagComando:] - [ Programa:opentef] - [ Unit:opentef] - [ VersaoMensage:1] - [ Versao:1.0.0] -  [ CodigoErro:0]  - [ Ocorrencia:000022000E111S001310] - [ TMensagem:]
[ Data:14/06/2022] - [ Hora:09:59:53] - [ Linha:210520222110Servico] - [ Modulo_ID:0]- [ TagComando:] - [ Programa:opentef] - [ Unit:opentef] - [ VersaoMensage:1] - [ Versao:1.0.0] -  [ CodigoErro:0]  - [ Ocorrencia:000022700CF11R004D110007D10] - [ TMensagem:]
[ Data:14/06/2022] - [ Hora:09:59:54] - [ Linha:210520222110Servico] - [ Modulo_ID:0]- [ TagComando:] - [ Programa:opentef] - [ Unit:opentef] - [ VersaoMensage:1] - [ Versao:1.0.0] -  [ CodigoErro:0]  - [ Ocorrencia:000023300CD11R004D11000CE16629867] - [ TMensagem:]
[ Data:14/06/2022] - [ Hora:10:01:30] - [ Linha:210520222110Servico] - [ Modulo_ID:0]- [ TagComando:] - [ Programa:opentef] - [ Unit:opentef] - [ VersaoMensage:1] - [ Versao:1.0.0] -  [ CodigoErro:0]  - [ Ocorrencia:000022000E111S001310] - [ TMensagem:]
[ Data:14/06/2022] - [ Hora:10:06:42] - [ Linha:210520222110Servico] - [ Modulo_ID:0]- [ TagComando:] - [ Programa:opentef] - [ Unit:opentef] - [ VersaoMensage:1] - [ Versao:1.0.0] -  [ CodigoErro:69]  - [ Ocorrencia:] - [ TMensagem:]
[ Data:14/06/2022] - [ Hora:10:06:42] - [ Linha:210520222110Servico] - [ Modulo_ID:0]- [ TagComando:] - [ Programa:opentef] - [ Unit:opentef] - [ VersaoMensage:1] - [ Versao:1.0.0] -  [ CodigoErro:69]  - [ Ocorrencia:] - [ TMensagem:]
[ Data:14/06/2022] - [ Hora:10:07:06] - [ Linha:210520222110Servico] - [ Modulo_ID:0]- [ TagComando:] - [ Programa:opentef] - [ Unit:opentef] - [ VersaoMensage:1] - [ Versao:1.0.0] -  [ CodigoErro:69]  - [ Ocorrencia:] - [ TMensagem:]
[ Data:14/06/2022] - [ Hora:10:07:06] - [ Linha:210520222110Servico] - [ Modulo_ID:0]- [ TagComando:] - [ Programa:opentef] - [ Unit:opentef] - [ VersaoMensage:1] - [ Versao:1.0.0] -  [ CodigoErro:69]  - [ Ocorrencia:] - [ TMensagem:]
[ Data:14/06/2022] - [ Hora:10:07:43] - [ Linha:210520222110Servico] - [ Modulo_ID:0]- [ TagComando:] - [ Programa:opentef] - [ Unit:opentef] - [ VersaoMensage:1] - [ Versao:1.0.0] -  [ CodigoErro:69]  - [ Ocorrencia:] - [ TMensagem:]
[ Data:14/06/2022] - [ Hora:10:07:43] - [ Linha:210520222110Servico] - [ Modulo_ID:0]- [ TagComando:] - [ Programa:opentef] - [ Unit:opentef] - [ VersaoMensage:1] - [ Versao:1.0.0] -  [ CodigoErro:69]  - [ Ocorrencia:] - [ TMensagem:]
[ Data:14/06/2022] - [ Hora:10:08:00] - [ Linha:210520222110Servico] - [ Modulo_ID:0]- [ TagComando:] - [ Programa:opentef] - [ Unit:opentef] - [ VersaoMensage:1] - [ Versao:1.0.0] -  [ CodigoErro:0]  - [ Ocorrencia:000022700CF11R004D110007D10] - [ TMensagem:]
[ Data:14/06/2022] - [ Hora:10:08:00] - [ Linha:210520222110Servico] - [ Modulo_ID:0]- [ TagComando:] - [ Programa:opentef] - [ Unit:opentef] - [ VersaoMensage:1] - [ Versao:1.0.0] -  [ CodigoErro:0]  - [ Ocorrencia:000023300CD11R004D11000CE16629867] - [ TMensagem:]
[ Data:14/06/2022] - [ Hora:10:17:41] - [ Linha:210520222110Servico] - [ Modulo_ID:0]- [ TagComando:] - [ Programa:opentef] - [ Unit:opentef] - [ VersaoMensage:1] - [ Versao:1.0.0] -  [ CodigoErro:0]  - [ Ocorrencia:000022700CF11R004D110007D10] - [ TMensagem:]
[ Data:14/06/2022] - [ Hora:10:17:42] - [ Linha:210520222110Servico] - [ Modulo_ID:0]- [ TagComando:] - [ Programa:opentef] - [ Unit:opentef] - [ VersaoMensage:1] - [ Versao:1.0.0] -  [ CodigoErro:0]  - [ Ocorrencia:000023300CD11R004D11000CE16629867] - [ TMensagem:]
[ Data:14/06/2022] - [ Hora:10:34:27] - [ Linha:210520222110Servico] - [ Modulo_ID:0]- [ TagComando:] - [ Programa:opentef] - [ Unit:opentef] - [ VersaoMensage:1] - [ Versao:1.0.0] -  [ CodigoErro:0]  - [ Ocorrencia:000022700CF11R004D110007D10] - [ TMensagem:]
[ Data:14/06/2022] - [ Hora:10:34:28] - [ Linha:210520222110Servico] - [ Modulo_ID:0]- [ TagComando:] - [ Programa:opentef] - [ Unit:opentef] - [ VersaoMensage:1] - [ Versao:1.0.0] -  [ CodigoErro:0]  - [ Ocorrencia:000023300CD11R004D11000CE16629867] - [ TMensagem:]
[ Data:14/06/2022] - [ Hora:10:56:44] - [ Linha:210520222110Servico] - [ Modulo_ID:0]- [ TagComando:] - [ Programa:opentef] - [ Unit:opentef] - [ VersaoMensage:1] - [ Versao:1.0.0] -  [ CodigoErro:0]  - [ Ocorrencia:00003185005A11S00E310005B119005C215 DIGITE A SENHA005D114005E118005F232300C754CCBA191FA3EDC454D7D0F46DD00D9219629867123456789012300E41100027149F07000823229C74FEAA814BB7BEBF9C262D14A81A0] - [ TMensagem:]
[ Data:14/06/2022] - [ Hora:11:01:34] - [ Linha:210520222110Servico] - [ Modulo_ID:0]- [ TagComando:] - [ Programa:opentef] - [ Unit:opentef] - [ VersaoMensage:1] - [ Versao:1.0.0] -  [ CodigoErro:0]  - [ Ocorrencia:00003185005A11S00E310005B119005C215 DIGITE A SENHA005D114005E118005F232300C754CCBA191FA3EDC454D7D0F46DD00D9219629867123456789012300E41100027149F07000823229C74FEAA814BB7BEBF9C262D14A81A0] - [ TMensagem:]
[ Data:14/06/2022] - [ Hora:11:14:19] - [ Linha:210520222110Servico] - [ Modulo_ID:0]- [ TagComando:] - [ Programa:opentef] - [ Unit:opentef] - [ VersaoMensage:1] - [ Versao:1.0.0] -  [ CodigoErro:0]  - [ Ocorrencia:000022700CF11R004D110007D10] - [ TMensagem:]
[ Data:14/06/2022] - [ Hora:11:14:19] - [ Linha:210520222110Servico] - [ Modulo_ID:0]- [ TagComando:] - [ Programa:opentef] - [ Unit:opentef] - [ VersaoMensage:1] - [ Versao:1.0.0] -  [ CodigoErro:0]  - [ Ocorrencia:000023300CD11R004D11000CE16629867] - [ TMensagem:]
[ Data:14/06/2022] - [ Hora:12:11:50] - [ Linha:210520222110Servico] - [ Modulo_ID:0]- [ TagComando:] - [ Programa:opentef] - [ Unit:opentef] - [ VersaoMensage:1] - [ Versao:1.0.0] -  [ CodigoErro:0]  - [ Ocorrencia:000022700CF11R004D110007D10] - [ TMensagem:]
[ Data:14/06/2022] - [ Hora:12:11:50] - [ Linha:210520222110Servico] - [ Modulo_ID:0]- [ TagComando:] - [ Programa:opentef] - [ Unit:opentef] - [ VersaoMensage:1] - [ Versao:1.0.0] -  [ CodigoErro:0]  - [ Ocorrencia:000023300CD11R004D11000CE16629867] - [ TMensagem:]
[ Data:14/06/2022] - [ Hora:16:55:22] - [ Linha:210520222110Servico] - [ Modulo_ID:0]- [ TagComando:] - [ Programa:opentef] - [ Unit:opentef] - [ VersaoMensage:1] - [ Versao:1.0.0] -  [ CodigoErro:0]  - [ Ocorrencia:000022700CF11R004D110007D10] - [ TMensagem:]
[ Data:14/06/2022] - [ Hora:16:55:22] - [ Linha:210520222110Servico] - [ Modulo_ID:0]- [ TagComando:] - [ Programa:opentef] - [ Unit:opentef] - [ VersaoMensage:1] - [ Versao:1.0.0] -  [ CodigoErro:0]  - [ Ocorrencia:000023300CD11R004D11000CE16629867] - [ TMensagem:]
[ Data:15/06/2022] - [ Hora:17:29:47] - [ Linha:210520222110Servico] - [ Modulo_ID:0]- [ TagComando:] - [ Programa:opentef] - [ Unit:opentef] - [ VersaoMensage:1] - [ Versao:1.0.0] -  [ CodigoErro:69]  - [ Ocorrencia:] - [ TMensagem:]
[ Data:15/06/2022] - [ Hora:17:29:47] - [ Linha:210520222110Servico] - [ Modulo_ID:0]- [ TagComando:] - [ Programa:opentef] - [ Unit:opentef] - [ VersaoMensage:1] - [ Versao:1.0.0] -  [ CodigoErro:69]  - [ Ocorrencia:] - [ TMensagem:]
[ Data:15/06/2022] - [ Hora:17:30:10] - [ Linha:210520222110Servico] - [ Modulo_ID:0]- [ TagComando:] - [ Programa:opentef] - [ Unit:opentef] - [ VersaoMensage:1] - [ Versao:1.0.0] -  [ CodigoErro:0]  - [ Ocorrencia:000022700CF11R004D110007D10] - [ TMensagem:]
[ Data:15/06/2022] - [ Hora:17:30:10] - [ Linha:210520222110Servico] - [ Modulo_ID:0]- [ TagComando:] - [ Programa:opentef] - [ Unit:opentef] - [ VersaoMensage:1] - [ Versao:1.0.0] -  [ CodigoErro:0]  - [ Ocorrencia:000023300CD11R004D11000CE16629867] - [ TMensagem:]
[ Data:15/06/2022] - [ Hora:17:51:12] - [ Linha:210520222110Servico] - [ Modulo_ID:0]- [ TagComando:] - [ Programa:opentef] - [ Unit:opentef] - [ VersaoMensage:1] - [ Versao:1.0.0] -  [ CodigoErro:0]  - [ Ocorrencia:000022700CF11R004D110007D10] - [ TMensagem:]
[ Data:15/06/2022] - [ Hora:17:51:12] - [ Linha:210520222110Servico] - [ Modulo_ID:0]- [ TagComando:] - [ Programa:opentef] - [ Unit:opentef] - [ VersaoMensage:1] - [ Versao:1.0.0] -  [ CodigoErro:0]  - [ Ocorrencia:000023300CD11R004D11000CE16629867] - [ TMensagem:]
[ Data:15/06/2022] - [ Hora:17:55:53] - [ Linha:210520222110Servico] - [ Modulo_ID:0]- [ TagComando:] - [ Programa:opentef] - [ Unit:opentef] - [ VersaoMensage:1] - [ Versao:1.0.0] -  [ CodigoErro:0]  - [ Ocorrencia:000022700CF11R004D110007D10] - [ TMensagem:]
[ Data:15/06/2022] - [ Hora:17:55:53] - [ Linha:210520222110Servico] - [ Modulo_ID:0]- [ TagComando:] - [ Programa:opentef] - [ Unit:opentef] - [ VersaoMensage:1] - [ Versao:1.0.0] -  [ CodigoErro:0]  - [ Ocorrencia:000023300CD11R004D11000CE16629867] - [ TMensagem:]
[ Data:17/06/2022] - [ Hora:11:23:21] - [ Linha:210520222110Servico] - [ Modulo_ID:0]- [ TagComando:] - [ Programa:opentef] - [ Unit:opentef] - [ VersaoMensage:1] - [ Versao:1.0.0] -  [ CodigoErro:0]  - [ Ocorrencia:000022700CF11R004D110007D10] - [ TMensagem:]
[ Data:17/06/2022] - [ Hora:11:23:21] - [ Linha:210520222110Servico] - [ Modulo_ID:0]- [ TagComando:] - [ Programa:opentef] - [ Unit:opentef] - [ VersaoMensage:1] - [ Versao:1.0.0] -  [ CodigoErro:0]  - [ Ocorrencia:000023300CD11R004D11000CE16629867] - [ TMensagem:]
