[ Nivel: 1 ] [ Data:05/12/2023] - [ Hora:17:17:27] - [ Linha:051220231710] - [ Modulo_ID:0]- [ TagComando:] - [ Programa:tef_lib] - [ Unit:tef] - [ VersaoMensagem:1] - [ Versao:1.0.0] -  [ CodigoErro:67]  - [ Ocorrencia:Erro no TThProcesso.Execute] - [ TMensagem:]
[ Nivel: 1 ] [ Data:05/12/2023] - [ Hora:17:21:05] - [ Linha:190920220851] - [ Modulo_ID:0]- [ TagComando:] - [ Programa:tef_lib] - [ Unit:tef_lib] - [ VersaoMensagem:1] - [ Versao:1.0.0] -  [ CodigoErro:103]  - [ Ocorrencia:Erro no login] - [ TMensagem:]
[ Nivel: 1 ] [ Data:05/12/2023] - [ Hora:17:30:04] - [ Linha:051220231710] - [ Modulo_ID:0]- [ TagComando:] - [ Programa:tef_lib] - [ Unit:tef] - [ VersaoMensagem:1] - [ Versao:1.0.0] -  [ CodigoErro:67]  - [ Ocorrencia:Erro no TThProcesso.Execute] - [ TMensagem:]
[ Nivel: 1 ] [ Data:05/12/2023] - [ Hora:17:33:56] - [ Linha:051220231710] - [ Modulo_ID:0]- [ TagComando:] - [ Programa:tef_lib] - [ Unit:tef] - [ VersaoMensagem:1] - [ Versao:1.0.0] -  [ CodigoErro:67]  - [ Ocorrencia:Erro no TThProcesso.Execute] - [ TMensagem:]
[ Nivel: 1 ] [ Data:05/12/2023] - [ Hora:17:43:36] - [ Linha:051220231710] - [ Modulo_ID:0]- [ TagComando:] - [ Programa:tef_lib] - [ Unit:tef] - [ VersaoMensagem:1] - [ Versao:1.0.0] -  [ CodigoErro:67]  - [ Ocorrencia:Erro no TThProcesso.Execute] - [ TMensagem:]
[ Nivel: 1 ] [ Data:05/12/2023] - [ Hora:17:53:45] - [ Linha:051220231713] - [ Modulo_ID:0]- [ TagComando:] - [ Programa:tef_lib] - [ Unit:tef] - [ VersaoMensagem:1] - [ Versao:1.0.0] -  [ CodigoErro:18]  - [ Ocorrencia:erro ao carregar a mensagem] - [ TMensagem:]
[ Nivel: 1 ] [ Data:05/12/2023] - [ Hora:17:53:52] - [ Linha:051220231713] - [ Modulo_ID:0]- [ TagComando:] - [ Programa:tef_lib] - [ Unit:tef] - [ VersaoMensagem:1] - [ Versao:1.0.0] -  [ CodigoErro:18]  - [ Ocorrencia:erro ao carregar a mensagem] - [ TMensagem:]
[ Nivel: 1 ] [ Data:05/12/2023] - [ Hora:17:54:08] - [ Linha:051220231713] - [ Modulo_ID:0]- [ TagComando:] - [ Programa:tef_lib] - [ Unit:tef] - [ VersaoMensagem:1] - [ Versao:1.0.0] -  [ CodigoErro:18]  - [ Ocorrencia:erro ao carregar a mensagem] - [ TMensagem:]
[ Nivel: 1 ] [ Data:06/12/2023] - [ Hora:09:34:36] - [ Linha:051220231710] - [ Modulo_ID:0]- [ TagComando:] - [ Programa:tef_lib] - [ Unit:tef] - [ VersaoMensagem:1] - [ Versao:1.0.0] -  [ CodigoErro:67]  - [ Ocorrencia:Erro no TThProcesso.Execute] - [ TMensagem:]
[ Nivel: 1 ] [ Data:06/12/2023] - [ Hora:09:37:13] - [ Linha:051220231710] - [ Modulo_ID:0]- [ TagComando:] - [ Programa:tef_lib] - [ Unit:tef] - [ VersaoMensagem:1] - [ Versao:1.0.0] -  [ CodigoErro:67]  - [ Ocorrencia:Erro no TThProcesso.Execute] - [ TMensagem:]
[ Nivel: 1 ] [ Data:06/12/2023] - [ Hora:09:38:02] - [ Linha:051220231713] - [ Modulo_ID:0]- [ TagComando:] - [ Programa:tef_lib] - [ Unit:tef] - [ VersaoMensagem:1] - [ Versao:1.0.0] -  [ CodigoErro:18]  - [ Ocorrencia:erro ao carregar a mensagem] - [ TMensagem:]
[ Nivel: 1 ] [ Data:06/12/2023] - [ Hora:09:39:15] - [ Linha:190920220851] - [ Modulo_ID:0]- [ TagComando:] - [ Programa:tef_lib] - [ Unit:tef_lib] - [ VersaoMensagem:1] - [ Versao:1.0.0] -  [ CodigoErro:103]  - [ Ocorrencia:Erro no login] - [ TMensagem:]
[ Nivel: 1 ] [ Data:06/12/2023] - [ Hora:09:39:32] - [ Linha:051220231710] - [ Modulo_ID:0]- [ TagComando:] - [ Programa:tef_lib] - [ Unit:tef] - [ VersaoMensagem:1] - [ Versao:1.0.0] -  [ CodigoErro:67]  - [ Ocorrencia:Erro no TThProcesso.Execute] - [ TMensagem:]
[ Nivel: 1 ] [ Data:06/12/2023] - [ Hora:09:39:36] - [ Linha:190920220851] - [ Modulo_ID:0]- [ TagComando:] - [ Programa:tef_lib] - [ Unit:tef_lib] - [ VersaoMensagem:1] - [ Versao:1.0.0] -  [ CodigoErro:103]  - [ Ocorrencia:Erro no login] - [ TMensagem:]
[ Nivel: 1 ] [ Data:06/12/2023] - [ Hora:09:39:39] - [ Linha:190920220851] - [ Modulo_ID:0]- [ TagComando:] - [ Programa:tef_lib] - [ Unit:tef_lib] - [ VersaoMensagem:1] - [ Versao:1.0.0] -  [ CodigoErro:103]  - [ Ocorrencia:Erro no login] - [ TMensagem:]
[ Nivel: 1 ] [ Data:06/12/2023] - [ Hora:09:39:56] - [ Linha:190920220851] - [ Modulo_ID:0]- [ TagComando:] - [ Programa:tef_lib] - [ Unit:tef_lib] - [ VersaoMensagem:1] - [ Versao:1.0.0] -  [ CodigoErro:103]  - [ Ocorrencia:Erro no login] - [ TMensagem:]
[ Nivel: 1 ] [ Data:06/12/2023] - [ Hora:09:40:22] - [ Linha:190920220851] - [ Modulo_ID:0]- [ TagComando:] - [ Programa:tef_lib] - [ Unit:tef_lib] - [ VersaoMensagem:1] - [ Versao:1.0.0] -  [ CodigoErro:103]  - [ Ocorrencia:Erro no login] - [ TMensagem:]
[ Nivel: 1 ] [ Data:06/12/2023] - [ Hora:09:40:47] - [ Linha:190920220851] - [ Modulo_ID:0]- [ TagComando:] - [ Programa:tef_lib] - [ Unit:tef_lib] - [ VersaoMensagem:1] - [ Versao:1.0.0] -  [ CodigoErro:103]  - [ Ocorrencia:Erro no login] - [ TMensagem:]
[ Nivel: 1 ] [ Data:06/12/2023] - [ Hora:09:45:05] - [ Linha:051220231710] - [ Modulo_ID:0]- [ TagComando:] - [ Programa:tef_lib] - [ Unit:tef] - [ VersaoMensagem:1] - [ Versao:1.0.0] -  [ CodigoErro:67]  - [ Ocorrencia:Erro no TThProcesso.Execute] - [ TMensagem:]
[ Nivel: 1 ] [ Data:06/12/2023] - [ Hora:09:48:32] - [ Linha:051220231713] - [ Modulo_ID:0]- [ TagComando:] - [ Programa:tef_lib] - [ Unit:tef] - [ VersaoMensagem:1] - [ Versao:1.0.0] -  [ CodigoErro:18]  - [ Ocorrencia:erro ao carregar a mensagem] - [ TMensagem:]
[ Nivel: 1 ] [ Data:06/12/2023] - [ Hora:09:51:20] - [ Linha:051220231710] - [ Modulo_ID:0]- [ TagComando:] - [ Programa:tef_lib] - [ Unit:tef] - [ VersaoMensagem:1] - [ Versao:1.0.0] -  [ CodigoErro:67]  - [ Ocorrencia:Erro no TThProcesso.Execute] - [ TMensagem:]
[ Nivel: 1 ] [ Data:06/12/2023] - [ Hora:09:53:15] - [ Linha:190920220851] - [ Modulo_ID:0]- [ TagComando:] - [ Programa:tef_lib] - [ Unit:tef_lib] - [ VersaoMensagem:1] - [ Versao:1.0.0] -  [ CodigoErro:67]  - [ Ocorrencia:Erro no login] - [ TMensagem:]
[ Nivel: 1 ] [ Data:06/12/2023] - [ Hora:09:53:35] - [ Linha:210920221056] - [ Modulo_ID:0]- [ TagComando:] - [ Programa:tef_lib] - [ Unit:tef] - [ VersaoMensagem:1] - [ Versao:1.0.0] -  [ CodigoErro:101]  - [ Ocorrencia:SolicitaParaCliente recebeu comando com erro] - [ TMensagem:]
[ Nivel: 1 ] [ Data:06/12/2023] - [ Hora:09:54:34] - [ Linha:190920220851] - [ Modulo_ID:0]- [ TagComando:] - [ Programa:tef_lib] - [ Unit:tef_lib] - [ VersaoMensagem:1] - [ Versao:1.0.0] -  [ CodigoErro:67]  - [ Ocorrencia:Erro no login] - [ TMensagem:]
[ Nivel: 1 ] [ Data:06/12/2023] - [ Hora:10:03:25] - [ Linha:210920221056] - [ Modulo_ID:0]- [ TagComando:] - [ Programa:tef_lib] - [ Unit:tef] - [ VersaoMensagem:1] - [ Versao:1.0.0] -  [ CodigoErro:101]  - [ Ocorrencia:SolicitaParaCliente recebeu comando com erro] - [ TMensagem:]
[ Nivel: 1 ] [ Data:06/12/2023] - [ Hora:10:05:19] - [ Linha:051220231710] - [ Modulo_ID:0]- [ TagComando:] - [ Programa:tef_lib] - [ Unit:tef] - [ VersaoMensagem:1] - [ Versao:1.0.0] -  [ CodigoErro:67]  - [ Ocorrencia:Erro no TThProcesso.Execute] - [ TMensagem:]
[ Nivel: 1 ] [ Data:06/12/2023] - [ Hora:10:12:45] - [ Linha:190920220851] - [ Modulo_ID:0]- [ TagComando:] - [ Programa:tef_lib] - [ Unit:tef_lib] - [ VersaoMensagem:1] - [ Versao:1.0.0] -  [ CodigoErro:67]  - [ Ocorrencia:Erro no login] - [ TMensagem:]
[ Nivel: 1 ] [ Data:06/12/2023] - [ Hora:10:13:04] - [ Linha:210920221056] - [ Modulo_ID:0]- [ TagComando:] - [ Programa:tef_lib] - [ Unit:tef] - [ VersaoMensagem:1] - [ Versao:1.0.0] -  [ CodigoErro:101]  - [ Ocorrencia:SolicitaParaCliente recebeu comando com erro] - [ TMensagem:]
[ Nivel: 1 ] [ Data:06/12/2023] - [ Hora:10:30:55] - [ Linha:051220231713] - [ Modulo_ID:0]- [ TagComando:] - [ Programa:tef_lib] - [ Unit:tef] - [ VersaoMensagem:1] - [ Versao:1.0.0] -  [ CodigoErro:18]  - [ Ocorrencia:erro ao carregar a mensagem] - [ TMensagem:]
[ Nivel: 1 ] [ Data:06/12/2023] - [ Hora:10:33:33] - [ Linha:051220231713] - [ Modulo_ID:0]- [ TagComando:] - [ Programa:tef_lib] - [ Unit:tef] - [ VersaoMensagem:1] - [ Versao:1.0.0] -  [ CodigoErro:18]  - [ Ocorrencia:erro ao carregar a mensagem] - [ TMensagem:]
[ Nivel: 1 ] [ Data:06/12/2023] - [ Hora:10:35:12] - [ Linha:240820220911] - [ Modulo_ID:0]- [ TagComando:] - [ Programa:tef_lib] - [ Unit:tef] - [ VersaoMensagem:1] - [ Versao:1.0.0] -  [ CodigoErro:111]  - [ Ocorrencia:Erro na ThTransacao.execute] - [ TMensagem:]
[ Nivel: 1 ] [ Data:06/12/2023] - [ Hora:10:35:24] - [ Linha:240820220911] - [ Modulo_ID:0]- [ TagComando:] - [ Programa:tef_lib] - [ Unit:tef] - [ VersaoMensagem:1] - [ Versao:1.0.0] -  [ CodigoErro:111]  - [ Ocorrencia:Erro na ThTransacao.execute] - [ TMensagem:]
[ Nivel: 1 ] [ Data:06/12/2023] - [ Hora:10:45:05] - [ Linha:240820220911] - [ Modulo_ID:0]- [ TagComando:] - [ Programa:tef_lib] - [ Unit:tef] - [ VersaoMensagem:1] - [ Versao:1.0.0] -  [ CodigoErro:111]  - [ Ocorrencia:Erro na ThTransacao.execute] - [ TMensagem:]
[ Nivel: 1 ] [ Data:06/12/2023] - [ Hora:10:45:19] - [ Linha:240820220911] - [ Modulo_ID:0]- [ TagComando:] - [ Programa:tef_lib] - [ Unit:tef] - [ VersaoMensagem:1] - [ Versao:1.0.0] -  [ CodigoErro:111]  - [ Ocorrencia:Erro na ThTransacao.execute] - [ TMensagem:]
[ Nivel: 1 ] [ Data:06/12/2023] - [ Hora:10:48:14] - [ Linha:051220231713] - [ Modulo_ID:0]- [ TagComando:] - [ Programa:tef_lib] - [ Unit:tef] - [ VersaoMensagem:1] - [ Versao:1.0.0] -  [ CodigoErro:18]  - [ Ocorrencia:erro ao carregar a mensagem] - [ TMensagem:]
