[ Nivel: 1 ] [ Data:22/01/2024] - [ Hora:09:07:54] - [ Linha:310820221737] - [ Modulo_ID:0]- [ TagComando:] - [ Programa:mcom_lib] - [ Unit:mcom] - [ VersaoMensagem:1] - [ Versao:1.0.0] -  [ CodigoErro:98]  - [ Ocorrencia:] - [ TMensagem:]
[ Nivel: 1 ] [ Data:22/01/2024] - [ Hora:09:08:07] - [ Linha:310820221737] - [ Modulo_ID:0]- [ TagComando:] - [ Programa:mcom_lib] - [ Unit:mcom] - [ VersaoMensagem:1] - [ Versao:1.0.0] -  [ CodigoErro:98]  - [ Ocorrencia:] - [ TMensagem:]
[ Nivel: 1 ] [ Data:22/01/2024] - [ Hora:09:08:45] - [ Linha:310820221737] - [ Modulo_ID:0]- [ TagComando:] - [ Programa:mcom_lib] - [ Unit:mcom] - [ VersaoMensagem:1] - [ Versao:1.0.0] -  [ CodigoErro:98]  - [ Ocorrencia:] - [ TMensagem:]
[ Nivel: 1 ] [ Data:22/01/2024] - [ Hora:09:09:23] - [ Linha:310820221737] - [ Modulo_ID:0]- [ TagComando:] - [ Programa:mcom_lib] - [ Unit:mcom] - [ VersaoMensagem:1] - [ Versao:1.0.0] -  [ CodigoErro:98]  - [ Ocorrencia:] - [ TMensagem:]
[ Nivel: 1 ] [ Data:22/01/2024] - [ Hora:09:16:49] - [ Linha:120920222118] - [ Modulo_ID:0]- [ TagComando:] - [ Programa:mcom_lib] - [ Unit:comunicador] - [ VersaoMensagem:1] - [ Versao:1.0.0] -  [ CodigoErro:1]  - [ Ocorrencia:TThServidorProcessaRecebe.Execute EIdSocketError/Socket Error # 10054
Connection reset by peer.] - [ TMensagem:]
[ Nivel: 1 ] [ Data:22/01/2024] - [ Hora:09:16:49] - [ Linha:120920222118] - [ Modulo_ID:0]- [ TagComando:] - [ Programa:mcom_lib] - [ Unit:comunicador] - [ VersaoMensagem:1] - [ Versao:1.0.0] -  [ CodigoErro:1]  - [ Ocorrencia:TThServidorProcessaRecebe.Execute EIdSocketError/Socket Error # 10054
Connection reset by peer.] - [ TMensagem:]
[ Nivel: 1 ] [ Data:22/01/2024] - [ Hora:10:07:12] - [ Linha:310820221737] - [ Modulo_ID:0]- [ TagComando:] - [ Programa:mcom_lib] - [ Unit:mcom] - [ VersaoMensagem:1] - [ Versao:1.0.0] -  [ CodigoErro:98]  - [ Ocorrencia:] - [ TMensagem:]
[ Nivel: 1 ] [ Data:22/01/2024] - [ Hora:10:09:05] - [ Linha:310820221737] - [ Modulo_ID:0]- [ TagComando:] - [ Programa:mcom_lib] - [ Unit:mcom] - [ VersaoMensagem:1] - [ Versao:1.0.0] -  [ CodigoErro:67]  - [ Ocorrencia:] - [ TMensagem:]
[ Nivel: 1 ] [ Data:22/01/2024] - [ Hora:10:25:26] - [ Linha:120920222118] - [ Modulo_ID:0]- [ TagComando:] - [ Programa:mcom_lib] - [ Unit:comunicador] - [ VersaoMensagem:1] - [ Versao:1.0.0] -  [ CodigoErro:1]  - [ Ocorrencia:TThServidorProcessaRecebe.Execute EIdSocketError/Socket Error # 10054
Connection reset by peer.] - [ TMensagem:]
[ Nivel: 1 ] [ Data:22/01/2024] - [ Hora:10:25:26] - [ Linha:120920222118] - [ Modulo_ID:0]- [ TagComando:] - [ Programa:mcom_lib] - [ Unit:comunicador] - [ VersaoMensagem:1] - [ Versao:1.0.0] -  [ CodigoErro:1]  - [ Ocorrencia:TThServidorProcessaRecebe.Execute EIdSocketError/Socket Error # 10054
Connection reset by peer.] - [ TMensagem:]
[ Nivel: 1 ] [ Data:22/01/2024] - [ Hora:10:26:31] - [ Linha:120920222118] - [ Modulo_ID:0]- [ TagComando:] - [ Programa:mcom_lib] - [ Unit:comunicador] - [ VersaoMensagem:1] - [ Versao:1.0.0] -  [ CodigoErro:1]  - [ Ocorrencia:TThServidorProcessaRecebe.Execute EIdSocketError/Socket Error # 10054
Connection reset by peer.] - [ TMensagem:]
[ Nivel: 1 ] [ Data:22/01/2024] - [ Hora:10:26:31] - [ Linha:120920222118] - [ Modulo_ID:0]- [ TagComando:] - [ Programa:mcom_lib] - [ Unit:comunicador] - [ VersaoMensagem:1] - [ Versao:1.0.0] -  [ CodigoErro:1]  - [ Ocorrencia:TThServidorProcessaRecebe.Execute EIdSocketError/Socket Error # 10054
Connection reset by peer.] - [ TMensagem:]
[ Nivel: 1 ] [ Data:22/01/2024] - [ Hora:17:52:45] - [ Linha:310820221737] - [ Modulo_ID:0]- [ TagComando:] - [ Programa:mcom_lib] - [ Unit:mcom] - [ VersaoMensagem:1] - [ Versao:1.0.0] -  [ CodigoErro:98]  - [ Ocorrencia:] - [ TMensagem:]
[ Nivel: 1 ] [ Data:22/01/2024] - [ Hora:17:58:01] - [ Linha:120920222118] - [ Modulo_ID:0]- [ TagComando:] - [ Programa:mcom_lib] - [ Unit:comunicador] - [ VersaoMensagem:1] - [ Versao:1.0.0] -  [ CodigoErro:1]  - [ Ocorrencia:TThServidorProcessaRecebe.Execute EIdConnClosedGracefully/Connection Closed Gracefully.] - [ TMensagem:]
[ Nivel: 1 ] [ Data:22/01/2024] - [ Hora:17:58:02] - [ Linha:120920222118] - [ Modulo_ID:0]- [ TagComando:] - [ Programa:mcom_lib] - [ Unit:comunicador] - [ VersaoMensagem:1] - [ Versao:1.0.0] -  [ CodigoErro:1]  - [ Ocorrencia:TThServidorProcessaRecebe.Execute EIdConnClosedGracefully/Connection Closed Gracefully.] - [ TMensagem:]
[ Nivel: 1 ] [ Data:23/01/2024] - [ Hora:08:25:20] - [ Linha:120920222118] - [ Modulo_ID:0]- [ TagComando:] - [ Programa:mcom_lib] - [ Unit:comunicador] - [ VersaoMensagem:1] - [ Versao:1.0.0] -  [ CodigoErro:1]  - [ Ocorrencia:TThServidorProcessaRecebe.Execute EIdSocketError/Socket Error # 10054
Connection reset by peer.] - [ TMensagem:]
[ Nivel: 1 ] [ Data:23/01/2024] - [ Hora:08:25:20] - [ Linha:120920222118] - [ Modulo_ID:0]- [ TagComando:] - [ Programa:mcom_lib] - [ Unit:comunicador] - [ VersaoMensagem:1] - [ Versao:1.0.0] -  [ CodigoErro:1]  - [ Ocorrencia:TThServidorProcessaRecebe.Execute EIdSocketError/Socket Error # 10054
Connection reset by peer.] - [ TMensagem:]
[ Nivel: 1 ] [ Data:23/01/2024] - [ Hora:09:29:57] - [ Linha:120920222118] - [ Modulo_ID:0]- [ TagComando:] - [ Programa:mcom_lib] - [ Unit:comunicador] - [ VersaoMensagem:1] - [ Versao:1.0.0] -  [ CodigoErro:1]  - [ Ocorrencia:TThServidorProcessaRecebe.Execute Exception/RSA decoding error: Invalid block type] - [ TMensagem:]
[ Nivel: 1 ] [ Data:23/01/2024] - [ Hora:09:30:13] - [ Linha:120920222118] - [ Modulo_ID:0]- [ TagComando:] - [ Programa:mcom_lib] - [ Unit:comunicador] - [ VersaoMensagem:1] - [ Versao:1.0.0] -  [ CodigoErro:1]  - [ Ocorrencia:TThServidorProcessaRecebe.Execute EIdConnClosedGracefully/Connection Closed Gracefully.] - [ TMensagem:]
[ Nivel: 1 ] [ Data:23/01/2024] - [ Hora:09:30:13] - [ Linha:120920222118] - [ Modulo_ID:0]- [ TagComando:] - [ Programa:mcom_lib] - [ Unit:comunicador] - [ VersaoMensagem:1] - [ Versao:1.0.0] -  [ CodigoErro:1]  - [ Ocorrencia:TThServidorProcessaRecebe.Execute Exception/RSA decoding error: Invalid block type] - [ TMensagem:]
[ Nivel: 1 ] [ Data:23/01/2024] - [ Hora:09:30:28] - [ Linha:120920222118] - [ Modulo_ID:0]- [ TagComando:] - [ Programa:mcom_lib] - [ Unit:comunicador] - [ VersaoMensagem:1] - [ Versao:1.0.0] -  [ CodigoErro:1]  - [ Ocorrencia:TThServidorProcessaRecebe.Execute EIdConnClosedGracefully/Connection Closed Gracefully.] - [ TMensagem:]
[ Nivel: 1 ] [ Data:23/01/2024] - [ Hora:09:30:28] - [ Linha:120920222118] - [ Modulo_ID:0]- [ TagComando:] - [ Programa:mcom_lib] - [ Unit:comunicador] - [ VersaoMensagem:1] - [ Versao:1.0.0] -  [ CodigoErro:1]  - [ Ocorrencia:TThServidorProcessaRecebe.Execute Exception/RSA decoding error: Invalid block type] - [ TMensagem:]
[ Nivel: 1 ] [ Data:23/01/2024] - [ Hora:09:30:44] - [ Linha:120920222118] - [ Modulo_ID:0]- [ TagComando:] - [ Programa:mcom_lib] - [ Unit:comunicador] - [ VersaoMensagem:1] - [ Versao:1.0.0] -  [ CodigoErro:1]  - [ Ocorrencia:TThServidorProcessaRecebe.Execute EIdConnClosedGracefully/Connection Closed Gracefully.] - [ TMensagem:]
[ Nivel: 1 ] [ Data:23/01/2024] - [ Hora:09:30:44] - [ Linha:120920222118] - [ Modulo_ID:0]- [ TagComando:] - [ Programa:mcom_lib] - [ Unit:comunicador] - [ VersaoMensagem:1] - [ Versao:1.0.0] -  [ CodigoErro:1]  - [ Ocorrencia:TThServidorProcessaRecebe.Execute Exception/RSA decoding error: Invalid block type] - [ TMensagem:]
[ Nivel: 1 ] [ Data:23/01/2024] - [ Hora:09:30:59] - [ Linha:120920222118] - [ Modulo_ID:0]- [ TagComando:] - [ Programa:mcom_lib] - [ Unit:comunicador] - [ VersaoMensagem:1] - [ Versao:1.0.0] -  [ CodigoErro:1]  - [ Ocorrencia:TThServidorProcessaRecebe.Execute EIdConnClosedGracefully/Connection Closed Gracefully.] - [ TMensagem:]
[ Nivel: 1 ] [ Data:23/01/2024] - [ Hora:09:30:59] - [ Linha:120920222118] - [ Modulo_ID:0]- [ TagComando:] - [ Programa:mcom_lib] - [ Unit:comunicador] - [ VersaoMensagem:1] - [ Versao:1.0.0] -  [ CodigoErro:1]  - [ Ocorrencia:TThServidorProcessaRecebe.Execute EIdConnClosedGracefully/Connection Closed Gracefully.] - [ TMensagem:]
[ Nivel: 1 ] [ Data:23/01/2024] - [ Hora:09:31:03] - [ Linha:130920221654] - [ Modulo_ID:0]- [ TagComando:] - [ Programa:mcom_lib] - [ Unit:mcom] - [ VersaoMensagem:1] - [ Versao:1.0.0] -  [ CodigoErro:99]  - [ Ocorrencia:Erro no comando0001 conexão do cliente não encontrada ] - [ TMensagem:]
[ Nivel: 1 ] [ Data:23/01/2024] - [ Hora:09:31:03] - [ Linha:120920222118] - [ Modulo_ID:0]- [ TagComando:] - [ Programa:mcom_lib] - [ Unit:comunicador] - [ VersaoMensagem:1] - [ Versao:1.0.0] -  [ CodigoErro:1]  - [ Ocorrencia:TThServidorProcessaRecebe.Execute Exception/RSA decoding error: Invalid block type] - [ TMensagem:]
[ Nivel: 1 ] [ Data:23/01/2024] - [ Hora:09:31:10] - [ Linha:120920222118] - [ Modulo_ID:0]- [ TagComando:] - [ Programa:mcom_lib] - [ Unit:comunicador] - [ VersaoMensagem:1] - [ Versao:1.0.0] -  [ CodigoErro:1]  - [ Ocorrencia:TThServidorProcessaRecebe.Execute EIdSocketError/Socket Error # 10054
Connection reset by peer.] - [ TMensagem:]
[ Nivel: 1 ] [ Data:23/01/2024] - [ Hora:09:31:10] - [ Linha:120920222118] - [ Modulo_ID:0]- [ TagComando:] - [ Programa:mcom_lib] - [ Unit:comunicador] - [ VersaoMensagem:1] - [ Versao:1.0.0] -  [ CodigoErro:1]  - [ Ocorrencia:TThServidorProcessaRecebe.Execute EIdSocketError/Socket Error # 10054
Connection reset by peer.] - [ TMensagem:]
[ Nivel: 1 ] [ Data:23/01/2024] - [ Hora:12:54:13] - [ Linha:120920222118] - [ Modulo_ID:0]- [ TagComando:] - [ Programa:mcom_lib] - [ Unit:comunicador] - [ VersaoMensagem:1] - [ Versao:1.0.0] -  [ CodigoErro:1]  - [ Ocorrencia:TThServidorProcessaRecebe.Execute EIdConnClosedGracefully/Connection Closed Gracefully.] - [ TMensagem:]
[ Nivel: 1 ] [ Data:23/01/2024] - [ Hora:12:54:13] - [ Linha:120920222118] - [ Modulo_ID:0]- [ TagComando:] - [ Programa:mcom_lib] - [ Unit:comunicador] - [ VersaoMensagem:1] - [ Versao:1.0.0] -  [ CodigoErro:1]  - [ Ocorrencia:TThServidorProcessaRecebe.Execute EIdConnClosedGracefully/Connection Closed Gracefully.] - [ TMensagem:]
