[ Data:10/08/2022] - [ Hora:14:28:57] - [ Linha:210520222110Servico] - [ Modulo_ID:0]- [ TagComando:] - [ Programa:opentef] - [ Unit:opentef] - [ VersaoMensage:1] - [ Versao:1.0.0] -  [ CodigoErro:0]  - [ Ocorrencia:0000231000010FFD4211Venda Plano] - [ TMensagem:]
[ Data:10/08/2022] - [ Hora:14:28:57] - [ Linha:210520222110Servico] - [ Modulo_ID:0]- [ TagComando:] - [ Programa:opentef] - [ Unit:opentef] - [ VersaoMensage:1] - [ Versao:1.0.0] -  [ CodigoErro:0]  - [ Ocorrencia:0000310400D411R004D110007D275000027500001000D3213Cancela VendaFFD3213Cancela Plano00F0215Consultar Saldo] - [ TMensagem:]
[ Data:10/08/2022] - [ Hora:14:28:57] - [ Linha:210520222110Servico] - [ Modulo_ID:0]- [ TagComando:] - [ Programa:opentef] - [ Unit:opentef] - [ VersaoMensage:1] - [ Versao:1.0.0] -  [ CodigoErro:0]  - [ Ocorrencia:000023300CD11R004D11000CE16629867] - [ TMensagem:]
[ Data:10/08/2022] - [ Hora:14:35:18] - [ Linha:210520222110Servico] - [ Modulo_ID:0]- [ TagComando:] - [ Programa:opentef] - [ Unit:opentef] - [ VersaoMensage:1] - [ Versao:1.0.0] -  [ CodigoErro:0]  - [ Ocorrencia:0000231000010FFD4211Venda Plano] - [ TMensagem:]
[ Data:10/08/2022] - [ Hora:14:35:18] - [ Linha:210520222110Servico] - [ Modulo_ID:0]- [ TagComando:] - [ Programa:opentef] - [ Unit:opentef] - [ VersaoMensage:1] - [ Versao:1.0.0] -  [ CodigoErro:0]  - [ Ocorrencia:0000310400D411R004D110007D275000027500001000D3213Cancela VendaFFD3213Cancela Plano00F0215Consultar Saldo] - [ TMensagem:]
[ Data:10/08/2022] - [ Hora:14:35:18] - [ Linha:210520222110Servico] - [ Modulo_ID:0]- [ TagComando:] - [ Programa:opentef] - [ Unit:opentef] - [ VersaoMensage:1] - [ Versao:1.0.0] -  [ CodigoErro:0]  - [ Ocorrencia:000023300CD11R004D11000CE16629867] - [ TMensagem:]
[ Data:10/08/2022] - [ Hora:14:41:41] - [ Linha:210520222110Servico] - [ Modulo_ID:0]- [ TagComando:] - [ Programa:opentef] - [ Unit:opentef] - [ VersaoMensage:1] - [ Versao:1.0.0] -  [ CodigoErro:0]  - [ Ocorrencia:0000231000010FFD4211Venda Plano] - [ TMensagem:]
[ Data:10/08/2022] - [ Hora:14:41:41] - [ Linha:210520222110Servico] - [ Modulo_ID:0]- [ TagComando:] - [ Programa:opentef] - [ Unit:opentef] - [ VersaoMensage:1] - [ Versao:1.0.0] -  [ CodigoErro:0]  - [ Ocorrencia:0000310400D411R004D110007D275000027500001000D3213Cancela VendaFFD3213Cancela Plano00F0215Consultar Saldo] - [ TMensagem:]
[ Data:10/08/2022] - [ Hora:14:41:41] - [ Linha:210520222110Servico] - [ Modulo_ID:0]- [ TagComando:] - [ Programa:opentef] - [ Unit:opentef] - [ VersaoMensage:1] - [ Versao:1.0.0] -  [ CodigoErro:0]  - [ Ocorrencia:000023300CD11R004D11000CE16629867] - [ TMensagem:]
[ Data:10/08/2022] - [ Hora:15:09:00] - [ Linha:210520222110Servico] - [ Modulo_ID:0]- [ TagComando:] - [ Programa:opentef] - [ Unit:opentef] - [ VersaoMensage:1] - [ Versao:1.0.0] -  [ CodigoErro:0]  - [ Ocorrencia:0000231000010FFD4211Venda Plano] - [ TMensagem:]
[ Data:10/08/2022] - [ Hora:15:09:00] - [ Linha:210520222110Servico] - [ Modulo_ID:0]- [ TagComando:] - [ Programa:opentef] - [ Unit:opentef] - [ VersaoMensage:1] - [ Versao:1.0.0] -  [ CodigoErro:0]  - [ Ocorrencia:0000310400D411R004D110007D275000027500001000D3213Cancela VendaFFD3213Cancela Plano00F0215Consultar Saldo] - [ TMensagem:]
[ Data:10/08/2022] - [ Hora:15:09:00] - [ Linha:210520222110Servico] - [ Modulo_ID:0]- [ TagComando:] - [ Programa:opentef] - [ Unit:opentef] - [ VersaoMensage:1] - [ Versao:1.0.0] -  [ CodigoErro:0]  - [ Ocorrencia:000023300CD11R004D11000CE16629867] - [ TMensagem:]
[ Data:10/08/2022] - [ Hora:15:12:07] - [ Linha:210520222110Servico] - [ Modulo_ID:0]- [ TagComando:] - [ Programa:opentef] - [ Unit:opentef] - [ VersaoMensage:1] - [ Versao:1.0.0] -  [ CodigoErro:0]  - [ Ocorrencia:0000231000010FFD4211Venda Plano] - [ TMensagem:]
[ Data:10/08/2022] - [ Hora:15:12:07] - [ Linha:210520222110Servico] - [ Modulo_ID:0]- [ TagComando:] - [ Programa:opentef] - [ Unit:opentef] - [ VersaoMensage:1] - [ Versao:1.0.0] -  [ CodigoErro:0]  - [ Ocorrencia:0000310400D411R004D110007D275000027500001000D3213Cancela VendaFFD3213Cancela Plano00F0215Consultar Saldo] - [ TMensagem:]
[ Data:10/08/2022] - [ Hora:15:12:07] - [ Linha:210520222110Servico] - [ Modulo_ID:0]- [ TagComando:] - [ Programa:opentef] - [ Unit:opentef] - [ VersaoMensage:1] - [ Versao:1.0.0] -  [ CodigoErro:0]  - [ Ocorrencia:000023300CD11R004D11000CE16629867] - [ TMensagem:]
[ Data:10/08/2022] - [ Hora:16:06:32] - [ Linha:210520222110Servico] - [ Modulo_ID:0]- [ TagComando:] - [ Programa:opentef] - [ Unit:opentef] - [ VersaoMensage:1] - [ Versao:1.0.0] -  [ CodigoErro:0]  - [ Ocorrencia:0000231000010FFD4211Venda Plano] - [ TMensagem:]
[ Data:10/08/2022] - [ Hora:16:06:32] - [ Linha:210520222110Servico] - [ Modulo_ID:0]- [ TagComando:] - [ Programa:opentef] - [ Unit:opentef] - [ VersaoMensage:1] - [ Versao:1.0.0] -  [ CodigoErro:0]  - [ Ocorrencia:000023300CD11R004D11000CE16629867] - [ TMensagem:]
[ Data:10/08/2022] - [ Hora:16:06:32] - [ Linha:210520222110Servico] - [ Modulo_ID:0]- [ TagComando:] - [ Programa:opentef] - [ Unit:opentef] - [ VersaoMensage:1] - [ Versao:1.0.0] -  [ CodigoErro:0]  - [ Ocorrencia:0000310400D411R004D110007D275000027500001000D3213Cancela VendaFFD3213Cancela Plano00F0215Consultar Saldo] - [ TMensagem:]
[ Data:10/08/2022] - [ Hora:16:10:16] - [ Linha:210520222110Servico] - [ Modulo_ID:0]- [ TagComando:] - [ Programa:opentef] - [ Unit:opentef] - [ VersaoMensage:1] - [ Versao:1.0.0] -  [ CodigoErro:0]  - [ Ocorrencia:0000231000010FFD4211Venda Plano] - [ TMensagem:]
[ Data:10/08/2022] - [ Hora:16:10:16] - [ Linha:210520222110Servico] - [ Modulo_ID:0]- [ TagComando:] - [ Programa:opentef] - [ Unit:opentef] - [ VersaoMensage:1] - [ Versao:1.0.0] -  [ CodigoErro:0]  - [ Ocorrencia:0000310400D411R004D110007D275000027500001000D3213Cancela VendaFFD3213Cancela Plano00F0215Consultar Saldo] - [ TMensagem:]
[ Data:10/08/2022] - [ Hora:16:10:16] - [ Linha:210520222110Servico] - [ Modulo_ID:0]- [ TagComando:] - [ Programa:opentef] - [ Unit:opentef] - [ VersaoMensage:1] - [ Versao:1.0.0] -  [ CodigoErro:0]  - [ Ocorrencia:000023300CD11R004D11000CE16629867] - [ TMensagem:]
[ Data:10/08/2022] - [ Hora:16:42:35] - [ Linha:210520222110Servico] - [ Modulo_ID:0]- [ TagComando:] - [ Programa:opentef] - [ Unit:opentef] - [ VersaoMensage:1] - [ Versao:1.0.0] -  [ CodigoErro:0]  - [ Ocorrencia:0000231000010FFD4211Venda Plano] - [ TMensagem:]
[ Data:10/08/2022] - [ Hora:16:42:35] - [ Linha:210520222110Servico] - [ Modulo_ID:0]- [ TagComando:] - [ Programa:opentef] - [ Unit:opentef] - [ VersaoMensage:1] - [ Versao:1.0.0] -  [ CodigoErro:0]  - [ Ocorrencia:0000310400D411R004D110007D275000027500001000D3213Cancela VendaFFD3213Cancela Plano00F0215Consultar Saldo] - [ TMensagem:]
[ Data:10/08/2022] - [ Hora:16:42:35] - [ Linha:210520222110Servico] - [ Modulo_ID:0]- [ TagComando:] - [ Programa:opentef] - [ Unit:opentef] - [ VersaoMensage:1] - [ Versao:1.0.0] -  [ CodigoErro:0]  - [ Ocorrencia:000023300CD11R004D11000CE16629867] - [ TMensagem:]
[ Data:10/08/2022] - [ Hora:17:55:37] - [ Linha:210520222110Servico] - [ Modulo_ID:0]- [ TagComando:] - [ Programa:opentef] - [ Unit:opentef] - [ VersaoMensage:1] - [ Versao:1.0.0] -  [ CodigoErro:0]  - [ Ocorrencia:0000231000010FFD4211Venda Plano] - [ TMensagem:]
[ Data:10/08/2022] - [ Hora:17:55:37] - [ Linha:210520222110Servico] - [ Modulo_ID:0]- [ TagComando:] - [ Programa:opentef] - [ Unit:opentef] - [ VersaoMensage:1] - [ Versao:1.0.0] -  [ CodigoErro:0]  - [ Ocorrencia:0000310400D411R004D110007D275000027500001000D3213Cancela VendaFFD3213Cancela Plano00F0215Consultar Saldo] - [ TMensagem:]
[ Data:10/08/2022] - [ Hora:17:55:37] - [ Linha:210520222110Servico] - [ Modulo_ID:0]- [ TagComando:] - [ Programa:opentef] - [ Unit:opentef] - [ VersaoMensage:1] - [ Versao:1.0.0] -  [ CodigoErro:0]  - [ Ocorrencia:000023300CD11R004D11000CE16629867] - [ TMensagem:]
[ Data:11/08/2022] - [ Hora:08:32:14] - [ Linha:210520222110Servico] - [ Modulo_ID:0]- [ TagComando:] - [ Programa:opentef] - [ Unit:opentef] - [ VersaoMensage:1] - [ Versao:1.0.0] -  [ CodigoErro:0]  - [ Ocorrencia:0000231000010FFD4211Venda Plano] - [ TMensagem:]
[ Data:11/08/2022] - [ Hora:08:32:14] - [ Linha:210520222110Servico] - [ Modulo_ID:0]- [ TagComando:] - [ Programa:opentef] - [ Unit:opentef] - [ VersaoMensage:1] - [ Versao:1.0.0] -  [ CodigoErro:0]  - [ Ocorrencia:000023300CD11R004D11000CE16629867] - [ TMensagem:]
[ Data:11/08/2022] - [ Hora:08:32:14] - [ Linha:210520222110Servico] - [ Modulo_ID:0]- [ TagComando:] - [ Programa:opentef] - [ Unit:opentef] - [ VersaoMensage:1] - [ Versao:1.0.0] -  [ CodigoErro:0]  - [ Ocorrencia:0000310400D411R004D110007D275000027500001000D3213Cancela VendaFFD3213Cancela Plano00F0215Consultar Saldo] - [ TMensagem:]
[ Data:11/08/2022] - [ Hora:08:34:55] - [ Linha:210520222110Servico] - [ Modulo_ID:0]- [ TagComando:] - [ Programa:opentef] - [ Unit:opentef] - [ VersaoMensage:1] - [ Versao:1.0.0] -  [ CodigoErro:0]  - [ Ocorrencia:0000231000010FFD4211Venda Plano] - [ TMensagem:]
[ Data:11/08/2022] - [ Hora:08:34:55] - [ Linha:210520222110Servico] - [ Modulo_ID:0]- [ TagComando:] - [ Programa:opentef] - [ Unit:opentef] - [ VersaoMensage:1] - [ Versao:1.0.0] -  [ CodigoErro:0]  - [ Ocorrencia:0000310400D411R004D110007D275000027500001000D3213Cancela VendaFFD3213Cancela Plano00F0215Consultar Saldo] - [ TMensagem:]
[ Data:11/08/2022] - [ Hora:08:34:55] - [ Linha:210520222110Servico] - [ Modulo_ID:0]- [ TagComando:] - [ Programa:opentef] - [ Unit:opentef] - [ VersaoMensage:1] - [ Versao:1.0.0] -  [ CodigoErro:0]  - [ Ocorrencia:000023300CD11R004D11000CE16629867] - [ TMensagem:]
[ Data:11/08/2022] - [ Hora:08:35:58] - [ Linha:210520222110Servico] - [ Modulo_ID:0]- [ TagComando:] - [ Programa:opentef] - [ Unit:opentef] - [ VersaoMensage:1] - [ Versao:1.0.0] -  [ CodigoErro:0]  - [ Ocorrencia:0000337900E111S00E33300dOpVYWWFjQL6DoQzAmvJZB7DELvUjmU0lR1ZLa3EZpAxMVaavgWvK6vuM0ou9j0qwaUi3NSP84YvAMOXgpLXeyvr2KAvtSyt2+QznSGXzhh68u0+dN+D5T+dYmHWNUQjR6zSzDY+asHB521FtrtxXGLGeSBXR8LjFL5YcAFtpBkoy4fk27kLSCCItSEh3AyPbq81zQmTxMnwj1eBO36QBAlv2r9GiLSBCbP0cFbON0c4ksPQwI/fjG8M+8+yJw1s2gKdVCIyLx7Wrby13cA6NaO4Uk1CX+aFgwhP6A/z/BM=0008232E33406F31D2AE7F1A21197D32410CD950027140F1600E4110] - [ TMensagem:]
[ Data:11/08/2022] - [ Hora:08:36:30] - [ Linha:210520222110Servico] - [ Modulo_ID:0]- [ TagComando:] - [ Programa:opentef] - [ Unit:opentef] - [ VersaoMensage:1] - [ Versao:1.0.0] -  [ CodigoErro:0]  - [ Ocorrencia:000021400E211R] - [ TMensagem:]
[ Data:11/08/2022] - [ Hora:08:36:31] - [ Linha:210520222110Servico] - [ Modulo_ID:0]- [ TagComando:] - [ Programa:opentef] - [ Unit:opentef] - [ VersaoMensage:1] - [ Versao:1.0.0] -  [ CodigoErro:0]  - [ Ocorrencia:000021400E211R] - [ TMensagem:]
[ Data:11/08/2022] - [ Hora:08:36:31] - [ Linha:210520222110Servico] - [ Modulo_ID:0]- [ TagComando:] - [ Programa:opentef] - [ Unit:opentef] - [ VersaoMensage:1] - [ Versao:1.0.0] -  [ CodigoErro:0]  - [ Ocorrencia:000021400E211R] - [ TMensagem:]
[ Data:11/08/2022] - [ Hora:08:36:31] - [ Linha:210520222110Servico] - [ Modulo_ID:0]- [ TagComando:] - [ Programa:opentef] - [ Unit:opentef] - [ VersaoMensage:1] - [ Versao:1.0.0] -  [ CodigoErro:0]  - [ Ocorrencia:000021400E211R] - [ TMensagem:]
[ Data:11/08/2022] - [ Hora:08:36:31] - [ Linha:210520222110Servico] - [ Modulo_ID:0]- [ TagComando:] - [ Programa:opentef] - [ Unit:opentef] - [ VersaoMensage:1] - [ Versao:1.0.0] -  [ CodigoErro:0]  - [ Ocorrencia:000021400E211R] - [ TMensagem:]
[ Data:11/08/2022] - [ Hora:08:36:31] - [ Linha:210520222110Servico] - [ Modulo_ID:0]- [ TagComando:] - [ Programa:opentef] - [ Unit:opentef] - [ VersaoMensage:1] - [ Versao:1.0.0] -  [ CodigoErro:0]  - [ Ocorrencia:000021400E211R] - [ TMensagem:]
[ Data:11/08/2022] - [ Hora:08:36:31] - [ Linha:210520222110Servico] - [ Modulo_ID:0]- [ TagComando:] - [ Programa:opentef] - [ Unit:opentef] - [ VersaoMensage:1] - [ Versao:1.0.0] -  [ CodigoErro:0]  - [ Ocorrencia:0000337900E111S00E33300FrKrquhXotlgScL8QV21YSXsfTEDgHuRNhovGovr6WqiPfv5vKfiEQ1Xg70LF6iGqVrRnOcU6D8bqYwv5tYUmOQMawAvzMAYS6SLL86X3WNl6oOlOrb9rhjjPBBslAGXEYnEHP+zqEIJ/y5GPT1+c1MWOFS4RZP4TiF7Qm5+LkBcps2MHqmkuEFFz8m6MMwcB3XIZddOadIb3It5F4XdV4tQ65EHhujtcgXSSQWcXoMoCgV1oOY2A+iVmhee3HcvJJ1Xqw6+/zs93D/e7dKrH3G/Q53bAmluff11hZ9EEHw=0008232E33406F31D2AE7F1A21197D32410CD950027140F1600E4110] - [ TMensagem:]
[ Data:11/08/2022] - [ Hora:08:36:56] - [ Linha:210520222110Servico] - [ Modulo_ID:0]- [ TagComando:] - [ Programa:opentef] - [ Unit:opentef] - [ VersaoMensage:1] - [ Versao:1.0.0] -  [ CodigoErro:0]  - [ Ocorrencia:0000337900E111S00E33300H6vDFdnW9Zw1ysKJn3RZjOs1b4zct0zRqBvmzPFBYmFE1PGPTmBojF/zFJLq70F2dLFEXnhC7khAV14Vko3EE0HH0pJmn/yZXd4xUQvRVCt9rLy66W7GHkHiyj7BQzGFQsSLhTqYTcCcPqRRS08LhswrRcmpnAir7V7gKrW9CDNQWJFA/+MorpnerATaUal3cmCskaNEVmccWFjK44yOiAgbyzqqRVth1uyEAPCGhyIRYsDlDL4LKlYj8sbOXbRYs8sWziPkq6nQuGoFm4IXCxEhW+LLVfMXKSo93OfW82Y=0008232E33406F31D2AE7F1A21197D32410CD950027140F1600E4110] - [ TMensagem:]
[ Data:11/08/2022] - [ Hora:08:38:15] - [ Linha:210520222110Servico] - [ Modulo_ID:0]- [ TagComando:] - [ Programa:opentef] - [ Unit:opentef] - [ VersaoMensage:1] - [ Versao:1.0.0] -  [ CodigoErro:0]  - [ Ocorrencia:00003399002A11S00E33320mIlwmoRalnLzXBoyWhP1ekQ1mhKRupW0h0sxGBUdHj8BvSpH64tAvNMTsHsDce0m+bUXGROmFDlXXPZQybqMbToinXVa8hxCLw+wl28+Q3OdSZvRi+9/TctNsStc5aVOuU30rxGGgTu3z2i7Hq30OZm8vwep4Rtw7sxY/kjcKXPio7mpXLFcnjMokz5O8CdDmbah8On9Q7gVbW9C3v+IQRF08tNinpkAWNm7rccZZgDEXORNRACQt/DgXTIRjrUl8Wt2whjSzMaSqk2ampcGYbMyZacZrlauGzTqYcf2wTOr/khK921tdkxsdu8lTtVq0008232E33406F31D2AE7F1A21197D32410CD950027140F1600E4110] - [ TMensagem:]
[ Data:11/08/2022] - [ Hora:08:40:13] - [ Linha:210520222110Servico] - [ Modulo_ID:0]- [ TagComando:] - [ Programa:opentef] - [ Unit:opentef] - [ VersaoMensage:1] - [ Versao:1.0.0] -  [ CodigoErro:0]  - [ Ocorrencia:0000231000010FFD4211Venda Plano] - [ TMensagem:]
[ Data:11/08/2022] - [ Hora:08:40:13] - [ Linha:210520222110Servico] - [ Modulo_ID:0]- [ TagComando:] - [ Programa:opentef] - [ Unit:opentef] - [ VersaoMensage:1] - [ Versao:1.0.0] -  [ CodigoErro:0]  - [ Ocorrencia:0000310400D411R004D110007D275000027500001000D3213Cancela VendaFFD3213Cancela Plano00F0215Consultar Saldo] - [ TMensagem:]
[ Data:11/08/2022] - [ Hora:08:40:13] - [ Linha:210520222110Servico] - [ Modulo_ID:0]- [ TagComando:] - [ Programa:opentef] - [ Unit:opentef] - [ VersaoMensage:1] - [ Versao:1.0.0] -  [ CodigoErro:0]  - [ Ocorrencia:000023300CD11R004D11000CE16629867] - [ TMensagem:]
[ Data:11/08/2022] - [ Hora:08:53:28] - [ Linha:210520222110Servico] - [ Modulo_ID:0]- [ TagComando:] - [ Programa:opentef] - [ Unit:opentef] - [ VersaoMensage:1] - [ Versao:1.0.0] -  [ CodigoErro:0]  - [ Ocorrencia:0000231000010FFD4211Venda Plano] - [ TMensagem:]
[ Data:11/08/2022] - [ Hora:08:53:28] - [ Linha:210520222110Servico] - [ Modulo_ID:0]- [ TagComando:] - [ Programa:opentef] - [ Unit:opentef] - [ VersaoMensage:1] - [ Versao:1.0.0] -  [ CodigoErro:0]  - [ Ocorrencia:000023300CD11R004D11000CE16629867] - [ TMensagem:]
[ Data:11/08/2022] - [ Hora:08:53:28] - [ Linha:210520222110Servico] - [ Modulo_ID:0]- [ TagComando:] - [ Programa:opentef] - [ Unit:opentef] - [ VersaoMensage:1] - [ Versao:1.0.0] -  [ CodigoErro:0]  - [ Ocorrencia:0000310400D411R004D110007D275000027500001000D3213Cancela VendaFFD3213Cancela Plano00F0215Consultar Saldo] - [ TMensagem:]
[ Data:11/08/2022] - [ Hora:13:43:44] - [ Linha:202211081230] - [ Modulo_ID:0]- [ TagComando:] - [ Programa:opentef] - [ Unit:opentefnucleo] - [ VersaoMensage:1] - [ Versao:1.0.0] -  [ CodigoErro:0]  - [ Ocorrencia:TDNucleo.iniciar Iniciando...] - [ TMensagem:]
[ Data:11/08/2022] - [ Hora:13:43:44] - [ Linha:2022110812319] - [ Modulo_ID:0]- [ TagComando:] - [ Programa:opentef] - [ Unit:opentefnucleo] - [ VersaoMensage:1] - [ Versao:1.0.0] -  [ CodigoErro:0]  - [ Ocorrencia:TDNucleo.iniciar TentandoConectandoBanco LIB: banco:E:\Lazarus\OpenTef\publica\binarios\opentef\win64\opentef.fdb] - [ TMensagem:]
[ Data:11/08/2022] - [ Hora:13:43:49] - [ Linha:2022110812316] - [ Modulo_ID:0]- [ TagComando:] - [ Programa:opentef] - [ Unit:opentefnucleo] - [ VersaoMensage:1] - [ Versao:1.0.0] -  [ CodigoErro:0]  - [ Ocorrencia:TDNucleo.iniciar ConectandoBanco...] - [ TMensagem:]
[ Data:11/08/2022] - [ Hora:13:43:49] - [ Linha:2022110812317] - [ Modulo_ID:0]- [ TagComando:] - [ Programa:opentef] - [ Unit:opentefnucleo] - [ VersaoMensage:1] - [ Versao:1.0.0] -  [ CodigoErro:0]  - [ Ocorrencia:TDNucleo.iniciar ConectadoBanco...] - [ TMensagem:]
[ Data:11/08/2022] - [ Hora:13:43:49] - [ Linha:202211081230] - [ Modulo_ID:0]- [ TagComando:] - [ Programa:opentef] - [ Unit:opentefnucleo] - [ VersaoMensage:1] - [ Versao:1.0.0] -  [ CodigoErro:1000]  - [ Ocorrencia:TDNucleo.iniciar Iniciando...] - [ TMensagem:]
[ Data:11/08/2022] - [ Hora:13:43:51] - [ Linha:210520222110Servico] - [ Modulo_ID:0]- [ TagComando:] - [ Programa:opentef] - [ Unit:opentef] - [ VersaoMensage:1] - [ Versao:1.0.0] -  [ CodigoErro:0]  - [ Ocorrencia:0000231000010FFD4211Venda Plano] - [ TMensagem:]
[ Data:11/08/2022] - [ Hora:13:43:51] - [ Linha:210520222110Servico] - [ Modulo_ID:0]- [ TagComando:] - [ Programa:opentef] - [ Unit:opentef] - [ VersaoMensage:1] - [ Versao:1.0.0] -  [ CodigoErro:0]  - [ Ocorrencia:0000310400D411R004D110007D275000027500001000D3213Cancela VendaFFD3213Cancela Plano00F0215Consultar Saldo] - [ TMensagem:]
[ Data:11/08/2022] - [ Hora:13:43:51] - [ Linha:210520222110Servico] - [ Modulo_ID:0]- [ TagComando:] - [ Programa:opentef] - [ Unit:opentef] - [ VersaoMensage:1] - [ Versao:1.0.0] -  [ CodigoErro:0]  - [ Ocorrencia:000023300CD11R004D11000CE16629867] - [ TMensagem:]
[ Data:11/08/2022] - [ Hora:14:11:46] - [ Linha:202211081230] - [ Modulo_ID:0]- [ TagComando:] - [ Programa:opentef] - [ Unit:opentefnucleo] - [ VersaoMensage:1] - [ Versao:1.0.0] -  [ CodigoErro:0]  - [ Ocorrencia:TDNucleo.iniciar Iniciando...] - [ TMensagem:]
[ Data:11/08/2022] - [ Hora:14:11:46] - [ Linha:2022110812319] - [ Modulo_ID:0]- [ TagComando:] - [ Programa:opentef] - [ Unit:opentefnucleo] - [ VersaoMensage:1] - [ Versao:1.0.0] -  [ CodigoErro:0]  - [ Ocorrencia:TDNucleo.iniciar TentandoConectandoBanco LIB: banco:E:\Lazarus\OpenTef\publica\binarios\opentef\win64\opentef.fdb] - [ TMensagem:]
[ Data:11/08/2022] - [ Hora:14:11:51] - [ Linha:2022110812316] - [ Modulo_ID:0]- [ TagComando:] - [ Programa:opentef] - [ Unit:opentefnucleo] - [ VersaoMensage:1] - [ Versao:1.0.0] -  [ CodigoErro:0]  - [ Ocorrencia:TDNucleo.iniciar ConectandoBanco...] - [ TMensagem:]
[ Data:11/08/2022] - [ Hora:14:11:51] - [ Linha:2022110812317] - [ Modulo_ID:0]- [ TagComando:] - [ Programa:opentef] - [ Unit:opentefnucleo] - [ VersaoMensage:1] - [ Versao:1.0.0] -  [ CodigoErro:0]  - [ Ocorrencia:TDNucleo.iniciar ConectadoBanco...] - [ TMensagem:]
[ Data:11/08/2022] - [ Hora:14:11:51] - [ Linha:202211081230] - [ Modulo_ID:0]- [ TagComando:] - [ Programa:opentef] - [ Unit:opentefnucleo] - [ VersaoMensage:1] - [ Versao:1.0.0] -  [ CodigoErro:1000]  - [ Ocorrencia:TDNucleo.iniciar Iniciando...] - [ TMensagem:]
[ Data:11/08/2022] - [ Hora:14:11:53] - [ Linha:210520222110Servico] - [ Modulo_ID:0]- [ TagComando:] - [ Programa:opentef] - [ Unit:opentef] - [ VersaoMensage:1] - [ Versao:1.0.0] -  [ CodigoErro:0]  - [ Ocorrencia:0000231000010FFD4211Venda Plano] - [ TMensagem:]
[ Data:11/08/2022] - [ Hora:14:11:53] - [ Linha:210520222110Servico] - [ Modulo_ID:0]- [ TagComando:] - [ Programa:opentef] - [ Unit:opentef] - [ VersaoMensage:1] - [ Versao:1.0.0] -  [ CodigoErro:0]  - [ Ocorrencia:0000310400D411R004D110007D275000027500001000D3213Cancela VendaFFD3213Cancela Plano00F0215Consultar Saldo] - [ TMensagem:]
[ Data:11/08/2022] - [ Hora:14:11:53] - [ Linha:210520222110Servico] - [ Modulo_ID:0]- [ TagComando:] - [ Programa:opentef] - [ Unit:opentef] - [ VersaoMensage:1] - [ Versao:1.0.0] -  [ CodigoErro:0]  - [ Ocorrencia:000023300CD11R004D11000CE16629867] - [ TMensagem:]
[ Data:11/08/2022] - [ Hora:15:31:21] - [ Linha:202211081230] - [ Modulo_ID:0]- [ TagComando:] - [ Programa:opentef] - [ Unit:opentefnucleo] - [ VersaoMensage:1] - [ Versao:1.0.0] -  [ CodigoErro:0]  - [ Ocorrencia:TDNucleo.iniciar Iniciando...] - [ TMensagem:]
[ Data:11/08/2022] - [ Hora:15:31:21] - [ Linha:2022110812319] - [ Modulo_ID:0]- [ TagComando:] - [ Programa:opentef] - [ Unit:opentefnucleo] - [ VersaoMensage:1] - [ Versao:1.0.0] -  [ CodigoErro:0]  - [ Ocorrencia:TDNucleo.iniciar TentandoConectandoBanco LIB: banco:E:\Lazarus\OpenTef\publica\binarios\opentef\win64\opentef.fdb] - [ TMensagem:]
[ Data:11/08/2022] - [ Hora:15:31:26] - [ Linha:2022110812316] - [ Modulo_ID:0]- [ TagComando:] - [ Programa:opentef] - [ Unit:opentefnucleo] - [ VersaoMensage:1] - [ Versao:1.0.0] -  [ CodigoErro:0]  - [ Ocorrencia:TDNucleo.iniciar ConectandoBanco...] - [ TMensagem:]
[ Data:11/08/2022] - [ Hora:15:31:26] - [ Linha:2022110812317] - [ Modulo_ID:0]- [ TagComando:] - [ Programa:opentef] - [ Unit:opentefnucleo] - [ VersaoMensage:1] - [ Versao:1.0.0] -  [ CodigoErro:0]  - [ Ocorrencia:TDNucleo.iniciar ConectadoBanco...] - [ TMensagem:]
[ Data:11/08/2022] - [ Hora:15:31:26] - [ Linha:202211081230] - [ Modulo_ID:0]- [ TagComando:] - [ Programa:opentef] - [ Unit:opentefnucleo] - [ VersaoMensage:1] - [ Versao:1.0.0] -  [ CodigoErro:1000]  - [ Ocorrencia:TDNucleo.iniciar Iniciando...] - [ TMensagem:]
[ Data:11/08/2022] - [ Hora:15:31:28] - [ Linha:210520222110Servico] - [ Modulo_ID:0]- [ TagComando:] - [ Programa:opentef] - [ Unit:opentef] - [ VersaoMensage:1] - [ Versao:1.0.0] -  [ CodigoErro:0]  - [ Ocorrencia:0000231000010FFD4211Venda Plano] - [ TMensagem:]
[ Data:11/08/2022] - [ Hora:15:31:28] - [ Linha:210520222110Servico] - [ Modulo_ID:0]- [ TagComando:] - [ Programa:opentef] - [ Unit:opentef] - [ VersaoMensage:1] - [ Versao:1.0.0] -  [ CodigoErro:0]  - [ Ocorrencia:000023300CD11R004D11000CE16629867] - [ TMensagem:]
[ Data:11/08/2022] - [ Hora:15:31:29] - [ Linha:210520222110Servico] - [ Modulo_ID:0]- [ TagComando:] - [ Programa:opentef] - [ Unit:opentef] - [ VersaoMensage:1] - [ Versao:1.0.0] -  [ CodigoErro:0]  - [ Ocorrencia:0000310400D411R004D110007D275000027500001000D3213Cancela VendaFFD3213Cancela Plano00F0215Consultar Saldo] - [ TMensagem:]
[ Data:11/08/2022] - [ Hora:15:33:58] - [ Linha:202211081230] - [ Modulo_ID:0]- [ TagComando:] - [ Programa:opentef] - [ Unit:opentefnucleo] - [ VersaoMensage:1] - [ Versao:1.0.0] -  [ CodigoErro:0]  - [ Ocorrencia:TDNucleo.iniciar Iniciando...] - [ TMensagem:]
[ Data:11/08/2022] - [ Hora:15:33:58] - [ Linha:2022110812319] - [ Modulo_ID:0]- [ TagComando:] - [ Programa:opentef] - [ Unit:opentefnucleo] - [ VersaoMensage:1] - [ Versao:1.0.0] -  [ CodigoErro:0]  - [ Ocorrencia:TDNucleo.iniciar TentandoConectandoBanco LIB: banco:E:\Lazarus\OpenTef\publica\binarios\opentef\win64\opentef.fdb] - [ TMensagem:]
[ Data:11/08/2022] - [ Hora:15:34:03] - [ Linha:2022110812316] - [ Modulo_ID:0]- [ TagComando:] - [ Programa:opentef] - [ Unit:opentefnucleo] - [ VersaoMensage:1] - [ Versao:1.0.0] -  [ CodigoErro:0]  - [ Ocorrencia:TDNucleo.iniciar ConectandoBanco...] - [ TMensagem:]
[ Data:11/08/2022] - [ Hora:15:34:03] - [ Linha:2022110812317] - [ Modulo_ID:0]- [ TagComando:] - [ Programa:opentef] - [ Unit:opentefnucleo] - [ VersaoMensage:1] - [ Versao:1.0.0] -  [ CodigoErro:0]  - [ Ocorrencia:TDNucleo.iniciar ConectadoBanco...] - [ TMensagem:]
[ Data:11/08/2022] - [ Hora:15:34:03] - [ Linha:202211081230] - [ Modulo_ID:0]- [ TagComando:] - [ Programa:opentef] - [ Unit:opentefnucleo] - [ VersaoMensage:1] - [ Versao:1.0.0] -  [ CodigoErro:1000]  - [ Ocorrencia:TDNucleo.iniciar Iniciando...] - [ TMensagem:]
[ Data:11/08/2022] - [ Hora:15:34:05] - [ Linha:210520222110Servico] - [ Modulo_ID:0]- [ TagComando:] - [ Programa:opentef] - [ Unit:opentef] - [ VersaoMensage:1] - [ Versao:1.0.0] -  [ CodigoErro:0]  - [ Ocorrencia:0000231000010FFD4211Venda Plano] - [ TMensagem:]
[ Data:11/08/2022] - [ Hora:15:34:05] - [ Linha:210520222110Servico] - [ Modulo_ID:0]- [ TagComando:] - [ Programa:opentef] - [ Unit:opentef] - [ VersaoMensage:1] - [ Versao:1.0.0] -  [ CodigoErro:0]  - [ Ocorrencia:0000310400D411R004D110007D275000027500001000D3213Cancela VendaFFD3213Cancela Plano00F0215Consultar Saldo] - [ TMensagem:]
[ Data:11/08/2022] - [ Hora:15:34:05] - [ Linha:210520222110Servico] - [ Modulo_ID:0]- [ TagComando:] - [ Programa:opentef] - [ Unit:opentef] - [ VersaoMensage:1] - [ Versao:1.0.0] -  [ CodigoErro:0]  - [ Ocorrencia:000023300CD11R004D11000CE16629867] - [ TMensagem:]
[ Data:11/08/2022] - [ Hora:16:27:13] - [ Linha:202211081230] - [ Modulo_ID:0]- [ TagComando:] - [ Programa:opentef] - [ Unit:opentefnucleo] - [ VersaoMensage:1] - [ Versao:1.0.0] -  [ CodigoErro:0]  - [ Ocorrencia:TDNucleo.iniciar Iniciando...] - [ TMensagem:]
[ Data:11/08/2022] - [ Hora:16:27:13] - [ Linha:2022110812319] - [ Modulo_ID:0]- [ TagComando:] - [ Programa:opentef] - [ Unit:opentefnucleo] - [ VersaoMensage:1] - [ Versao:1.0.0] -  [ CodigoErro:0]  - [ Ocorrencia:TDNucleo.iniciar TentandoConectandoBanco LIB: banco:E:\Lazarus\OpenTef\publica\binarios\opentef\win64\opentef.fdb] - [ TMensagem:]
[ Data:11/08/2022] - [ Hora:16:27:18] - [ Linha:2022110812316] - [ Modulo_ID:0]- [ TagComando:] - [ Programa:opentef] - [ Unit:opentefnucleo] - [ VersaoMensage:1] - [ Versao:1.0.0] -  [ CodigoErro:0]  - [ Ocorrencia:TDNucleo.iniciar ConectandoBanco...] - [ TMensagem:]
[ Data:11/08/2022] - [ Hora:16:27:18] - [ Linha:2022110812317] - [ Modulo_ID:0]- [ TagComando:] - [ Programa:opentef] - [ Unit:opentefnucleo] - [ VersaoMensage:1] - [ Versao:1.0.0] -  [ CodigoErro:0]  - [ Ocorrencia:TDNucleo.iniciar ConectadoBanco...] - [ TMensagem:]
[ Data:11/08/2022] - [ Hora:16:27:18] - [ Linha:202211081230] - [ Modulo_ID:0]- [ TagComando:] - [ Programa:opentef] - [ Unit:opentefnucleo] - [ VersaoMensage:1] - [ Versao:1.0.0] -  [ CodigoErro:1000]  - [ Ocorrencia:TDNucleo.iniciar Iniciando...] - [ TMensagem:]
[ Data:11/08/2022] - [ Hora:16:27:20] - [ Linha:210520222110Servico] - [ Modulo_ID:0]- [ TagComando:] - [ Programa:opentef] - [ Unit:opentef] - [ VersaoMensage:1] - [ Versao:1.0.0] -  [ CodigoErro:0]  - [ Ocorrencia:0000231000010FFD4211Venda Plano] - [ TMensagem:]
[ Data:11/08/2022] - [ Hora:16:27:20] - [ Linha:210520222110Servico] - [ Modulo_ID:0]- [ TagComando:] - [ Programa:opentef] - [ Unit:opentef] - [ VersaoMensage:1] - [ Versao:1.0.0] -  [ CodigoErro:0]  - [ Ocorrencia:000023300CD11R004D11000CE16629867] - [ TMensagem:]
[ Data:11/08/2022] - [ Hora:16:27:20] - [ Linha:210520222110Servico] - [ Modulo_ID:0]- [ TagComando:] - [ Programa:opentef] - [ Unit:opentef] - [ VersaoMensage:1] - [ Versao:1.0.0] -  [ CodigoErro:0]  - [ Ocorrencia:0000310400D411R004D110007D275000027500001000D3213Cancela VendaFFD3213Cancela Plano00F0215Consultar Saldo] - [ TMensagem:]
[ Data:11/08/2022] - [ Hora:16:41:32] - [ Linha:202211081230] - [ Modulo_ID:0]- [ TagComando:] - [ Programa:opentef] - [ Unit:opentefnucleo] - [ VersaoMensage:1] - [ Versao:1.0.0] -  [ CodigoErro:0]  - [ Ocorrencia:TDNucleo.iniciar Iniciando...] - [ TMensagem:]
[ Data:11/08/2022] - [ Hora:16:41:32] - [ Linha:2022110812319] - [ Modulo_ID:0]- [ TagComando:] - [ Programa:opentef] - [ Unit:opentefnucleo] - [ VersaoMensage:1] - [ Versao:1.0.0] -  [ CodigoErro:0]  - [ Ocorrencia:TDNucleo.iniciar TentandoConectandoBanco LIB: banco:E:\Lazarus\OpenTef\publica\binarios\opentef\win64\opentef.fdb] - [ TMensagem:]
[ Data:11/08/2022] - [ Hora:16:41:37] - [ Linha:2022110812316] - [ Modulo_ID:0]- [ TagComando:] - [ Programa:opentef] - [ Unit:opentefnucleo] - [ VersaoMensage:1] - [ Versao:1.0.0] -  [ CodigoErro:0]  - [ Ocorrencia:TDNucleo.iniciar ConectandoBanco...] - [ TMensagem:]
[ Data:11/08/2022] - [ Hora:16:41:37] - [ Linha:2022110812317] - [ Modulo_ID:0]- [ TagComando:] - [ Programa:opentef] - [ Unit:opentefnucleo] - [ VersaoMensage:1] - [ Versao:1.0.0] -  [ CodigoErro:0]  - [ Ocorrencia:TDNucleo.iniciar ConectadoBanco...] - [ TMensagem:]
[ Data:11/08/2022] - [ Hora:16:41:37] - [ Linha:202211081230] - [ Modulo_ID:0]- [ TagComando:] - [ Programa:opentef] - [ Unit:opentefnucleo] - [ VersaoMensage:1] - [ Versao:1.0.0] -  [ CodigoErro:1000]  - [ Ocorrencia:TDNucleo.iniciar Iniciando...] - [ TMensagem:]
[ Data:11/08/2022] - [ Hora:16:41:39] - [ Linha:210520222110Servico] - [ Modulo_ID:0]- [ TagComando:] - [ Programa:opentef] - [ Unit:opentef] - [ VersaoMensage:1] - [ Versao:1.0.0] -  [ CodigoErro:0]  - [ Ocorrencia:0000231000010FFD4211Venda Plano] - [ TMensagem:]
[ Data:11/08/2022] - [ Hora:16:41:39] - [ Linha:210520222110Servico] - [ Modulo_ID:0]- [ TagComando:] - [ Programa:opentef] - [ Unit:opentef] - [ VersaoMensage:1] - [ Versao:1.0.0] -  [ CodigoErro:0]  - [ Ocorrencia:0000310400D411R004D110007D275000027500001000D3213Cancela VendaFFD3213Cancela Plano00F0215Consultar Saldo] - [ TMensagem:]
[ Data:11/08/2022] - [ Hora:16:41:39] - [ Linha:210520222110Servico] - [ Modulo_ID:0]- [ TagComando:] - [ Programa:opentef] - [ Unit:opentef] - [ VersaoMensage:1] - [ Versao:1.0.0] -  [ CodigoErro:0]  - [ Ocorrencia:000023300CD11R004D11000CE16629867] - [ TMensagem:]
[ Data:11/08/2022] - [ Hora:17:06:18] - [ Linha:202211081230] - [ Modulo_ID:0]- [ TagComando:] - [ Programa:opentef] - [ Unit:opentefnucleo] - [ VersaoMensage:1] - [ Versao:1.0.0] -  [ CodigoErro:0]  - [ Ocorrencia:TDNucleo.iniciar Iniciando...] - [ TMensagem:]
[ Data:11/08/2022] - [ Hora:17:06:18] - [ Linha:2022110812319] - [ Modulo_ID:0]- [ TagComando:] - [ Programa:opentef] - [ Unit:opentefnucleo] - [ VersaoMensage:1] - [ Versao:1.0.0] -  [ CodigoErro:0]  - [ Ocorrencia:TDNucleo.iniciar TentandoConectandoBanco LIB: banco:E:\Lazarus\OpenTef\publica\binarios\opentef\win64\opentef.fdb] - [ TMensagem:]
[ Data:11/08/2022] - [ Hora:17:06:23] - [ Linha:2022110812316] - [ Modulo_ID:0]- [ TagComando:] - [ Programa:opentef] - [ Unit:opentefnucleo] - [ VersaoMensage:1] - [ Versao:1.0.0] -  [ CodigoErro:0]  - [ Ocorrencia:TDNucleo.iniciar ConectandoBanco...] - [ TMensagem:]
[ Data:11/08/2022] - [ Hora:17:06:24] - [ Linha:2022110812317] - [ Modulo_ID:0]- [ TagComando:] - [ Programa:opentef] - [ Unit:opentefnucleo] - [ VersaoMensage:1] - [ Versao:1.0.0] -  [ CodigoErro:0]  - [ Ocorrencia:TDNucleo.iniciar ConectadoBanco...] - [ TMensagem:]
[ Data:11/08/2022] - [ Hora:17:06:24] - [ Linha:202211081230] - [ Modulo_ID:0]- [ TagComando:] - [ Programa:opentef] - [ Unit:opentefnucleo] - [ VersaoMensage:1] - [ Versao:1.0.0] -  [ CodigoErro:1000]  - [ Ocorrencia:TDNucleo.iniciar Iniciando...] - [ TMensagem:]
[ Data:11/08/2022] - [ Hora:17:06:30] - [ Linha:210520222110Servico] - [ Modulo_ID:0]- [ TagComando:] - [ Programa:opentef] - [ Unit:opentef] - [ VersaoMensage:1] - [ Versao:1.0.0] -  [ CodigoErro:0]  - [ Ocorrencia:0000231000010FFD4211Venda Plano] - [ TMensagem:]
[ Data:11/08/2022] - [ Hora:17:06:30] - [ Linha:210520222110Servico] - [ Modulo_ID:0]- [ TagComando:] - [ Programa:opentef] - [ Unit:opentef] - [ VersaoMensage:1] - [ Versao:1.0.0] -  [ CodigoErro:0]  - [ Ocorrencia:0000310400D411R004D110007D275000027500001000D3213Cancela VendaFFD3213Cancela Plano00F0215Consultar Saldo] - [ TMensagem:]
[ Data:11/08/2022] - [ Hora:17:06:30] - [ Linha:210520222110Servico] - [ Modulo_ID:0]- [ TagComando:] - [ Programa:opentef] - [ Unit:opentef] - [ VersaoMensage:1] - [ Versao:1.0.0] -  [ CodigoErro:0]  - [ Ocorrencia:000023300CD11R004D11000CE16629867] - [ TMensagem:]
[ Data:11/08/2022] - [ Hora:17:08:33] - [ Linha:202211081230] - [ Modulo_ID:0]- [ TagComando:] - [ Programa:opentef] - [ Unit:opentefnucleo] - [ VersaoMensage:1] - [ Versao:1.0.0] -  [ CodigoErro:0]  - [ Ocorrencia:TDNucleo.iniciar Iniciando...] - [ TMensagem:]
[ Data:11/08/2022] - [ Hora:17:08:33] - [ Linha:2022110812319] - [ Modulo_ID:0]- [ TagComando:] - [ Programa:opentef] - [ Unit:opentefnucleo] - [ VersaoMensage:1] - [ Versao:1.0.0] -  [ CodigoErro:0]  - [ Ocorrencia:TDNucleo.iniciar TentandoConectandoBanco LIB: banco:E:\Lazarus\OpenTef\publica\binarios\opentef\win64\opentef.fdb] - [ TMensagem:]
[ Data:11/08/2022] - [ Hora:17:08:39] - [ Linha:2022110812316] - [ Modulo_ID:0]- [ TagComando:] - [ Programa:opentef] - [ Unit:opentefnucleo] - [ VersaoMensage:1] - [ Versao:1.0.0] -  [ CodigoErro:0]  - [ Ocorrencia:TDNucleo.iniciar ConectandoBanco...] - [ TMensagem:]
[ Data:11/08/2022] - [ Hora:17:08:40] - [ Linha:2022110812317] - [ Modulo_ID:0]- [ TagComando:] - [ Programa:opentef] - [ Unit:opentefnucleo] - [ VersaoMensage:1] - [ Versao:1.0.0] -  [ CodigoErro:0]  - [ Ocorrencia:TDNucleo.iniciar ConectadoBanco...] - [ TMensagem:]
[ Data:11/08/2022] - [ Hora:17:08:40] - [ Linha:202211081230] - [ Modulo_ID:0]- [ TagComando:] - [ Programa:opentef] - [ Unit:opentefnucleo] - [ VersaoMensage:1] - [ Versao:1.0.0] -  [ CodigoErro:1000]  - [ Ocorrencia:TDNucleo.iniciar Iniciando...] - [ TMensagem:]
[ Data:11/08/2022] - [ Hora:17:08:42] - [ Linha:210520222110Servico] - [ Modulo_ID:0]- [ TagComando:] - [ Programa:opentef] - [ Unit:opentef] - [ VersaoMensage:1] - [ Versao:1.0.0] -  [ CodigoErro:0]  - [ Ocorrencia:0000231000010FFD4211Venda Plano] - [ TMensagem:]
[ Data:11/08/2022] - [ Hora:17:08:42] - [ Linha:210520222110Servico] - [ Modulo_ID:0]- [ TagComando:] - [ Programa:opentef] - [ Unit:opentef] - [ VersaoMensage:1] - [ Versao:1.0.0] -  [ CodigoErro:0]  - [ Ocorrencia:0000310400D411R004D110007D275000027500001000D3213Cancela VendaFFD3213Cancela Plano00F0215Consultar Saldo] - [ TMensagem:]
[ Data:11/08/2022] - [ Hora:17:08:42] - [ Linha:210520222110Servico] - [ Modulo_ID:0]- [ TagComando:] - [ Programa:opentef] - [ Unit:opentef] - [ VersaoMensage:1] - [ Versao:1.0.0] -  [ CodigoErro:0]  - [ Ocorrencia:000023300CD11R004D11000CE16629867] - [ TMensagem:]
[ Data:12/08/2022] - [ Hora:16:57:09] - [ Linha:202211081230] - [ Modulo_ID:0]- [ TagComando:] - [ Programa:opentef] - [ Unit:opentefnucleo] - [ VersaoMensage:1] - [ Versao:1.0.0] -  [ CodigoErro:0]  - [ Ocorrencia:TDNucleo.iniciar Iniciando...] - [ TMensagem:]
[ Data:12/08/2022] - [ Hora:16:57:09] - [ Linha:2022110812319] - [ Modulo_ID:0]- [ TagComando:] - [ Programa:opentef] - [ Unit:opentefnucleo] - [ VersaoMensage:1] - [ Versao:1.0.0] -  [ CodigoErro:0]  - [ Ocorrencia:TDNucleo.iniciar TentandoConectandoBanco LIB: banco:E:\Lazarus\OpenTef\publica\binarios\opentef\win64\opentef.fdb] - [ TMensagem:]
[ Data:12/08/2022] - [ Hora:16:57:09] - [ Linha:2022110812316] - [ Modulo_ID:0]- [ TagComando:] - [ Programa:opentef] - [ Unit:opentefnucleo] - [ VersaoMensage:1] - [ Versao:1.0.0] -  [ CodigoErro:0]  - [ Ocorrencia:TDNucleo.iniciar ConectandoBanco...] - [ TMensagem:]
[ Data:12/08/2022] - [ Hora:16:57:09] - [ Linha:2022110812317] - [ Modulo_ID:0]- [ TagComando:] - [ Programa:opentef] - [ Unit:opentefnucleo] - [ VersaoMensage:1] - [ Versao:1.0.0] -  [ CodigoErro:0]  - [ Ocorrencia:TDNucleo.iniciar ConectadoBanco...] - [ TMensagem:]
[ Data:12/08/2022] - [ Hora:16:57:09] - [ Linha:202211081230] - [ Modulo_ID:0]- [ TagComando:] - [ Programa:opentef] - [ Unit:opentefnucleo] - [ VersaoMensage:1] - [ Versao:1.0.0] -  [ CodigoErro:1000]  - [ Ocorrencia:TDNucleo.iniciar Iniciando...] - [ TMensagem:]
[ Data:13/08/2022] - [ Hora:09:57:44] - [ Linha:202211081230] - [ Modulo_ID:0]- [ TagComando:] - [ Programa:opentef] - [ Unit:opentefnucleo] - [ VersaoMensage:1] - [ Versao:1.0.0] -  [ CodigoErro:0]  - [ Ocorrencia:TDNucleo.iniciar Iniciando...] - [ TMensagem:]
[ Data:13/08/2022] - [ Hora:09:57:44] - [ Linha:2022110812319] - [ Modulo_ID:0]- [ TagComando:] - [ Programa:opentef] - [ Unit:opentefnucleo] - [ VersaoMensage:1] - [ Versao:1.0.0] -  [ CodigoErro:0]  - [ Ocorrencia:TDNucleo.iniciar TentandoConectandoBanco LIB: banco:E:\Lazarus\OpenTef\publica\binarios\opentef\win64\opentef.fdb] - [ TMensagem:]
[ Data:13/08/2022] - [ Hora:09:57:49] - [ Linha:2022110812316] - [ Modulo_ID:0]- [ TagComando:] - [ Programa:opentef] - [ Unit:opentefnucleo] - [ VersaoMensage:1] - [ Versao:1.0.0] -  [ CodigoErro:0]  - [ Ocorrencia:TDNucleo.iniciar ConectandoBanco...] - [ TMensagem:]
[ Data:13/08/2022] - [ Hora:09:57:50] - [ Linha:2022110812317] - [ Modulo_ID:0]- [ TagComando:] - [ Programa:opentef] - [ Unit:opentefnucleo] - [ VersaoMensage:1] - [ Versao:1.0.0] -  [ CodigoErro:0]  - [ Ocorrencia:TDNucleo.iniciar ConectadoBanco...] - [ TMensagem:]
[ Data:13/08/2022] - [ Hora:09:57:50] - [ Linha:202211081230] - [ Modulo_ID:0]- [ TagComando:] - [ Programa:opentef] - [ Unit:opentefnucleo] - [ VersaoMensage:1] - [ Versao:1.0.0] -  [ CodigoErro:1000]  - [ Ocorrencia:TDNucleo.iniciar Iniciando...] - [ TMensagem:]
[ Data:13/08/2022] - [ Hora:09:57:54] - [ Linha:210520222110Servico] - [ Modulo_ID:0]- [ TagComando:] - [ Programa:opentef] - [ Unit:opentef] - [ VersaoMensage:1] - [ Versao:1.0.0] -  [ CodigoErro:0]  - [ Ocorrencia:000022700CF11R004D110007D10] - [ TMensagem:]
[ Data:13/08/2022] - [ Hora:09:57:54] - [ Linha:210520222110Servico] - [ Modulo_ID:0]- [ TagComando:] - [ Programa:opentef] - [ Unit:opentef] - [ VersaoMensage:1] - [ Versao:1.0.0] -  [ CodigoErro:0]  - [ Ocorrencia:000028200D411R004D110007D2540000254001811R00D3213Cancela VendaFFD3213Cancela Plano] - [ TMensagem:]
[ Data:13/08/2022] - [ Hora:09:57:54] - [ Linha:210520222110Servico] - [ Modulo_ID:0]- [ TagComando:] - [ Programa:opentef] - [ Unit:opentef] - [ VersaoMensage:1] - [ Versao:1.0.0] -  [ CodigoErro:0]  - [ Ocorrencia:000023300CD11R004D11000CE16629867] - [ TMensagem:]
[ Data:13/08/2022] - [ Hora:09:58:48] - [ Linha:202211081230] - [ Modulo_ID:0]- [ TagComando:] - [ Programa:opentef] - [ Unit:opentefnucleo] - [ VersaoMensage:1] - [ Versao:1.0.0] -  [ CodigoErro:1000]  - [ Ocorrencia:TDNucleo.iniciar Iniciando...] - [ TMensagem:]
[ Data:13/08/2022] - [ Hora:09:58:50] - [ Linha:210520222110Servico] - [ Modulo_ID:0]- [ TagComando:] - [ Programa:opentef] - [ Unit:opentef] - [ VersaoMensage:1] - [ Versao:1.0.0] -  [ CodigoErro:0]  - [ Ocorrencia:000022700CF11R004D110007D10] - [ TMensagem:]
[ Data:13/08/2022] - [ Hora:09:58:50] - [ Linha:210520222110Servico] - [ Modulo_ID:0]- [ TagComando:] - [ Programa:opentef] - [ Unit:opentef] - [ VersaoMensage:1] - [ Versao:1.0.0] -  [ CodigoErro:0]  - [ Ocorrencia:000028200D411R004D110007D2540000254001811R00D3213Cancela VendaFFD3213Cancela Plano] - [ TMensagem:]
[ Data:13/08/2022] - [ Hora:09:58:50] - [ Linha:210520222110Servico] - [ Modulo_ID:0]- [ TagComando:] - [ Programa:opentef] - [ Unit:opentef] - [ VersaoMensage:1] - [ Versao:1.0.0] -  [ CodigoErro:0]  - [ Ocorrencia:000023300CD11R004D11000CE16629867] - [ TMensagem:]
[ Data:15/08/2022] - [ Hora:08:25:17] - [ Linha:202211081230] - [ Modulo_ID:0]- [ TagComando:] - [ Programa:opentef] - [ Unit:opentefnucleo] - [ VersaoMensage:1] - [ Versao:1.0.0] -  [ CodigoErro:0]  - [ Ocorrencia:TDNucleo.iniciar Iniciando...] - [ TMensagem:]
[ Data:15/08/2022] - [ Hora:08:25:17] - [ Linha:2022110812319] - [ Modulo_ID:0]- [ TagComando:] - [ Programa:opentef] - [ Unit:opentefnucleo] - [ VersaoMensage:1] - [ Versao:1.0.0] -  [ CodigoErro:0]  - [ Ocorrencia:TDNucleo.iniciar TentandoConectandoBanco LIB: banco:E:\Lazarus\OpenTef\publica\binarios\opentef\win64\opentef.fdb] - [ TMensagem:]
[ Data:15/08/2022] - [ Hora:08:25:22] - [ Linha:2022110812316] - [ Modulo_ID:0]- [ TagComando:] - [ Programa:opentef] - [ Unit:opentefnucleo] - [ VersaoMensage:1] - [ Versao:1.0.0] -  [ CodigoErro:0]  - [ Ocorrencia:TDNucleo.iniciar ConectandoBanco...] - [ TMensagem:]
[ Data:15/08/2022] - [ Hora:08:25:23] - [ Linha:2022110812317] - [ Modulo_ID:0]- [ TagComando:] - [ Programa:opentef] - [ Unit:opentefnucleo] - [ VersaoMensage:1] - [ Versao:1.0.0] -  [ CodigoErro:0]  - [ Ocorrencia:TDNucleo.iniciar ConectadoBanco...] - [ TMensagem:]
[ Data:15/08/2022] - [ Hora:08:25:23] - [ Linha:202211081230] - [ Modulo_ID:0]- [ TagComando:] - [ Programa:opentef] - [ Unit:opentefnucleo] - [ VersaoMensage:1] - [ Versao:1.0.0] -  [ CodigoErro:1000]  - [ Ocorrencia:TDNucleo.iniciar Iniciando...] - [ TMensagem:]
[ Data:15/08/2022] - [ Hora:08:32:46] - [ Linha:202211081230] - [ Modulo_ID:0]- [ TagComando:] - [ Programa:opentef] - [ Unit:opentefnucleo] - [ VersaoMensage:1] - [ Versao:1.0.0] -  [ CodigoErro:0]  - [ Ocorrencia:TDNucleo.iniciar Iniciando...] - [ TMensagem:]
[ Data:15/08/2022] - [ Hora:08:32:46] - [ Linha:2022110812319] - [ Modulo_ID:0]- [ TagComando:] - [ Programa:opentef] - [ Unit:opentefnucleo] - [ VersaoMensage:1] - [ Versao:1.0.0] -  [ CodigoErro:0]  - [ Ocorrencia:TDNucleo.iniciar TentandoConectandoBanco LIB: banco:E:\Lazarus\OpenTef\publica\binarios\opentef\win64\opentef.fdb] - [ TMensagem:]
[ Data:15/08/2022] - [ Hora:08:32:53] - [ Linha:2022110812316] - [ Modulo_ID:0]- [ TagComando:] - [ Programa:opentef] - [ Unit:opentefnucleo] - [ VersaoMensage:1] - [ Versao:1.0.0] -  [ CodigoErro:0]  - [ Ocorrencia:TDNucleo.iniciar ConectandoBanco...] - [ TMensagem:]
[ Data:15/08/2022] - [ Hora:08:32:53] - [ Linha:2022110812317] - [ Modulo_ID:0]- [ TagComando:] - [ Programa:opentef] - [ Unit:opentefnucleo] - [ VersaoMensage:1] - [ Versao:1.0.0] -  [ CodigoErro:0]  - [ Ocorrencia:TDNucleo.iniciar ConectadoBanco...] - [ TMensagem:]
[ Data:15/08/2022] - [ Hora:08:32:53] - [ Linha:202211081230] - [ Modulo_ID:0]- [ TagComando:] - [ Programa:opentef] - [ Unit:opentefnucleo] - [ VersaoMensage:1] - [ Versao:1.0.0] -  [ CodigoErro:1000]  - [ Ocorrencia:TDNucleo.iniciar Iniciando...] - [ TMensagem:]
[ Data:15/08/2022] - [ Hora:08:33:58] - [ Linha:202211081230] - [ Modulo_ID:0]- [ TagComando:] - [ Programa:opentef] - [ Unit:opentefnucleo] - [ VersaoMensage:1] - [ Versao:1.0.0] -  [ CodigoErro:0]  - [ Ocorrencia:TDNucleo.iniciar Iniciando...] - [ TMensagem:]
[ Data:15/08/2022] - [ Hora:08:33:58] - [ Linha:2022110812319] - [ Modulo_ID:0]- [ TagComando:] - [ Programa:opentef] - [ Unit:opentefnucleo] - [ VersaoMensage:1] - [ Versao:1.0.0] -  [ CodigoErro:0]  - [ Ocorrencia:TDNucleo.iniciar TentandoConectandoBanco LIB: banco:E:\Lazarus\OpenTef\publica\binarios\opentef\win64\opentef.fdb] - [ TMensagem:]
[ Data:15/08/2022] - [ Hora:08:34:04] - [ Linha:2022110812316] - [ Modulo_ID:0]- [ TagComando:] - [ Programa:opentef] - [ Unit:opentefnucleo] - [ VersaoMensage:1] - [ Versao:1.0.0] -  [ CodigoErro:0]  - [ Ocorrencia:TDNucleo.iniciar ConectandoBanco...] - [ TMensagem:]
[ Data:15/08/2022] - [ Hora:08:34:05] - [ Linha:2022110812317] - [ Modulo_ID:0]- [ TagComando:] - [ Programa:opentef] - [ Unit:opentefnucleo] - [ VersaoMensage:1] - [ Versao:1.0.0] -  [ CodigoErro:0]  - [ Ocorrencia:TDNucleo.iniciar ConectadoBanco...] - [ TMensagem:]
[ Data:15/08/2022] - [ Hora:08:34:05] - [ Linha:202211081230] - [ Modulo_ID:0]- [ TagComando:] - [ Programa:opentef] - [ Unit:opentefnucleo] - [ VersaoMensage:1] - [ Versao:1.0.0] -  [ CodigoErro:1000]  - [ Ocorrencia:TDNucleo.iniciar Iniciando...] - [ TMensagem:]
[ Data:15/08/2022] - [ Hora:08:41:21] - [ Linha:210520222110Servico] - [ Modulo_ID:0]- [ TagComando:] - [ Programa:opentef] - [ Unit:opentef] - [ VersaoMensage:1] - [ Versao:1.0.0] -  [ CodigoErro:0]  - [ Ocorrencia:0000231000010FFD4211Venda Plano] - [ TMensagem:]
[ Data:15/08/2022] - [ Hora:08:41:21] - [ Linha:210520222110Servico] - [ Modulo_ID:0]- [ TagComando:] - [ Programa:opentef] - [ Unit:opentef] - [ VersaoMensage:1] - [ Versao:1.0.0] -  [ CodigoErro:0]  - [ Ocorrencia:0000310400D411R004D110007D275000027500001000D3213Cancela VendaFFD3213Cancela Plano00F0215Consultar Saldo] - [ TMensagem:]
[ Data:15/08/2022] - [ Hora:08:41:21] - [ Linha:210520222110Servico] - [ Modulo_ID:0]- [ TagComando:] - [ Programa:opentef] - [ Unit:opentef] - [ VersaoMensage:1] - [ Versao:1.0.0] -  [ CodigoErro:0]  - [ Ocorrencia:000023300CD11R004D11000CE16629867] - [ TMensagem:]
[ Data:15/08/2022] - [ Hora:08:42:48] - [ Linha:202211081230] - [ Modulo_ID:0]- [ TagComando:] - [ Programa:opentef] - [ Unit:opentefnucleo] - [ VersaoMensage:1] - [ Versao:1.0.0] -  [ CodigoErro:0]  - [ Ocorrencia:TDNucleo.iniciar Iniciando...] - [ TMensagem:]
[ Data:15/08/2022] - [ Hora:08:42:48] - [ Linha:2022110812319] - [ Modulo_ID:0]- [ TagComando:] - [ Programa:opentef] - [ Unit:opentefnucleo] - [ VersaoMensage:1] - [ Versao:1.0.0] -  [ CodigoErro:0]  - [ Ocorrencia:TDNucleo.iniciar TentandoConectandoBanco LIB: banco:E:\Lazarus\OpenTef\publica\binarios\opentef\win64\opentef.fdb] - [ TMensagem:]
[ Data:15/08/2022] - [ Hora:08:42:53] - [ Linha:2022110812316] - [ Modulo_ID:0]- [ TagComando:] - [ Programa:opentef] - [ Unit:opentefnucleo] - [ VersaoMensage:1] - [ Versao:1.0.0] -  [ CodigoErro:0]  - [ Ocorrencia:TDNucleo.iniciar ConectandoBanco...] - [ TMensagem:]
[ Data:15/08/2022] - [ Hora:08:42:54] - [ Linha:2022110812317] - [ Modulo_ID:0]- [ TagComando:] - [ Programa:opentef] - [ Unit:opentefnucleo] - [ VersaoMensage:1] - [ Versao:1.0.0] -  [ CodigoErro:0]  - [ Ocorrencia:TDNucleo.iniciar ConectadoBanco...] - [ TMensagem:]
[ Data:15/08/2022] - [ Hora:08:42:54] - [ Linha:202211081230] - [ Modulo_ID:0]- [ TagComando:] - [ Programa:opentef] - [ Unit:opentefnucleo] - [ VersaoMensage:1] - [ Versao:1.0.0] -  [ CodigoErro:1000]  - [ Ocorrencia:TDNucleo.iniciar Iniciando...] - [ TMensagem:]
[ Data:15/08/2022] - [ Hora:08:42:56] - [ Linha:210520222110Servico] - [ Modulo_ID:0]- [ TagComando:] - [ Programa:opentef] - [ Unit:opentef] - [ VersaoMensage:1] - [ Versao:1.0.0] -  [ CodigoErro:0]  - [ Ocorrencia:0000231000010FFD4211Venda Plano] - [ TMensagem:]
[ Data:15/08/2022] - [ Hora:08:42:56] - [ Linha:210520222110Servico] - [ Modulo_ID:0]- [ TagComando:] - [ Programa:opentef] - [ Unit:opentef] - [ VersaoMensage:1] - [ Versao:1.0.0] -  [ CodigoErro:0]  - [ Ocorrencia:0000310400D411R004D110007D275000027500001000D3213Cancela VendaFFD3213Cancela Plano00F0215Consultar Saldo] - [ TMensagem:]
[ Data:15/08/2022] - [ Hora:08:42:56] - [ Linha:210520222110Servico] - [ Modulo_ID:0]- [ TagComando:] - [ Programa:opentef] - [ Unit:opentef] - [ VersaoMensage:1] - [ Versao:1.0.0] -  [ CodigoErro:0]  - [ Ocorrencia:000023300CD11R004D11000CE16629867] - [ TMensagem:]
[ Data:15/08/2022] - [ Hora:08:44:45] - [ Linha:202211081230] - [ Modulo_ID:0]- [ TagComando:] - [ Programa:opentef] - [ Unit:opentefnucleo] - [ VersaoMensage:1] - [ Versao:1.0.0] -  [ CodigoErro:0]  - [ Ocorrencia:TDNucleo.iniciar Iniciando...] - [ TMensagem:]
[ Data:15/08/2022] - [ Hora:08:44:45] - [ Linha:2022110812319] - [ Modulo_ID:0]- [ TagComando:] - [ Programa:opentef] - [ Unit:opentefnucleo] - [ VersaoMensage:1] - [ Versao:1.0.0] -  [ CodigoErro:0]  - [ Ocorrencia:TDNucleo.iniciar TentandoConectandoBanco LIB: banco:E:\Lazarus\OpenTef\publica\binarios\opentef\win64\opentef.fdb] - [ TMensagem:]
[ Data:15/08/2022] - [ Hora:08:44:51] - [ Linha:2022110812316] - [ Modulo_ID:0]- [ TagComando:] - [ Programa:opentef] - [ Unit:opentefnucleo] - [ VersaoMensage:1] - [ Versao:1.0.0] -  [ CodigoErro:0]  - [ Ocorrencia:TDNucleo.iniciar ConectandoBanco...] - [ TMensagem:]
[ Data:15/08/2022] - [ Hora:08:44:51] - [ Linha:2022110812317] - [ Modulo_ID:0]- [ TagComando:] - [ Programa:opentef] - [ Unit:opentefnucleo] - [ VersaoMensage:1] - [ Versao:1.0.0] -  [ CodigoErro:0]  - [ Ocorrencia:TDNucleo.iniciar ConectadoBanco...] - [ TMensagem:]
[ Data:15/08/2022] - [ Hora:08:57:30] - [ Linha:202211081230] - [ Modulo_ID:0]- [ TagComando:] - [ Programa:opentef] - [ Unit:opentefnucleo] - [ VersaoMensage:1] - [ Versao:1.0.0] -  [ CodigoErro:0]  - [ Ocorrencia:TDNucleo.iniciar Iniciando...] - [ TMensagem:]
[ Data:15/08/2022] - [ Hora:08:57:30] - [ Linha:2022110812319] - [ Modulo_ID:0]- [ TagComando:] - [ Programa:opentef] - [ Unit:opentefnucleo] - [ VersaoMensage:1] - [ Versao:1.0.0] -  [ CodigoErro:0]  - [ Ocorrencia:TDNucleo.iniciar TentandoConectandoBanco LIB: banco:E:\Lazarus\OpenTef\publica\binarios\opentef\win64\opentef.fdb] - [ TMensagem:]
[ Data:15/08/2022] - [ Hora:08:57:35] - [ Linha:2022110812316] - [ Modulo_ID:0]- [ TagComando:] - [ Programa:opentef] - [ Unit:opentefnucleo] - [ VersaoMensage:1] - [ Versao:1.0.0] -  [ CodigoErro:0]  - [ Ocorrencia:TDNucleo.iniciar ConectandoBanco...] - [ TMensagem:]
[ Data:15/08/2022] - [ Hora:08:57:36] - [ Linha:2022110812317] - [ Modulo_ID:0]- [ TagComando:] - [ Programa:opentef] - [ Unit:opentefnucleo] - [ VersaoMensage:1] - [ Versao:1.0.0] -  [ CodigoErro:0]  - [ Ocorrencia:TDNucleo.iniciar ConectadoBanco...] - [ TMensagem:]
[ Data:15/08/2022] - [ Hora:08:57:36] - [ Linha:202211081230] - [ Modulo_ID:0]- [ TagComando:] - [ Programa:opentef] - [ Unit:opentefnucleo] - [ VersaoMensage:1] - [ Versao:1.0.0] -  [ CodigoErro:1000]  - [ Ocorrencia:TDNucleo.iniciar Iniciando...] - [ TMensagem:]
[ Data:15/08/2022] - [ Hora:08:57:38] - [ Linha:210520222110Servico] - [ Modulo_ID:0]- [ TagComando:] - [ Programa:opentef] - [ Unit:opentef] - [ VersaoMensage:1] - [ Versao:1.0.0] -  [ CodigoErro:0]  - [ Ocorrencia:0000231000010FFD4211Venda Plano] - [ TMensagem:]
[ Data:15/08/2022] - [ Hora:08:57:38] - [ Linha:210520222110Servico] - [ Modulo_ID:0]- [ TagComando:] - [ Programa:opentef] - [ Unit:opentef] - [ VersaoMensage:1] - [ Versao:1.0.0] -  [ CodigoErro:0]  - [ Ocorrencia:0000310400D411R004D110007D275000027500001000D3213Cancela VendaFFD3213Cancela Plano00F0215Consultar Saldo] - [ TMensagem:]
[ Data:15/08/2022] - [ Hora:08:57:38] - [ Linha:210520222110Servico] - [ Modulo_ID:0]- [ TagComando:] - [ Programa:opentef] - [ Unit:opentef] - [ VersaoMensage:1] - [ Versao:1.0.0] -  [ CodigoErro:0]  - [ Ocorrencia:000023300CD11R004D11000CE16629867] - [ TMensagem:]
[ Data:15/08/2022] - [ Hora:09:04:04] - [ Linha:202211081230] - [ Modulo_ID:0]- [ TagComando:] - [ Programa:opentef] - [ Unit:opentefnucleo] - [ VersaoMensage:1] - [ Versao:1.0.0] -  [ CodigoErro:0]  - [ Ocorrencia:TDNucleo.iniciar Iniciando...] - [ TMensagem:]
[ Data:15/08/2022] - [ Hora:09:04:04] - [ Linha:2022110812319] - [ Modulo_ID:0]- [ TagComando:] - [ Programa:opentef] - [ Unit:opentefnucleo] - [ VersaoMensage:1] - [ Versao:1.0.0] -  [ CodigoErro:0]  - [ Ocorrencia:TDNucleo.iniciar TentandoConectandoBanco LIB: banco:E:\Lazarus\OpenTef\publica\binarios\opentef\win64\opentef.fdb] - [ TMensagem:]
[ Data:15/08/2022] - [ Hora:09:04:09] - [ Linha:2022110812316] - [ Modulo_ID:0]- [ TagComando:] - [ Programa:opentef] - [ Unit:opentefnucleo] - [ VersaoMensage:1] - [ Versao:1.0.0] -  [ CodigoErro:0]  - [ Ocorrencia:TDNucleo.iniciar ConectandoBanco...] - [ TMensagem:]
[ Data:15/08/2022] - [ Hora:09:04:10] - [ Linha:2022110812317] - [ Modulo_ID:0]- [ TagComando:] - [ Programa:opentef] - [ Unit:opentefnucleo] - [ VersaoMensage:1] - [ Versao:1.0.0] -  [ CodigoErro:0]  - [ Ocorrencia:TDNucleo.iniciar ConectadoBanco...] - [ TMensagem:]
[ Data:15/08/2022] - [ Hora:09:04:10] - [ Linha:202211081230] - [ Modulo_ID:0]- [ TagComando:] - [ Programa:opentef] - [ Unit:opentefnucleo] - [ VersaoMensage:1] - [ Versao:1.0.0] -  [ CodigoErro:1000]  - [ Ocorrencia:TDNucleo.iniciar Iniciando...] - [ TMensagem:]
[ Data:15/08/2022] - [ Hora:09:04:12] - [ Linha:210520222110Servico] - [ Modulo_ID:0]- [ TagComando:] - [ Programa:opentef] - [ Unit:opentef] - [ VersaoMensage:1] - [ Versao:1.0.0] -  [ CodigoErro:0]  - [ Ocorrencia:0000231000010FFD4211Venda Plano] - [ TMensagem:]
[ Data:15/08/2022] - [ Hora:09:04:12] - [ Linha:210520222110Servico] - [ Modulo_ID:0]- [ TagComando:] - [ Programa:opentef] - [ Unit:opentef] - [ VersaoMensage:1] - [ Versao:1.0.0] -  [ CodigoErro:0]  - [ Ocorrencia:0000310400D411R004D110007D275000027500001000D3213Cancela VendaFFD3213Cancela Plano00F0215Consultar Saldo] - [ TMensagem:]
[ Data:15/08/2022] - [ Hora:09:04:12] - [ Linha:210520222110Servico] - [ Modulo_ID:0]- [ TagComando:] - [ Programa:opentef] - [ Unit:opentef] - [ VersaoMensage:1] - [ Versao:1.0.0] -  [ CodigoErro:0]  - [ Ocorrencia:000023300CD11R004D11000CE16629867] - [ TMensagem:]
[ Data:15/08/2022] - [ Hora:09:06:16] - [ Linha:202211081230] - [ Modulo_ID:0]- [ TagComando:] - [ Programa:opentef] - [ Unit:opentefnucleo] - [ VersaoMensage:1] - [ Versao:1.0.0] -  [ CodigoErro:0]  - [ Ocorrencia:TDNucleo.iniciar Iniciando...] - [ TMensagem:]
[ Data:15/08/2022] - [ Hora:09:06:16] - [ Linha:2022110812319] - [ Modulo_ID:0]- [ TagComando:] - [ Programa:opentef] - [ Unit:opentefnucleo] - [ VersaoMensage:1] - [ Versao:1.0.0] -  [ CodigoErro:0]  - [ Ocorrencia:TDNucleo.iniciar TentandoConectandoBanco LIB: banco:E:\Lazarus\OpenTef\publica\binarios\opentef\win64\opentef.fdb] - [ TMensagem:]
[ Data:15/08/2022] - [ Hora:09:06:21] - [ Linha:2022110812316] - [ Modulo_ID:0]- [ TagComando:] - [ Programa:opentef] - [ Unit:opentefnucleo] - [ VersaoMensage:1] - [ Versao:1.0.0] -  [ CodigoErro:0]  - [ Ocorrencia:TDNucleo.iniciar ConectandoBanco...] - [ TMensagem:]
[ Data:15/08/2022] - [ Hora:09:06:22] - [ Linha:2022110812317] - [ Modulo_ID:0]- [ TagComando:] - [ Programa:opentef] - [ Unit:opentefnucleo] - [ VersaoMensage:1] - [ Versao:1.0.0] -  [ CodigoErro:0]  - [ Ocorrencia:TDNucleo.iniciar ConectadoBanco...] - [ TMensagem:]
[ Data:15/08/2022] - [ Hora:09:34:14] - [ Linha:202211081230] - [ Modulo_ID:0]- [ TagComando:] - [ Programa:opentef] - [ Unit:opentefnucleo] - [ VersaoMensage:1] - [ Versao:1.0.0] -  [ CodigoErro:0]  - [ Ocorrencia:TDNucleo.iniciar Iniciando...] - [ TMensagem:]
[ Data:15/08/2022] - [ Hora:09:34:14] - [ Linha:2022110812319] - [ Modulo_ID:0]- [ TagComando:] - [ Programa:opentef] - [ Unit:opentefnucleo] - [ VersaoMensage:1] - [ Versao:1.0.0] -  [ CodigoErro:0]  - [ Ocorrencia:TDNucleo.iniciar TentandoConectandoBanco LIB: banco:E:\Lazarus\OpenTef\publica\binarios\opentef\win64\opentef.fdb] - [ TMensagem:]
[ Data:15/08/2022] - [ Hora:09:34:19] - [ Linha:2022110812316] - [ Modulo_ID:0]- [ TagComando:] - [ Programa:opentef] - [ Unit:opentefnucleo] - [ VersaoMensage:1] - [ Versao:1.0.0] -  [ CodigoErro:0]  - [ Ocorrencia:TDNucleo.iniciar ConectandoBanco...] - [ TMensagem:]
[ Data:15/08/2022] - [ Hora:09:34:19] - [ Linha:2022110812317] - [ Modulo_ID:0]- [ TagComando:] - [ Programa:opentef] - [ Unit:opentefnucleo] - [ VersaoMensage:1] - [ Versao:1.0.0] -  [ CodigoErro:0]  - [ Ocorrencia:TDNucleo.iniciar ConectadoBanco...] - [ TMensagem:]
[ Data:15/08/2022] - [ Hora:09:34:19] - [ Linha:202211081230] - [ Modulo_ID:0]- [ TagComando:] - [ Programa:opentef] - [ Unit:opentefnucleo] - [ VersaoMensage:1] - [ Versao:1.0.0] -  [ CodigoErro:1000]  - [ Ocorrencia:TDNucleo.iniciar Iniciando...] - [ TMensagem:]
[ Data:15/08/2022] - [ Hora:09:34:21] - [ Linha:210520222110Servico] - [ Modulo_ID:0]- [ TagComando:] - [ Programa:opentef] - [ Unit:opentef] - [ VersaoMensage:1] - [ Versao:1.0.0] -  [ CodigoErro:0]  - [ Ocorrencia:0000231000010FFD4211Venda Plano] - [ TMensagem:]
[ Data:15/08/2022] - [ Hora:09:34:21] - [ Linha:210520222110Servico] - [ Modulo_ID:0]- [ TagComando:] - [ Programa:opentef] - [ Unit:opentef] - [ VersaoMensage:1] - [ Versao:1.0.0] -  [ CodigoErro:0]  - [ Ocorrencia:000023300CD11R004D11000CE16629867] - [ TMensagem:]
[ Data:15/08/2022] - [ Hora:09:34:21] - [ Linha:210520222110Servico] - [ Modulo_ID:0]- [ TagComando:] - [ Programa:opentef] - [ Unit:opentef] - [ VersaoMensage:1] - [ Versao:1.0.0] -  [ CodigoErro:0]  - [ Ocorrencia:0000310400D411R004D110007D275000027500001000D3213Cancela VendaFFD3213Cancela Plano00F0215Consultar Saldo] - [ TMensagem:]
[ Data:15/08/2022] - [ Hora:09:38:36] - [ Linha:202211081230] - [ Modulo_ID:0]- [ TagComando:] - [ Programa:opentef] - [ Unit:opentefnucleo] - [ VersaoMensage:1] - [ Versao:1.0.0] -  [ CodigoErro:0]  - [ Ocorrencia:TDNucleo.iniciar Iniciando...] - [ TMensagem:]
[ Data:15/08/2022] - [ Hora:09:38:36] - [ Linha:2022110812319] - [ Modulo_ID:0]- [ TagComando:] - [ Programa:opentef] - [ Unit:opentefnucleo] - [ VersaoMensage:1] - [ Versao:1.0.0] -  [ CodigoErro:0]  - [ Ocorrencia:TDNucleo.iniciar TentandoConectandoBanco LIB: banco:E:\Lazarus\OpenTef\publica\binarios\opentef\win64\opentef.fdb] - [ TMensagem:]
[ Data:15/08/2022] - [ Hora:09:38:36] - [ Linha:2022110812316] - [ Modulo_ID:0]- [ TagComando:] - [ Programa:opentef] - [ Unit:opentefnucleo] - [ VersaoMensage:1] - [ Versao:1.0.0] -  [ CodigoErro:0]  - [ Ocorrencia:TDNucleo.iniciar ConectandoBanco...] - [ TMensagem:]
[ Data:15/08/2022] - [ Hora:09:38:36] - [ Linha:2022110812317] - [ Modulo_ID:0]- [ TagComando:] - [ Programa:opentef] - [ Unit:opentefnucleo] - [ VersaoMensage:1] - [ Versao:1.0.0] -  [ CodigoErro:0]  - [ Ocorrencia:TDNucleo.iniciar ConectadoBanco...] - [ TMensagem:]
[ Data:15/08/2022] - [ Hora:09:38:39] - [ Linha:202211081230] - [ Modulo_ID:0]- [ TagComando:] - [ Programa:opentef] - [ Unit:opentefnucleo] - [ VersaoMensage:1] - [ Versao:1.0.0] -  [ CodigoErro:0]  - [ Ocorrencia:TDNucleo.iniciar Iniciando...] - [ TMensagem:]
[ Data:15/08/2022] - [ Hora:09:38:39] - [ Linha:2022110812319] - [ Modulo_ID:0]- [ TagComando:] - [ Programa:opentef] - [ Unit:opentefnucleo] - [ VersaoMensage:1] - [ Versao:1.0.0] -  [ CodigoErro:0]  - [ Ocorrencia:TDNucleo.iniciar TentandoConectandoBanco LIB: banco:E:\Lazarus\OpenTef\publica\binarios\opentef\win64\opentef.fdb] - [ TMensagem:]
[ Data:15/08/2022] - [ Hora:09:38:39] - [ Linha:2022110812316] - [ Modulo_ID:0]- [ TagComando:] - [ Programa:opentef] - [ Unit:opentefnucleo] - [ VersaoMensage:1] - [ Versao:1.0.0] -  [ CodigoErro:0]  - [ Ocorrencia:TDNucleo.iniciar ConectandoBanco...] - [ TMensagem:]
[ Data:15/08/2022] - [ Hora:09:38:39] - [ Linha:2022110812317] - [ Modulo_ID:0]- [ TagComando:] - [ Programa:opentef] - [ Unit:opentefnucleo] - [ VersaoMensage:1] - [ Versao:1.0.0] -  [ CodigoErro:0]  - [ Ocorrencia:TDNucleo.iniciar ConectadoBanco...] - [ TMensagem:]
[ Data:15/08/2022] - [ Hora:09:38:44] - [ Linha:202211081230] - [ Modulo_ID:0]- [ TagComando:] - [ Programa:opentef] - [ Unit:opentefnucleo] - [ VersaoMensage:1] - [ Versao:1.0.0] -  [ CodigoErro:0]  - [ Ocorrencia:TDNucleo.iniciar Iniciando...] - [ TMensagem:]
[ Data:15/08/2022] - [ Hora:09:38:44] - [ Linha:2022110812319] - [ Modulo_ID:0]- [ TagComando:] - [ Programa:opentef] - [ Unit:opentefnucleo] - [ VersaoMensage:1] - [ Versao:1.0.0] -  [ CodigoErro:0]  - [ Ocorrencia:TDNucleo.iniciar TentandoConectandoBanco LIB: banco:E:\Lazarus\OpenTef\publica\binarios\opentef\win64\opentef.fdb] - [ TMensagem:]
[ Data:15/08/2022] - [ Hora:09:38:44] - [ Linha:2022110812316] - [ Modulo_ID:0]- [ TagComando:] - [ Programa:opentef] - [ Unit:opentefnucleo] - [ VersaoMensage:1] - [ Versao:1.0.0] -  [ CodigoErro:0]  - [ Ocorrencia:TDNucleo.iniciar ConectandoBanco...] - [ TMensagem:]
[ Data:15/08/2022] - [ Hora:09:38:44] - [ Linha:2022110812317] - [ Modulo_ID:0]- [ TagComando:] - [ Programa:opentef] - [ Unit:opentefnucleo] - [ VersaoMensage:1] - [ Versao:1.0.0] -  [ CodigoErro:0]  - [ Ocorrencia:TDNucleo.iniciar ConectadoBanco...] - [ TMensagem:]
[ Data:15/08/2022] - [ Hora:09:46:51] - [ Linha:202211081230] - [ Modulo_ID:0]- [ TagComando:] - [ Programa:opentef] - [ Unit:opentefnucleo] - [ VersaoMensage:1] - [ Versao:1.0.0] -  [ CodigoErro:0]  - [ Ocorrencia:TDNucleo.iniciar Iniciando...] - [ TMensagem:]
[ Data:15/08/2022] - [ Hora:09:46:51] - [ Linha:2022110812319] - [ Modulo_ID:0]- [ TagComando:] - [ Programa:opentef] - [ Unit:opentefnucleo] - [ VersaoMensage:1] - [ Versao:1.0.0] -  [ CodigoErro:0]  - [ Ocorrencia:TDNucleo.iniciar TentandoConectandoBanco LIB: banco:E:\Lazarus\OpenTef\publica\binarios\opentef\win64\opentef.fdb] - [ TMensagem:]
[ Data:15/08/2022] - [ Hora:09:46:57] - [ Linha:2022110812316] - [ Modulo_ID:0]- [ TagComando:] - [ Programa:opentef] - [ Unit:opentefnucleo] - [ VersaoMensage:1] - [ Versao:1.0.0] -  [ CodigoErro:0]  - [ Ocorrencia:TDNucleo.iniciar ConectandoBanco...] - [ TMensagem:]
[ Data:15/08/2022] - [ Hora:09:46:57] - [ Linha:2022110812317] - [ Modulo_ID:0]- [ TagComando:] - [ Programa:opentef] - [ Unit:opentefnucleo] - [ VersaoMensage:1] - [ Versao:1.0.0] -  [ CodigoErro:0]  - [ Ocorrencia:TDNucleo.iniciar ConectadoBanco...] - [ TMensagem:]
[ Data:15/08/2022] - [ Hora:09:46:57] - [ Linha:202211081230] - [ Modulo_ID:0]- [ TagComando:] - [ Programa:opentef] - [ Unit:opentefnucleo] - [ VersaoMensage:1] - [ Versao:1.0.0] -  [ CodigoErro:1000]  - [ Ocorrencia:TDNucleo.iniciar Iniciando...] - [ TMensagem:]
[ Data:15/08/2022] - [ Hora:09:46:59] - [ Linha:210520222110Servico] - [ Modulo_ID:0]- [ TagComando:] - [ Programa:opentef] - [ Unit:opentef] - [ VersaoMensage:1] - [ Versao:1.0.0] -  [ CodigoErro:0]  - [ Ocorrencia:0000231000010FFD4211Venda Plano] - [ TMensagem:]
[ Data:15/08/2022] - [ Hora:09:46:59] - [ Linha:210520222110Servico] - [ Modulo_ID:0]- [ TagComando:] - [ Programa:opentef] - [ Unit:opentef] - [ VersaoMensage:1] - [ Versao:1.0.0] -  [ CodigoErro:0]  - [ Ocorrencia:000023300CD11R004D11000CE16629867] - [ TMensagem:]
[ Data:15/08/2022] - [ Hora:09:46:59] - [ Linha:210520222110Servico] - [ Modulo_ID:0]- [ TagComando:] - [ Programa:opentef] - [ Unit:opentef] - [ VersaoMensage:1] - [ Versao:1.0.0] -  [ CodigoErro:0]  - [ Ocorrencia:0000310400D411R004D110007D275000027500001000D3213Cancela VendaFFD3213Cancela Plano00F0215Consultar Saldo] - [ TMensagem:]
[ Data:15/08/2022] - [ Hora:09:50:35] - [ Linha:202211081230] - [ Modulo_ID:0]- [ TagComando:] - [ Programa:opentef] - [ Unit:opentefnucleo] - [ VersaoMensage:1] - [ Versao:1.0.0] -  [ CodigoErro:0]  - [ Ocorrencia:TDNucleo.iniciar Iniciando...] - [ TMensagem:]
[ Data:15/08/2022] - [ Hora:09:50:35] - [ Linha:2022110812319] - [ Modulo_ID:0]- [ TagComando:] - [ Programa:opentef] - [ Unit:opentefnucleo] - [ VersaoMensage:1] - [ Versao:1.0.0] -  [ CodigoErro:0]  - [ Ocorrencia:TDNucleo.iniciar TentandoConectandoBanco LIB: banco:E:\Lazarus\OpenTef\publica\binarios\opentef\win64\opentef.fdb] - [ TMensagem:]
[ Data:15/08/2022] - [ Hora:09:50:42] - [ Linha:2022110812316] - [ Modulo_ID:0]- [ TagComando:] - [ Programa:opentef] - [ Unit:opentefnucleo] - [ VersaoMensage:1] - [ Versao:1.0.0] -  [ CodigoErro:0]  - [ Ocorrencia:TDNucleo.iniciar ConectandoBanco...] - [ TMensagem:]
[ Data:15/08/2022] - [ Hora:09:50:42] - [ Linha:2022110812317] - [ Modulo_ID:0]- [ TagComando:] - [ Programa:opentef] - [ Unit:opentefnucleo] - [ VersaoMensage:1] - [ Versao:1.0.0] -  [ CodigoErro:0]  - [ Ocorrencia:TDNucleo.iniciar ConectadoBanco...] - [ TMensagem:]
[ Data:15/08/2022] - [ Hora:09:50:42] - [ Linha:202211081230] - [ Modulo_ID:0]- [ TagComando:] - [ Programa:opentef] - [ Unit:opentefnucleo] - [ VersaoMensage:1] - [ Versao:1.0.0] -  [ CodigoErro:1000]  - [ Ocorrencia:TDNucleo.iniciar Iniciando...] - [ TMensagem:]
[ Data:15/08/2022] - [ Hora:09:50:45] - [ Linha:210520222110Servico] - [ Modulo_ID:0]- [ TagComando:] - [ Programa:opentef] - [ Unit:opentef] - [ VersaoMensage:1] - [ Versao:1.0.0] -  [ CodigoErro:0]  - [ Ocorrencia:0000231000010FFD4211Venda Plano] - [ TMensagem:]
[ Data:15/08/2022] - [ Hora:09:50:45] - [ Linha:210520222110Servico] - [ Modulo_ID:0]- [ TagComando:] - [ Programa:opentef] - [ Unit:opentef] - [ VersaoMensage:1] - [ Versao:1.0.0] -  [ CodigoErro:0]  - [ Ocorrencia:0000310400D411R004D110007D275000027500001000D3213Cancela VendaFFD3213Cancela Plano00F0215Consultar Saldo] - [ TMensagem:]
[ Data:15/08/2022] - [ Hora:09:50:45] - [ Linha:210520222110Servico] - [ Modulo_ID:0]- [ TagComando:] - [ Programa:opentef] - [ Unit:opentef] - [ VersaoMensage:1] - [ Versao:1.0.0] -  [ CodigoErro:0]  - [ Ocorrencia:000023300CD11R004D11000CE16629867] - [ TMensagem:]
[ Data:15/08/2022] - [ Hora:10:20:32] - [ Linha:202211081230] - [ Modulo_ID:0]- [ TagComando:] - [ Programa:opentef] - [ Unit:opentefnucleo] - [ VersaoMensage:1] - [ Versao:1.0.0] -  [ CodigoErro:0]  - [ Ocorrencia:TDNucleo.iniciar Iniciando...] - [ TMensagem:]
[ Data:15/08/2022] - [ Hora:10:20:32] - [ Linha:2022110812319] - [ Modulo_ID:0]- [ TagComando:] - [ Programa:opentef] - [ Unit:opentefnucleo] - [ VersaoMensage:1] - [ Versao:1.0.0] -  [ CodigoErro:0]  - [ Ocorrencia:TDNucleo.iniciar TentandoConectandoBanco LIB: banco:E:\Lazarus\OpenTef\publica\binarios\opentef\win64\opentef.fdb] - [ TMensagem:]
[ Data:15/08/2022] - [ Hora:10:20:37] - [ Linha:2022110812316] - [ Modulo_ID:0]- [ TagComando:] - [ Programa:opentef] - [ Unit:opentefnucleo] - [ VersaoMensage:1] - [ Versao:1.0.0] -  [ CodigoErro:0]  - [ Ocorrencia:TDNucleo.iniciar ConectandoBanco...] - [ TMensagem:]
[ Data:15/08/2022] - [ Hora:10:20:38] - [ Linha:2022110812317] - [ Modulo_ID:0]- [ TagComando:] - [ Programa:opentef] - [ Unit:opentefnucleo] - [ VersaoMensage:1] - [ Versao:1.0.0] -  [ CodigoErro:0]  - [ Ocorrencia:TDNucleo.iniciar ConectadoBanco...] - [ TMensagem:]
[ Data:15/08/2022] - [ Hora:10:20:38] - [ Linha:202211081230] - [ Modulo_ID:0]- [ TagComando:] - [ Programa:opentef] - [ Unit:opentefnucleo] - [ VersaoMensage:1] - [ Versao:1.0.0] -  [ CodigoErro:1000]  - [ Ocorrencia:TDNucleo.iniciar Iniciando...] - [ TMensagem:]
[ Data:15/08/2022] - [ Hora:10:20:40] - [ Linha:210520222110Servico] - [ Modulo_ID:0]- [ TagComando:] - [ Programa:opentef] - [ Unit:opentef] - [ VersaoMensage:1] - [ Versao:1.0.0] -  [ CodigoErro:0]  - [ Ocorrencia:0000231000010FFD4211Venda Plano] - [ TMensagem:]
[ Data:15/08/2022] - [ Hora:10:20:40] - [ Linha:210520222110Servico] - [ Modulo_ID:0]- [ TagComando:] - [ Programa:opentef] - [ Unit:opentef] - [ VersaoMensage:1] - [ Versao:1.0.0] -  [ CodigoErro:0]  - [ Ocorrencia:0000310400D411R004D110007D275000027500001000D3213Cancela VendaFFD3213Cancela Plano00F0215Consultar Saldo] - [ TMensagem:]
[ Data:15/08/2022] - [ Hora:10:20:40] - [ Linha:210520222110Servico] - [ Modulo_ID:0]- [ TagComando:] - [ Programa:opentef] - [ Unit:opentef] - [ VersaoMensage:1] - [ Versao:1.0.0] -  [ CodigoErro:0]  - [ Ocorrencia:000023300CD11R004D11000CE16629867] - [ TMensagem:]
[ Data:15/08/2022] - [ Hora:11:26:37] - [ Linha:202211081230] - [ Modulo_ID:0]- [ TagComando:] - [ Programa:opentef] - [ Unit:opentefnucleo] - [ VersaoMensage:1] - [ Versao:1.0.0] -  [ CodigoErro:0]  - [ Ocorrencia:TDNucleo.iniciar Iniciando...] - [ TMensagem:]
[ Data:15/08/2022] - [ Hora:11:26:37] - [ Linha:2022110812319] - [ Modulo_ID:0]- [ TagComando:] - [ Programa:opentef] - [ Unit:opentefnucleo] - [ VersaoMensage:1] - [ Versao:1.0.0] -  [ CodigoErro:0]  - [ Ocorrencia:TDNucleo.iniciar TentandoConectandoBanco LIB: banco:E:\Lazarus\OpenTef\publica\binarios\opentef\win64\opentef.fdb] - [ TMensagem:]
[ Data:15/08/2022] - [ Hora:11:26:42] - [ Linha:2022110812316] - [ Modulo_ID:0]- [ TagComando:] - [ Programa:opentef] - [ Unit:opentefnucleo] - [ VersaoMensage:1] - [ Versao:1.0.0] -  [ CodigoErro:0]  - [ Ocorrencia:TDNucleo.iniciar ConectandoBanco...] - [ TMensagem:]
[ Data:15/08/2022] - [ Hora:11:26:43] - [ Linha:2022110812317] - [ Modulo_ID:0]- [ TagComando:] - [ Programa:opentef] - [ Unit:opentefnucleo] - [ VersaoMensage:1] - [ Versao:1.0.0] -  [ CodigoErro:0]  - [ Ocorrencia:TDNucleo.iniciar ConectadoBanco...] - [ TMensagem:]
[ Data:15/08/2022] - [ Hora:11:26:43] - [ Linha:202211081230] - [ Modulo_ID:0]- [ TagComando:] - [ Programa:opentef] - [ Unit:opentefnucleo] - [ VersaoMensage:1] - [ Versao:1.0.0] -  [ CodigoErro:1000]  - [ Ocorrencia:TDNucleo.iniciar Iniciando...] - [ TMensagem:]
[ Data:15/08/2022] - [ Hora:11:26:45] - [ Linha:210520222110Servico] - [ Modulo_ID:0]- [ TagComando:] - [ Programa:opentef] - [ Unit:opentef] - [ VersaoMensage:1] - [ Versao:1.0.0] -  [ CodigoErro:0]  - [ Ocorrencia:0000231000010FFD4211Venda Plano] - [ TMensagem:]
[ Data:15/08/2022] - [ Hora:11:26:45] - [ Linha:210520222110Servico] - [ Modulo_ID:0]- [ TagComando:] - [ Programa:opentef] - [ Unit:opentef] - [ VersaoMensage:1] - [ Versao:1.0.0] -  [ CodigoErro:0]  - [ Ocorrencia:0000310400D411R004D110007D275000027500001000D3213Cancela VendaFFD3213Cancela Plano00F0215Consultar Saldo] - [ TMensagem:]
[ Data:15/08/2022] - [ Hora:11:26:45] - [ Linha:210520222110Servico] - [ Modulo_ID:0]- [ TagComando:] - [ Programa:opentef] - [ Unit:opentef] - [ VersaoMensage:1] - [ Versao:1.0.0] -  [ CodigoErro:0]  - [ Ocorrencia:000023300CD11R004D11000CE16629867] - [ TMensagem:]
[ Data:15/08/2022] - [ Hora:13:10:07] - [ Linha:202211081230] - [ Modulo_ID:0]- [ TagComando:] - [ Programa:opentef] - [ Unit:opentefnucleo] - [ VersaoMensage:1] - [ Versao:1.0.0] -  [ CodigoErro:0]  - [ Ocorrencia:TDNucleo.iniciar Iniciando...] - [ TMensagem:]
[ Data:15/08/2022] - [ Hora:13:10:07] - [ Linha:2022110812319] - [ Modulo_ID:0]- [ TagComando:] - [ Programa:opentef] - [ Unit:opentefnucleo] - [ VersaoMensage:1] - [ Versao:1.0.0] -  [ CodigoErro:0]  - [ Ocorrencia:TDNucleo.iniciar TentandoConectandoBanco LIB: banco:E:\Lazarus\OpenTef\publica\binarios\opentef\win64\opentef.fdb] - [ TMensagem:]
[ Data:15/08/2022] - [ Hora:13:10:12] - [ Linha:2022110812316] - [ Modulo_ID:0]- [ TagComando:] - [ Programa:opentef] - [ Unit:opentefnucleo] - [ VersaoMensage:1] - [ Versao:1.0.0] -  [ CodigoErro:0]  - [ Ocorrencia:TDNucleo.iniciar ConectandoBanco...] - [ TMensagem:]
[ Data:15/08/2022] - [ Hora:13:10:13] - [ Linha:2022110812317] - [ Modulo_ID:0]- [ TagComando:] - [ Programa:opentef] - [ Unit:opentefnucleo] - [ VersaoMensage:1] - [ Versao:1.0.0] -  [ CodigoErro:0]  - [ Ocorrencia:TDNucleo.iniciar ConectadoBanco...] - [ TMensagem:]
[ Data:15/08/2022] - [ Hora:13:10:13] - [ Linha:202211081230] - [ Modulo_ID:0]- [ TagComando:] - [ Programa:opentef] - [ Unit:opentefnucleo] - [ VersaoMensage:1] - [ Versao:1.0.0] -  [ CodigoErro:1000]  - [ Ocorrencia:TDNucleo.iniciar Iniciando...] - [ TMensagem:]
[ Data:15/08/2022] - [ Hora:13:10:15] - [ Linha:210520222110Servico] - [ Modulo_ID:0]- [ TagComando:] - [ Programa:opentef] - [ Unit:opentef] - [ VersaoMensage:1] - [ Versao:1.0.0] -  [ CodigoErro:0]  - [ Ocorrencia:0000231000010FFD4211Venda Plano] - [ TMensagem:]
[ Data:15/08/2022] - [ Hora:13:10:15] - [ Linha:210520222110Servico] - [ Modulo_ID:0]- [ TagComando:] - [ Programa:opentef] - [ Unit:opentef] - [ VersaoMensage:1] - [ Versao:1.0.0] -  [ CodigoErro:0]  - [ Ocorrencia:0000310400D411R004D110007D275000027500001000D3213Cancela VendaFFD3213Cancela Plano00F0215Consultar Saldo] - [ TMensagem:]
[ Data:15/08/2022] - [ Hora:13:10:15] - [ Linha:210520222110Servico] - [ Modulo_ID:0]- [ TagComando:] - [ Programa:opentef] - [ Unit:opentef] - [ VersaoMensage:1] - [ Versao:1.0.0] -  [ CodigoErro:0]  - [ Ocorrencia:000023300CD11R004D11000CE16629867] - [ TMensagem:]
[ Data:15/08/2022] - [ Hora:13:46:18] - [ Linha:202211081230] - [ Modulo_ID:0]- [ TagComando:] - [ Programa:opentef] - [ Unit:opentefnucleo] - [ VersaoMensage:1] - [ Versao:1.0.0] -  [ CodigoErro:0]  - [ Ocorrencia:TDNucleo.iniciar Iniciando...] - [ TMensagem:]
[ Data:15/08/2022] - [ Hora:13:46:18] - [ Linha:2022110812319] - [ Modulo_ID:0]- [ TagComando:] - [ Programa:opentef] - [ Unit:opentefnucleo] - [ VersaoMensage:1] - [ Versao:1.0.0] -  [ CodigoErro:0]  - [ Ocorrencia:TDNucleo.iniciar TentandoConectandoBanco LIB: banco:E:\Lazarus\OpenTef\publica\binarios\opentef\win64\opentef.fdb] - [ TMensagem:]
[ Data:15/08/2022] - [ Hora:13:46:23] - [ Linha:2022110812316] - [ Modulo_ID:0]- [ TagComando:] - [ Programa:opentef] - [ Unit:opentefnucleo] - [ VersaoMensage:1] - [ Versao:1.0.0] -  [ CodigoErro:0]  - [ Ocorrencia:TDNucleo.iniciar ConectandoBanco...] - [ TMensagem:]
[ Data:15/08/2022] - [ Hora:13:46:23] - [ Linha:2022110812317] - [ Modulo_ID:0]- [ TagComando:] - [ Programa:opentef] - [ Unit:opentefnucleo] - [ VersaoMensage:1] - [ Versao:1.0.0] -  [ CodigoErro:0]  - [ Ocorrencia:TDNucleo.iniciar ConectadoBanco...] - [ TMensagem:]
[ Data:15/08/2022] - [ Hora:13:46:23] - [ Linha:202211081230] - [ Modulo_ID:0]- [ TagComando:] - [ Programa:opentef] - [ Unit:opentefnucleo] - [ VersaoMensage:1] - [ Versao:1.0.0] -  [ CodigoErro:1000]  - [ Ocorrencia:TDNucleo.iniciar Iniciando...] - [ TMensagem:]
[ Data:15/08/2022] - [ Hora:13:46:34] - [ Linha:210520222110Servico] - [ Modulo_ID:0]- [ TagComando:] - [ Programa:opentef] - [ Unit:opentef] - [ VersaoMensage:1] - [ Versao:1.0.0] -  [ CodigoErro:0]  - [ Ocorrencia:0000310400D411R004D110007D275000027500001000D3213Cancela VendaFFD3213Cancela Plano00F0215Consultar Saldo] - [ TMensagem:]
[ Data:15/08/2022] - [ Hora:13:46:34] - [ Linha:210520222110Servico] - [ Modulo_ID:0]- [ TagComando:] - [ Programa:opentef] - [ Unit:opentef] - [ VersaoMensage:1] - [ Versao:1.0.0] -  [ CodigoErro:0]  - [ Ocorrencia:000023300CD11R004D11000CE16629867] - [ TMensagem:]
[ Data:15/08/2022] - [ Hora:13:46:34] - [ Linha:210520222110Servico] - [ Modulo_ID:0]- [ TagComando:] - [ Programa:opentef] - [ Unit:opentef] - [ VersaoMensage:1] - [ Versao:1.0.0] -  [ CodigoErro:0]  - [ Ocorrencia:0000231000010FFD4211Venda Plano] - [ TMensagem:]
[ Data:15/08/2022] - [ Hora:14:13:49] - [ Linha:202211081230] - [ Modulo_ID:0]- [ TagComando:] - [ Programa:opentef] - [ Unit:opentefnucleo] - [ VersaoMensage:1] - [ Versao:1.0.0] -  [ CodigoErro:0]  - [ Ocorrencia:TDNucleo.iniciar Iniciando...] - [ TMensagem:]
[ Data:15/08/2022] - [ Hora:14:13:49] - [ Linha:2022110812319] - [ Modulo_ID:0]- [ TagComando:] - [ Programa:opentef] - [ Unit:opentefnucleo] - [ VersaoMensage:1] - [ Versao:1.0.0] -  [ CodigoErro:0]  - [ Ocorrencia:TDNucleo.iniciar TentandoConectandoBanco LIB: banco:E:\Lazarus\OpenTef\publica\binarios\opentef\win64\opentef.fdb] - [ TMensagem:]
[ Data:15/08/2022] - [ Hora:14:13:54] - [ Linha:2022110812316] - [ Modulo_ID:0]- [ TagComando:] - [ Programa:opentef] - [ Unit:opentefnucleo] - [ VersaoMensage:1] - [ Versao:1.0.0] -  [ CodigoErro:0]  - [ Ocorrencia:TDNucleo.iniciar ConectandoBanco...] - [ TMensagem:]
[ Data:15/08/2022] - [ Hora:14:13:55] - [ Linha:2022110812317] - [ Modulo_ID:0]- [ TagComando:] - [ Programa:opentef] - [ Unit:opentefnucleo] - [ VersaoMensage:1] - [ Versao:1.0.0] -  [ CodigoErro:0]  - [ Ocorrencia:TDNucleo.iniciar ConectadoBanco...] - [ TMensagem:]
[ Data:15/08/2022] - [ Hora:14:13:55] - [ Linha:202211081230] - [ Modulo_ID:0]- [ TagComando:] - [ Programa:opentef] - [ Unit:opentefnucleo] - [ VersaoMensage:1] - [ Versao:1.0.0] -  [ CodigoErro:1000]  - [ Ocorrencia:TDNucleo.iniciar Iniciando...] - [ TMensagem:]
[ Data:15/08/2022] - [ Hora:14:44:50] - [ Linha:202211081230] - [ Modulo_ID:0]- [ TagComando:] - [ Programa:opentef] - [ Unit:opentefnucleo] - [ VersaoMensage:1] - [ Versao:1.0.0] -  [ CodigoErro:0]  - [ Ocorrencia:TDNucleo.iniciar Iniciando...] - [ TMensagem:]
[ Data:15/08/2022] - [ Hora:14:44:50] - [ Linha:2022110812319] - [ Modulo_ID:0]- [ TagComando:] - [ Programa:opentef] - [ Unit:opentefnucleo] - [ VersaoMensage:1] - [ Versao:1.0.0] -  [ CodigoErro:0]  - [ Ocorrencia:TDNucleo.iniciar TentandoConectandoBanco LIB: banco:E:\Lazarus\OpenTef\publica\binarios\opentef\win64\opentef.fdb] - [ TMensagem:]
[ Data:15/08/2022] - [ Hora:14:44:55] - [ Linha:2022110812316] - [ Modulo_ID:0]- [ TagComando:] - [ Programa:opentef] - [ Unit:opentefnucleo] - [ VersaoMensage:1] - [ Versao:1.0.0] -  [ CodigoErro:0]  - [ Ocorrencia:TDNucleo.iniciar ConectandoBanco...] - [ TMensagem:]
[ Data:15/08/2022] - [ Hora:14:44:56] - [ Linha:2022110812317] - [ Modulo_ID:0]- [ TagComando:] - [ Programa:opentef] - [ Unit:opentefnucleo] - [ VersaoMensage:1] - [ Versao:1.0.0] -  [ CodigoErro:0]  - [ Ocorrencia:TDNucleo.iniciar ConectadoBanco...] - [ TMensagem:]
[ Data:15/08/2022] - [ Hora:14:44:56] - [ Linha:202211081230] - [ Modulo_ID:0]- [ TagComando:] - [ Programa:opentef] - [ Unit:opentefnucleo] - [ VersaoMensage:1] - [ Versao:1.0.0] -  [ CodigoErro:1000]  - [ Ocorrencia:TDNucleo.iniciar Iniciando...] - [ TMensagem:]
[ Data:15/08/2022] - [ Hora:14:46:36] - [ Linha:202211081230] - [ Modulo_ID:0]- [ TagComando:] - [ Programa:opentef] - [ Unit:opentefnucleo] - [ VersaoMensage:1] - [ Versao:1.0.0] -  [ CodigoErro:0]  - [ Ocorrencia:TDNucleo.iniciar Iniciando...] - [ TMensagem:]
[ Data:15/08/2022] - [ Hora:14:46:36] - [ Linha:2022110812319] - [ Modulo_ID:0]- [ TagComando:] - [ Programa:opentef] - [ Unit:opentefnucleo] - [ VersaoMensage:1] - [ Versao:1.0.0] -  [ CodigoErro:0]  - [ Ocorrencia:TDNucleo.iniciar TentandoConectandoBanco LIB: banco:E:\Lazarus\OpenTef\publica\binarios\opentef\win64\opentef.fdb] - [ TMensagem:]
[ Data:15/08/2022] - [ Hora:14:46:42] - [ Linha:2022110812316] - [ Modulo_ID:0]- [ TagComando:] - [ Programa:opentef] - [ Unit:opentefnucleo] - [ VersaoMensage:1] - [ Versao:1.0.0] -  [ CodigoErro:0]  - [ Ocorrencia:TDNucleo.iniciar ConectandoBanco...] - [ TMensagem:]
[ Data:15/08/2022] - [ Hora:14:46:42] - [ Linha:2022110812317] - [ Modulo_ID:0]- [ TagComando:] - [ Programa:opentef] - [ Unit:opentefnucleo] - [ VersaoMensage:1] - [ Versao:1.0.0] -  [ CodigoErro:0]  - [ Ocorrencia:TDNucleo.iniciar ConectadoBanco...] - [ TMensagem:]
[ Data:15/08/2022] - [ Hora:14:46:42] - [ Linha:202211081230] - [ Modulo_ID:0]- [ TagComando:] - [ Programa:opentef] - [ Unit:opentefnucleo] - [ VersaoMensage:1] - [ Versao:1.0.0] -  [ CodigoErro:1000]  - [ Ocorrencia:TDNucleo.iniciar Iniciando...] - [ TMensagem:]
[ Data:15/08/2022] - [ Hora:15:25:43] - [ Linha:202211081230] - [ Modulo_ID:0]- [ TagComando:] - [ Programa:opentef] - [ Unit:opentefnucleo] - [ VersaoMensage:1] - [ Versao:1.0.0] -  [ CodigoErro:0]  - [ Ocorrencia:TDNucleo.iniciar Iniciando...] - [ TMensagem:]
[ Data:15/08/2022] - [ Hora:15:25:43] - [ Linha:2022110812319] - [ Modulo_ID:0]- [ TagComando:] - [ Programa:opentef] - [ Unit:opentefnucleo] - [ VersaoMensage:1] - [ Versao:1.0.0] -  [ CodigoErro:0]  - [ Ocorrencia:TDNucleo.iniciar TentandoConectandoBanco LIB: banco:E:\Lazarus\OpenTef\publica\binarios\opentef\win64\opentef.fdb] - [ TMensagem:]
[ Data:15/08/2022] - [ Hora:15:25:48] - [ Linha:2022110812316] - [ Modulo_ID:0]- [ TagComando:] - [ Programa:opentef] - [ Unit:opentefnucleo] - [ VersaoMensage:1] - [ Versao:1.0.0] -  [ CodigoErro:0]  - [ Ocorrencia:TDNucleo.iniciar ConectandoBanco...] - [ TMensagem:]
[ Data:15/08/2022] - [ Hora:15:25:48] - [ Linha:2022110812317] - [ Modulo_ID:0]- [ TagComando:] - [ Programa:opentef] - [ Unit:opentefnucleo] - [ VersaoMensage:1] - [ Versao:1.0.0] -  [ CodigoErro:0]  - [ Ocorrencia:TDNucleo.iniciar ConectadoBanco...] - [ TMensagem:]
[ Data:15/08/2022] - [ Hora:15:25:48] - [ Linha:202211081230] - [ Modulo_ID:0]- [ TagComando:] - [ Programa:opentef] - [ Unit:opentefnucleo] - [ VersaoMensage:1] - [ Versao:1.0.0] -  [ CodigoErro:1000]  - [ Ocorrencia:TDNucleo.iniciar Iniciando...] - [ TMensagem:]
[ Data:15/08/2022] - [ Hora:15:25:50] - [ Linha:210520222110Servico] - [ Modulo_ID:0]- [ TagComando:] - [ Programa:opentef] - [ Unit:opentef] - [ VersaoMensage:1] - [ Versao:1.0.0] -  [ CodigoErro:0]  - [ Ocorrencia:0000231000010FFD4211Venda Plano] - [ TMensagem:]
[ Data:15/08/2022] - [ Hora:15:25:50] - [ Linha:210520222110Servico] - [ Modulo_ID:0]- [ TagComando:] - [ Programa:opentef] - [ Unit:opentef] - [ VersaoMensage:1] - [ Versao:1.0.0] -  [ CodigoErro:0]  - [ Ocorrencia:0000310400D411R004D110007D275000027500001000D3213Cancela VendaFFD3213Cancela Plano00F0215Consultar Saldo] - [ TMensagem:]
[ Data:15/08/2022] - [ Hora:15:25:50] - [ Linha:210520222110Servico] - [ Modulo_ID:0]- [ TagComando:] - [ Programa:opentef] - [ Unit:opentef] - [ VersaoMensage:1] - [ Versao:1.0.0] -  [ CodigoErro:0]  - [ Ocorrencia:000023300CD11R004D11000CE16629867] - [ TMensagem:]
[ Data:15/08/2022] - [ Hora:16:53:29] - [ Linha:202211081230] - [ Modulo_ID:0]- [ TagComando:] - [ Programa:opentef] - [ Unit:opentefnucleo] - [ VersaoMensage:1] - [ Versao:1.0.0] -  [ CodigoErro:0]  - [ Ocorrencia:TDNucleo.iniciar Iniciando...] - [ TMensagem:]
[ Data:15/08/2022] - [ Hora:16:53:29] - [ Linha:2022110812319] - [ Modulo_ID:0]- [ TagComando:] - [ Programa:opentef] - [ Unit:opentefnucleo] - [ VersaoMensage:1] - [ Versao:1.0.0] -  [ CodigoErro:0]  - [ Ocorrencia:TDNucleo.iniciar TentandoConectandoBanco LIB: banco:E:\Lazarus\OpenTef\publica\binarios\opentef\win64\opentef.fdb] - [ TMensagem:]
[ Data:15/08/2022] - [ Hora:16:53:33] - [ Linha:2022110812316] - [ Modulo_ID:0]- [ TagComando:] - [ Programa:opentef] - [ Unit:opentefnucleo] - [ VersaoMensage:1] - [ Versao:1.0.0] -  [ CodigoErro:0]  - [ Ocorrencia:TDNucleo.iniciar ConectandoBanco...] - [ TMensagem:]
[ Data:15/08/2022] - [ Hora:16:53:34] - [ Linha:2022110812317] - [ Modulo_ID:0]- [ TagComando:] - [ Programa:opentef] - [ Unit:opentefnucleo] - [ VersaoMensage:1] - [ Versao:1.0.0] -  [ CodigoErro:0]  - [ Ocorrencia:TDNucleo.iniciar ConectadoBanco...] - [ TMensagem:]
[ Data:15/08/2022] - [ Hora:16:53:34] - [ Linha:202211081230] - [ Modulo_ID:0]- [ TagComando:] - [ Programa:opentef] - [ Unit:opentefnucleo] - [ VersaoMensage:1] - [ Versao:1.0.0] -  [ CodigoErro:1000]  - [ Ocorrencia:TDNucleo.iniciar Iniciando...] - [ TMensagem:]
[ Data:15/08/2022] - [ Hora:16:53:36] - [ Linha:210520222110Servico] - [ Modulo_ID:0]- [ TagComando:] - [ Programa:opentef] - [ Unit:opentef] - [ VersaoMensage:1] - [ Versao:1.0.0] -  [ CodigoErro:0]  - [ Ocorrencia:0000231000010FFD4211Venda Plano] - [ TMensagem:]
[ Data:15/08/2022] - [ Hora:16:53:36] - [ Linha:210520222110Servico] - [ Modulo_ID:0]- [ TagComando:] - [ Programa:opentef] - [ Unit:opentef] - [ VersaoMensage:1] - [ Versao:1.0.0] -  [ CodigoErro:0]  - [ Ocorrencia:0000310400D411R004D110007D275000027500001000D3213Cancela VendaFFD3213Cancela Plano00F0215Consultar Saldo] - [ TMensagem:]
[ Data:15/08/2022] - [ Hora:16:53:36] - [ Linha:210520222110Servico] - [ Modulo_ID:0]- [ TagComando:] - [ Programa:opentef] - [ Unit:opentef] - [ VersaoMensage:1] - [ Versao:1.0.0] -  [ CodigoErro:0]  - [ Ocorrencia:000023300CD11R004D11000CE16629867] - [ TMensagem:]
[ Data:15/08/2022] - [ Hora:17:23:25] - [ Linha:202211081230] - [ Modulo_ID:0]- [ TagComando:] - [ Programa:opentef] - [ Unit:opentefnucleo] - [ VersaoMensage:1] - [ Versao:1.0.0] -  [ CodigoErro:0]  - [ Ocorrencia:TDNucleo.iniciar Iniciando...] - [ TMensagem:]
[ Data:15/08/2022] - [ Hora:17:23:25] - [ Linha:2022110812319] - [ Modulo_ID:0]- [ TagComando:] - [ Programa:opentef] - [ Unit:opentefnucleo] - [ VersaoMensage:1] - [ Versao:1.0.0] -  [ CodigoErro:0]  - [ Ocorrencia:TDNucleo.iniciar TentandoConectandoBanco LIB: banco:E:\Lazarus\OpenTef\publica\binarios\opentef\win64\opentef.fdb] - [ TMensagem:]
[ Data:15/08/2022] - [ Hora:17:23:30] - [ Linha:2022110812316] - [ Modulo_ID:0]- [ TagComando:] - [ Programa:opentef] - [ Unit:opentefnucleo] - [ VersaoMensage:1] - [ Versao:1.0.0] -  [ CodigoErro:0]  - [ Ocorrencia:TDNucleo.iniciar ConectandoBanco...] - [ TMensagem:]
[ Data:15/08/2022] - [ Hora:17:23:30] - [ Linha:2022110812317] - [ Modulo_ID:0]- [ TagComando:] - [ Programa:opentef] - [ Unit:opentefnucleo] - [ VersaoMensage:1] - [ Versao:1.0.0] -  [ CodigoErro:0]  - [ Ocorrencia:TDNucleo.iniciar ConectadoBanco...] - [ TMensagem:]
[ Data:15/08/2022] - [ Hora:17:23:30] - [ Linha:202211081230] - [ Modulo_ID:0]- [ TagComando:] - [ Programa:opentef] - [ Unit:opentefnucleo] - [ VersaoMensage:1] - [ Versao:1.0.0] -  [ CodigoErro:1000]  - [ Ocorrencia:TDNucleo.iniciar Iniciando...] - [ TMensagem:]
[ Data:15/08/2022] - [ Hora:17:23:32] - [ Linha:210520222110Servico] - [ Modulo_ID:0]- [ TagComando:] - [ Programa:opentef] - [ Unit:opentef] - [ VersaoMensage:1] - [ Versao:1.0.0] -  [ CodigoErro:0]  - [ Ocorrencia:0000231000010FFD4211Venda Plano] - [ TMensagem:]
[ Data:15/08/2022] - [ Hora:17:23:32] - [ Linha:210520222110Servico] - [ Modulo_ID:0]- [ TagComando:] - [ Programa:opentef] - [ Unit:opentef] - [ VersaoMensage:1] - [ Versao:1.0.0] -  [ CodigoErro:0]  - [ Ocorrencia:0000310400D411R004D110007D275000027500001000D3213Cancela VendaFFD3213Cancela Plano00F0215Consultar Saldo] - [ TMensagem:]
[ Data:15/08/2022] - [ Hora:17:23:32] - [ Linha:210520222110Servico] - [ Modulo_ID:0]- [ TagComando:] - [ Programa:opentef] - [ Unit:opentef] - [ VersaoMensage:1] - [ Versao:1.0.0] -  [ CodigoErro:0]  - [ Ocorrencia:000023300CD11R004D11000CE16629867] - [ TMensagem:]
[ Data:15/08/2022] - [ Hora:17:26:06] - [ Linha:202211081230] - [ Modulo_ID:0]- [ TagComando:] - [ Programa:opentef] - [ Unit:opentefnucleo] - [ VersaoMensage:1] - [ Versao:1.0.0] -  [ CodigoErro:0]  - [ Ocorrencia:TDNucleo.iniciar Iniciando...] - [ TMensagem:]
[ Data:15/08/2022] - [ Hora:17:26:06] - [ Linha:2022110812319] - [ Modulo_ID:0]- [ TagComando:] - [ Programa:opentef] - [ Unit:opentefnucleo] - [ VersaoMensage:1] - [ Versao:1.0.0] -  [ CodigoErro:0]  - [ Ocorrencia:TDNucleo.iniciar TentandoConectandoBanco LIB: banco:E:\Lazarus\OpenTef\publica\binarios\opentef\win64\opentef.fdb] - [ TMensagem:]
[ Data:15/08/2022] - [ Hora:17:26:11] - [ Linha:2022110812316] - [ Modulo_ID:0]- [ TagComando:] - [ Programa:opentef] - [ Unit:opentefnucleo] - [ VersaoMensage:1] - [ Versao:1.0.0] -  [ CodigoErro:0]  - [ Ocorrencia:TDNucleo.iniciar ConectandoBanco...] - [ TMensagem:]
[ Data:15/08/2022] - [ Hora:17:26:12] - [ Linha:2022110812317] - [ Modulo_ID:0]- [ TagComando:] - [ Programa:opentef] - [ Unit:opentefnucleo] - [ VersaoMensage:1] - [ Versao:1.0.0] -  [ CodigoErro:0]  - [ Ocorrencia:TDNucleo.iniciar ConectadoBanco...] - [ TMensagem:]
[ Data:15/08/2022] - [ Hora:17:26:12] - [ Linha:202211081230] - [ Modulo_ID:0]- [ TagComando:] - [ Programa:opentef] - [ Unit:opentefnucleo] - [ VersaoMensage:1] - [ Versao:1.0.0] -  [ CodigoErro:1000]  - [ Ocorrencia:TDNucleo.iniciar Iniciando...] - [ TMensagem:]
[ Data:15/08/2022] - [ Hora:17:26:13] - [ Linha:210520222110Servico] - [ Modulo_ID:0]- [ TagComando:] - [ Programa:opentef] - [ Unit:opentef] - [ VersaoMensage:1] - [ Versao:1.0.0] -  [ CodigoErro:0]  - [ Ocorrencia:0000231000010FFD4211Venda Plano] - [ TMensagem:]
[ Data:15/08/2022] - [ Hora:17:26:13] - [ Linha:210520222110Servico] - [ Modulo_ID:0]- [ TagComando:] - [ Programa:opentef] - [ Unit:opentef] - [ VersaoMensage:1] - [ Versao:1.0.0] -  [ CodigoErro:0]  - [ Ocorrencia:000023300CD11R004D11000CE16629867] - [ TMensagem:]
[ Data:15/08/2022] - [ Hora:17:26:13] - [ Linha:210520222110Servico] - [ Modulo_ID:0]- [ TagComando:] - [ Programa:opentef] - [ Unit:opentef] - [ VersaoMensage:1] - [ Versao:1.0.0] -  [ CodigoErro:0]  - [ Ocorrencia:0000310400D411R004D110007D275000027500001000D3213Cancela VendaFFD3213Cancela Plano00F0215Consultar Saldo] - [ TMensagem:]
[ Data:16/08/2022] - [ Hora:10:43:47] - [ Linha:202211081230] - [ Modulo_ID:0]- [ TagComando:] - [ Programa:opentef] - [ Unit:opentefnucleo] - [ VersaoMensage:1] - [ Versao:1.0.0] -  [ CodigoErro:0]  - [ Ocorrencia:TDNucleo.iniciar Iniciando...] - [ TMensagem:]
[ Data:16/08/2022] - [ Hora:10:43:47] - [ Linha:2022110812319] - [ Modulo_ID:0]- [ TagComando:] - [ Programa:opentef] - [ Unit:opentefnucleo] - [ VersaoMensage:1] - [ Versao:1.0.0] -  [ CodigoErro:0]  - [ Ocorrencia:TDNucleo.iniciar TentandoConectandoBanco LIB: banco:E:\Lazarus\OpenTef\publica\binarios\opentef\win64\opentef.fdb] - [ TMensagem:]
[ Data:16/08/2022] - [ Hora:10:43:52] - [ Linha:2022110812316] - [ Modulo_ID:0]- [ TagComando:] - [ Programa:opentef] - [ Unit:opentefnucleo] - [ VersaoMensage:1] - [ Versao:1.0.0] -  [ CodigoErro:0]  - [ Ocorrencia:TDNucleo.iniciar ConectandoBanco...] - [ TMensagem:]
[ Data:16/08/2022] - [ Hora:10:43:52] - [ Linha:2022110812317] - [ Modulo_ID:0]- [ TagComando:] - [ Programa:opentef] - [ Unit:opentefnucleo] - [ VersaoMensage:1] - [ Versao:1.0.0] -  [ CodigoErro:0]  - [ Ocorrencia:TDNucleo.iniciar ConectadoBanco...] - [ TMensagem:]
[ Data:16/08/2022] - [ Hora:10:43:52] - [ Linha:202211081230] - [ Modulo_ID:0]- [ TagComando:] - [ Programa:opentef] - [ Unit:opentefnucleo] - [ VersaoMensage:1] - [ Versao:1.0.0] -  [ CodigoErro:1000]  - [ Ocorrencia:TDNucleo.iniciar Iniciando...] - [ TMensagem:]
[ Data:16/08/2022] - [ Hora:10:45:13] - [ Linha:210520222110Servico] - [ Modulo_ID:0]- [ TagComando:] - [ Programa:opentef] - [ Unit:opentef] - [ VersaoMensage:1] - [ Versao:1.0.0] -  [ CodigoErro:0]  - [ Ocorrencia:0000231000010FFD4211Venda Plano] - [ TMensagem:]
[ Data:16/08/2022] - [ Hora:10:45:14] - [ Linha:210520222110Servico] - [ Modulo_ID:0]- [ TagComando:] - [ Programa:opentef] - [ Unit:opentef] - [ VersaoMensage:1] - [ Versao:1.0.0] -  [ CodigoErro:0]  - [ Ocorrencia:0000310400D411R004D110007D275000027500001000D3213Cancela VendaFFD3213Cancela Plano00F0215Consultar Saldo] - [ TMensagem:]
[ Data:16/08/2022] - [ Hora:10:45:14] - [ Linha:210520222110Servico] - [ Modulo_ID:0]- [ TagComando:] - [ Programa:opentef] - [ Unit:opentef] - [ VersaoMensage:1] - [ Versao:1.0.0] -  [ CodigoErro:0]  - [ Ocorrencia:000023300CD11R004D11000CE16629867] - [ TMensagem:]
[ Data:16/08/2022] - [ Hora:14:08:49] - [ Linha:202211081230] - [ Modulo_ID:0]- [ TagComando:] - [ Programa:opentef] - [ Unit:opentefnucleo] - [ VersaoMensage:1] - [ Versao:1.0.0] -  [ CodigoErro:0]  - [ Ocorrencia:TDNucleo.iniciar Iniciando...] - [ TMensagem:]
[ Data:16/08/2022] - [ Hora:14:08:49] - [ Linha:2022110812319] - [ Modulo_ID:0]- [ TagComando:] - [ Programa:opentef] - [ Unit:opentefnucleo] - [ VersaoMensage:1] - [ Versao:1.0.0] -  [ CodigoErro:0]  - [ Ocorrencia:TDNucleo.iniciar TentandoConectandoBanco LIB: banco:E:\Lazarus\OpenTef\publica\binarios\opentef\win64\opentef.fdb] - [ TMensagem:]
[ Data:16/08/2022] - [ Hora:14:08:53] - [ Linha:2022110812316] - [ Modulo_ID:0]- [ TagComando:] - [ Programa:opentef] - [ Unit:opentefnucleo] - [ VersaoMensage:1] - [ Versao:1.0.0] -  [ CodigoErro:0]  - [ Ocorrencia:TDNucleo.iniciar ConectandoBanco...] - [ TMensagem:]
[ Data:16/08/2022] - [ Hora:14:08:54] - [ Linha:2022110812317] - [ Modulo_ID:0]- [ TagComando:] - [ Programa:opentef] - [ Unit:opentefnucleo] - [ VersaoMensage:1] - [ Versao:1.0.0] -  [ CodigoErro:0]  - [ Ocorrencia:TDNucleo.iniciar ConectadoBanco...] - [ TMensagem:]
[ Data:16/08/2022] - [ Hora:14:08:54] - [ Linha:202211081230] - [ Modulo_ID:0]- [ TagComando:] - [ Programa:opentef] - [ Unit:opentefnucleo] - [ VersaoMensage:1] - [ Versao:1.0.0] -  [ CodigoErro:1000]  - [ Ocorrencia:TDNucleo.iniciar Iniciando...] - [ TMensagem:]
[ Data:16/08/2022] - [ Hora:14:08:55] - [ Linha:210520222110Servico] - [ Modulo_ID:0]- [ TagComando:] - [ Programa:opentef] - [ Unit:opentef] - [ VersaoMensage:1] - [ Versao:1.0.0] -  [ CodigoErro:0]  - [ Ocorrencia:0000231000010FFD4211Venda Plano] - [ TMensagem:]
[ Data:16/08/2022] - [ Hora:14:08:55] - [ Linha:210520222110Servico] - [ Modulo_ID:0]- [ TagComando:] - [ Programa:opentef] - [ Unit:opentef] - [ VersaoMensage:1] - [ Versao:1.0.0] -  [ CodigoErro:0]  - [ Ocorrencia:0000310400D411R004D110007D275000027500001000D3213Cancela VendaFFD3213Cancela Plano00F0215Consultar Saldo] - [ TMensagem:]
[ Data:16/08/2022] - [ Hora:14:08:55] - [ Linha:210520222110Servico] - [ Modulo_ID:0]- [ TagComando:] - [ Programa:opentef] - [ Unit:opentef] - [ VersaoMensage:1] - [ Versao:1.0.0] -  [ CodigoErro:0]  - [ Ocorrencia:000023300CD11R004D11000CE16629867] - [ TMensagem:]
[ Data:16/08/2022] - [ Hora:15:38:48] - [ Linha:202211081230] - [ Modulo_ID:0]- [ TagComando:] - [ Programa:opentef] - [ Unit:opentefnucleo] - [ VersaoMensage:1] - [ Versao:1.0.0] -  [ CodigoErro:0]  - [ Ocorrencia:TDNucleo.iniciar Iniciando...] - [ TMensagem:]
[ Data:16/08/2022] - [ Hora:15:38:48] - [ Linha:2022110812319] - [ Modulo_ID:0]- [ TagComando:] - [ Programa:opentef] - [ Unit:opentefnucleo] - [ VersaoMensage:1] - [ Versao:1.0.0] -  [ CodigoErro:0]  - [ Ocorrencia:TDNucleo.iniciar TentandoConectandoBanco LIB: banco:E:\Lazarus\OpenTef\publica\binarios\opentef\win64\opentef.fdb] - [ TMensagem:]
[ Data:16/08/2022] - [ Hora:15:38:53] - [ Linha:2022110812316] - [ Modulo_ID:0]- [ TagComando:] - [ Programa:opentef] - [ Unit:opentefnucleo] - [ VersaoMensage:1] - [ Versao:1.0.0] -  [ CodigoErro:0]  - [ Ocorrencia:TDNucleo.iniciar ConectandoBanco...] - [ TMensagem:]
[ Data:16/08/2022] - [ Hora:15:38:54] - [ Linha:2022110812317] - [ Modulo_ID:0]- [ TagComando:] - [ Programa:opentef] - [ Unit:opentefnucleo] - [ VersaoMensage:1] - [ Versao:1.0.0] -  [ CodigoErro:0]  - [ Ocorrencia:TDNucleo.iniciar ConectadoBanco...] - [ TMensagem:]
[ Data:16/08/2022] - [ Hora:15:38:54] - [ Linha:202211081230] - [ Modulo_ID:0]- [ TagComando:] - [ Programa:opentef] - [ Unit:opentefnucleo] - [ VersaoMensage:1] - [ Versao:1.0.0] -  [ CodigoErro:1000]  - [ Ocorrencia:TDNucleo.iniciar Iniciando...] - [ TMensagem:]
[ Data:16/08/2022] - [ Hora:15:39:00] - [ Linha:210520222110Servico] - [ Modulo_ID:0]- [ TagComando:] - [ Programa:opentef] - [ Unit:opentef] - [ VersaoMensage:1] - [ Versao:1.0.0] -  [ CodigoErro:0]  - [ Ocorrencia:000023300CD11R004D11000CE16629867] - [ TMensagem:]
[ Data:16/08/2022] - [ Hora:15:39:00] - [ Linha:210520222110Servico] - [ Modulo_ID:0]- [ TagComando:] - [ Programa:opentef] - [ Unit:opentef] - [ VersaoMensage:1] - [ Versao:1.0.0] -  [ CodigoErro:0]  - [ Ocorrencia:0000231000010FFD4211Venda Plano] - [ TMensagem:]
[ Data:16/08/2022] - [ Hora:15:39:00] - [ Linha:210520222110Servico] - [ Modulo_ID:0]- [ TagComando:] - [ Programa:opentef] - [ Unit:opentef] - [ VersaoMensage:1] - [ Versao:1.0.0] -  [ CodigoErro:0]  - [ Ocorrencia:0000310400D411R004D110007D275000027500001000D3213Cancela VendaFFD3213Cancela Plano00F0215Consultar Saldo] - [ TMensagem:]
