[ Nivel: 1 ] [ Data:13/06/2024] - [ Hora:13:34:00] - [ Linha:190920220851] - [ Modulo_ID:0]- [ TagComando:] - [ Programa:tef_lib] - [ Unit:tef_lib] - [ VersaoMensagem:1] - [ Versao:1.0.0] -  [ CodigoErro:0]  - [ Ocorrencia:tentativa de conexao, Host:192.168.1.236/Porta: 10200] - [ TMensagem:]
[ Nivel: 1 ] [ Data:13/06/2024] - [ Hora:13:34:02] - [ Linha:051220231713] - [ Modulo_ID:0]- [ TagComando:] - [ Programa:tef_lib] - [ Unit:tef] - [ VersaoMensagem:1] - [ Versao:1.0.0] -  [ CodigoErro:18]  - [ Ocorrencia:erro ao carregar a mensagem] - [ TMensagem:]
[ Nivel: 1 ] [ Data:13/06/2024] - [ Hora:13:38:41] - [ Linha:190920220851] - [ Modulo_ID:0]- [ TagComando:] - [ Programa:tef_lib] - [ Unit:tef_lib] - [ VersaoMensagem:1] - [ Versao:1.0.0] -  [ CodigoErro:0]  - [ Ocorrencia:tentativa de conexao, Host:192.168.1.236/Porta: 10200] - [ TMensagem:]
[ Nivel: 1 ] [ Data:13/06/2024] - [ Hora:13:38:42] - [ Linha:190920220851] - [ Modulo_ID:0]- [ TagComando:] - [ Programa:tef_lib] - [ Unit:tef_lib] - [ VersaoMensagem:1] - [ Versao:1.0.0] -  [ CodigoErro:92]  - [ Ocorrencia:Erro no login] - [ TMensagem:]
[ Nivel: 1 ] [ Data:13/06/2024] - [ Hora:13:50:09] - [ Linha:190920220851] - [ Modulo_ID:0]- [ TagComando:] - [ Programa:tef_lib] - [ Unit:tef_lib] - [ VersaoMensagem:1] - [ Versao:1.0.0] -  [ CodigoErro:0]  - [ Ocorrencia:tentativa de conexao, Host:192.168.1.236/Porta: 10200] - [ TMensagem:]
[ Nivel: 1 ] [ Data:13/06/2024] - [ Hora:13:50:11] - [ Linha:051220231713] - [ Modulo_ID:0]- [ TagComando:] - [ Programa:tef_lib] - [ Unit:tef] - [ VersaoMensagem:1] - [ Versao:1.0.0] -  [ CodigoErro:18]  - [ Ocorrencia:erro ao carregar a mensagem] - [ TMensagem:]
[ Nivel: 1 ] [ Data:13/06/2024] - [ Hora:13:52:03] - [ Linha:190920220851] - [ Modulo_ID:0]- [ TagComando:] - [ Programa:tef_lib] - [ Unit:tef_lib] - [ VersaoMensagem:1] - [ Versao:1.0.0] -  [ CodigoErro:106]  - [ Ocorrencia:Erro no login] - [ TMensagem:]
[ Nivel: 1 ] [ Data:13/06/2024] - [ Hora:14:02:05] - [ Linha:190920220851] - [ Modulo_ID:0]- [ TagComando:] - [ Programa:tef_lib] - [ Unit:tef_lib] - [ VersaoMensagem:1] - [ Versao:1.0.0] -  [ CodigoErro:92]  - [ Ocorrencia:Erro no login] - [ TMensagem:]
[ Nivel: 1 ] [ Data:13/06/2024] - [ Hora:14:02:16] - [ Linha:190920220851] - [ Modulo_ID:0]- [ TagComando:] - [ Programa:tef_lib] - [ Unit:tef_lib] - [ VersaoMensagem:1] - [ Versao:1.0.0] -  [ CodigoErro:92]  - [ Ocorrencia:Erro no login] - [ TMensagem:]
[ Nivel: 1 ] [ Data:13/06/2024] - [ Hora:14:02:31] - [ Linha:190920220851] - [ Modulo_ID:0]- [ TagComando:] - [ Programa:tef_lib] - [ Unit:tef_lib] - [ VersaoMensagem:1] - [ Versao:1.0.0] -  [ CodigoErro:92]  - [ Ocorrencia:Erro no login] - [ TMensagem:]
[ Nivel: 1 ] [ Data:13/06/2024] - [ Hora:14:04:00] - [ Linha:051220231713] - [ Modulo_ID:0]- [ TagComando:] - [ Programa:tef_lib] - [ Unit:tef] - [ VersaoMensagem:1] - [ Versao:1.0.0] -  [ CodigoErro:18]  - [ Ocorrencia:erro ao carregar a mensagem] - [ TMensagem:]
[ Nivel: 1 ] [ Data:13/06/2024] - [ Hora:14:04:06] - [ Linha:271120231102] - [ Modulo_ID:0]- [ TagComando:] - [ Programa:tef_lib] - [ Unit:tef_lib] - [ VersaoMensagem:1] - [ Versao:1.0.0] -  [ CodigoErro:1]  - [ Ocorrencia:Erro na login EConvertError/"$3" is an invalid integer] - [ TMensagem:]
[ Nivel: 1 ] [ Data:13/06/2024] - [ Hora:14:04:10] - [ Linha:271120231102] - [ Modulo_ID:0]- [ TagComando:] - [ Programa:tef_lib] - [ Unit:tef_lib] - [ VersaoMensagem:1] - [ Versao:1.0.0] -  [ CodigoErro:1]  - [ Ocorrencia:Erro na login EConvertError/"$3" is an invalid integer] - [ TMensagem:]
[ Nivel: 1 ] [ Data:13/06/2024] - [ Hora:14:04:58] - [ Linha:190920220851] - [ Modulo_ID:0]- [ TagComando:] - [ Programa:tef_lib] - [ Unit:tef_lib] - [ VersaoMensagem:1] - [ Versao:1.0.0] -  [ CodigoErro:92]  - [ Ocorrencia:Erro no login] - [ TMensagem:]
[ Nivel: 1 ] [ Data:13/06/2024] - [ Hora:14:06:00] - [ Linha:051220231713] - [ Modulo_ID:0]- [ TagComando:] - [ Programa:tef_lib] - [ Unit:tef] - [ VersaoMensagem:1] - [ Versao:1.0.0] -  [ CodigoErro:18]  - [ Ocorrencia:erro ao carregar a mensagem] - [ TMensagem:]
[ Nivel: 1 ] [ Data:13/06/2024] - [ Hora:14:07:53] - [ Linha:051220231713] - [ Modulo_ID:0]- [ TagComando:] - [ Programa:tef_lib] - [ Unit:tef] - [ VersaoMensagem:1] - [ Versao:1.0.0] -  [ CodigoErro:18]  - [ Ocorrencia:erro ao carregar a mensagem] - [ TMensagem:]
[ Nivel: 1 ] [ Data:13/06/2024] - [ Hora:14:10:56] - [ Linha:271120231102] - [ Modulo_ID:0]- [ TagComando:] - [ Programa:tef_lib] - [ Unit:tef_lib] - [ VersaoMensagem:1] - [ Versao:1.0.0] -  [ CodigoErro:1]  - [ Ocorrencia:Erro na login EConvertError/"$3" is an invalid integer] - [ TMensagem:]
[ Nivel: 1 ] [ Data:13/06/2024] - [ Hora:14:11:07] - [ Linha:271120231102] - [ Modulo_ID:0]- [ TagComando:] - [ Programa:tef_lib] - [ Unit:tef_lib] - [ VersaoMensagem:1] - [ Versao:1.0.0] -  [ CodigoErro:1]  - [ Ocorrencia:Erro na login EConvertError/"$3" is an invalid integer] - [ TMensagem:]
[ Nivel: 1 ] [ Data:13/06/2024] - [ Hora:14:13:06] - [ Linha:190920220851] - [ Modulo_ID:0]- [ TagComando:] - [ Programa:tef_lib] - [ Unit:tef_lib] - [ VersaoMensagem:1] - [ Versao:1.0.0] -  [ CodigoErro:92]  - [ Ocorrencia:Erro no login] - [ TMensagem:]
[ Nivel: 1 ] [ Data:13/06/2024] - [ Hora:14:13:12] - [ Linha:190920220851] - [ Modulo_ID:0]- [ TagComando:] - [ Programa:tef_lib] - [ Unit:tef_lib] - [ VersaoMensagem:1] - [ Versao:1.0.0] -  [ CodigoErro:92]  - [ Ocorrencia:Erro no login] - [ TMensagem:]
[ Nivel: 1 ] [ Data:13/06/2024] - [ Hora:14:23:42] - [ Linha:051220231713] - [ Modulo_ID:0]- [ TagComando:] - [ Programa:tef_lib] - [ Unit:tef] - [ VersaoMensagem:1] - [ Versao:1.0.0] -  [ CodigoErro:18]  - [ Ocorrencia:erro ao carregar a mensagem] - [ TMensagem:]
[ Nivel: 1 ] [ Data:13/06/2024] - [ Hora:14:23:47] - [ Linha:190920220851] - [ Modulo_ID:0]- [ TagComando:] - [ Programa:tef_lib] - [ Unit:tef_lib] - [ VersaoMensagem:1] - [ Versao:1.0.0] -  [ CodigoErro:92]  - [ Ocorrencia:Erro no login] - [ TMensagem:]
[ Nivel: 1 ] [ Data:13/06/2024] - [ Hora:14:23:58] - [ Linha:190920220851] - [ Modulo_ID:0]- [ TagComando:] - [ Programa:tef_lib] - [ Unit:tef_lib] - [ VersaoMensagem:1] - [ Versao:1.0.0] -  [ CodigoErro:106]  - [ Ocorrencia:Erro no login] - [ TMensagem:]
[ Nivel: 1 ] [ Data:13/06/2024] - [ Hora:14:24:07] - [ Linha:190920220851] - [ Modulo_ID:0]- [ TagComando:] - [ Programa:tef_lib] - [ Unit:tef_lib] - [ VersaoMensagem:1] - [ Versao:1.0.0] -  [ CodigoErro:106]  - [ Ocorrencia:Erro no login] - [ TMensagem:]
[ Nivel: 1 ] [ Data:13/06/2024] - [ Hora:14:24:13] - [ Linha:190920220851] - [ Modulo_ID:0]- [ TagComando:] - [ Programa:tef_lib] - [ Unit:tef_lib] - [ VersaoMensagem:1] - [ Versao:1.0.0] -  [ CodigoErro:103]  - [ Ocorrencia:Erro no login] - [ TMensagem:]
[ Nivel: 1 ] [ Data:13/06/2024] - [ Hora:14:30:47] - [ Linha:271120231102] - [ Modulo_ID:0]- [ TagComando:] - [ Programa:tef_lib] - [ Unit:tef_lib] - [ VersaoMensagem:1] - [ Versao:1.0.0] -  [ CodigoErro:1]  - [ Ocorrencia:Erro na login EConvertError/"$3" is an invalid integer] - [ TMensagem:]
[ Nivel: 1 ] [ Data:13/06/2024] - [ Hora:14:30:52] - [ Linha:271120231102] - [ Modulo_ID:0]- [ TagComando:] - [ Programa:tef_lib] - [ Unit:tef_lib] - [ VersaoMensagem:1] - [ Versao:1.0.0] -  [ CodigoErro:1]  - [ Ocorrencia:Erro na login EConvertError/"$3" is an invalid integer] - [ TMensagem:]
[ Nivel: 1 ] [ Data:13/06/2024] - [ Hora:14:30:58] - [ Linha:271120231102] - [ Modulo_ID:0]- [ TagComando:] - [ Programa:tef_lib] - [ Unit:tef_lib] - [ VersaoMensagem:1] - [ Versao:1.0.0] -  [ CodigoErro:1]  - [ Ocorrencia:Erro na login EConvertError/"$3" is an invalid integer] - [ TMensagem:]
[ Nivel: 1 ] [ Data:13/06/2024] - [ Hora:14:31:18] - [ Linha:271120231102] - [ Modulo_ID:0]- [ TagComando:] - [ Programa:tef_lib] - [ Unit:tef_lib] - [ VersaoMensagem:1] - [ Versao:1.0.0] -  [ CodigoErro:1]  - [ Ocorrencia:Erro na login EConvertError/"$3" is an invalid integer] - [ TMensagem:]
[ Nivel: 1 ] [ Data:13/06/2024] - [ Hora:14:31:21] - [ Linha:271120231102] - [ Modulo_ID:0]- [ TagComando:] - [ Programa:tef_lib] - [ Unit:tef_lib] - [ VersaoMensagem:1] - [ Versao:1.0.0] -  [ CodigoErro:1]  - [ Ocorrencia:Erro na login EConvertError/"$3" is an invalid integer] - [ TMensagem:]
[ Nivel: 1 ] [ Data:13/06/2024] - [ Hora:14:37:15] - [ Linha:190920220851] - [ Modulo_ID:0]- [ TagComando:] - [ Programa:tef_lib] - [ Unit:tef_lib] - [ VersaoMensagem:1] - [ Versao:1.0.0] -  [ CodigoErro:92]  - [ Ocorrencia:Erro no login] - [ TMensagem:]
[ Nivel: 1 ] [ Data:13/06/2024] - [ Hora:14:38:00] - [ Linha:190920220851] - [ Modulo_ID:0]- [ TagComando:] - [ Programa:tef_lib] - [ Unit:tef_lib] - [ VersaoMensagem:1] - [ Versao:1.0.0] -  [ CodigoErro:92]  - [ Ocorrencia:Erro no login] - [ TMensagem:]
[ Nivel: 1 ] [ Data:13/06/2024] - [ Hora:14:45:46] - [ Linha:190920220851] - [ Modulo_ID:0]- [ TagComando:] - [ Programa:tef_lib] - [ Unit:tef_lib] - [ VersaoMensagem:1] - [ Versao:1.0.0] -  [ CodigoErro:92]  - [ Ocorrencia:Erro no login] - [ TMensagem:]
[ Nivel: 1 ] [ Data:13/06/2024] - [ Hora:14:47:05] - [ Linha:190920220851] - [ Modulo_ID:0]- [ TagComando:] - [ Programa:tef_lib] - [ Unit:tef_lib] - [ VersaoMensagem:1] - [ Versao:1.0.0] -  [ CodigoErro:92]  - [ Ocorrencia:Erro no login] - [ TMensagem:]
[ Nivel: 1 ] [ Data:13/06/2024] - [ Hora:14:47:08] - [ Linha:190920220851] - [ Modulo_ID:0]- [ TagComando:] - [ Programa:tef_lib] - [ Unit:tef_lib] - [ VersaoMensagem:1] - [ Versao:1.0.0] -  [ CodigoErro:92]  - [ Ocorrencia:Erro no login] - [ TMensagem:]
[ Nivel: 1 ] [ Data:13/06/2024] - [ Hora:14:48:22] - [ Linha:190920220851] - [ Modulo_ID:0]- [ TagComando:] - [ Programa:tef_lib] - [ Unit:tef_lib] - [ VersaoMensagem:1] - [ Versao:1.0.0] -  [ CodigoErro:92]  - [ Ocorrencia:Erro no login] - [ TMensagem:]
[ Nivel: 1 ] [ Data:13/06/2024] - [ Hora:14:53:28] - [ Linha:190920220851] - [ Modulo_ID:0]- [ TagComando:] - [ Programa:tef_lib] - [ Unit:tef_lib] - [ VersaoMensagem:1] - [ Versao:1.0.0] -  [ CodigoErro:92]  - [ Ocorrencia:Erro no login] - [ TMensagem:]
[ Nivel: 1 ] [ Data:13/06/2024] - [ Hora:14:53:37] - [ Linha:051220231713] - [ Modulo_ID:0]- [ TagComando:] - [ Programa:tef_lib] - [ Unit:tef] - [ VersaoMensagem:1] - [ Versao:1.0.0] -  [ CodigoErro:18]  - [ Ocorrencia:erro ao carregar a mensagem] - [ TMensagem:]
[ Nivel: 1 ] [ Data:13/06/2024] - [ Hora:14:57:54] - [ Linha:190920220851] - [ Modulo_ID:0]- [ TagComando:] - [ Programa:tef_lib] - [ Unit:tef_lib] - [ VersaoMensagem:1] - [ Versao:1.0.0] -  [ CodigoErro:92]  - [ Ocorrencia:Erro no login] - [ TMensagem:]
[ Nivel: 1 ] [ Data:13/06/2024] - [ Hora:15:03:29] - [ Linha:271120231102] - [ Modulo_ID:0]- [ TagComando:] - [ Programa:tef_lib] - [ Unit:tef_lib] - [ VersaoMensagem:1] - [ Versao:1.0.0] -  [ CodigoErro:1]  - [ Ocorrencia:Erro na login EConvertError/"$3" is an invalid integer] - [ TMensagem:]
[ Nivel: 1 ] [ Data:13/06/2024] - [ Hora:15:05:34] - [ Linha:190920220851] - [ Modulo_ID:0]- [ TagComando:] - [ Programa:tef_lib] - [ Unit:tef_lib] - [ VersaoMensagem:1] - [ Versao:1.0.0] -  [ CodigoErro:92]  - [ Ocorrencia:Erro no login] - [ TMensagem:]
[ Nivel: 1 ] [ Data:13/06/2024] - [ Hora:15:06:55] - [ Linha:190920220851] - [ Modulo_ID:0]- [ TagComando:] - [ Programa:tef_lib] - [ Unit:tef_lib] - [ VersaoMensagem:1] - [ Versao:1.0.0] -  [ CodigoErro:92]  - [ Ocorrencia:Erro no login] - [ TMensagem:]
[ Nivel: 1 ] [ Data:13/06/2024] - [ Hora:15:14:11] - [ Linha:051220231713] - [ Modulo_ID:0]- [ TagComando:] - [ Programa:tef_lib] - [ Unit:tef] - [ VersaoMensagem:1] - [ Versao:1.0.0] -  [ CodigoErro:18]  - [ Ocorrencia:erro ao carregar a mensagem] - [ TMensagem:]
[ Nivel: 1 ] [ Data:13/06/2024] - [ Hora:15:14:38] - [ Linha:091120231023] - [ Modulo_ID:0]- [ TagComando:] - [ Programa:tef_lib] - [ Unit:tef_lib] - [ VersaoMensagem:1] - [ Versao:1.0.0] -  [ CodigoErro:1]  - [ Ocorrencia:Erro de excecao na TThTransacaoExecute EAccessViolation/Access violation] - [ TMensagem:]
[ Nivel: 1 ] [ Data:13/06/2024] - [ Hora:15:20:24] - [ Linha:190920220851] - [ Modulo_ID:0]- [ TagComando:] - [ Programa:tef_lib] - [ Unit:tef_lib] - [ VersaoMensagem:1] - [ Versao:1.0.0] -  [ CodigoErro:106]  - [ Ocorrencia:Erro no login] - [ TMensagem:]
[ Nivel: 1 ] [ Data:14/06/2024] - [ Hora:13:20:05] - [ Linha:051220231713] - [ Modulo_ID:0]- [ TagComando:] - [ Programa:tef_lib] - [ Unit:tef] - [ VersaoMensagem:1] - [ Versao:1.0.0] -  [ CodigoErro:18]  - [ Ocorrencia:erro ao carregar a mensagem] - [ TMensagem:]
[ Nivel: 1 ] [ Data:14/06/2024] - [ Hora:13:22:40] - [ Linha:051220231713] - [ Modulo_ID:0]- [ TagComando:] - [ Programa:tef_lib] - [ Unit:tef] - [ VersaoMensagem:1] - [ Versao:1.0.0] -  [ CodigoErro:18]  - [ Ocorrencia:erro ao carregar a mensagem] - [ TMensagem:]
[ Nivel: 1 ] [ Data:14/06/2024] - [ Hora:13:23:25] - [ Linha:051220231713] - [ Modulo_ID:0]- [ TagComando:] - [ Programa:tef_lib] - [ Unit:tef] - [ VersaoMensagem:1] - [ Versao:1.0.0] -  [ CodigoErro:18]  - [ Ocorrencia:erro ao carregar a mensagem] - [ TMensagem:]
